2022-11-05 10:28:59.023 [info] Validando git localizado em: git
2022-11-05 10:28:59.023 [info] Usando git 2.25.1 de git
2022-11-05 10:28:59.023 [info] > git rev-parse --show-toplevel [14ms]
2022-11-05 10:28:59.023 [info] > git rev-parse --git-dir --git-common-dir [14ms]
2022-11-05 10:28:59.023 [info] Nível de log: Info
2022-11-05 10:28:59.023 [info] Open repository: /home/senac
2022-11-05 10:28:59.026 [info] > git remote --verbose [27ms]
2022-11-05 10:28:59.028 [info] > git for-each-ref --sort -committerdate --format %(refname) %(objectname) %(*objectname) [33ms]
2022-11-05 10:28:59.032 [info] > git config --get commit.template [15ms]
2022-11-05 10:28:59.060 [info] > git for-each-ref --format=%(refname)%00%(upstream:short)%00%(objectname)%00%(upstream:track)%00%(upstream:remotename)%00%(upstream:remoteref) refs/heads/Alteracoes refs/remotes/Alteracoes [11ms]
2022-11-05 10:28:59.861 [info] > git status -z -uall [857ms]
2022-11-05 10:28:59.931 [info] > git remote --verbose [20ms]
2022-11-05 10:28:59.933 [info] > git for-each-ref --sort -committerdate --format %(refname) %(objectname) %(*objectname) [39ms]
2022-11-05 10:28:59.939 [info] > git config --get commit.template [18ms]
2022-11-05 10:28:59.961 [info] > git for-each-ref --format=%(refname)%00%(upstream:short)%00%(objectname)%00%(upstream:track)%00%(upstream:remotename)%00%(upstream:remoteref) refs/heads/Alteracoes refs/remotes/Alteracoes [6ms]
2022-11-05 10:28:59.988 [info] > git status -z -uall [80ms]
2022-11-05 10:29:01.216 [info] > git fetch [2227ms]
2022-11-05 10:29:01.217 [info] From https://github.com/27marques/avaliacao
 * [new branch]      master     -> origin/master
2022-11-05 10:29:01.336 [info] > git status -z -uall [99ms]
2022-11-05 10:29:01.338 [info] > git remote --verbose [107ms]
2022-11-05 10:29:01.340 [info] > git for-each-ref --sort -committerdate --format %(refname) %(objectname) %(*objectname) [116ms]
2022-11-05 10:29:01.348 [info] > git config --get commit.template [22ms]
2022-11-05 10:29:01.974 [info] > git for-each-ref --format=%(refname)%00%(upstream:short)%00%(objectname)%00%(upstream:track)%00%(upstream:remotename)%00%(upstream:remoteref) refs/heads/Alteracoes refs/remotes/Alteracoes [601ms]
2022-11-05 10:29:23.242 [info] > git remote --verbose [15ms]
2022-11-05 10:29:23.243 [info] > git for-each-ref --sort -committerdate --format %(refname) %(objectname) %(*objectname) [22ms]
2022-11-05 10:29:23.244 [info] > git config --get commit.template [4ms]
2022-11-05 10:29:23.253 [info] > git for-each-ref --format=%(refname)%00%(upstream:short)%00%(objectname)%00%(upstream:track)%00%(upstream:remotename)%00%(upstream:remoteref) refs/heads/Alteracoes refs/remotes/Alteracoes [2ms]
2022-11-05 10:29:23.269 [info] > git status -z -uall [39ms]
2022-11-05 10:29:28.300 [info] > git remote --verbose [15ms]
2022-11-05 10:29:28.301 [info] > git for-each-ref --sort -committerdate --format %(refname) %(objectname) %(*objectname) [21ms]
2022-11-05 10:29:28.307 [info] > git config --get commit.template [3ms]
2022-11-05 10:29:28.316 [info] > git for-each-ref --format=%(refname)%00%(upstream:short)%00%(objectname)%00%(upstream:track)%00%(upstream:remotename)%00%(upstream:remoteref) refs/heads/Alteracoes refs/remotes/Alteracoes [2ms]
2022-11-05 10:29:28.335 [info] > git status -z -uall [45ms]
2022-11-05 10:29:33.364 [info] > git remote --verbose [8ms]
2022-11-05 10:29:33.365 [info] > git for-each-ref --sort -committerdate --format %(refname) %(objectname) %(*objectname) [16ms]
2022-11-05 10:29:33.396 [info] > git config --get commit.template [24ms]
2022-11-05 10:29:33.397 [info] > git for-each-ref --format=%(refname)%00%(upstream:short)%00%(objectname)%00%(upstream:track)%00%(upstream:remotename)%00%(upstream:remoteref) refs/heads/Alteracoes refs/remotes/Alteracoes [2ms]
2022-11-05 10:29:33.406 [info] > git status -z -uall [43ms]
2022-11-05 10:29:38.430 [info] > git remote --verbose [12ms]
2022-11-05 10:29:38.431 [info] > git for-each-ref --sort -committerdate --format %(refname) %(objectname) %(*objectname) [17ms]
2022-11-05 10:29:38.432 [info] > git config --get commit.template [3ms]
2022-11-05 10:29:38.440 [info] > git for-each-ref --format=%(refname)%00%(upstream:short)%00%(objectname)%00%(upstream:track)%00%(upstream:remotename)%00%(upstream:remoteref) refs/heads/Alteracoes refs/remotes/Alteracoes [2ms]
2022-11-05 10:29:38.460 [info] > git status -z -uall [39ms]
2022-11-05 10:29:43.490 [info] > git remote --verbose [5ms]
2022-11-05 10:29:43.490 [info] > git for-each-ref --sort -committerdate --format %(refname) %(objectname) %(*objectname) [11ms]
2022-11-05 10:29:43.506 [info] > git config --get commit.template [5ms]
2022-11-05 10:29:43.507 [info] > git for-each-ref --format=%(refname)%00%(upstream:short)%00%(objectname)%00%(upstream:track)%00%(upstream:remotename)%00%(upstream:remoteref) refs/heads/Alteracoes refs/remotes/Alteracoes [1ms]
2022-11-05 10:29:43.526 [info] > git status -z -uall [38ms]
2022-11-05 10:29:48.563 [info] > git remote --verbose [7ms]
2022-11-05 10:29:48.564 [info] > git for-each-ref --sort -committerdate --format %(refname) %(objectname) %(*objectname) [21ms]
2022-11-05 10:29:48.582 [info] > git config --get commit.template [7ms]
2022-11-05 10:29:48.583 [info] > git for-each-ref --format=%(refname)%00%(upstream:short)%00%(objectname)%00%(upstream:track)%00%(upstream:remotename)%00%(upstream:remoteref) refs/heads/Alteracoes refs/remotes/Alteracoes [2ms]
2022-11-05 10:29:48.606 [info] > git status -z -uall [49ms]
2022-11-05 10:29:53.638 [info] > git remote --verbose [13ms]
2022-11-05 10:29:53.638 [info] > git for-each-ref --sort -committerdate --format %(refname) %(objectname) %(*objectname) [18ms]
2022-11-05 10:29:53.639 [info] > git config --get commit.template [2ms]
2022-11-05 10:29:53.647 [info] > git for-each-ref --format=%(refname)%00%(upstream:short)%00%(objectname)%00%(upstream:track)%00%(upstream:remotename)%00%(upstream:remoteref) refs/heads/Alteracoes refs/remotes/Alteracoes [1ms]
2022-11-05 10:29:53.665 [info] > git status -z -uall [37ms]
2022-11-05 10:29:58.695 [info] > git remote --verbose [15ms]
2022-11-05 10:29:58.695 [info] > git for-each-ref --sort -committerdate --format %(refname) %(objectname) %(*objectname) [21ms]
2022-11-05 10:29:58.697 [info] > git config --get commit.template [3ms]
2022-11-05 10:29:58.707 [info] > git for-each-ref --format=%(refname)%00%(upstream:short)%00%(objectname)%00%(upstream:track)%00%(upstream:remotename)%00%(upstream:remoteref) refs/heads/Alteracoes refs/remotes/Alteracoes [1ms]
2022-11-05 10:29:58.725 [info] > git status -z -uall [41ms]
2022-11-05 10:30:03.759 [info] > git remote --verbose [11ms]
2022-11-05 10:30:03.759 [info] > git for-each-ref --sort -committerdate --format %(refname) %(objectname) %(*objectname) [18ms]
2022-11-05 10:30:03.760 [info] > git config --get commit.template [3ms]
2022-11-05 10:30:03.785 [info] > git for-each-ref --format=%(refname)%00%(upstream:short)%00%(objectname)%00%(upstream:track)%00%(upstream:remotename)%00%(upstream:remoteref) refs/heads/Alteracoes refs/remotes/Alteracoes [2ms]
2022-11-05 10:30:03.797 [info] > git status -z -uall [46ms]
2022-11-05 10:30:08.829 [info] > git remote --verbose [13ms]
2022-11-05 10:30:08.829 [info] > git for-each-ref --sort -committerdate --format %(refname) %(objectname) %(*objectname) [19ms]
2022-11-05 10:30:08.830 [info] > git config --get commit.template [3ms]
2022-11-05 10:30:08.837 [info] > git for-each-ref --format=%(refname)%00%(upstream:short)%00%(objectname)%00%(upstream:track)%00%(upstream:remotename)%00%(upstream:remoteref) refs/heads/Alteracoes refs/remotes/Alteracoes [1ms]
2022-11-05 10:30:08.878 [info] > git status -z -uall [59ms]
2022-11-05 10:30:13.914 [info] > git remote --verbose [13ms]
2022-11-05 10:30:13.914 [info] > git for-each-ref --sort -committerdate --format %(refname) %(objectname) %(*objectname) [22ms]
2022-11-05 10:30:13.915 [info] > git config --get commit.template [3ms]
2022-11-05 10:30:13.925 [info] > git for-each-ref --format=%(refname)%00%(upstream:short)%00%(objectname)%00%(upstream:track)%00%(upstream:remotename)%00%(upstream:remoteref) refs/heads/Alteracoes refs/remotes/Alteracoes [1ms]
2022-11-05 10:30:13.942 [info] > git status -z -uall [37ms]
2022-11-05 10:30:18.978 [info] > git remote --verbose [16ms]
2022-11-05 10:30:18.981 [info] > git for-each-ref --sort -committerdate --format %(refname) %(objectname) %(*objectname) [25ms]
2022-11-05 10:30:18.982 [info] > git config --get commit.template [5ms]
2022-11-05 10:30:18.991 [info] > git for-each-ref --format=%(refname)%00%(upstream:short)%00%(objectname)%00%(upstream:track)%00%(upstream:remotename)%00%(upstream:remoteref) refs/heads/Alteracoes refs/remotes/Alteracoes [2ms]
2022-11-05 10:30:19.014 [info] > git status -z -uall [44ms]
2022-11-05 10:30:24.045 [info] > git remote --verbose [6ms]
2022-11-05 10:30:24.045 [info] > git for-each-ref --sort -committerdate --format %(refname) %(objectname) %(*objectname) [17ms]
2022-11-05 10:30:24.055 [info] > git config --get commit.template [1ms]
2022-11-05 10:30:24.061 [info] > git for-each-ref --format=%(refname)%00%(upstream:short)%00%(objectname)%00%(upstream:track)%00%(upstream:remotename)%00%(upstream:remoteref) refs/heads/Alteracoes refs/remotes/Alteracoes [1ms]
2022-11-05 10:30:24.078 [info] > git status -z -uall [38ms]
2022-11-05 10:30:29.113 [info] > git remote --verbose [14ms]
2022-11-05 10:30:29.113 [info] > git for-each-ref --sort -committerdate --format %(refname) %(objectname) %(*objectname) [22ms]
2022-11-05 10:30:29.114 [info] > git config --get commit.template [3ms]
2022-11-05 10:30:29.122 [info] > git for-each-ref --format=%(refname)%00%(upstream:short)%00%(objectname)%00%(upstream:track)%00%(upstream:remotename)%00%(upstream:remoteref) refs/heads/Alteracoes refs/remotes/Alteracoes [1ms]
2022-11-05 10:30:29.145 [info] > git status -z -uall [40ms]
2022-11-05 10:30:34.181 [info] > git remote --verbose [12ms]
2022-11-05 10:30:34.181 [info] > git for-each-ref --sort -committerdate --format %(refname) %(objectname) %(*objectname) [19ms]
2022-11-05 10:30:34.182 [info] > git config --get commit.template [3ms]
2022-11-05 10:30:34.190 [info] > git for-each-ref --format=%(refname)%00%(upstream:short)%00%(objectname)%00%(upstream:track)%00%(upstream:remotename)%00%(upstream:remoteref) refs/heads/Alteracoes refs/remotes/Alteracoes [2ms]
2022-11-05 10:30:34.210 [info] > git status -z -uall [37ms]
2022-11-05 10:30:39.246 [info] > git remote --verbose [12ms]
2022-11-05 10:30:39.246 [info] > git for-each-ref --sort -committerdate --format %(refname) %(objectname) %(*objectname) [22ms]
2022-11-05 10:30:39.247 [info] > git config --get commit.template [4ms]
2022-11-05 10:30:39.255 [info] > git for-each-ref --format=%(refname)%00%(upstream:short)%00%(objectname)%00%(upstream:track)%00%(upstream:remotename)%00%(upstream:remoteref) refs/heads/Alteracoes refs/remotes/Alteracoes [2ms]
2022-11-05 10:30:39.276 [info] > git status -z -uall [39ms]
2022-11-05 10:30:44.307 [info] > git remote --verbose [12ms]
2022-11-05 10:30:44.308 [info] > git for-each-ref --sort -committerdate --format %(refname) %(objectname) %(*objectname) [18ms]
2022-11-05 10:30:44.309 [info] > git config --get commit.template [3ms]
2022-11-05 10:30:44.318 [info] > git for-each-ref --format=%(refname)%00%(upstream:short)%00%(objectname)%00%(upstream:track)%00%(upstream:remotename)%00%(upstream:remoteref) refs/heads/Alteracoes refs/remotes/Alteracoes [1ms]
2022-11-05 10:30:44.338 [info] > git status -z -uall [40ms]
2022-11-05 10:30:49.362 [info] > git remote --verbose [6ms]
2022-11-05 10:30:49.365 [info] > git for-each-ref --sort -committerdate --format %(refname) %(objectname) %(*objectname) [11ms]
2022-11-05 10:30:49.380 [info] > git config --get commit.template [3ms]
2022-11-05 10:30:49.388 [info] > git for-each-ref --format=%(refname)%00%(upstream:short)%00%(objectname)%00%(upstream:track)%00%(upstream:remotename)%00%(upstream:remoteref) refs/heads/Alteracoes refs/remotes/Alteracoes [1ms]
2022-11-05 10:30:49.403 [info] > git status -z -uall [43ms]
2022-11-05 10:30:54.437 [info] > git remote --verbose [12ms]
2022-11-05 10:30:54.440 [info] > git for-each-ref --sort -committerdate --format %(refname) %(objectname) %(*objectname) [22ms]
2022-11-05 10:30:54.442 [info] > git config --get commit.template [6ms]
2022-11-05 10:30:54.450 [info] > git for-each-ref --format=%(refname)%00%(upstream:short)%00%(objectname)%00%(upstream:track)%00%(upstream:remotename)%00%(upstream:remoteref) refs/heads/Alteracoes refs/remotes/Alteracoes [2ms]
2022-11-05 10:30:54.469 [info] > git status -z -uall [39ms]
2022-11-05 10:30:59.503 [info] > git remote --verbose [16ms]
2022-11-05 10:30:59.504 [info] > git for-each-ref --sort -committerdate --format %(refname) %(objectname) %(*objectname) [23ms]
2022-11-05 10:30:59.505 [info] > git config --get commit.template [3ms]
2022-11-05 10:30:59.515 [info] > git for-each-ref --format=%(refname)%00%(upstream:short)%00%(objectname)%00%(upstream:track)%00%(upstream:remotename)%00%(upstream:remoteref) refs/heads/Alteracoes refs/remotes/Alteracoes [2ms]
2022-11-05 10:30:59.532 [info] > git status -z -uall [41ms]
2022-11-05 10:31:04.571 [info] > git remote --verbose [18ms]
2022-11-05 10:31:04.573 [info] > git for-each-ref --sort -committerdate --format %(refname) %(objectname) %(*objectname) [27ms]
2022-11-05 10:31:04.574 [info] > git config --get commit.template [3ms]
2022-11-05 10:31:04.581 [info] > git for-each-ref --format=%(refname)%00%(upstream:short)%00%(objectname)%00%(upstream:track)%00%(upstream:remotename)%00%(upstream:remoteref) refs/heads/Alteracoes refs/remotes/Alteracoes [1ms]
2022-11-05 10:31:04.599 [info] > git status -z -uall [37ms]
2022-11-05 10:31:09.635 [info] > git remote --verbose [12ms]
2022-11-05 10:31:09.636 [info] > git for-each-ref --sort -committerdate --format %(refname) %(objectname) %(*objectname) [24ms]
2022-11-05 10:31:09.637 [info] > git config --get commit.template [3ms]
2022-11-05 10:31:09.645 [info] > git for-each-ref --format=%(refname)%00%(upstream:short)%00%(objectname)%00%(upstream:track)%00%(upstream:remotename)%00%(upstream:remoteref) refs/heads/Alteracoes refs/remotes/Alteracoes [0ms]
2022-11-05 10:31:09.666 [info] > git status -z -uall [39ms]
2022-11-05 10:31:14.699 [info] > git remote --verbose [14ms]
2022-11-05 10:31:14.700 [info] > git for-each-ref --sort -committerdate --format %(refname) %(objectname) %(*objectname) [20ms]
2022-11-05 10:31:14.701 [info] > git config --get commit.template [2ms]
2022-11-05 10:31:14.708 [info] > git for-each-ref --format=%(refname)%00%(upstream:short)%00%(objectname)%00%(upstream:track)%00%(upstream:remotename)%00%(upstream:remoteref) refs/heads/Alteracoes refs/remotes/Alteracoes [1ms]
2022-11-05 10:31:14.731 [info] > git status -z -uall [43ms]
2022-11-05 10:31:19.765 [info] > git remote --verbose [11ms]
2022-11-05 10:31:19.766 [info] > git for-each-ref --sort -committerdate --format %(refname) %(objectname) %(*objectname) [20ms]
2022-11-05 10:31:19.767 [info] > git config --get commit.template [2ms]
2022-11-05 10:31:19.775 [info] > git for-each-ref --format=%(refname)%00%(upstream:short)%00%(objectname)%00%(upstream:track)%00%(upstream:remotename)%00%(upstream:remoteref) refs/heads/Alteracoes refs/remotes/Alteracoes [1ms]
2022-11-05 10:31:19.796 [info] > git status -z -uall [37ms]
2022-11-05 10:34:57.887 [info] > git remote --verbose [18ms]
2022-11-05 10:34:57.889 [info] > git for-each-ref --sort -committerdate --format %(refname) %(objectname) %(*objectname) [28ms]
2022-11-05 10:34:57.890 [info] > git config --get commit.template [5ms]
2022-11-05 10:34:57.899 [info] > git for-each-ref --format=%(refname)%00%(upstream:short)%00%(objectname)%00%(upstream:track)%00%(upstream:remotename)%00%(upstream:remoteref) refs/heads/Alteracoes refs/remotes/Alteracoes [2ms]
2022-11-05 10:34:57.920 [info] > git status -z -uall [47ms]
2022-11-05 10:34:59.278 [info] > git fetch [1427ms]
2022-11-05 10:34:59.300 [info] > git remote --verbose [11ms]
2022-11-05 10:34:59.301 [info] > git for-each-ref --sort -committerdate --format %(refname) %(objectname) %(*objectname) [16ms]
2022-11-05 10:34:59.301 [info] > git config --get commit.template [3ms]
2022-11-05 10:34:59.311 [info] > git for-each-ref --format=%(refname)%00%(upstream:short)%00%(objectname)%00%(upstream:track)%00%(upstream:remotename)%00%(upstream:remoteref) refs/heads/Alteracoes refs/remotes/Alteracoes [2ms]
2022-11-05 10:34:59.334 [info] > git status -z -uall [40ms]
2022-11-05 10:35:02.956 [info] > git remote --verbose [19ms]
2022-11-05 10:35:02.957 [info] > git for-each-ref --sort -committerdate --format %(refname) %(objectname) %(*objectname) [25ms]
2022-11-05 10:35:02.958 [info] > git config --get commit.template [6ms]
2022-11-05 10:35:02.967 [info] > git for-each-ref --format=%(refname)%00%(upstream:short)%00%(objectname)%00%(upstream:track)%00%(upstream:remotename)%00%(upstream:remoteref) refs/heads/Alteracoes refs/remotes/Alteracoes [2ms]
2022-11-05 10:35:02.989 [info] > git status -z -uall [47ms]
2022-11-05 10:35:05.168 [info] > git check-ignore -v -z --stdin [9ms]
2022-11-05 10:35:08.025 [info] > git remote --verbose [15ms]
2022-11-05 10:35:08.026 [info] > git for-each-ref --sort -committerdate --format %(refname) %(objectname) %(*objectname) [24ms]
2022-11-05 10:35:08.027 [info] > git config --get commit.template [4ms]
2022-11-05 10:35:08.038 [info] > git for-each-ref --format=%(refname)%00%(upstream:short)%00%(objectname)%00%(upstream:track)%00%(upstream:remotename)%00%(upstream:remoteref) refs/heads/Alteracoes refs/remotes/Alteracoes [2ms]
2022-11-05 10:35:08.066 [info] > git status -z -uall [51ms]
2022-11-05 10:35:13.102 [info] > git remote --verbose [15ms]
2022-11-05 10:35:13.103 [info] > git for-each-ref --sort -committerdate --format %(refname) %(objectname) %(*objectname) [21ms]
2022-11-05 10:35:13.104 [info] > git config --get commit.template [2ms]
2022-11-05 10:35:13.115 [info] > git for-each-ref --format=%(refname)%00%(upstream:short)%00%(objectname)%00%(upstream:track)%00%(upstream:remotename)%00%(upstream:remoteref) refs/heads/Alteracoes refs/remotes/Alteracoes [2ms]
2022-11-05 10:35:13.139 [info] > git status -z -uall [47ms]
