2022-11-05 10:35:37.733 [info] Validando git localizado em: git
2022-11-05 10:35:37.733 [info] Usando git 2.25.1 de git
2022-11-05 10:35:37.735 [info] > git rev-parse --show-toplevel [7ms]
2022-11-05 10:35:37.735 [info] > git rev-parse --git-dir --git-common-dir [2ms]
2022-11-05 10:35:37.735 [info] Nível de log: Info
2022-11-05 10:35:37.735 [info] Open repository: /home/senac
2022-11-05 10:35:37.739 [info] > git remote --verbose [99ms]
2022-11-05 10:35:37.740 [info] > git for-each-ref --sort -committerdate --format %(refname) %(objectname) %(*objectname) [113ms]
2022-11-05 10:35:37.758 [info] > git config --get commit.template [59ms]
2022-11-05 10:35:37.797 [info] > git status -z -uall [146ms]
2022-11-05 10:35:37.827 [info] > git for-each-ref --format=%(refname)%00%(upstream:short)%00%(objectname)%00%(upstream:track)%00%(upstream:remotename)%00%(upstream:remoteref) refs/heads/Alteracoes refs/remotes/Alteracoes [31ms]
2022-11-05 10:35:37.913 [info] > git remote --verbose [47ms]
2022-11-05 10:35:37.916 [info] > git for-each-ref --sort -committerdate --format %(refname) %(objectname) %(*objectname) [58ms]
2022-11-05 10:35:37.922 [info] > git config --get commit.template [28ms]
2022-11-05 10:35:37.944 [info] > git for-each-ref --format=%(refname)%00%(upstream:short)%00%(objectname)%00%(upstream:track)%00%(upstream:remotename)%00%(upstream:remoteref) refs/heads/Alteracoes refs/remotes/Alteracoes [13ms]
2022-11-05 10:35:37.948 [info] > git status -z -uall [74ms]
2022-11-05 10:35:39.121 [info] > git fetch [1502ms]
2022-11-05 10:35:39.156 [info] > git remote --verbose [19ms]
2022-11-05 10:35:39.157 [info] > git for-each-ref --sort -committerdate --format %(refname) %(objectname) %(*objectname) [29ms]
2022-11-05 10:35:39.159 [info] > git config --get commit.template [5ms]
2022-11-05 10:35:39.182 [info] > git for-each-ref --format=%(refname)%00%(upstream:short)%00%(objectname)%00%(upstream:track)%00%(upstream:remotename)%00%(upstream:remoteref) refs/heads/Alteracoes refs/remotes/Alteracoes [8ms]
2022-11-05 10:35:39.213 [info] > git status -z -uall [70ms]
2022-11-05 10:35:42.725 [info] > git remote --verbose [14ms]
2022-11-05 10:35:42.726 [info] > git for-each-ref --sort -committerdate --format %(refname) %(objectname) %(*objectname) [21ms]
2022-11-05 10:35:42.728 [info] > git config --get commit.template [5ms]
2022-11-05 10:35:42.736 [info] > git for-each-ref --format=%(refname)%00%(upstream:short)%00%(objectname)%00%(upstream:track)%00%(upstream:remotename)%00%(upstream:remoteref) refs/heads/Alteracoes refs/remotes/Alteracoes [2ms]
2022-11-05 10:35:42.755 [info] > git status -z -uall [39ms]
2022-11-05 10:35:47.783 [info] > git remote --verbose [5ms]
2022-11-05 10:35:47.784 [info] > git for-each-ref --sort -committerdate --format %(refname) %(objectname) %(*objectname) [11ms]
2022-11-05 10:35:47.796 [info] > git config --get commit.template [0ms]
2022-11-05 10:35:47.804 [info] > git for-each-ref --format=%(refname)%00%(upstream:short)%00%(objectname)%00%(upstream:track)%00%(upstream:remotename)%00%(upstream:remoteref) refs/heads/Alteracoes refs/remotes/Alteracoes [1ms]
2022-11-05 10:35:47.820 [info] > git status -z -uall [39ms]
2022-11-05 10:35:52.861 [info] > git remote --verbose [20ms]
2022-11-05 10:35:52.862 [info] > git for-each-ref --sort -committerdate --format %(refname) %(objectname) %(*objectname) [29ms]
2022-11-05 10:35:52.864 [info] > git config --get commit.template [4ms]
2022-11-05 10:35:52.872 [info] > git for-each-ref --format=%(refname)%00%(upstream:short)%00%(objectname)%00%(upstream:track)%00%(upstream:remotename)%00%(upstream:remoteref) refs/heads/Alteracoes refs/remotes/Alteracoes [2ms]
2022-11-05 10:35:52.896 [info] > git status -z -uall [48ms]
2022-11-05 10:35:57.935 [info] > git remote --verbose [14ms]
2022-11-05 10:35:57.937 [info] > git for-each-ref --sort -committerdate --format %(refname) %(objectname) %(*objectname) [24ms]
2022-11-05 10:35:57.938 [info] > git config --get commit.template [4ms]
2022-11-05 10:35:57.948 [info] > git for-each-ref --format=%(refname)%00%(upstream:short)%00%(objectname)%00%(upstream:track)%00%(upstream:remotename)%00%(upstream:remoteref) refs/heads/Alteracoes refs/remotes/Alteracoes [2ms]
2022-11-05 10:35:57.967 [info] > git status -z -uall [42ms]
2022-11-05 10:36:03.002 [info] > git remote --verbose [15ms]
2022-11-05 10:36:03.003 [info] > git for-each-ref --sort -committerdate --format %(refname) %(objectname) %(*objectname) [20ms]
2022-11-05 10:36:03.007 [info] > git config --get commit.template [2ms]
2022-11-05 10:36:03.014 [info] > git for-each-ref --format=%(refname)%00%(upstream:short)%00%(objectname)%00%(upstream:track)%00%(upstream:remotename)%00%(upstream:remoteref) refs/heads/Alteracoes refs/remotes/Alteracoes [1ms]
2022-11-05 10:36:03.030 [info] > git status -z -uall [37ms]
2022-11-05 10:36:08.056 [info] > git remote --verbose [6ms]
2022-11-05 10:36:08.057 [info] > git for-each-ref --sort -committerdate --format %(refname) %(objectname) %(*objectname) [14ms]
2022-11-05 10:36:08.070 [info] > git config --get commit.template [1ms]
2022-11-05 10:36:08.077 [info] > git for-each-ref --format=%(refname)%00%(upstream:short)%00%(objectname)%00%(upstream:track)%00%(upstream:remotename)%00%(upstream:remoteref) refs/heads/Alteracoes refs/remotes/Alteracoes [2ms]
2022-11-05 10:36:08.092 [info] > git status -z -uall [39ms]
2022-11-05 10:36:13.127 [info] > git remote --verbose [15ms]
2022-11-05 10:36:13.128 [info] > git for-each-ref --sort -committerdate --format %(refname) %(objectname) %(*objectname) [22ms]
2022-11-05 10:36:13.129 [info] > git config --get commit.template [3ms]
2022-11-05 10:36:13.139 [info] > git for-each-ref --format=%(refname)%00%(upstream:short)%00%(objectname)%00%(upstream:track)%00%(upstream:remotename)%00%(upstream:remoteref) refs/heads/Alteracoes refs/remotes/Alteracoes [1ms]
2022-11-05 10:36:13.161 [info] > git status -z -uall [45ms]
2022-11-05 10:36:18.198 [info] > git remote --verbose [17ms]
2022-11-05 10:36:18.199 [info] > git for-each-ref --sort -committerdate --format %(refname) %(objectname) %(*objectname) [24ms]
2022-11-05 10:36:18.200 [info] > git config --get commit.template [2ms]
2022-11-05 10:36:18.208 [info] > git for-each-ref --format=%(refname)%00%(upstream:short)%00%(objectname)%00%(upstream:track)%00%(upstream:remotename)%00%(upstream:remoteref) refs/heads/Alteracoes refs/remotes/Alteracoes [2ms]
2022-11-05 10:36:18.222 [info] > git status -z -uall [37ms]
2022-11-05 10:36:23.260 [info] > git remote --verbose [15ms]
2022-11-05 10:36:23.261 [info] > git for-each-ref --sort -committerdate --format %(refname) %(objectname) %(*objectname) [25ms]
2022-11-05 10:36:23.262 [info] > git config --get commit.template [4ms]
2022-11-05 10:36:23.270 [info] > git for-each-ref --format=%(refname)%00%(upstream:short)%00%(objectname)%00%(upstream:track)%00%(upstream:remotename)%00%(upstream:remoteref) refs/heads/Alteracoes refs/remotes/Alteracoes [1ms]
2022-11-05 10:36:23.291 [info] > git status -z -uall [38ms]
2022-11-05 10:36:28.121 [info] > git check-ignore -v -z --stdin [12ms]
2022-11-05 10:36:28.333 [info] > git remote --verbose [13ms]
2022-11-05 10:36:28.334 [info] > git for-each-ref --sort -committerdate --format %(refname) %(objectname) %(*objectname) [26ms]
2022-11-05 10:36:28.336 [info] > git config --get commit.template [6ms]
2022-11-05 10:36:28.346 [info] > git for-each-ref --format=%(refname)%00%(upstream:short)%00%(objectname)%00%(upstream:track)%00%(upstream:remotename)%00%(upstream:remoteref) refs/heads/Alteracoes refs/remotes/Alteracoes [1ms]
2022-11-05 10:36:28.376 [info] > git status -z -uall [53ms]
2022-11-05 10:36:33.413 [info] > git remote --verbose [14ms]
2022-11-05 10:36:33.414 [info] > git for-each-ref --sort -committerdate --format %(refname) %(objectname) %(*objectname) [23ms]
2022-11-05 10:36:33.415 [info] > git config --get commit.template [3ms]
2022-11-05 10:36:33.422 [info] > git for-each-ref --format=%(refname)%00%(upstream:short)%00%(objectname)%00%(upstream:track)%00%(upstream:remotename)%00%(upstream:remoteref) refs/heads/Alteracoes refs/remotes/Alteracoes [1ms]
2022-11-05 10:36:33.446 [info] > git status -z -uall [41ms]
2022-11-05 10:36:33.839 [info] > git check-ignore -v -z --stdin [7ms]
2022-11-05 10:36:38.490 [info] > git remote --verbose [20ms]
2022-11-05 10:36:38.491 [info] > git for-each-ref --sort -committerdate --format %(refname) %(objectname) %(*objectname) [29ms]
2022-11-05 10:36:38.492 [info] > git config --get commit.template [2ms]
2022-11-05 10:36:38.503 [info] > git for-each-ref --format=%(refname)%00%(upstream:short)%00%(objectname)%00%(upstream:track)%00%(upstream:remotename)%00%(upstream:remoteref) refs/heads/Alteracoes refs/remotes/Alteracoes [2ms]
2022-11-05 10:36:38.526 [info] > git status -z -uall [49ms]
2022-11-05 10:36:43.560 [info] > git remote --verbose [8ms]
2022-11-05 10:36:43.561 [info] > git for-each-ref --sort -committerdate --format %(refname) %(objectname) %(*objectname) [17ms]
2022-11-05 10:36:43.576 [info] > git config --get commit.template [1ms]
2022-11-05 10:36:43.587 [info] > git for-each-ref --format=%(refname)%00%(upstream:short)%00%(objectname)%00%(upstream:track)%00%(upstream:remotename)%00%(upstream:remoteref) refs/heads/Alteracoes refs/remotes/Alteracoes [1ms]
2022-11-05 10:36:43.606 [info] > git status -z -uall [48ms]
2022-11-05 10:36:48.645 [info] > git remote --verbose [18ms]
2022-11-05 10:36:48.645 [info] > git for-each-ref --sort -committerdate --format %(refname) %(objectname) %(*objectname) [27ms]
2022-11-05 10:36:48.646 [info] > git config --get commit.template [5ms]
2022-11-05 10:36:48.655 [info] > git for-each-ref --format=%(refname)%00%(upstream:short)%00%(objectname)%00%(upstream:track)%00%(upstream:remotename)%00%(upstream:remoteref) refs/heads/Alteracoes refs/remotes/Alteracoes [1ms]
2022-11-05 10:36:48.676 [info] > git status -z -uall [45ms]
2022-11-05 10:36:53.713 [info] > git remote --verbose [15ms]
2022-11-05 10:36:53.713 [info] > git for-each-ref --sort -committerdate --format %(refname) %(objectname) %(*objectname) [22ms]
2022-11-05 10:36:53.717 [info] > git config --get commit.template [5ms]
2022-11-05 10:36:53.730 [info] > git for-each-ref --format=%(refname)%00%(upstream:short)%00%(objectname)%00%(upstream:track)%00%(upstream:remotename)%00%(upstream:remoteref) refs/heads/Alteracoes refs/remotes/Alteracoes [3ms]
2022-11-05 10:36:53.777 [info] > git status -z -uall [75ms]
2022-11-05 10:36:58.806 [info] > git remote --verbose [6ms]
2022-11-05 10:36:58.807 [info] > git for-each-ref --sort -committerdate --format %(refname) %(objectname) %(*objectname) [14ms]
2022-11-05 10:36:58.816 [info] > git config --get commit.template [0ms]
2022-11-05 10:36:58.834 [info] > git for-each-ref --format=%(refname)%00%(upstream:short)%00%(objectname)%00%(upstream:track)%00%(upstream:remotename)%00%(upstream:remoteref) refs/heads/Alteracoes refs/remotes/Alteracoes [6ms]
2022-11-05 10:36:58.849 [info] > git status -z -uall [45ms]
2022-11-05 10:37:03.889 [info] > git remote --verbose [16ms]
2022-11-05 10:37:03.889 [info] > git for-each-ref --sort -committerdate --format %(refname) %(objectname) %(*objectname) [25ms]
2022-11-05 10:37:03.890 [info] > git config --get commit.template [3ms]
2022-11-05 10:37:03.898 [info] > git for-each-ref --format=%(refname)%00%(upstream:short)%00%(objectname)%00%(upstream:track)%00%(upstream:remotename)%00%(upstream:remoteref) refs/heads/Alteracoes refs/remotes/Alteracoes [1ms]
2022-11-05 10:37:03.918 [info] > git status -z -uall [40ms]
2022-11-05 10:37:08.961 [info] > git remote --verbose [19ms]
2022-11-05 10:37:08.964 [info] > git for-each-ref --sort -committerdate --format %(refname) %(objectname) %(*objectname) [28ms]
2022-11-05 10:37:08.965 [info] > git config --get commit.template [5ms]
2022-11-05 10:37:08.975 [info] > git for-each-ref --format=%(refname)%00%(upstream:short)%00%(objectname)%00%(upstream:track)%00%(upstream:remotename)%00%(upstream:remoteref) refs/heads/Alteracoes refs/remotes/Alteracoes [2ms]
2022-11-05 10:37:08.991 [info] > git status -z -uall [45ms]
2022-11-05 10:37:14.032 [info] > git remote --verbose [15ms]
2022-11-05 10:37:14.033 [info] > git for-each-ref --sort -committerdate --format %(refname) %(objectname) %(*objectname) [27ms]
2022-11-05 10:37:14.034 [info] > git config --get commit.template [6ms]
2022-11-05 10:37:14.044 [info] > git for-each-ref --format=%(refname)%00%(upstream:short)%00%(objectname)%00%(upstream:track)%00%(upstream:remotename)%00%(upstream:remoteref) refs/heads/Alteracoes refs/remotes/Alteracoes [2ms]
2022-11-05 10:37:14.069 [info] > git status -z -uall [49ms]
2022-11-05 10:37:19.099 [info] > git remote --verbose [8ms]
2022-11-05 10:37:19.100 [info] > git for-each-ref --sort -committerdate --format %(refname) %(objectname) %(*objectname) [18ms]
2022-11-05 10:37:19.123 [info] > git config --get commit.template [14ms]
2022-11-05 10:37:19.128 [info] > git for-each-ref --format=%(refname)%00%(upstream:short)%00%(objectname)%00%(upstream:track)%00%(upstream:remotename)%00%(upstream:remoteref) refs/heads/Alteracoes refs/remotes/Alteracoes [5ms]
2022-11-05 10:37:19.143 [info] > git status -z -uall [45ms]
2022-11-05 10:37:24.179 [info] > git remote --verbose [12ms]
2022-11-05 10:37:24.179 [info] > git for-each-ref --sort -committerdate --format %(refname) %(objectname) %(*objectname) [21ms]
2022-11-05 10:37:24.180 [info] > git config --get commit.template [2ms]
2022-11-05 10:37:24.189 [info] > git for-each-ref --format=%(refname)%00%(upstream:short)%00%(objectname)%00%(upstream:track)%00%(upstream:remotename)%00%(upstream:remoteref) refs/heads/Alteracoes refs/remotes/Alteracoes [3ms]
2022-11-05 10:37:24.218 [info] > git status -z -uall [47ms]
2022-11-05 10:37:29.253 [info] > git remote --verbose [12ms]
2022-11-05 10:37:29.254 [info] > git for-each-ref --sort -committerdate --format %(refname) %(objectname) %(*objectname) [21ms]
2022-11-05 10:37:29.255 [info] > git config --get commit.template [3ms]
2022-11-05 10:37:29.267 [info] > git for-each-ref --format=%(refname)%00%(upstream:short)%00%(objectname)%00%(upstream:track)%00%(upstream:remotename)%00%(upstream:remoteref) refs/heads/Alteracoes refs/remotes/Alteracoes [1ms]
2022-11-05 10:37:29.291 [info] > git status -z -uall [45ms]
2022-11-05 10:37:34.330 [info] > git remote --verbose [12ms]
2022-11-05 10:37:34.331 [info] > git for-each-ref --sort -committerdate --format %(refname) %(objectname) %(*objectname) [21ms]
2022-11-05 10:37:34.332 [info] > git config --get commit.template [2ms]
2022-11-05 10:37:34.340 [info] > git for-each-ref --format=%(refname)%00%(upstream:short)%00%(objectname)%00%(upstream:track)%00%(upstream:remotename)%00%(upstream:remoteref) refs/heads/Alteracoes refs/remotes/Alteracoes [2ms]
2022-11-05 10:37:34.366 [info] > git status -z -uall [43ms]
2022-11-05 10:37:39.402 [info] > git remote --verbose [14ms]
2022-11-05 10:37:39.403 [info] > git for-each-ref --sort -committerdate --format %(refname) %(objectname) %(*objectname) [23ms]
2022-11-05 10:37:39.404 [info] > git config --get commit.template [5ms]
2022-11-05 10:37:39.415 [info] > git for-each-ref --format=%(refname)%00%(upstream:short)%00%(objectname)%00%(upstream:track)%00%(upstream:remotename)%00%(upstream:remoteref) refs/heads/Alteracoes refs/remotes/Alteracoes [2ms]
2022-11-05 10:37:39.442 [info] > git status -z -uall [49ms]
2022-11-05 10:37:44.467 [info] > git remote --verbose [6ms]
2022-11-05 10:37:44.468 [info] > git for-each-ref --sort -committerdate --format %(refname) %(objectname) %(*objectname) [14ms]
2022-11-05 10:37:44.480 [info] > git config --get commit.template [1ms]
2022-11-05 10:37:44.492 [info] > git for-each-ref --format=%(refname)%00%(upstream:short)%00%(objectname)%00%(upstream:track)%00%(upstream:remotename)%00%(upstream:remoteref) refs/heads/Alteracoes refs/remotes/Alteracoes [1ms]
2022-11-05 10:37:44.509 [info] > git status -z -uall [44ms]
2022-11-05 10:37:49.542 [info] > git remote --verbose [11ms]
2022-11-05 10:37:49.542 [info] > git for-each-ref --sort -committerdate --format %(refname) %(objectname) %(*objectname) [18ms]
2022-11-05 10:37:49.543 [info] > git config --get commit.template [2ms]
2022-11-05 10:37:49.554 [info] > git for-each-ref --format=%(refname)%00%(upstream:short)%00%(objectname)%00%(upstream:track)%00%(upstream:remotename)%00%(upstream:remoteref) refs/heads/Alteracoes refs/remotes/Alteracoes [2ms]
2022-11-05 10:37:49.583 [info] > git status -z -uall [49ms]
2022-11-05 10:37:54.614 [info] > git remote --verbose [12ms]
2022-11-05 10:37:54.615 [info] > git for-each-ref --sort -committerdate --format %(refname) %(objectname) %(*objectname) [19ms]
2022-11-05 10:37:54.616 [info] > git config --get commit.template [3ms]
2022-11-05 10:37:54.627 [info] > git for-each-ref --format=%(refname)%00%(upstream:short)%00%(objectname)%00%(upstream:track)%00%(upstream:remotename)%00%(upstream:remoteref) refs/heads/Alteracoes refs/remotes/Alteracoes [3ms]
2022-11-05 10:37:54.653 [info] > git status -z -uall [47ms]
2022-11-05 10:37:59.683 [info] > git remote --verbose [6ms]
2022-11-05 10:37:59.684 [info] > git for-each-ref --sort -committerdate --format %(refname) %(objectname) %(*objectname) [16ms]
2022-11-05 10:37:59.702 [info] > git config --get commit.template [11ms]
2022-11-05 10:37:59.703 [info] > git for-each-ref --format=%(refname)%00%(upstream:short)%00%(objectname)%00%(upstream:track)%00%(upstream:remotename)%00%(upstream:remoteref) refs/heads/Alteracoes refs/remotes/Alteracoes [2ms]
2022-11-05 10:37:59.723 [info] > git status -z -uall [41ms]
2022-11-05 10:38:04.762 [info] > git remote --verbose [15ms]
2022-11-05 10:38:04.762 [info] > git for-each-ref --sort -committerdate --format %(refname) %(objectname) %(*objectname) [24ms]
2022-11-05 10:38:04.763 [info] > git config --get commit.template [3ms]
2022-11-05 10:38:04.774 [info] > git for-each-ref --format=%(refname)%00%(upstream:short)%00%(objectname)%00%(upstream:track)%00%(upstream:remotename)%00%(upstream:remoteref) refs/heads/Alteracoes refs/remotes/Alteracoes [1ms]
2022-11-05 10:38:04.800 [info] > git status -z -uall [50ms]
2022-11-05 10:38:09.833 [info] > git remote --verbose [15ms]
2022-11-05 10:38:09.836 [info] > git for-each-ref --sort -committerdate --format %(refname) %(objectname) %(*objectname) [20ms]
2022-11-05 10:38:09.837 [info] > git config --get commit.template [5ms]
2022-11-05 10:38:09.846 [info] > git for-each-ref --format=%(refname)%00%(upstream:short)%00%(objectname)%00%(upstream:track)%00%(upstream:remotename)%00%(upstream:remoteref) refs/heads/Alteracoes refs/remotes/Alteracoes [1ms]
2022-11-05 10:38:09.868 [info] > git status -z -uall [45ms]
2022-11-05 10:38:14.906 [info] > git remote --verbose [16ms]
2022-11-05 10:38:14.907 [info] > git for-each-ref --sort -committerdate --format %(refname) %(objectname) %(*objectname) [25ms]
2022-11-05 10:38:14.908 [info] > git config --get commit.template [2ms]
2022-11-05 10:38:14.918 [info] > git for-each-ref --format=%(refname)%00%(upstream:short)%00%(objectname)%00%(upstream:track)%00%(upstream:remotename)%00%(upstream:remoteref) refs/heads/Alteracoes refs/remotes/Alteracoes [1ms]
2022-11-05 10:38:14.941 [info] > git status -z -uall [44ms]
2022-11-05 10:38:19.974 [info] > git remote --verbose [7ms]
2022-11-05 10:38:19.979 [info] > git for-each-ref --sort -committerdate --format %(refname) %(objectname) %(*objectname) [16ms]
2022-11-05 10:38:19.988 [info] > git config --get commit.template [1ms]
2022-11-05 10:38:20.001 [info] > git for-each-ref --format=%(refname)%00%(upstream:short)%00%(objectname)%00%(upstream:track)%00%(upstream:remotename)%00%(upstream:remoteref) refs/heads/Alteracoes refs/remotes/Alteracoes [1ms]
2022-11-05 10:38:20.018 [info] > git status -z -uall [47ms]
2022-11-05 10:38:25.052 [info] > git remote --verbose [12ms]
2022-11-05 10:38:25.053 [info] > git for-each-ref --sort -committerdate --format %(refname) %(objectname) %(*objectname) [20ms]
2022-11-05 10:38:25.054 [info] > git config --get commit.template [2ms]
2022-11-05 10:38:25.068 [info] > git for-each-ref --format=%(refname)%00%(upstream:short)%00%(objectname)%00%(upstream:track)%00%(upstream:remotename)%00%(upstream:remoteref) refs/heads/Alteracoes refs/remotes/Alteracoes [3ms]
2022-11-05 10:38:25.092 [info] > git status -z -uall [48ms]
2022-11-05 10:38:30.124 [info] > git remote --verbose [6ms]
2022-11-05 10:38:30.124 [info] > git for-each-ref --sort -committerdate --format %(refname) %(objectname) %(*objectname) [14ms]
2022-11-05 10:38:30.143 [info] > git config --get commit.template [8ms]
2022-11-05 10:38:30.145 [info] > git for-each-ref --format=%(refname)%00%(upstream:short)%00%(objectname)%00%(upstream:track)%00%(upstream:remotename)%00%(upstream:remoteref) refs/heads/Alteracoes refs/remotes/Alteracoes [4ms]
2022-11-05 10:38:30.168 [info] > git status -z -uall [46ms]
2022-11-05 10:38:35.200 [info] > git remote --verbose [10ms]
2022-11-05 10:38:35.200 [info] > git for-each-ref --sort -committerdate --format %(refname) %(objectname) %(*objectname) [16ms]
2022-11-05 10:38:35.222 [info] > git config --get commit.template [13ms]
2022-11-05 10:38:35.222 [info] > git for-each-ref --format=%(refname)%00%(upstream:short)%00%(objectname)%00%(upstream:track)%00%(upstream:remotename)%00%(upstream:remoteref) refs/heads/Alteracoes refs/remotes/Alteracoes [2ms]
2022-11-05 10:38:35.240 [info] > git status -z -uall [46ms]
2022-11-05 10:38:40.771 [info] > git fetch [1538ms]
2022-11-05 10:38:40.796 [info] > git remote --verbose [16ms]
2022-11-05 10:38:40.797 [info] > git for-each-ref --sort -committerdate --format %(refname) %(objectname) %(*objectname) [20ms]
2022-11-05 10:38:40.797 [info] > git config --get commit.template [2ms]
2022-11-05 10:38:40.804 [info] > git for-each-ref --format=%(refname)%00%(upstream:short)%00%(objectname)%00%(upstream:track)%00%(upstream:remotename)%00%(upstream:remoteref) refs/heads/Alteracoes refs/remotes/Alteracoes [1ms]
2022-11-05 10:38:40.823 [info] > git status -z -uall [37ms]
2022-11-05 10:38:40.856 [info] > git remote --verbose [20ms]
2022-11-05 10:38:40.857 [info] > git for-each-ref --sort -committerdate --format %(refname) %(objectname) %(*objectname) [26ms]
2022-11-05 10:38:40.858 [info] > git config --get commit.template [6ms]
2022-11-05 10:38:40.872 [info] > git for-each-ref --format=%(refname)%00%(upstream:short)%00%(objectname)%00%(upstream:track)%00%(upstream:remotename)%00%(upstream:remoteref) refs/heads/Alteracoes refs/remotes/Alteracoes [1ms]
2022-11-05 10:38:40.889 [info] > git status -z -uall [46ms]
2022-11-05 10:38:46.852 [info] > git remote --verbose [21ms]
2022-11-05 10:38:46.852 [info] > git for-each-ref --sort -committerdate --format %(refname) %(objectname) %(*objectname) [30ms]
2022-11-05 10:38:46.853 [info] > git config --get commit.template [6ms]
2022-11-05 10:38:46.863 [info] > git for-each-ref --format=%(refname)%00%(upstream:short)%00%(objectname)%00%(upstream:track)%00%(upstream:remotename)%00%(upstream:remoteref) refs/heads/Alteracoes refs/remotes/Alteracoes [2ms]
2022-11-05 10:38:46.884 [info] > git status -z -uall [48ms]
2022-11-05 10:38:51.913 [info] > git remote --verbose [11ms]
2022-11-05 10:38:51.914 [info] > git for-each-ref --sort -committerdate --format %(refname) %(objectname) %(*objectname) [17ms]
2022-11-05 10:38:51.919 [info] > git config --get commit.template [6ms]
2022-11-05 10:38:51.932 [info] > git for-each-ref --format=%(refname)%00%(upstream:short)%00%(objectname)%00%(upstream:track)%00%(upstream:remotename)%00%(upstream:remoteref) refs/heads/Alteracoes refs/remotes/Alteracoes [4ms]
2022-11-05 10:38:51.955 [info] > git status -z -uall [47ms]
2022-11-05 10:38:56.991 [info] > git remote --verbose [18ms]
2022-11-05 10:38:56.992 [info] > git for-each-ref --sort -committerdate --format %(refname) %(objectname) %(*objectname) [26ms]
2022-11-05 10:38:56.993 [info] > git config --get commit.template [2ms]
2022-11-05 10:38:57.003 [info] > git for-each-ref --format=%(refname)%00%(upstream:short)%00%(objectname)%00%(upstream:track)%00%(upstream:remotename)%00%(upstream:remoteref) refs/heads/Alteracoes refs/remotes/Alteracoes [1ms]
2022-11-05 10:38:57.026 [info] > git status -z -uall [45ms]
2022-11-05 10:39:02.055 [info] > git remote --verbose [8ms]
2022-11-05 10:39:02.056 [info] > git for-each-ref --sort -committerdate --format %(refname) %(objectname) %(*objectname) [15ms]
2022-11-05 10:39:02.067 [info] > git config --get commit.template [0ms]
2022-11-05 10:39:02.079 [info] > git for-each-ref --format=%(refname)%00%(upstream:short)%00%(objectname)%00%(upstream:track)%00%(upstream:remotename)%00%(upstream:remoteref) refs/heads/Alteracoes refs/remotes/Alteracoes [1ms]
2022-11-05 10:39:02.100 [info] > git status -z -uall [46ms]
2022-11-05 10:39:07.141 [info] > git remote --verbose [17ms]
2022-11-05 10:39:07.141 [info] > git for-each-ref --sort -committerdate --format %(refname) %(objectname) %(*objectname) [29ms]
2022-11-05 10:39:07.142 [info] > git config --get commit.template [5ms]
2022-11-05 10:39:07.151 [info] > git for-each-ref --format=%(refname)%00%(upstream:short)%00%(objectname)%00%(upstream:track)%00%(upstream:remotename)%00%(upstream:remoteref) refs/heads/Alteracoes refs/remotes/Alteracoes [2ms]
2022-11-05 10:39:07.172 [info] > git status -z -uall [46ms]
2022-11-05 10:39:12.210 [info] > git remote --verbose [15ms]
2022-11-05 10:39:12.211 [info] > git for-each-ref --sort -committerdate --format %(refname) %(objectname) %(*objectname) [25ms]
2022-11-05 10:39:12.212 [info] > git config --get commit.template [2ms]
2022-11-05 10:39:12.223 [info] > git for-each-ref --format=%(refname)%00%(upstream:short)%00%(objectname)%00%(upstream:track)%00%(upstream:remotename)%00%(upstream:remoteref) refs/heads/Alteracoes refs/remotes/Alteracoes [1ms]
2022-11-05 10:39:12.248 [info] > git status -z -uall [47ms]
2022-11-05 10:39:17.271 [info] > git remote --verbose [6ms]
2022-11-05 10:39:17.316 [info] > git for-each-ref --sort -committerdate --format %(refname) %(objectname) %(*objectname) [58ms]
2022-11-05 10:39:17.325 [info] > git status -z -uall [56ms]
2022-11-05 10:39:17.327 [info] > git config --get commit.template [2ms]
2022-11-05 10:39:17.337 [info] > git for-each-ref --format=%(refname)%00%(upstream:short)%00%(objectname)%00%(upstream:track)%00%(upstream:remotename)%00%(upstream:remoteref) refs/heads/Alteracoes refs/remotes/Alteracoes [1ms]
2022-11-05 10:39:22.376 [info] > git remote --verbose [16ms]
2022-11-05 10:39:22.377 [info] > git for-each-ref --sort -committerdate --format %(refname) %(objectname) %(*objectname) [26ms]
2022-11-05 10:39:22.379 [info] > git config --get commit.template [5ms]
2022-11-05 10:39:22.393 [info] > git for-each-ref --format=%(refname)%00%(upstream:short)%00%(objectname)%00%(upstream:track)%00%(upstream:remotename)%00%(upstream:remoteref) refs/heads/Alteracoes refs/remotes/Alteracoes [3ms]
2022-11-05 10:39:22.413 [info] > git status -z -uall [50ms]
2022-11-05 10:39:27.460 [info] > git remote --verbose [21ms]
2022-11-05 10:39:27.460 [info] > git for-each-ref --sort -committerdate --format %(refname) %(objectname) %(*objectname) [32ms]
2022-11-05 10:39:27.461 [info] > git config --get commit.template [3ms]
2022-11-05 10:39:27.480 [info] > git for-each-ref --format=%(refname)%00%(upstream:short)%00%(objectname)%00%(upstream:track)%00%(upstream:remotename)%00%(upstream:remoteref) refs/heads/Alteracoes refs/remotes/Alteracoes [4ms]
2022-11-05 10:39:27.501 [info] > git status -z -uall [55ms]
2022-11-05 10:39:32.537 [info] > git remote --verbose [18ms]
2022-11-05 10:39:32.537 [info] > git for-each-ref --sort -committerdate --format %(refname) %(objectname) %(*objectname) [24ms]
2022-11-05 10:39:32.538 [info] > git config --get commit.template [2ms]
2022-11-05 10:39:32.551 [info] > git for-each-ref --format=%(refname)%00%(upstream:short)%00%(objectname)%00%(upstream:track)%00%(upstream:remotename)%00%(upstream:remoteref) refs/heads/Alteracoes refs/remotes/Alteracoes [1ms]
2022-11-05 10:39:32.578 [info] > git status -z -uall [54ms]
2022-11-05 10:40:10.277 [info] > git remote --verbose [30ms]
2022-11-05 10:40:10.278 [info] > git for-each-ref --sort -committerdate --format %(refname) %(objectname) %(*objectname) [48ms]
2022-11-05 10:40:10.279 [info] > git config --get commit.template [9ms]
2022-11-05 10:40:10.293 [info] > git for-each-ref --format=%(refname)%00%(upstream:short)%00%(objectname)%00%(upstream:track)%00%(upstream:remotename)%00%(upstream:remoteref) refs/heads/Alteracoes refs/remotes/Alteracoes [2ms]
2022-11-05 10:40:10.339 [info] > git status -z -uall [85ms]
