2022-11-05 11:10:28.509 [info] Validando git localizado em: git
2022-11-05 11:10:28.509 [info] Usando git 2.25.1 de git
2022-11-05 11:10:28.509 [info] > git rev-parse --show-toplevel [37ms]
2022-11-05 11:10:28.509 [info] > git rev-parse --git-dir --git-common-dir [15ms]
2022-11-05 11:10:28.509 [info] Nível de log: Info
2022-11-05 11:10:28.509 [info] Open repository: /home/senac/meu-app-react
2022-11-05 11:10:28.509 [info] > git status -z -uall [96ms]
2022-11-05 11:10:28.509 [info] > git rev-parse --show-toplevel [32ms]
2022-11-05 11:10:28.509 [info] > git remote --verbose [135ms]
2022-11-05 11:10:28.509 [info] > git for-each-ref --sort -committerdate --format %(refname) %(objectname) %(*objectname) [147ms]
2022-11-05 11:10:28.510 [info] > git rev-parse --show-toplevel [25ms]
2022-11-05 11:10:28.510 [info] > git config --get commit.template [75ms]
2022-11-05 11:10:28.510 [info] > git rev-parse --show-toplevel [22ms]
2022-11-05 11:10:28.523 [info] > git for-each-ref --format=%(refname)%00%(upstream:short)%00%(objectname)%00%(upstream:track)%00%(upstream:remotename)%00%(upstream:remoteref) refs/heads/master refs/remotes/master [109ms]
2022-11-05 11:10:28.644 [info] > git status -z -uall [71ms]
2022-11-05 11:10:28.646 [info] > git remote --verbose [82ms]
2022-11-05 11:10:28.648 [info] > git for-each-ref --sort -committerdate --format %(refname) %(objectname) %(*objectname) [96ms]
2022-11-05 11:10:28.673 [info] > git config --get commit.template [27ms]
2022-11-05 11:10:28.688 [info] > git for-each-ref --format=%(refname)%00%(upstream:short)%00%(objectname)%00%(upstream:track)%00%(upstream:remotename)%00%(upstream:remoteref) refs/heads/master refs/remotes/master [2ms]
2022-11-05 11:10:28.943 [info] > git check-ignore -v -z --stdin [40ms]
2022-11-05 11:10:29.149 [info] > git show --textconv :src/components/Login.jsx [14ms]
2022-11-05 11:10:29.150 [info] > git ls-files --stage -- /home/senac/meu-app-react/src/components/Login.jsx [5ms]
2022-11-05 11:10:29.578 [info] > git fetch [1427ms]
2022-11-05 11:10:29.660 [info] > git status -z -uall [57ms]
2022-11-05 11:10:29.662 [info] > git remote --verbose [65ms]
2022-11-05 11:10:29.663 [info] > git for-each-ref --sort -committerdate --format %(refname) %(objectname) %(*objectname) [72ms]
2022-11-05 11:10:29.750 [info] > git config --get commit.template [90ms]
2022-11-05 11:10:29.779 [info] > git for-each-ref --format=%(refname)%00%(upstream:short)%00%(objectname)%00%(upstream:track)%00%(upstream:remotename)%00%(upstream:remoteref) refs/heads/master refs/remotes/master [3ms]
2022-11-05 11:10:29.875 [info] > git ls-files --stage -- /home/senac/meu-app-react/src/components/Login.jsx [20ms]
2022-11-05 11:10:29.995 [info] > git show --textconv :src/components/Login.jsx [2ms]
2022-11-05 11:10:30.895 [info] > git status -z -uall [29ms]
2022-11-05 11:10:30.896 [info] > git remote --verbose [39ms]
2022-11-05 11:10:30.897 [info] > git for-each-ref --sort -committerdate --format %(refname) %(objectname) %(*objectname) [47ms]
2022-11-05 11:10:30.935 [info] > git config --get commit.template [40ms]
2022-11-05 11:10:30.951 [info] > git for-each-ref --format=%(refname)%00%(upstream:short)%00%(objectname)%00%(upstream:track)%00%(upstream:remotename)%00%(upstream:remoteref) refs/heads/master refs/remotes/master [2ms]
2022-11-05 11:10:30.966 [info] > git ls-files --stage -- /home/senac/meu-app-react/src/components/Login.jsx [2ms]
2022-11-05 11:10:30.982 [info] > git show --textconv :src/components/Login.jsx [2ms]
2022-11-05 11:10:44.621 [info] > git ls-files --stage -- /home/senac/meu-app-react/.gitignore [3ms]
2022-11-05 11:10:44.634 [info] > git show --textconv :.gitignore [27ms]
2022-11-05 11:10:44.637 [info] > git cat-file -s 4d29575de80483b005c29bfcac5061cd2f45313e [5ms]
2022-11-05 11:15:25.542 [info] > git ls-files --stage -- /home/senac/meu-app-react/.gitignore [3ms]
2022-11-05 11:15:25.549 [info] > git cat-file -s 4d29575de80483b005c29bfcac5061cd2f45313e [1ms]
2022-11-05 11:15:25.562 [info] > git show --textconv :.gitignore [1ms]
2022-11-05 11:15:25.787 [info] > git fetch [1493ms]
2022-11-05 11:15:25.814 [info] > git status -z -uall [10ms]
2022-11-05 11:15:25.816 [info] > git remote --verbose [18ms]
2022-11-05 11:15:25.817 [info] > git for-each-ref --sort -committerdate --format %(refname) %(objectname) %(*objectname) [24ms]
2022-11-05 11:15:25.823 [info] > git config --get commit.template [7ms]
2022-11-05 11:15:25.831 [info] > git for-each-ref --format=%(refname)%00%(upstream:short)%00%(objectname)%00%(upstream:track)%00%(upstream:remotename)%00%(upstream:remoteref) refs/heads/master refs/remotes/master [2ms]
2022-11-05 11:15:26.892 [info] > git status -z -uall [7ms]
2022-11-05 11:15:26.893 [info] > git remote --verbose [18ms]
2022-11-05 11:15:26.894 [info] > git for-each-ref --sort -committerdate --format %(refname) %(objectname) %(*objectname) [29ms]
2022-11-05 11:15:26.896 [info] > git config --get commit.template [3ms]
2022-11-05 11:15:26.909 [info] > git for-each-ref --format=%(refname)%00%(upstream:short)%00%(objectname)%00%(upstream:track)%00%(upstream:remotename)%00%(upstream:remoteref) refs/heads/master refs/remotes/master [1ms]
2022-11-05 11:15:26.974 [info] > git ls-files --stage -- /home/senac/meu-app-react/.gitignore [2ms]
2022-11-05 11:15:26.986 [info] > git cat-file -s 4d29575de80483b005c29bfcac5061cd2f45313e [2ms]
2022-11-05 11:15:27.007 [info] > git show --textconv :.gitignore [2ms]
2022-11-05 11:39:24.951 [info] > git ls-files --stage -- /home/senac/meu-app-react/.gitignore [3ms]
2022-11-05 11:39:24.971 [info] > git cat-file -s 4d29575de80483b005c29bfcac5061cd2f45313e [3ms]
2022-11-05 11:39:24.993 [info] > git show --textconv :.gitignore [2ms]
2022-11-05 11:39:25.244 [info] > git fetch [1534ms]
2022-11-05 11:39:25.304 [info] > git status -z -uall [14ms]
2022-11-05 11:39:25.306 [info] > git remote --verbose [33ms]
2022-11-05 11:39:25.307 [info] > git for-each-ref --sort -committerdate --format %(refname) %(objectname) %(*objectname) [49ms]
2022-11-05 11:39:25.312 [info] > git config --get commit.template [8ms]
2022-11-05 11:39:25.338 [info] > git for-each-ref --format=%(refname)%00%(upstream:short)%00%(objectname)%00%(upstream:track)%00%(upstream:remotename)%00%(upstream:remoteref) refs/heads/master refs/remotes/master [8ms]
