2022-11-05 11:43:05.105 [info] Validando git localizado em: git
2022-11-05 11:43:05.105 [info] Usando git 2.25.1 de git
2022-11-05 11:43:05.106 [info] > git rev-parse --show-toplevel [6ms]
2022-11-05 11:43:05.106 [info] > git rev-parse --git-dir --git-common-dir [2ms]
2022-11-05 11:43:05.106 [info] Log level: Info
2022-11-05 11:43:05.106 [info] Open repository: /home/senac
2022-11-05 11:43:05.106 [info] > git rev-parse --show-toplevel [28ms]
2022-11-05 11:43:05.106 [info] > git remote --verbose [81ms]
2022-11-05 11:43:05.106 [info] > git for-each-ref --sort -committerdate --format %(refname) %(objectname) %(*objectname) [103ms]
2022-11-05 11:43:05.106 [info] > git rev-parse --show-toplevel [7ms]
2022-11-05 11:43:05.106 [info] > git config --get commit.template [25ms]
2022-11-05 11:43:05.106 [info] > git for-each-ref --format=%(refname)%00%(upstream:short)%00%(objectname)%00%(upstream:track)%00%(upstream:remotename)%00%(upstream:remoteref) refs/heads/master refs/remotes/master [26ms]
2022-11-05 11:43:05.106 [info] > git status -z -uall [433ms]
2022-11-05 11:43:05.106 [info] > git status -z -uall [998ms]
2022-11-05 11:43:05.106 [info] > git remote --verbose [1011ms]
2022-11-05 11:43:05.106 [info] > git for-each-ref --sort -committerdate --format %(refname) %(objectname) %(*objectname) [1025ms]
2022-11-05 11:43:05.106 [info] > git fetch [1725ms]
2022-11-05 11:43:05.106 [info] > git remote --verbose [70ms]
2022-11-05 11:43:05.106 [info] > git for-each-ref --sort -committerdate --format %(refname) %(objectname) %(*objectname) [81ms]
2022-11-05 11:43:05.106 [info] > git config --get commit.template [181ms]
2022-11-05 11:43:05.106 [info] > git check-ignore -v -z --stdin [45ms]
2022-11-05 11:43:05.106 [info] > git config --get commit.template [19ms]
2022-11-05 11:43:05.106 [info] > git for-each-ref --format=%(refname)%00%(upstream:short)%00%(objectname)%00%(upstream:track)%00%(upstream:remotename)%00%(upstream:remoteref) refs/heads/master refs/remotes/master [2ms]
2022-11-05 11:43:05.106 [info] > git for-each-ref --format=%(refname)%00%(upstream:short)%00%(objectname)%00%(upstream:track)%00%(upstream:remotename)%00%(upstream:remoteref) refs/heads/master refs/remotes/master [15ms]
2022-11-05 11:43:05.106 [info] > git status -z -uall [196ms]
2022-11-05 11:43:22.983 [info] > git remote --verbose [39ms]
2022-11-05 11:43:22.984 [info] > git for-each-ref --sort -committerdate --format %(refname) %(objectname) %(*objectname) [54ms]
2022-11-05 11:43:23.029 [info] > git config --get commit.template [52ms]
2022-11-05 11:43:23.034 [info] > git for-each-ref --format=%(refname)%00%(upstream:short)%00%(objectname)%00%(upstream:track)%00%(upstream:remotename)%00%(upstream:remoteref) refs/heads/master refs/remotes/master [6ms]
2022-11-05 11:43:23.213 [info] > git status -z -uall [262ms]
