[2022-10-28T22:42:17.048Z] Nível de log: Info
[2022-10-28T22:42:17.070Z] [info] Validando git localizado em: git
[2022-10-28T22:42:17.172Z] [info] Usando git 2.25.1 de git
[2022-10-28T22:42:17.223Z] > git rev-parse --show-toplevel [6ms]
[2022-10-28T22:42:17.238Z] > git rev-parse --git-dir --git-common-dir [2ms]
[2022-10-28T22:42:17.249Z] [info] Open repository: /home/senac
[2022-10-28T22:42:17.287Z] > git rev-parse --show-toplevel [7ms]
[2022-10-28T22:42:17.302Z] > git fetch [39ms]
[2022-10-28T22:42:17.303Z] > git rev-parse --show-toplevel [9ms]
[2022-10-28T22:42:17.842Z] > git check-ignore -v -z --stdin [34ms]
[2022-10-28T22:42:18.825Z] > git status -z -uall [1552ms]
[2022-10-28T22:42:18.835Z] > git symbolic-ref --short HEAD [1ms]
[2022-10-28T22:42:18.846Z] > git for-each-ref --format=%(refname)%00%(upstream:short)%00%(objectname)%00%(upstream:track)%00%(upstream:remotename)%00%(upstream:remoteref) refs/heads/master refs/remotes/master [4ms]
[2022-10-28T22:42:18.866Z] > git remote --verbose [3ms]
[2022-10-28T22:42:18.866Z] > git for-each-ref --sort -committerdate --format %(refname) %(objectname) %(*objectname) [12ms]
[2022-10-28T22:42:20.541Z] > git config --get commit.template [221ms]
[2022-10-28T22:42:20.779Z] > git status -z -uall [226ms]
[2022-10-28T22:42:20.795Z] > git symbolic-ref --short HEAD [5ms]
[2022-10-28T22:42:20.806Z] > git for-each-ref --format=%(refname)%00%(upstream:short)%00%(objectname)%00%(upstream:track)%00%(upstream:remotename)%00%(upstream:remoteref) refs/heads/master refs/remotes/master [1ms]
[2022-10-28T22:42:20.830Z] > git remote --verbose [5ms]
[2022-10-28T22:42:20.830Z] > git for-each-ref --sort -committerdate --format %(refname) %(objectname) %(*objectname) [13ms]
[2022-10-28T22:42:22.514Z] > git config --get commit.template [125ms]
[2022-10-28T22:42:22.772Z] > git status -z -uall [244ms]
[2022-10-28T22:42:22.786Z] > git symbolic-ref --short HEAD [2ms]
[2022-10-28T22:42:22.798Z] > git for-each-ref --format=%(refname)%00%(upstream:short)%00%(objectname)%00%(upstream:track)%00%(upstream:remotename)%00%(upstream:remoteref) refs/heads/master refs/remotes/master [1ms]
[2022-10-28T22:42:22.824Z] > git remote --verbose [2ms]
[2022-10-28T22:42:22.825Z] > git for-each-ref --sort -committerdate --format %(refname) %(objectname) %(*objectname) [18ms]
[2022-10-28T22:42:24.782Z] > git config --get commit.template [62ms]
[2022-10-28T22:42:38.329Z] > git status -z -uall [111ms]
[2022-10-28T22:42:38.338Z] > git symbolic-ref --short HEAD [1ms]
[2022-10-28T22:42:38.353Z] > git for-each-ref --format=%(refname)%00%(upstream:short)%00%(objectname)%00%(upstream:track)%00%(upstream:remotename)%00%(upstream:remoteref) refs/heads/master refs/remotes/master [1ms]
[2022-10-28T22:42:38.376Z] > git remote --verbose [2ms]
[2022-10-28T22:42:38.376Z] > git for-each-ref --sort -committerdate --format %(refname) %(objectname) %(*objectname) [13ms]
[2022-10-28T22:42:38.476Z] > git config --get commit.template [14ms]
[2022-10-28T22:42:43.587Z] > git status -z -uall [99ms]
[2022-10-28T22:42:43.594Z] > git symbolic-ref --short HEAD [1ms]
[2022-10-28T22:42:43.605Z] > git for-each-ref --format=%(refname)%00%(upstream:short)%00%(objectname)%00%(upstream:track)%00%(upstream:remotename)%00%(upstream:remoteref) refs/heads/master refs/remotes/master [1ms]
[2022-10-28T22:42:43.625Z] > git for-each-ref --sort -committerdate --format %(refname) %(objectname) %(*objectname) [12ms]
[2022-10-28T22:42:43.625Z] > git remote --verbose [2ms]
[2022-10-28T22:42:43.715Z] > git config --get commit.template [1ms]
[2022-10-28T22:42:48.830Z] > git status -z -uall [101ms]
[2022-10-28T22:42:48.839Z] > git symbolic-ref --short HEAD [1ms]
[2022-10-28T22:42:48.849Z] > git for-each-ref --format=%(refname)%00%(upstream:short)%00%(objectname)%00%(upstream:track)%00%(upstream:remotename)%00%(upstream:remoteref) refs/heads/master refs/remotes/master [1ms]
[2022-10-28T22:42:48.868Z] > git remote --verbose [2ms]
[2022-10-28T22:42:48.868Z] > git for-each-ref --sort -committerdate --format %(refname) %(objectname) %(*objectname) [12ms]
[2022-10-28T22:42:48.992Z] > git config --get commit.template [5ms]
[2022-10-28T22:42:54.170Z] > git status -z -uall [161ms]
[2022-10-28T22:42:54.183Z] > git symbolic-ref --short HEAD [1ms]
[2022-10-28T22:42:54.195Z] > git for-each-ref --format=%(refname)%00%(upstream:short)%00%(objectname)%00%(upstream:track)%00%(upstream:remotename)%00%(upstream:remoteref) refs/heads/master refs/remotes/master [2ms]
[2022-10-28T22:42:54.228Z] > git remote --verbose [9ms]
[2022-10-28T22:42:54.228Z] > git for-each-ref --sort -committerdate --format %(refname) %(objectname) %(*objectname) [24ms]
[2022-10-28T22:42:54.329Z] > git config --get commit.template [3ms]
[2022-10-28T22:42:59.458Z] > git status -z -uall [118ms]
[2022-10-28T22:42:59.471Z] > git symbolic-ref --short HEAD [3ms]
[2022-10-28T22:42:59.484Z] > git for-each-ref --format=%(refname)%00%(upstream:short)%00%(objectname)%00%(upstream:track)%00%(upstream:remotename)%00%(upstream:remoteref) refs/heads/master refs/remotes/master [2ms]
[2022-10-28T22:42:59.513Z] > git remote --verbose [2ms]
[2022-10-28T22:42:59.514Z] > git for-each-ref --sort -committerdate --format %(refname) %(objectname) %(*objectname) [16ms]
[2022-10-28T22:42:59.631Z] > git config --get commit.template [4ms]
[2022-10-28T22:43:04.733Z] > git status -z -uall [87ms]
[2022-10-28T22:43:04.741Z] > git symbolic-ref --short HEAD [1ms]
[2022-10-28T22:43:04.748Z] > git for-each-ref --format=%(refname)%00%(upstream:short)%00%(objectname)%00%(upstream:track)%00%(upstream:remotename)%00%(upstream:remoteref) refs/heads/master refs/remotes/master [0ms]
[2022-10-28T22:43:04.763Z] > git remote --verbose [1ms]
[2022-10-28T22:43:04.763Z] > git for-each-ref --sort -committerdate --format %(refname) %(objectname) %(*objectname) [8ms]
[2022-10-28T22:43:04.848Z] > git config --get commit.template [1ms]
[2022-10-28T22:43:09.967Z] > git status -z -uall [102ms]
[2022-10-28T22:43:09.976Z] > git symbolic-ref --short HEAD [1ms]
[2022-10-28T22:43:09.987Z] > git for-each-ref --format=%(refname)%00%(upstream:short)%00%(objectname)%00%(upstream:track)%00%(upstream:remotename)%00%(upstream:remoteref) refs/heads/master refs/remotes/master [2ms]
[2022-10-28T22:43:10.003Z] > git remote --verbose [2ms]
[2022-10-28T22:43:10.003Z] > git for-each-ref --sort -committerdate --format %(refname) %(objectname) %(*objectname) [8ms]
[2022-10-28T22:43:10.100Z] > git config --get commit.template [12ms]
[2022-10-28T22:43:15.187Z] > git status -z -uall [70ms]
[2022-10-28T22:43:15.196Z] > git symbolic-ref --short HEAD [1ms]
[2022-10-28T22:43:15.204Z] > git for-each-ref --format=%(refname)%00%(upstream:short)%00%(objectname)%00%(upstream:track)%00%(upstream:remotename)%00%(upstream:remoteref) refs/heads/master refs/remotes/master [1ms]
[2022-10-28T22:43:15.221Z] > git remote --verbose [1ms]
[2022-10-28T22:43:15.222Z] > git for-each-ref --sort -committerdate --format %(refname) %(objectname) %(*objectname) [10ms]
[2022-10-28T22:43:15.302Z] > git config --get commit.template [1ms]
[2022-10-28T22:43:20.130Z] > git symbolic-ref --short HEAD [1ms]
[2022-10-28T22:43:20.148Z] > git remote add origin https://github.com/27marques/avaliacao.git [7ms]
[2022-10-28T22:43:20.269Z] > git status -z -uall [112ms]
[2022-10-28T22:43:20.285Z] > git symbolic-ref --short HEAD [1ms]
[2022-10-28T22:43:20.299Z] > git for-each-ref --format=%(refname)%00%(upstream:short)%00%(objectname)%00%(upstream:track)%00%(upstream:remotename)%00%(upstream:remoteref) refs/heads/master refs/remotes/master [1ms]
[2022-10-28T22:43:20.326Z] > git remote --verbose [4ms]
[2022-10-28T22:43:20.327Z] > git for-each-ref --sort -committerdate --format %(refname) %(objectname) %(*objectname) [17ms]
[2022-10-28T22:43:21.275Z] > git config --get commit.template [812ms]
[2022-10-28T22:43:21.418Z] > git push -u origin master [129ms]
[2022-10-28T22:43:21.418Z] error: src refspec master does not match any
error: failed to push some refs to 'https://github.com/27marques/avaliacao.git'
[2022-10-28T22:43:21.466Z] > git status -z -uall [167ms]
[2022-10-28T22:43:21.475Z] > git symbolic-ref --short HEAD [1ms]
[2022-10-28T22:43:21.484Z] > git for-each-ref --format=%(refname)%00%(upstream:short)%00%(objectname)%00%(upstream:track)%00%(upstream:remotename)%00%(upstream:remoteref) refs/heads/master refs/remotes/master [1ms]
[2022-10-28T22:43:21.510Z] > git remote --verbose [1ms]
[2022-10-28T22:43:21.511Z] > git for-each-ref --sort -committerdate --format %(refname) %(objectname) %(*objectname) [16ms]
[2022-10-28T22:43:22.439Z] > git config --get commit.template [794ms]
[2022-10-28T22:43:39.238Z] > git status -z -uall [122ms]
[2022-10-28T22:43:39.251Z] > git symbolic-ref --short HEAD [1ms]
[2022-10-28T22:43:39.266Z] > git for-each-ref --format=%(refname)%00%(upstream:short)%00%(objectname)%00%(upstream:track)%00%(upstream:remotename)%00%(upstream:remoteref) refs/heads/master refs/remotes/master [1ms]
[2022-10-28T22:43:39.287Z] > git remote --verbose [2ms]
[2022-10-28T22:43:39.287Z] > git for-each-ref --sort -committerdate --format %(refname) %(objectname) %(*objectname) [11ms]
[2022-10-28T22:43:39.381Z] > git config --get commit.template [1ms]
[2022-10-28T22:43:41.622Z] > git check-ignore -v -z --stdin [1ms]
[2022-10-28T22:43:44.493Z] > git status -z -uall [100ms]
[2022-10-28T22:43:44.505Z] > git symbolic-ref --short HEAD [1ms]
[2022-10-28T22:43:44.517Z] > git for-each-ref --format=%(refname)%00%(upstream:short)%00%(objectname)%00%(upstream:track)%00%(upstream:remotename)%00%(upstream:remoteref) refs/heads/master refs/remotes/master [1ms]
[2022-10-28T22:43:44.555Z] > git remote --verbose [3ms]
[2022-10-28T22:43:44.555Z] > git for-each-ref --sort -committerdate --format %(refname) %(objectname) %(*objectname) [30ms]
[2022-10-28T22:43:44.651Z] > git config --get commit.template [10ms]
[2022-10-28T22:43:49.814Z] > git status -z -uall [143ms]
[2022-10-28T22:43:49.826Z] > git symbolic-ref --short HEAD [2ms]
[2022-10-28T22:43:49.837Z] > git for-each-ref --format=%(refname)%00%(upstream:short)%00%(objectname)%00%(upstream:track)%00%(upstream:remotename)%00%(upstream:remoteref) refs/heads/master refs/remotes/master [1ms]
[2022-10-28T22:43:49.857Z] > git remote --verbose [2ms]
[2022-10-28T22:43:49.859Z] > git for-each-ref --sort -committerdate --format %(refname) %(objectname) %(*objectname) [13ms]
[2022-10-28T22:43:49.966Z] > git config --get commit.template [2ms]
[2022-10-28T22:43:56.902Z] > git status -z -uall [180ms]
[2022-10-28T22:43:56.917Z] > git symbolic-ref --short HEAD [1ms]
[2022-10-28T22:43:56.933Z] > git for-each-ref --format=%(refname)%00%(upstream:short)%00%(objectname)%00%(upstream:track)%00%(upstream:remotename)%00%(upstream:remoteref) refs/heads/master refs/remotes/master [1ms]
[2022-10-28T22:43:56.963Z] > git remote --verbose [9ms]
[2022-10-28T22:43:56.964Z] > git for-each-ref --sort -committerdate --format %(refname) %(objectname) %(*objectname) [19ms]
[2022-10-28T22:43:57.934Z] > git config --get commit.template [850ms]
[2022-10-28T22:44:17.315Z] > git add -A -- . [20571ms]
[2022-10-28T22:44:17.315Z] warning: adding embedded git repository: .nvm
hint: You've added another git repository inside your current repository.
hint: Clones of the outer repository will not contain the contents of
hint: the embedded repository and will not know how to obtain it.
hint: If you meant to add a submodule, use:
hint: 
hint: 	git submodule add <url> .nvm
hint: 
hint: If you added this path by mistake, you can remove it from the
hint: index with:
hint: 
hint: 	git rm --cached .nvm
hint: 
hint: See "git help submodule" for more information.
warning: adding embedded git repository: aulasweb
warning: adding embedded git repository: compartilha_web_security
warning: adding embedded git repository: meu-app-react
warning: adding embedded git repository: senac-projetoweb
warning: adding embedded git repository: simples
[2022-10-28T22:44:18.192Z] > git -c user.useConfigOnly=true commit --quiet --allow-empty-message --file - [865ms]
[2022-10-28T22:44:18.192Z] Auto packing the repository in background for optimum performance.
See "git help gc" for manual housekeeping.
[2022-10-28T22:44:18.399Z] > git status -z -uall [197ms]
[2022-10-28T22:44:18.411Z] > git symbolic-ref --short HEAD [2ms]
[2022-10-28T22:44:18.424Z] > git for-each-ref --format=%(refname)%00%(upstream:short)%00%(objectname)%00%(upstream:track)%00%(upstream:remotename)%00%(upstream:remoteref) refs/heads/master refs/remotes/master [2ms]
[2022-10-28T22:44:18.443Z] > git for-each-ref --sort -committerdate --format %(refname) %(objectname) %(*objectname) [9ms]
[2022-10-28T22:44:18.444Z] > git remote --verbose [2ms]
[2022-10-28T22:44:18.495Z] > git config --get commit.template [1ms]
[2022-10-28T22:44:18.534Z] > git config --get commit.template [1ms]
[2022-10-28T22:44:18.652Z] > git status -z -uall [141ms]
[2022-10-28T22:44:18.665Z] > git symbolic-ref --short HEAD [2ms]
[2022-10-28T22:44:18.681Z] > git for-each-ref --format=%(refname)%00%(upstream:short)%00%(objectname)%00%(upstream:track)%00%(upstream:remotename)%00%(upstream:remoteref) refs/heads/master refs/remotes/master [1ms]
[2022-10-28T22:44:18.711Z] > git remote --verbose [3ms]
[2022-10-28T22:44:18.711Z] > git for-each-ref --sort -committerdate --format %(refname) %(objectname) %(*objectname) [15ms]
[2022-10-28T22:44:18.731Z] > git config --get commit.template [2ms]
[2022-10-28T22:44:23.914Z] > git status -z -uall [170ms]
[2022-10-28T22:44:23.923Z] > git symbolic-ref --short HEAD [2ms]
[2022-10-28T22:44:23.934Z] > git for-each-ref --format=%(refname)%00%(upstream:short)%00%(objectname)%00%(upstream:track)%00%(upstream:remotename)%00%(upstream:remoteref) refs/heads/master refs/remotes/master [1ms]
[2022-10-28T22:44:23.953Z] > git remote --verbose [2ms]
[2022-10-28T22:44:23.953Z] > git for-each-ref --sort -committerdate --format %(refname) %(objectname) %(*objectname) [8ms]
[2022-10-28T22:44:23.966Z] > git config --get commit.template [1ms]
[2022-10-28T22:44:29.105Z] > git status -z -uall [127ms]
[2022-10-28T22:44:29.117Z] > git symbolic-ref --short HEAD [1ms]
[2022-10-28T22:44:29.129Z] > git for-each-ref --format=%(refname)%00%(upstream:short)%00%(objectname)%00%(upstream:track)%00%(upstream:remotename)%00%(upstream:remoteref) refs/heads/master refs/remotes/master [1ms]
[2022-10-28T22:44:29.150Z] > git remote --verbose [1ms]
[2022-10-28T22:44:29.150Z] > git for-each-ref --sort -committerdate --format %(refname) %(objectname) %(*objectname) [14ms]
[2022-10-28T22:44:29.164Z] > git config --get commit.template [1ms]
[2022-10-28T22:44:34.303Z] > git status -z -uall [131ms]
[2022-10-28T22:44:34.317Z] > git symbolic-ref --short HEAD [1ms]
[2022-10-28T22:44:34.329Z] > git for-each-ref --format=%(refname)%00%(upstream:short)%00%(objectname)%00%(upstream:track)%00%(upstream:remotename)%00%(upstream:remoteref) refs/heads/master refs/remotes/master [1ms]
[2022-10-28T22:44:34.348Z] > git remote --verbose [1ms]
[2022-10-28T22:44:34.348Z] > git for-each-ref --sort -committerdate --format %(refname) %(objectname) %(*objectname) [11ms]
[2022-10-28T22:44:34.362Z] > git config --get commit.template [2ms]
[2022-10-28T22:44:39.532Z] > git status -z -uall [157ms]
[2022-10-28T22:44:39.542Z] > git symbolic-ref --short HEAD [2ms]
[2022-10-28T22:44:39.553Z] > git for-each-ref --format=%(refname)%00%(upstream:short)%00%(objectname)%00%(upstream:track)%00%(upstream:remotename)%00%(upstream:remoteref) refs/heads/master refs/remotes/master [1ms]
[2022-10-28T22:44:39.574Z] > git remote --verbose [4ms]
[2022-10-28T22:44:39.574Z] > git for-each-ref --sort -committerdate --format %(refname) %(objectname) %(*objectname) [10ms]
[2022-10-28T22:44:39.588Z] > git config --get commit.template [2ms]
[2022-10-28T22:44:41.428Z] > git add -A -- /home/senac/.vscode-server/data/logs/20221028T194213/exthost1/exthost.log /home/senac/.vscode-server/data/logs/20221028T194213/exthost1/output_logging_20221028T194216/2-Git.log /home/senac/aulasweb /home/senac/compartilha_web_security /home/senac/meu-app-react /home/senac/senac-projetoweb [69ms]
[2022-10-28T22:44:41.579Z] > git status -z -uall [144ms]
[2022-10-28T22:44:41.589Z] > git symbolic-ref --short HEAD [2ms]
[2022-10-28T22:44:41.602Z] > git for-each-ref --format=%(refname)%00%(upstream:short)%00%(objectname)%00%(upstream:track)%00%(upstream:remotename)%00%(upstream:remoteref) refs/heads/master refs/remotes/master [2ms]
[2022-10-28T22:44:41.628Z] > git remote --verbose [3ms]
[2022-10-28T22:44:41.628Z] > git for-each-ref --sort -committerdate --format %(refname) %(objectname) %(*objectname) [14ms]
[2022-10-28T22:44:41.640Z] > git config --get commit.template [1ms]
[2022-10-28T22:44:42.321Z] > git check-ignore -v -z --stdin [6ms]
