2022-11-05 11:58:13.257 [info] Validating found git in: git
2022-11-05 11:58:13.257 [info] Using git 2.25.1 from git
2022-11-05 11:58:13.257 [info] > git rev-parse --show-toplevel [10ms]
2022-11-05 11:58:13.257 [info] > git rev-parse --git-dir --git-common-dir [17ms]
2022-11-05 11:58:13.257 [info] Log level: Info
2022-11-05 11:58:13.257 [info] Open repository: /home/senac
2022-11-05 11:58:13.263 [info] > git rev-parse --show-toplevel [35ms]
2022-11-05 11:58:13.304 [info] > git remote --verbose [94ms]
2022-11-05 11:58:13.306 [info] > git for-each-ref --sort -committerdate --format %(refname) %(objectname) %(*objectname) [102ms]
2022-11-05 11:58:13.331 [info] > git rev-parse --show-toplevel [28ms]
2022-11-05 11:58:13.340 [info] > git config --get commit.template [93ms]
2022-11-05 11:58:13.358 [info] > git for-each-ref --format=%(refname)%00%(upstream:short)%00%(objectname)%00%(upstream:track)%00%(upstream:remotename)%00%(upstream:remoteref) refs/heads/master refs/remotes/master [3ms]
2022-11-05 11:58:13.844 [info] > git check-ignore -v -z --stdin [14ms]
2022-11-05 11:58:15.350 [info] > git status -z -uall [2131ms]
2022-11-05 11:58:15.352 [info] > git fetch [2158ms]
2022-11-05 11:58:15.459 [info] > git status -z -uall [89ms] (cancelled)
2022-11-05 11:58:15.461 [info] > git remote --verbose [70ms]
2022-11-05 11:58:15.463 [info] > git for-each-ref --sort -committerdate --format %(refname) %(objectname) %(*objectname) [79ms]
2022-11-05 11:58:15.465 [info] > git remote --verbose [101ms]
2022-11-05 11:58:15.467 [info] > git for-each-ref --sort -committerdate --format %(refname) %(objectname) %(*objectname) [108ms]
2022-11-05 11:58:15.560 [info] > git config --get commit.template [109ms]
2022-11-05 11:58:15.561 [info] > git config --get commit.template [122ms]
2022-11-05 11:58:15.641 [info] > git for-each-ref --format=%(refname)%00%(upstream:short)%00%(objectname)%00%(upstream:track)%00%(upstream:remotename)%00%(upstream:remoteref) refs/heads/master refs/remotes/master [41ms]
2022-11-05 11:58:15.645 [info] > git for-each-ref --format=%(refname)%00%(upstream:short)%00%(objectname)%00%(upstream:track)%00%(upstream:remotename)%00%(upstream:remoteref) refs/heads/master refs/remotes/master [39ms]
2022-11-05 11:58:15.648 [info] > git status -z -uall [250ms]
2022-11-05 11:58:25.335 [info] > git remote --verbose [22ms]
2022-11-05 11:58:25.336 [info] > git for-each-ref --sort -committerdate --format %(refname) %(objectname) %(*objectname) [30ms]
2022-11-05 11:58:25.339 [info] > git config --get commit.template [5ms]
2022-11-05 11:58:25.353 [info] > git for-each-ref --format=%(refname)%00%(upstream:short)%00%(objectname)%00%(upstream:track)%00%(upstream:remotename)%00%(upstream:remoteref) refs/heads/master refs/remotes/master [1ms]
2022-11-05 11:58:25.453 [info] > git status -z -uall [133ms]
2022-11-05 11:58:30.522 [info] > git remote --verbose [16ms]
2022-11-05 11:58:30.523 [info] > git for-each-ref --sort -committerdate --format %(refname) %(objectname) %(*objectname) [25ms]
2022-11-05 11:58:30.526 [info] > git config --get commit.template [5ms]
2022-11-05 11:58:30.537 [info] > git for-each-ref --format=%(refname)%00%(upstream:short)%00%(objectname)%00%(upstream:track)%00%(upstream:remotename)%00%(upstream:remoteref) refs/heads/master refs/remotes/master [1ms]
2022-11-05 11:58:30.632 [info] > git status -z -uall [121ms]
2022-11-05 11:58:35.708 [info] > git remote --verbose [19ms]
2022-11-05 11:58:35.709 [info] > git for-each-ref --sort -committerdate --format %(refname) %(objectname) %(*objectname) [28ms]
2022-11-05 11:58:35.710 [info] > git config --get commit.template [2ms]
2022-11-05 11:58:35.723 [info] > git for-each-ref --format=%(refname)%00%(upstream:short)%00%(objectname)%00%(upstream:track)%00%(upstream:remotename)%00%(upstream:remoteref) refs/heads/master refs/remotes/master [1ms]
2022-11-05 11:58:35.816 [info] > git status -z -uall [122ms]
2022-11-05 11:58:44.897 [info] > git remote --verbose [22ms]
2022-11-05 11:58:44.898 [info] > git for-each-ref --sort -committerdate --format %(refname) %(objectname) %(*objectname) [74ms]
2022-11-05 11:58:44.898 [info] > git config --get commit.template [3ms]
2022-11-05 11:58:44.924 [info] > git for-each-ref --format=%(refname)%00%(upstream:short)%00%(objectname)%00%(upstream:track)%00%(upstream:remotename)%00%(upstream:remoteref) refs/heads/master refs/remotes/master [1ms]
2022-11-05 11:58:45.017 [info] > git status -z -uall [132ms]
2022-11-05 11:58:46.560 [info] > git check-ignore -v -z --stdin [16ms]
2022-11-05 11:58:50.110 [info] > git remote --verbose [17ms]
2022-11-05 11:58:50.111 [info] > git for-each-ref --sort -committerdate --format %(refname) %(objectname) %(*objectname) [44ms]
2022-11-05 11:58:50.113 [info] > git config --get commit.template [5ms]
2022-11-05 11:58:50.124 [info] > git for-each-ref --format=%(refname)%00%(upstream:short)%00%(objectname)%00%(upstream:track)%00%(upstream:remotename)%00%(upstream:remoteref) refs/heads/master refs/remotes/master [1ms]
2022-11-05 11:58:50.262 [info] > git status -z -uall [165ms]
2022-11-05 11:58:55.249 [info] > git check-ignore -v -z --stdin [9ms]
2022-11-05 11:58:55.338 [info] > git remote --verbose [15ms]
2022-11-05 11:58:55.339 [info] > git for-each-ref --sort -committerdate --format %(refname) %(objectname) %(*objectname) [24ms]
2022-11-05 11:58:55.341 [info] > git config --get commit.template [4ms]
2022-11-05 11:58:55.355 [info] > git for-each-ref --format=%(refname)%00%(upstream:short)%00%(objectname)%00%(upstream:track)%00%(upstream:remotename)%00%(upstream:remoteref) refs/heads/master refs/remotes/master [3ms]
2022-11-05 11:58:55.479 [info] > git status -z -uall [152ms]
2022-11-05 11:59:00.566 [info] > git remote --verbose [17ms]
2022-11-05 11:59:00.567 [info] > git for-each-ref --sort -committerdate --format %(refname) %(objectname) %(*objectname) [24ms]
2022-11-05 11:59:00.569 [info] > git config --get commit.template [4ms]
2022-11-05 11:59:00.582 [info] > git for-each-ref --format=%(refname)%00%(upstream:short)%00%(objectname)%00%(upstream:track)%00%(upstream:remotename)%00%(upstream:remoteref) refs/heads/master refs/remotes/master [1ms]
2022-11-05 11:59:00.683 [info] > git status -z -uall [129ms]
2022-11-05 11:59:05.772 [info] > git remote --verbose [17ms]
2022-11-05 11:59:05.773 [info] > git for-each-ref --sort -committerdate --format %(refname) %(objectname) %(*objectname) [24ms]
2022-11-05 11:59:05.775 [info] > git config --get commit.template [6ms]
2022-11-05 11:59:05.782 [info] > git for-each-ref --format=%(refname)%00%(upstream:short)%00%(objectname)%00%(upstream:track)%00%(upstream:remotename)%00%(upstream:remoteref) refs/heads/master refs/remotes/master [1ms]
2022-11-05 11:59:05.874 [info] > git status -z -uall [114ms]
2022-11-05 11:59:10.930 [info] > git remote --verbose [6ms]
2022-11-05 11:59:10.931 [info] > git for-each-ref --sort -committerdate --format %(refname) %(objectname) %(*objectname) [13ms]
2022-11-05 11:59:10.947 [info] > git config --get commit.template [7ms]
2022-11-05 11:59:10.948 [info] > git for-each-ref --format=%(refname)%00%(upstream:short)%00%(objectname)%00%(upstream:track)%00%(upstream:remotename)%00%(upstream:remoteref) refs/heads/master refs/remotes/master [2ms]
2022-11-05 11:59:11.036 [info] > git status -z -uall [108ms]
2022-11-05 11:59:16.092 [info] > git remote --verbose [15ms]
2022-11-05 11:59:16.092 [info] > git for-each-ref --sort -committerdate --format %(refname) %(objectname) %(*objectname) [22ms]
2022-11-05 11:59:16.093 [info] > git config --get commit.template [3ms]
2022-11-05 11:59:16.102 [info] > git for-each-ref --format=%(refname)%00%(upstream:short)%00%(objectname)%00%(upstream:track)%00%(upstream:remotename)%00%(upstream:remoteref) refs/heads/master refs/remotes/master [1ms]
2022-11-05 11:59:16.188 [info] > git status -z -uall [105ms]
2022-11-05 11:59:19.427 [info] > git checkout -q -b master --no-track HEAD [3ms]
2022-11-05 11:59:19.427 [info] fatal: A branch named 'master' already exists.
2022-11-05 11:59:30.823 [info] > git remote --verbose [22ms]
2022-11-05 11:59:30.823 [info] > git for-each-ref --sort -committerdate --format %(refname) %(objectname) %(*objectname) [36ms]
2022-11-05 11:59:30.824 [info] > git config --get commit.template [3ms]
2022-11-05 11:59:30.836 [info] > git for-each-ref --format=%(refname)%00%(upstream:short)%00%(objectname)%00%(upstream:track)%00%(upstream:remotename)%00%(upstream:remoteref) refs/heads/master refs/remotes/master [1ms]
2022-11-05 11:59:30.931 [info] > git status -z -uall [124ms]
2022-11-05 11:59:35.987 [info] > git remote --verbose [9ms]
2022-11-05 11:59:35.988 [info] > git for-each-ref --sort -committerdate --format %(refname) %(objectname) %(*objectname) [17ms]
2022-11-05 11:59:36.020 [info] > git for-each-ref --format=%(refname)%00%(upstream:short)%00%(objectname)%00%(upstream:track)%00%(upstream:remotename)%00%(upstream:remoteref) refs/heads/master refs/remotes/master [1ms]
2022-11-05 11:59:36.021 [info] > git config --get commit.template [14ms]
2022-11-05 11:59:36.121 [info] > git status -z -uall [139ms]
2022-11-05 11:59:41.171 [info] > git remote --verbose [8ms]
2022-11-05 11:59:41.172 [info] > git for-each-ref --sort -committerdate --format %(refname) %(objectname) %(*objectname) [18ms]
2022-11-05 11:59:41.205 [info] > git config --get commit.template [25ms]
2022-11-05 11:59:41.206 [info] > git for-each-ref --format=%(refname)%00%(upstream:short)%00%(objectname)%00%(upstream:track)%00%(upstream:remotename)%00%(upstream:remoteref) refs/heads/master refs/remotes/master [2ms]
2022-11-05 11:59:41.275 [info] > git status -z -uall [107ms]
