[2022-10-14T22:53:30.479Z] Nível de log: Info
[2022-10-14T22:53:30.487Z] [info] Validando git localizado em: git
[2022-10-14T22:53:30.575Z] [info] Usando git 2.25.1 de git
[2022-10-14T22:53:30.602Z] > git rev-parse --show-toplevel [9ms]
[2022-10-14T22:53:30.619Z] > git rev-parse --git-dir --git-common-dir [2ms]
[2022-10-14T22:53:30.634Z] [info] Open repository: /home/senac/meu-app-react
[2022-10-14T22:53:30.714Z] > git status -z -uall [49ms]
[2022-10-14T22:53:30.726Z] > git symbolic-ref --short HEAD [2ms]
[2022-10-14T22:53:30.733Z] > git rev-parse --show-toplevel [53ms]
[2022-10-14T22:53:30.750Z] > git rev-parse --show-toplevel [2ms]
[2022-10-14T22:53:30.762Z] > git for-each-ref --format=%(refname)%00%(upstream:short)%00%(objectname)%00%(upstream:track)%00%(upstream:remotename)%00%(upstream:remoteref) refs/heads/master refs/remotes/master [30ms]
[2022-10-14T22:53:30.785Z] > git remote --verbose [4ms]
[2022-10-14T22:53:30.794Z] > git for-each-ref --sort -committerdate --format %(refname) %(objectname) %(*objectname) [25ms]
[2022-10-14T22:53:30.802Z] > git rev-parse --show-toplevel [41ms]
[2022-10-14T22:53:30.842Z] > git config --get commit.template [14ms]
[2022-10-14T22:53:30.865Z] > git status -z -uall [8ms]
[2022-10-14T22:53:30.875Z] > git symbolic-ref --short HEAD [1ms]
[2022-10-14T22:53:30.890Z] > git for-each-ref --format=%(refname)%00%(upstream:short)%00%(objectname)%00%(upstream:track)%00%(upstream:remotename)%00%(upstream:remoteref) refs/heads/master refs/remotes/master [4ms]
[2022-10-14T22:53:30.920Z] > git remote --verbose [7ms]
[2022-10-14T22:53:30.921Z] > git for-each-ref --sort -committerdate --format %(refname) %(objectname) %(*objectname) [19ms]
[2022-10-14T22:53:30.956Z] > git config --get commit.template [22ms]
[2022-10-14T22:53:31.006Z] > git fetch [351ms]
[2022-10-14T22:53:31.052Z] > git status -z -uall [20ms]
[2022-10-14T22:53:31.067Z] > git symbolic-ref --short HEAD [4ms]
[2022-10-14T22:53:31.087Z] > git for-each-ref --format=%(refname)%00%(upstream:short)%00%(objectname)%00%(upstream:track)%00%(upstream:remotename)%00%(upstream:remoteref) refs/heads/master refs/remotes/master [4ms]
[2022-10-14T22:53:31.127Z] > git remote --verbose [9ms]
[2022-10-14T22:53:31.128Z] > git for-each-ref --sort -committerdate --format %(refname) %(objectname) %(*objectname) [20ms]
[2022-10-14T22:53:31.143Z] > git config --get commit.template [1ms]
[2022-10-14T22:53:31.200Z] > git check-ignore -v -z --stdin [1ms]
[2022-10-14T22:53:31.385Z] > git show --textconv :src/routes/root.jsx [37ms]
[2022-10-14T22:53:31.386Z] > git ls-files --stage -- /home/senac/meu-app-react/src/routes/root.jsx [20ms]
[2022-10-14T22:53:32.283Z] > git status -z -uall [11ms]
[2022-10-14T22:53:32.329Z] > git symbolic-ref --short HEAD [27ms]
[2022-10-14T22:53:32.339Z] > git for-each-ref --format=%(refname)%00%(upstream:short)%00%(objectname)%00%(upstream:track)%00%(upstream:remotename)%00%(upstream:remoteref) refs/heads/master refs/remotes/master [4ms]
[2022-10-14T22:53:32.372Z] > git for-each-ref --sort -committerdate --format %(refname) %(objectname) %(*objectname) [24ms]
[2022-10-14T22:53:32.374Z] > git remote --verbose [17ms]
[2022-10-14T22:53:32.399Z] > git config --get commit.template [11ms]
[2022-10-14T22:53:32.414Z] > git ls-files --stage -- /home/senac/meu-app-react/src/routes/root.jsx [15ms]
[2022-10-14T22:53:32.434Z] > git show --textconv :src/routes/root.jsx [2ms]
[2022-10-14T22:55:09.171Z] > git show --textconv :src/index.js [13ms]
[2022-10-14T22:55:09.174Z] > git ls-files --stage -- /home/senac/meu-app-react/src/index.js [4ms]
[2022-10-14T22:55:09.191Z] > git cat-file -s d563c0fb10ba0e42724b21286eb546ee4e5734fc [3ms]
[2022-10-14T22:55:19.611Z] > git show --textconv :src/routes/root.jsx [8ms]
[2022-10-14T22:55:19.611Z] > git ls-files --stage -- /home/senac/meu-app-react/src/routes/root.jsx [1ms]
[2022-10-14T22:55:36.946Z] > git show --textconv :src/index.js [8ms]
[2022-10-14T22:55:36.947Z] > git ls-files --stage -- /home/senac/meu-app-react/src/index.js [1ms]
[2022-10-14T22:55:36.955Z] > git cat-file -s d563c0fb10ba0e42724b21286eb546ee4e5734fc [2ms]
[2022-10-14T22:56:03.913Z] > git show --textconv :src/routes/root.jsx [7ms]
[2022-10-14T22:56:03.914Z] > git ls-files --stage -- /home/senac/meu-app-react/src/routes/root.jsx [1ms]
[2022-10-14T22:56:14.563Z] > git show --textconv :src/index.js [8ms]
[2022-10-14T22:56:14.563Z] > git ls-files --stage -- /home/senac/meu-app-react/src/index.js [1ms]
[2022-10-14T22:56:14.569Z] > git cat-file -s d563c0fb10ba0e42724b21286eb546ee4e5734fc [1ms]
[2022-10-14T22:56:21.285Z] > git show --textconv :src/routes/root.jsx [6ms]
[2022-10-14T22:56:21.285Z] > git ls-files --stage -- /home/senac/meu-app-react/src/routes/root.jsx [1ms]
[2022-10-14T22:56:31.453Z] > git fetch [301ms]
[2022-10-14T22:56:31.460Z] > git status -z -uall [1ms]
[2022-10-14T22:56:31.465Z] > git symbolic-ref --short HEAD [0ms]
[2022-10-14T22:56:31.472Z] > git for-each-ref --format=%(refname)%00%(upstream:short)%00%(objectname)%00%(upstream:track)%00%(upstream:remotename)%00%(upstream:remoteref) refs/heads/master refs/remotes/master [1ms]
[2022-10-14T22:56:31.482Z] > git remote --verbose [1ms]
[2022-10-14T22:56:31.482Z] > git for-each-ref --sort -committerdate --format %(refname) %(objectname) %(*objectname) [6ms]
[2022-10-14T22:56:31.490Z] > git config --get commit.template [1ms]
[2022-10-14T22:56:32.550Z] > git status -z -uall [2ms]
[2022-10-14T22:56:32.557Z] > git symbolic-ref --short HEAD [0ms]
[2022-10-14T22:56:32.563Z] > git for-each-ref --format=%(refname)%00%(upstream:short)%00%(objectname)%00%(upstream:track)%00%(upstream:remotename)%00%(upstream:remoteref) refs/heads/master refs/remotes/master [1ms]
[2022-10-14T22:56:32.577Z] > git remote --verbose [1ms]
[2022-10-14T22:56:32.577Z] > git for-each-ref --sort -committerdate --format %(refname) %(objectname) %(*objectname) [9ms]
[2022-10-14T22:56:32.586Z] > git config --get commit.template [1ms]
[2022-10-14T22:56:32.658Z] > git ls-files --stage -- /home/senac/meu-app-react/src/routes/root.jsx [0ms]
[2022-10-14T22:56:32.669Z] > git show --textconv :src/routes/root.jsx [1ms]
[2022-10-14T22:56:33.113Z] > git check-ignore -v -z --stdin [1ms]
[2022-10-14T22:57:13.138Z] > git show --textconv :src/components/PageLayout.jsx [5ms]
[2022-10-14T22:57:13.138Z] > git ls-files --stage -- /home/senac/meu-app-react/src/components/PageLayout.jsx [1ms]
[2022-10-14T22:57:13.386Z] > git check-ignore -v -z --stdin [1ms]
[2022-10-14T22:57:13.957Z] > git status -z -uall [2ms]
[2022-10-14T22:57:13.963Z] > git symbolic-ref --short HEAD [1ms]
[2022-10-14T22:57:13.969Z] > git for-each-ref --format=%(refname)%00%(upstream:short)%00%(objectname)%00%(upstream:track)%00%(upstream:remotename)%00%(upstream:remoteref) refs/heads/master refs/remotes/master [1ms]
[2022-10-14T22:57:13.981Z] > git remote --verbose [0ms]
[2022-10-14T22:57:13.981Z] > git for-each-ref --sort -committerdate --format %(refname) %(objectname) %(*objectname) [6ms]
[2022-10-14T22:57:13.989Z] > git config --get commit.template [0ms]
[2022-10-14T22:57:46.663Z] > git show --textconv :src/components/PageLayout.jsx [6ms]
[2022-10-14T22:57:46.663Z] > git ls-files --stage -- /home/senac/meu-app-react/src/components/PageLayout.jsx [1ms]
[2022-10-14T22:59:02.149Z] > git status -z -uall [1ms]
[2022-10-14T22:59:02.157Z] > git symbolic-ref --short HEAD [1ms]
[2022-10-14T22:59:02.164Z] > git for-each-ref --format=%(refname)%00%(upstream:short)%00%(objectname)%00%(upstream:track)%00%(upstream:remotename)%00%(upstream:remoteref) refs/heads/master refs/remotes/master [1ms]
[2022-10-14T22:59:02.179Z] > git remote --verbose [1ms]
[2022-10-14T22:59:02.179Z] > git for-each-ref --sort -committerdate --format %(refname) %(objectname) %(*objectname) [8ms]
[2022-10-14T22:59:02.190Z] > git config --get commit.template [1ms]
[2022-10-14T22:59:31.871Z] > git fetch [374ms]
[2022-10-14T22:59:31.878Z] > git status -z -uall [1ms]
[2022-10-14T22:59:31.884Z] > git symbolic-ref --short HEAD [0ms]
[2022-10-14T22:59:31.892Z] > git for-each-ref --format=%(refname)%00%(upstream:short)%00%(objectname)%00%(upstream:track)%00%(upstream:remotename)%00%(upstream:remoteref) refs/heads/master refs/remotes/master [1ms]
[2022-10-14T22:59:31.903Z] > git remote --verbose [2ms]
[2022-10-14T22:59:31.903Z] > git for-each-ref --sort -committerdate --format %(refname) %(objectname) %(*objectname) [6ms]
[2022-10-14T22:59:31.914Z] > git config --get commit.template [1ms]
[2022-10-14T22:59:32.936Z] > git status -z -uall [0ms]
[2022-10-14T22:59:32.945Z] > git symbolic-ref --short HEAD [1ms]
[2022-10-14T22:59:32.953Z] > git for-each-ref --format=%(refname)%00%(upstream:short)%00%(objectname)%00%(upstream:track)%00%(upstream:remotename)%00%(upstream:remoteref) refs/heads/master refs/remotes/master [2ms]
[2022-10-14T22:59:32.963Z] > git remote --verbose [1ms]
[2022-10-14T22:59:32.964Z] > git for-each-ref --sort -committerdate --format %(refname) %(objectname) %(*objectname) [7ms]
[2022-10-14T22:59:32.976Z] > git config --get commit.template [0ms]
[2022-10-14T22:59:33.044Z] > git ls-files --stage -- /home/senac/meu-app-react/src/components/PageLayout.jsx [0ms]
[2022-10-14T22:59:33.076Z] > git show --textconv :src/components/PageLayout.jsx [1ms]
[2022-10-14T22:59:39.024Z] > git status -z -uall [2ms]
[2022-10-14T22:59:39.031Z] > git symbolic-ref --short HEAD [1ms]
[2022-10-14T22:59:39.037Z] > git for-each-ref --format=%(refname)%00%(upstream:short)%00%(objectname)%00%(upstream:track)%00%(upstream:remotename)%00%(upstream:remoteref) refs/heads/master refs/remotes/master [0ms]
[2022-10-14T22:59:39.048Z] > git remote --verbose [1ms]
[2022-10-14T22:59:39.048Z] > git for-each-ref --sort -committerdate --format %(refname) %(objectname) %(*objectname) [6ms]
[2022-10-14T22:59:39.056Z] > git config --get commit.template [1ms]
[2022-10-14T22:59:40.862Z] > git show --textconv :src/routes/root.jsx [5ms]
[2022-10-14T22:59:40.862Z] > git ls-files --stage -- /home/senac/meu-app-react/src/routes/root.jsx [0ms]
[2022-10-14T23:00:44.787Z] > git status -z -uall [1ms]
[2022-10-14T23:00:44.794Z] > git symbolic-ref --short HEAD [0ms]
[2022-10-14T23:00:44.802Z] > git for-each-ref --format=%(refname)%00%(upstream:short)%00%(objectname)%00%(upstream:track)%00%(upstream:remotename)%00%(upstream:remoteref) refs/heads/master refs/remotes/master [1ms]
[2022-10-14T23:00:44.813Z] > git remote --verbose [1ms]
[2022-10-14T23:00:44.813Z] > git for-each-ref --sort -committerdate --format %(refname) %(objectname) %(*objectname) [6ms]
[2022-10-14T23:00:44.820Z] > git config --get commit.template [0ms]
[2022-10-14T23:02:11.735Z] > git show --textconv :src/components/PageLayout.jsx [11ms]
[2022-10-14T23:02:11.736Z] > git ls-files --stage -- /home/senac/meu-app-react/src/components/PageLayout.jsx [4ms]
[2022-10-14T23:02:22.337Z] > git status -z -uall [2ms]
[2022-10-14T23:02:22.344Z] > git symbolic-ref --short HEAD [1ms]
[2022-10-14T23:02:22.353Z] > git for-each-ref --format=%(refname)%00%(upstream:short)%00%(objectname)%00%(upstream:track)%00%(upstream:remotename)%00%(upstream:remoteref) refs/heads/master refs/remotes/master [1ms]
[2022-10-14T23:02:22.368Z] > git remote --verbose [2ms]
[2022-10-14T23:02:22.368Z] > git for-each-ref --sort -committerdate --format %(refname) %(objectname) %(*objectname) [8ms]
[2022-10-14T23:02:22.395Z] > git show --textconv :src/routes/root.jsx [10ms]
[2022-10-14T23:02:22.395Z] > git ls-files --stage -- /home/senac/meu-app-react/src/routes/root.jsx [1ms]
[2022-10-14T23:02:22.395Z] > git config --get commit.template [19ms]
[2022-10-14T23:02:32.241Z] > git fetch [316ms]
[2022-10-14T23:02:32.249Z] > git status -z -uall [1ms]
[2022-10-14T23:02:32.255Z] > git symbolic-ref --short HEAD [1ms]
[2022-10-14T23:02:32.262Z] > git for-each-ref --format=%(refname)%00%(upstream:short)%00%(objectname)%00%(upstream:track)%00%(upstream:remotename)%00%(upstream:remoteref) refs/heads/master refs/remotes/master [1ms]
[2022-10-14T23:02:32.274Z] > git remote --verbose [1ms]
[2022-10-14T23:02:32.274Z] > git for-each-ref --sort -committerdate --format %(refname) %(objectname) %(*objectname) [6ms]
[2022-10-14T23:02:32.282Z] > git config --get commit.template [1ms]
[2022-10-14T23:02:33.309Z] > git status -z -uall [2ms]
[2022-10-14T23:02:33.320Z] > git symbolic-ref --short HEAD [5ms]
[2022-10-14T23:02:33.326Z] > git for-each-ref --format=%(refname)%00%(upstream:short)%00%(objectname)%00%(upstream:track)%00%(upstream:remotename)%00%(upstream:remoteref) refs/heads/master refs/remotes/master [1ms]
[2022-10-14T23:02:33.337Z] > git remote --verbose [1ms]
[2022-10-14T23:02:33.337Z] > git for-each-ref --sort -committerdate --format %(refname) %(objectname) %(*objectname) [7ms]
[2022-10-14T23:02:33.346Z] > git config --get commit.template [1ms]
[2022-10-14T23:02:33.444Z] > git ls-files --stage -- /home/senac/meu-app-react/src/routes/root.jsx [2ms]
[2022-10-14T23:02:33.460Z] > git show --textconv :src/routes/root.jsx [0ms]
[2022-10-14T23:02:51.961Z] > git show --textconv :src/index.js [7ms]
[2022-10-14T23:02:51.961Z] > git ls-files --stage -- /home/senac/meu-app-react/src/index.js [1ms]
[2022-10-14T23:02:51.970Z] > git cat-file -s d563c0fb10ba0e42724b21286eb546ee4e5734fc [2ms]
[2022-10-14T23:04:40.583Z] > git status -z -uall [1ms]
[2022-10-14T23:04:40.590Z] > git symbolic-ref --short HEAD [1ms]
[2022-10-14T23:04:40.597Z] > git for-each-ref --format=%(refname)%00%(upstream:short)%00%(objectname)%00%(upstream:track)%00%(upstream:remotename)%00%(upstream:remoteref) refs/heads/master refs/remotes/master [1ms]
[2022-10-14T23:04:40.607Z] > git remote --verbose [1ms]
[2022-10-14T23:04:40.607Z] > git for-each-ref --sort -committerdate --format %(refname) %(objectname) %(*objectname) [5ms]
[2022-10-14T23:04:40.615Z] > git config --get commit.template [0ms]
[2022-10-14T23:05:07.840Z] > git show --textconv :src/routes/root.jsx [6ms]
[2022-10-14T23:05:07.840Z] > git ls-files --stage -- /home/senac/meu-app-react/src/routes/root.jsx [1ms]
[2022-10-14T23:05:32.611Z] > git fetch [318ms]
[2022-10-14T23:05:32.619Z] > git status -z -uall [1ms]
[2022-10-14T23:05:32.626Z] > git symbolic-ref --short HEAD [1ms]
[2022-10-14T23:05:32.635Z] > git for-each-ref --format=%(refname)%00%(upstream:short)%00%(objectname)%00%(upstream:track)%00%(upstream:remotename)%00%(upstream:remoteref) refs/heads/master refs/remotes/master [1ms]
[2022-10-14T23:05:32.648Z] > git remote --verbose [0ms]
[2022-10-14T23:05:32.649Z] > git for-each-ref --sort -committerdate --format %(refname) %(objectname) %(*objectname) [9ms]
[2022-10-14T23:05:32.655Z] > git config --get commit.template [0ms]
[2022-10-14T23:05:33.721Z] > git status -z -uall [1ms]
[2022-10-14T23:05:33.730Z] > git symbolic-ref --short HEAD [1ms]
[2022-10-14T23:05:33.737Z] > git for-each-ref --format=%(refname)%00%(upstream:short)%00%(objectname)%00%(upstream:track)%00%(upstream:remotename)%00%(upstream:remoteref) refs/heads/master refs/remotes/master [1ms]
[2022-10-14T23:05:33.748Z] > git remote --verbose [1ms]
[2022-10-14T23:05:33.749Z] > git for-each-ref --sort -committerdate --format %(refname) %(objectname) %(*objectname) [7ms]
[2022-10-14T23:05:33.760Z] > git config --get commit.template [2ms]
[2022-10-14T23:05:33.822Z] > git ls-files --stage -- /home/senac/meu-app-react/src/routes/root.jsx [0ms]
[2022-10-14T23:05:33.834Z] > git show --textconv :src/routes/root.jsx [0ms]
[2022-10-14T23:07:05.941Z] > git status -z -uall [2ms]
[2022-10-14T23:07:05.949Z] > git symbolic-ref --short HEAD [1ms]
[2022-10-14T23:07:05.957Z] > git for-each-ref --format=%(refname)%00%(upstream:short)%00%(objectname)%00%(upstream:track)%00%(upstream:remotename)%00%(upstream:remoteref) refs/heads/master refs/remotes/master [1ms]
[2022-10-14T23:07:05.970Z] > git remote --verbose [1ms]
[2022-10-14T23:07:05.970Z] > git for-each-ref --sort -committerdate --format %(refname) %(objectname) %(*objectname) [6ms]
[2022-10-14T23:07:05.980Z] > git config --get commit.template [1ms]
[2022-10-14T23:08:33.023Z] > git fetch [357ms]
[2022-10-14T23:08:33.032Z] > git status -z -uall [2ms]
[2022-10-14T23:08:33.037Z] > git symbolic-ref --short HEAD [0ms]
[2022-10-14T23:08:33.044Z] > git for-each-ref --format=%(refname)%00%(upstream:short)%00%(objectname)%00%(upstream:track)%00%(upstream:remotename)%00%(upstream:remoteref) refs/heads/master refs/remotes/master [0ms]
[2022-10-14T23:08:33.056Z] > git remote --verbose [1ms]
[2022-10-14T23:08:33.056Z] > git for-each-ref --sort -committerdate --format %(refname) %(objectname) %(*objectname) [7ms]
[2022-10-14T23:08:33.064Z] > git config --get commit.template [0ms]
[2022-10-14T23:08:34.088Z] > git status -z -uall [2ms]
[2022-10-14T23:08:34.095Z] > git symbolic-ref --short HEAD [0ms]
[2022-10-14T23:08:34.101Z] > git for-each-ref --format=%(refname)%00%(upstream:short)%00%(objectname)%00%(upstream:track)%00%(upstream:remotename)%00%(upstream:remoteref) refs/heads/master refs/remotes/master [1ms]
[2022-10-14T23:08:34.112Z] > git remote --verbose [1ms]
[2022-10-14T23:08:34.112Z] > git for-each-ref --sort -committerdate --format %(refname) %(objectname) %(*objectname) [5ms]
[2022-10-14T23:08:34.120Z] > git config --get commit.template [0ms]
[2022-10-14T23:08:34.197Z] > git ls-files --stage -- /home/senac/meu-app-react/src/routes/root.jsx [1ms]
[2022-10-14T23:08:34.209Z] > git show --textconv :src/routes/root.jsx [0ms]
[2022-10-14T23:10:52.364Z] > git status -z -uall [2ms]
[2022-10-14T23:10:52.378Z] > git symbolic-ref --short HEAD [1ms]
[2022-10-14T23:10:52.387Z] > git for-each-ref --format=%(refname)%00%(upstream:short)%00%(objectname)%00%(upstream:track)%00%(upstream:remotename)%00%(upstream:remoteref) refs/heads/master refs/remotes/master [2ms]
[2022-10-14T23:10:52.401Z] > git remote --verbose [1ms]
[2022-10-14T23:10:52.401Z] > git for-each-ref --sort -committerdate --format %(refname) %(objectname) %(*objectname) [7ms]
[2022-10-14T23:10:52.411Z] > git config --get commit.template [0ms]
[2022-10-14T23:11:12.532Z] > git status -z -uall [2ms]
[2022-10-14T23:11:12.539Z] > git symbolic-ref --short HEAD [0ms]
[2022-10-14T23:11:12.546Z] > git for-each-ref --format=%(refname)%00%(upstream:short)%00%(objectname)%00%(upstream:track)%00%(upstream:remotename)%00%(upstream:remoteref) refs/heads/master refs/remotes/master [1ms]
[2022-10-14T23:11:12.557Z] > git remote --verbose [2ms]
[2022-10-14T23:11:12.557Z] > git for-each-ref --sort -committerdate --format %(refname) %(objectname) %(*objectname) [7ms]
[2022-10-14T23:11:12.566Z] > git config --get commit.template [1ms]
[2022-10-14T23:11:25.311Z] > git show --textconv :src/index.js [9ms]
[2022-10-14T23:11:25.311Z] > git ls-files --stage -- /home/senac/meu-app-react/src/index.js [1ms]
[2022-10-14T23:11:25.319Z] > git cat-file -s d563c0fb10ba0e42724b21286eb546ee4e5734fc [2ms]
[2022-10-14T23:11:33.393Z] > git fetch [316ms]
[2022-10-14T23:11:33.400Z] > git status -z -uall [1ms]
[2022-10-14T23:11:33.412Z] > git symbolic-ref --short HEAD [5ms]
[2022-10-14T23:11:33.420Z] > git for-each-ref --format=%(refname)%00%(upstream:short)%00%(objectname)%00%(upstream:track)%00%(upstream:remotename)%00%(upstream:remoteref) refs/heads/master refs/remotes/master [1ms]
[2022-10-14T23:11:33.436Z] > git remote --verbose [2ms]
[2022-10-14T23:11:33.436Z] > git for-each-ref --sort -committerdate --format %(refname) %(objectname) %(*objectname) [10ms]
[2022-10-14T23:11:33.452Z] > git config --get commit.template [2ms]
[2022-10-14T23:11:34.465Z] > git status -z -uall [1ms]
[2022-10-14T23:11:34.475Z] > git symbolic-ref --short HEAD [1ms]
[2022-10-14T23:11:34.481Z] > git for-each-ref --format=%(refname)%00%(upstream:short)%00%(objectname)%00%(upstream:track)%00%(upstream:remotename)%00%(upstream:remoteref) refs/heads/master refs/remotes/master [1ms]
[2022-10-14T23:11:34.492Z] > git remote --verbose [1ms]
[2022-10-14T23:11:34.492Z] > git for-each-ref --sort -committerdate --format %(refname) %(objectname) %(*objectname) [6ms]
[2022-10-14T23:11:34.502Z] > git config --get commit.template [1ms]
[2022-10-14T23:11:34.575Z] > git ls-files --stage -- /home/senac/meu-app-react/src/index.js [1ms]
[2022-10-14T23:11:34.582Z] > git cat-file -s d563c0fb10ba0e42724b21286eb546ee4e5734fc [1ms]
[2022-10-14T23:11:34.599Z] > git show --textconv :src/index.js [4ms]
[2022-10-14T23:11:51.693Z] > git status -z -uall [2ms]
[2022-10-14T23:11:51.699Z] > git symbolic-ref --short HEAD [1ms]
[2022-10-14T23:11:51.707Z] > git for-each-ref --format=%(refname)%00%(upstream:short)%00%(objectname)%00%(upstream:track)%00%(upstream:remotename)%00%(upstream:remoteref) refs/heads/master refs/remotes/master [1ms]
[2022-10-14T23:11:51.719Z] > git remote --verbose [1ms]
[2022-10-14T23:11:51.719Z] > git for-each-ref --sort -committerdate --format %(refname) %(objectname) %(*objectname) [7ms]
[2022-10-14T23:11:51.729Z] > git config --get commit.template [1ms]
[2022-10-14T23:11:53.492Z] > git show --textconv :src/routes/root.jsx [6ms]
[2022-10-14T23:11:53.493Z] > git ls-files --stage -- /home/senac/meu-app-react/src/routes/root.jsx [1ms]
[2022-10-14T23:13:49.452Z] > git status -z -uall [1ms]
[2022-10-14T23:13:49.465Z] > git symbolic-ref --short HEAD [1ms]
[2022-10-14T23:13:49.475Z] > git for-each-ref --format=%(refname)%00%(upstream:short)%00%(objectname)%00%(upstream:track)%00%(upstream:remotename)%00%(upstream:remoteref) refs/heads/master refs/remotes/master [1ms]
[2022-10-14T23:13:49.488Z] > git remote --verbose [1ms]
[2022-10-14T23:13:49.489Z] > git for-each-ref --sort -committerdate --format %(refname) %(objectname) %(*objectname) [8ms]
[2022-10-14T23:13:49.496Z] > git config --get commit.template [0ms]
[2022-10-14T23:14:11.783Z] > git show --textconv :src/components/PageLayout.jsx [9ms]
[2022-10-14T23:14:11.783Z] > git ls-files --stage -- /home/senac/meu-app-react/src/components/PageLayout.jsx [2ms]
[2022-10-14T23:14:34.362Z] > git fetch [898ms]
[2022-10-14T23:14:34.370Z] > git status -z -uall [1ms]
[2022-10-14T23:14:34.376Z] > git symbolic-ref --short HEAD [1ms]
[2022-10-14T23:14:34.384Z] > git for-each-ref --format=%(refname)%00%(upstream:short)%00%(objectname)%00%(upstream:track)%00%(upstream:remotename)%00%(upstream:remoteref) refs/heads/master refs/remotes/master [1ms]
[2022-10-14T23:14:34.396Z] > git remote --verbose [1ms]
[2022-10-14T23:14:34.396Z] > git for-each-ref --sort -committerdate --format %(refname) %(objectname) %(*objectname) [7ms]
[2022-10-14T23:14:34.403Z] > git config --get commit.template [0ms]
[2022-10-14T23:14:35.428Z] > git status -z -uall [2ms]
[2022-10-14T23:14:35.435Z] > git symbolic-ref --short HEAD [1ms]
[2022-10-14T23:14:35.441Z] > git for-each-ref --format=%(refname)%00%(upstream:short)%00%(objectname)%00%(upstream:track)%00%(upstream:remotename)%00%(upstream:remoteref) refs/heads/master refs/remotes/master [1ms]
[2022-10-14T23:14:35.451Z] > git remote --verbose [0ms]
[2022-10-14T23:14:35.452Z] > git for-each-ref --sort -committerdate --format %(refname) %(objectname) %(*objectname) [6ms]
[2022-10-14T23:14:35.459Z] > git config --get commit.template [0ms]
[2022-10-14T23:14:35.561Z] > git ls-files --stage -- /home/senac/meu-app-react/src/components/PageLayout.jsx [0ms]
[2022-10-14T23:14:35.573Z] > git show --textconv :src/components/PageLayout.jsx [0ms]
[2022-10-14T23:15:46.574Z] > git show --textconv :src/App.js [8ms]
[2022-10-14T23:15:46.574Z] > git ls-files --stage -- /home/senac/meu-app-react/src/App.js [1ms]
[2022-10-14T23:15:46.585Z] > git cat-file -s 6a0ffaca6bac1288d1ee4f618ef264bcb61893e1 [0ms]
[2022-10-14T23:16:05.338Z] > git show --textconv :src/routes/root.jsx [6ms]
[2022-10-14T23:16:05.338Z] > git ls-files --stage -- /home/senac/meu-app-react/src/routes/root.jsx [0ms]
[2022-10-14T23:16:11.275Z] > git show --textconv :src/index.js [6ms]
[2022-10-14T23:16:11.276Z] > git ls-files --stage -- /home/senac/meu-app-react/src/index.js [1ms]
[2022-10-14T23:16:11.285Z] > git cat-file -s d563c0fb10ba0e42724b21286eb546ee4e5734fc [2ms]
[2022-10-14T23:16:12.858Z] > git show --textconv :src/components/PageLayout.jsx [8ms]
[2022-10-14T23:16:12.859Z] > git ls-files --stage -- /home/senac/meu-app-react/src/components/PageLayout.jsx [1ms]
[2022-10-14T23:16:14.288Z] > git show --textconv :src/App.js [6ms]
[2022-10-14T23:16:14.288Z] > git ls-files --stage -- /home/senac/meu-app-react/src/App.js [0ms]
[2022-10-14T23:16:14.295Z] > git cat-file -s 6a0ffaca6bac1288d1ee4f618ef264bcb61893e1 [1ms]
[2022-10-14T23:16:16.983Z] > git show --textconv :src/index.js [5ms]
[2022-10-14T23:16:16.984Z] > git ls-files --stage -- /home/senac/meu-app-react/src/index.js [0ms]
[2022-10-14T23:16:16.990Z] > git cat-file -s d563c0fb10ba0e42724b21286eb546ee4e5734fc [1ms]
[2022-10-14T23:16:29.861Z] > git show --textconv :src/routes/root.jsx [7ms]
[2022-10-14T23:16:29.861Z] > git ls-files --stage -- /home/senac/meu-app-react/src/routes/root.jsx [1ms]
[2022-10-14T23:16:41.272Z] > git status -z -uall [1ms]
[2022-10-14T23:16:41.278Z] > git symbolic-ref --short HEAD [0ms]
[2022-10-14T23:16:41.288Z] > git for-each-ref --format=%(refname)%00%(upstream:short)%00%(objectname)%00%(upstream:track)%00%(upstream:remotename)%00%(upstream:remoteref) refs/heads/master refs/remotes/master [1ms]
[2022-10-14T23:16:41.300Z] > git remote --verbose [1ms]
[2022-10-14T23:16:41.300Z] > git for-each-ref --sort -committerdate --format %(refname) %(objectname) %(*objectname) [7ms]
[2022-10-14T23:16:41.311Z] > git config --get commit.template [1ms]
[2022-10-14T23:16:42.082Z] > git show --textconv :src/index.js [5ms]
[2022-10-14T23:16:42.083Z] > git ls-files --stage -- /home/senac/meu-app-react/src/index.js [1ms]
[2022-10-14T23:16:42.089Z] > git cat-file -s d563c0fb10ba0e42724b21286eb546ee4e5734fc [1ms]
[2022-10-14T23:16:43.922Z] > git show --textconv :src/App.js [6ms]
[2022-10-14T23:16:43.922Z] > git ls-files --stage -- /home/senac/meu-app-react/src/App.js [1ms]
[2022-10-14T23:16:43.929Z] > git cat-file -s 6a0ffaca6bac1288d1ee4f618ef264bcb61893e1 [0ms]
[2022-10-14T23:16:44.685Z] > git show --textconv :src/index.js [12ms]
[2022-10-14T23:16:44.687Z] > git ls-files --stage -- /home/senac/meu-app-react/src/index.js [6ms]
[2022-10-14T23:16:44.694Z] > git cat-file -s d563c0fb10ba0e42724b21286eb546ee4e5734fc [1ms]
[2022-10-14T23:17:02.435Z] > git show --textconv :src/components/PageLayout.jsx [7ms]
[2022-10-14T23:17:02.435Z] > git ls-files --stage -- /home/senac/meu-app-react/src/components/PageLayout.jsx [1ms]
[2022-10-14T23:17:34.793Z] > git fetch [377ms]
[2022-10-14T23:17:34.800Z] > git status -z -uall [1ms]
[2022-10-14T23:17:34.806Z] > git symbolic-ref --short HEAD [0ms]
[2022-10-14T23:17:34.814Z] > git for-each-ref --format=%(refname)%00%(upstream:short)%00%(objectname)%00%(upstream:track)%00%(upstream:remotename)%00%(upstream:remoteref) refs/heads/master refs/remotes/master [0ms]
[2022-10-14T23:17:34.825Z] > git remote --verbose [1ms]
[2022-10-14T23:17:34.825Z] > git for-each-ref --sort -committerdate --format %(refname) %(objectname) %(*objectname) [6ms]
[2022-10-14T23:17:34.831Z] > git config --get commit.template [0ms]
[2022-10-14T23:17:35.854Z] > git status -z -uall [2ms]
[2022-10-14T23:17:35.861Z] > git symbolic-ref --short HEAD [0ms]
[2022-10-14T23:17:35.868Z] > git for-each-ref --format=%(refname)%00%(upstream:short)%00%(objectname)%00%(upstream:track)%00%(upstream:remotename)%00%(upstream:remoteref) refs/heads/master refs/remotes/master [1ms]
[2022-10-14T23:17:35.878Z] > git remote --verbose [1ms]
[2022-10-14T23:17:35.879Z] > git for-each-ref --sort -committerdate --format %(refname) %(objectname) %(*objectname) [6ms]
[2022-10-14T23:17:35.886Z] > git config --get commit.template [0ms]
[2022-10-14T23:17:35.986Z] > git ls-files --stage -- /home/senac/meu-app-react/src/components/PageLayout.jsx [2ms]
[2022-10-14T23:17:36.048Z] > git show --textconv :src/components/PageLayout.jsx [1ms]
[2022-10-14T23:43:32.514Z] > git fetch [1031ms]
[2022-10-14T23:43:32.514Z] From https://github.com/faustort/meu-app-react
   aa73415..7808754  master     -> origin/master
[2022-10-14T23:43:32.525Z] > git status -z -uall [1ms]
[2022-10-14T23:43:32.547Z] > git symbolic-ref --short HEAD [1ms]
[2022-10-14T23:43:32.570Z] > git for-each-ref --format=%(refname)%00%(upstream:short)%00%(objectname)%00%(upstream:track)%00%(upstream:remotename)%00%(upstream:remoteref) refs/heads/master refs/remotes/master [1ms]
[2022-10-14T23:43:32.598Z] > git remote --verbose [3ms]
[2022-10-14T23:43:32.599Z] > git for-each-ref --sort -committerdate --format %(refname) %(objectname) %(*objectname) [17ms]
[2022-10-14T23:43:32.623Z] > git config --get commit.template [1ms]
[2022-10-14T23:43:33.690Z] > git status -z -uall [2ms]
[2022-10-14T23:43:33.696Z] > git symbolic-ref --short HEAD [0ms]
[2022-10-14T23:43:33.702Z] > git for-each-ref --format=%(refname)%00%(upstream:short)%00%(objectname)%00%(upstream:track)%00%(upstream:remotename)%00%(upstream:remoteref) refs/heads/master refs/remotes/master [0ms]
[2022-10-14T23:43:33.715Z] > git remote --verbose [1ms]
[2022-10-14T23:43:33.715Z] > git for-each-ref --sort -committerdate --format %(refname) %(objectname) %(*objectname) [8ms]
[2022-10-14T23:43:33.735Z] > git config --get commit.template [1ms]
[2022-10-14T23:43:33.812Z] > git ls-files --stage -- /home/senac/meu-app-react/src/components/PageLayout.jsx [1ms]
[2022-10-14T23:43:33.831Z] > git show --textconv :src/components/PageLayout.jsx [1ms]
[2022-10-14T23:47:21.238Z] > git fetch [363ms]
[2022-10-14T23:47:21.246Z] > git status -z -uall [1ms]
[2022-10-14T23:47:21.254Z] > git symbolic-ref --short HEAD [1ms]
[2022-10-14T23:47:21.263Z] > git for-each-ref --format=%(refname)%00%(upstream:short)%00%(objectname)%00%(upstream:track)%00%(upstream:remotename)%00%(upstream:remoteref) refs/heads/master refs/remotes/master [0ms]
[2022-10-14T23:47:21.278Z] > git remote --verbose [1ms]
[2022-10-14T23:47:21.278Z] > git for-each-ref --sort -committerdate --format %(refname) %(objectname) %(*objectname) [8ms]
[2022-10-14T23:47:21.289Z] > git config --get commit.template [1ms]
[2022-10-14T23:47:22.303Z] > git status -z -uall [1ms]
[2022-10-14T23:47:22.310Z] > git symbolic-ref --short HEAD [1ms]
[2022-10-14T23:47:22.316Z] > git for-each-ref --format=%(refname)%00%(upstream:short)%00%(objectname)%00%(upstream:track)%00%(upstream:remotename)%00%(upstream:remoteref) refs/heads/master refs/remotes/master [1ms]
[2022-10-14T23:47:22.328Z] > git remote --verbose [1ms]
[2022-10-14T23:47:22.328Z] > git for-each-ref --sort -committerdate --format %(refname) %(objectname) %(*objectname) [6ms]
[2022-10-14T23:47:22.340Z] > git config --get commit.template [0ms]
[2022-10-14T23:47:22.407Z] > git ls-files --stage -- /home/senac/meu-app-react/src/components/PageLayout.jsx [0ms]
[2022-10-14T23:47:22.441Z] > git show --textconv :src/components/PageLayout.jsx [1ms]
[2022-10-14T23:50:21.632Z] > git fetch [326ms]
[2022-10-14T23:50:21.640Z] > git status -z -uall [1ms]
[2022-10-14T23:50:21.647Z] > git symbolic-ref --short HEAD [1ms]
[2022-10-14T23:50:21.655Z] > git for-each-ref --format=%(refname)%00%(upstream:short)%00%(objectname)%00%(upstream:track)%00%(upstream:remotename)%00%(upstream:remoteref) refs/heads/master refs/remotes/master [1ms]
[2022-10-14T23:50:21.668Z] > git remote --verbose [1ms]
[2022-10-14T23:50:21.668Z] > git for-each-ref --sort -committerdate --format %(refname) %(objectname) %(*objectname) [7ms]
[2022-10-14T23:50:21.678Z] > git config --get commit.template [1ms]
[2022-10-14T23:50:22.741Z] > git status -z -uall [2ms]
[2022-10-14T23:50:22.747Z] > git symbolic-ref --short HEAD [1ms]
[2022-10-14T23:50:22.754Z] > git for-each-ref --format=%(refname)%00%(upstream:short)%00%(objectname)%00%(upstream:track)%00%(upstream:remotename)%00%(upstream:remoteref) refs/heads/master refs/remotes/master [1ms]
[2022-10-14T23:50:22.764Z] > git remote --verbose [1ms]
[2022-10-14T23:50:22.764Z] > git for-each-ref --sort -committerdate --format %(refname) %(objectname) %(*objectname) [5ms]
[2022-10-14T23:50:22.774Z] > git config --get commit.template [1ms]
[2022-10-14T23:50:22.849Z] > git ls-files --stage -- /home/senac/meu-app-react/src/components/PageLayout.jsx [0ms]
[2022-10-14T23:50:22.861Z] > git show --textconv :src/components/PageLayout.jsx [0ms]
[2022-10-14T23:52:34.392Z] > git status -z -uall [4ms]
[2022-10-14T23:52:34.399Z] > git symbolic-ref --short HEAD [0ms]
[2022-10-14T23:52:34.410Z] > git for-each-ref --format=%(refname)%00%(upstream:short)%00%(objectname)%00%(upstream:track)%00%(upstream:remotename)%00%(upstream:remoteref) refs/heads/master refs/remotes/master [1ms]
[2022-10-14T23:52:34.420Z] > git remote --verbose [1ms]
[2022-10-14T23:52:34.420Z] > git for-each-ref --sort -committerdate --format %(refname) %(objectname) %(*objectname) [6ms]
[2022-10-14T23:52:34.428Z] > git config --get commit.template [0ms]
[2022-10-14T23:53:22.116Z] > git fetch [429ms]
[2022-10-14T23:53:22.124Z] > git status -z -uall [2ms]
[2022-10-14T23:53:22.130Z] > git symbolic-ref --short HEAD [1ms]
[2022-10-14T23:53:22.137Z] > git for-each-ref --format=%(refname)%00%(upstream:short)%00%(objectname)%00%(upstream:track)%00%(upstream:remotename)%00%(upstream:remoteref) refs/heads/master refs/remotes/master [1ms]
[2022-10-14T23:53:22.149Z] > git remote --verbose [1ms]
[2022-10-14T23:53:22.149Z] > git for-each-ref --sort -committerdate --format %(refname) %(objectname) %(*objectname) [7ms]
[2022-10-14T23:53:22.157Z] > git config --get commit.template [1ms]
[2022-10-14T23:53:23.228Z] > git status -z -uall [1ms]
[2022-10-14T23:53:23.236Z] > git symbolic-ref --short HEAD [1ms]
[2022-10-14T23:53:23.242Z] > git for-each-ref --format=%(refname)%00%(upstream:short)%00%(objectname)%00%(upstream:track)%00%(upstream:remotename)%00%(upstream:remoteref) refs/heads/master refs/remotes/master [1ms]
[2022-10-14T23:53:23.252Z] > git remote --verbose [1ms]
[2022-10-14T23:53:23.252Z] > git for-each-ref --sort -committerdate --format %(refname) %(objectname) %(*objectname) [5ms]
[2022-10-14T23:53:23.262Z] > git config --get commit.template [1ms]
[2022-10-14T23:53:23.359Z] > git ls-files --stage -- /home/senac/meu-app-react/src/components/PageLayout.jsx [2ms]
[2022-10-14T23:53:23.417Z] > git show --textconv :src/components/PageLayout.jsx [1ms]
[2022-10-14T23:55:46.589Z] > git status -z -uall [4ms]
[2022-10-14T23:55:46.595Z] > git symbolic-ref --short HEAD [0ms]
[2022-10-14T23:55:46.602Z] > git for-each-ref --format=%(refname)%00%(upstream:short)%00%(objectname)%00%(upstream:track)%00%(upstream:remotename)%00%(upstream:remoteref) refs/heads/master refs/remotes/master [1ms]
[2022-10-14T23:55:46.614Z] > git remote --verbose [1ms]
[2022-10-14T23:55:46.614Z] > git for-each-ref --sort -committerdate --format %(refname) %(objectname) %(*objectname) [7ms]
[2022-10-14T23:55:46.624Z] > git config --get commit.template [0ms]
[2022-10-14T23:56:22.524Z] > git fetch [348ms]
[2022-10-14T23:56:22.532Z] > git status -z -uall [1ms]
[2022-10-14T23:56:22.539Z] > git symbolic-ref --short HEAD [1ms]
[2022-10-14T23:56:22.546Z] > git for-each-ref --format=%(refname)%00%(upstream:short)%00%(objectname)%00%(upstream:track)%00%(upstream:remotename)%00%(upstream:remoteref) refs/heads/master refs/remotes/master [1ms]
[2022-10-14T23:56:22.558Z] > git remote --verbose [1ms]
[2022-10-14T23:56:22.558Z] > git for-each-ref --sort -committerdate --format %(refname) %(objectname) %(*objectname) [6ms]
[2022-10-14T23:56:22.567Z] > git config --get commit.template [1ms]
[2022-10-14T23:56:23.589Z] > git status -z -uall [1ms]
[2022-10-14T23:56:23.597Z] > git symbolic-ref --short HEAD [1ms]
[2022-10-14T23:56:23.603Z] > git for-each-ref --format=%(refname)%00%(upstream:short)%00%(objectname)%00%(upstream:track)%00%(upstream:remotename)%00%(upstream:remoteref) refs/heads/master refs/remotes/master [0ms]
[2022-10-14T23:56:23.614Z] > git remote --verbose [1ms]
[2022-10-14T23:56:23.614Z] > git for-each-ref --sort -committerdate --format %(refname) %(objectname) %(*objectname) [6ms]
[2022-10-14T23:56:23.622Z] > git config --get commit.template [0ms]
[2022-10-14T23:56:23.723Z] > git ls-files --stage -- /home/senac/meu-app-react/src/components/PageLayout.jsx [2ms]
[2022-10-14T23:56:23.738Z] > git show --textconv :src/components/PageLayout.jsx [1ms]
[2022-10-14T23:59:22.905Z] > git fetch [330ms]
[2022-10-14T23:59:22.912Z] > git status -z -uall [1ms]
[2022-10-14T23:59:22.918Z] > git symbolic-ref --short HEAD [1ms]
[2022-10-14T23:59:22.925Z] > git for-each-ref --format=%(refname)%00%(upstream:short)%00%(objectname)%00%(upstream:track)%00%(upstream:remotename)%00%(upstream:remoteref) refs/heads/master refs/remotes/master [1ms]
[2022-10-14T23:59:22.937Z] > git remote --verbose [1ms]
[2022-10-14T23:59:22.937Z] > git for-each-ref --sort -committerdate --format %(refname) %(objectname) %(*objectname) [7ms]
[2022-10-14T23:59:22.946Z] > git config --get commit.template [1ms]
[2022-10-14T23:59:24.011Z] > git status -z -uall [1ms]
[2022-10-14T23:59:24.018Z] > git symbolic-ref --short HEAD [0ms]
[2022-10-14T23:59:24.025Z] > git for-each-ref --format=%(refname)%00%(upstream:short)%00%(objectname)%00%(upstream:track)%00%(upstream:remotename)%00%(upstream:remoteref) refs/heads/master refs/remotes/master [1ms]
[2022-10-14T23:59:24.037Z] > git remote --verbose [2ms]
[2022-10-14T23:59:24.038Z] > git for-each-ref --sort -committerdate --format %(refname) %(objectname) %(*objectname) [8ms]
[2022-10-14T23:59:24.047Z] > git config --get commit.template [0ms]
[2022-10-14T23:59:24.116Z] > git ls-files --stage -- /home/senac/meu-app-react/src/components/PageLayout.jsx [0ms]
[2022-10-14T23:59:24.129Z] > git show --textconv :src/components/PageLayout.jsx [1ms]
[2022-10-15T00:00:03.057Z] > git status -z -uall [0ms]
[2022-10-15T00:00:03.070Z] > git symbolic-ref --short HEAD [3ms]
[2022-10-15T00:00:03.081Z] > git for-each-ref --format=%(refname)%00%(upstream:short)%00%(objectname)%00%(upstream:track)%00%(upstream:remotename)%00%(upstream:remoteref) refs/heads/master refs/remotes/master [1ms]
[2022-10-15T00:00:03.095Z] > git for-each-ref --sort -committerdate --format %(refname) %(objectname) %(*objectname) [8ms]
[2022-10-15T00:00:03.095Z] > git remote --verbose [1ms]
[2022-10-15T00:00:03.104Z] > git config --get commit.template [1ms]
[2022-10-15T00:02:23.317Z] > git fetch [352ms]
[2022-10-15T00:02:23.325Z] > git status -z -uall [1ms]
[2022-10-15T00:02:23.331Z] > git symbolic-ref --short HEAD [1ms]
[2022-10-15T00:02:23.339Z] > git for-each-ref --format=%(refname)%00%(upstream:short)%00%(objectname)%00%(upstream:track)%00%(upstream:remotename)%00%(upstream:remoteref) refs/heads/master refs/remotes/master [0ms]
[2022-10-15T00:02:23.350Z] > git remote --verbose [1ms]
[2022-10-15T00:02:23.350Z] > git for-each-ref --sort -committerdate --format %(refname) %(objectname) %(*objectname) [6ms]
[2022-10-15T00:02:23.360Z] > git config --get commit.template [1ms]
[2022-10-15T00:02:23.369Z] > git status -z -uall [2ms]
[2022-10-15T00:02:23.381Z] > git symbolic-ref --short HEAD [1ms]
[2022-10-15T00:02:23.390Z] > git for-each-ref --format=%(refname)%00%(upstream:short)%00%(objectname)%00%(upstream:track)%00%(upstream:remotename)%00%(upstream:remoteref) refs/heads/master refs/remotes/master [0ms]
[2022-10-15T00:02:23.405Z] > git remote --verbose [1ms]
[2022-10-15T00:02:23.405Z] > git for-each-ref --sort -committerdate --format %(refname) %(objectname) %(*objectname) [9ms]
[2022-10-15T00:02:23.415Z] > git config --get commit.template [1ms]
[2022-10-15T00:02:38.793Z] > git ls-files --stage -- /home/senac/meu-app-react/src/components/PageLayout.jsx [0ms]
[2022-10-15T00:02:38.855Z] > git show --textconv :src/components/PageLayout.jsx [1ms]
[2022-10-15T00:05:12.271Z] > git status -z -uall [1ms]
[2022-10-15T00:05:12.281Z] > git symbolic-ref --short HEAD [1ms]
[2022-10-15T00:05:12.294Z] > git for-each-ref --format=%(refname)%00%(upstream:short)%00%(objectname)%00%(upstream:track)%00%(upstream:remotename)%00%(upstream:remoteref) refs/heads/master refs/remotes/master [1ms]
[2022-10-15T00:05:12.313Z] > git remote --verbose [1ms]
[2022-10-15T00:05:12.313Z] > git for-each-ref --sort -committerdate --format %(refname) %(objectname) %(*objectname) [10ms]
[2022-10-15T00:05:12.325Z] > git config --get commit.template [1ms]
[2022-10-15T00:05:23.700Z] > git fetch [331ms]
[2022-10-15T00:05:23.707Z] > git status -z -uall [1ms]
[2022-10-15T00:05:23.714Z] > git symbolic-ref --short HEAD [1ms]
[2022-10-15T00:05:23.721Z] > git for-each-ref --format=%(refname)%00%(upstream:short)%00%(objectname)%00%(upstream:track)%00%(upstream:remotename)%00%(upstream:remoteref) refs/heads/master refs/remotes/master [1ms]
[2022-10-15T00:05:23.733Z] > git remote --verbose [0ms]
[2022-10-15T00:05:23.734Z] > git for-each-ref --sort -committerdate --format %(refname) %(objectname) %(*objectname) [7ms]
[2022-10-15T00:05:23.744Z] > git config --get commit.template [2ms]
[2022-10-15T00:05:24.817Z] > git status -z -uall [1ms]
[2022-10-15T00:05:24.826Z] > git symbolic-ref --short HEAD [1ms]
[2022-10-15T00:05:24.833Z] > git for-each-ref --format=%(refname)%00%(upstream:short)%00%(objectname)%00%(upstream:track)%00%(upstream:remotename)%00%(upstream:remoteref) refs/heads/master refs/remotes/master [0ms]
[2022-10-15T00:05:24.846Z] > git remote --verbose [1ms]
[2022-10-15T00:05:24.846Z] > git for-each-ref --sort -committerdate --format %(refname) %(objectname) %(*objectname) [7ms]
[2022-10-15T00:05:24.853Z] > git config --get commit.template [0ms]
[2022-10-15T00:05:24.928Z] > git ls-files --stage -- /home/senac/meu-app-react/src/components/PageLayout.jsx [0ms]
[2022-10-15T00:05:24.944Z] > git show --textconv :src/components/PageLayout.jsx [0ms]
[2022-10-15T00:05:38.187Z] > git status -z -uall [1ms]
[2022-10-15T00:05:38.194Z] > git symbolic-ref --short HEAD [1ms]
[2022-10-15T00:05:38.201Z] > git for-each-ref --format=%(refname)%00%(upstream:short)%00%(objectname)%00%(upstream:track)%00%(upstream:remotename)%00%(upstream:remoteref) refs/heads/master refs/remotes/master [1ms]
[2022-10-15T00:05:38.212Z] > git remote --verbose [1ms]
[2022-10-15T00:05:38.212Z] > git for-each-ref --sort -committerdate --format %(refname) %(objectname) %(*objectname) [6ms]
[2022-10-15T00:05:38.221Z] > git config --get commit.template [1ms]
[2022-10-15T00:06:09.606Z] > git show --textconv :src/index.js [8ms]
[2022-10-15T00:06:09.606Z] > git ls-files --stage -- /home/senac/meu-app-react/src/index.js [1ms]
[2022-10-15T00:06:09.613Z] > git cat-file -s d563c0fb10ba0e42724b21286eb546ee4e5734fc [1ms]
[2022-10-15T00:06:15.940Z] > git show --textconv :src/App.js [6ms]
[2022-10-15T00:06:15.941Z] > git ls-files --stage -- /home/senac/meu-app-react/src/App.js [1ms]
[2022-10-15T00:06:15.948Z] > git cat-file -s 6a0ffaca6bac1288d1ee4f618ef264bcb61893e1 [1ms]
[2022-10-15T00:06:19.061Z] > git show --textconv :src/components/PageLayout.jsx [8ms]
[2022-10-15T00:06:19.061Z] > git ls-files --stage -- /home/senac/meu-app-react/src/components/PageLayout.jsx [2ms]
[2022-10-15T00:08:24.111Z] > git fetch [355ms]
[2022-10-15T00:08:24.118Z] > git status -z -uall [1ms]
[2022-10-15T00:08:24.124Z] > git symbolic-ref --short HEAD [1ms]
[2022-10-15T00:08:24.131Z] > git for-each-ref --format=%(refname)%00%(upstream:short)%00%(objectname)%00%(upstream:track)%00%(upstream:remotename)%00%(upstream:remoteref) refs/heads/master refs/remotes/master [1ms]
[2022-10-15T00:08:24.142Z] > git remote --verbose [1ms]
[2022-10-15T00:08:24.142Z] > git for-each-ref --sort -committerdate --format %(refname) %(objectname) %(*objectname) [6ms]
[2022-10-15T00:08:24.152Z] > git config --get commit.template [1ms]
[2022-10-15T00:08:25.218Z] > git status -z -uall [2ms]
[2022-10-15T00:08:25.225Z] > git symbolic-ref --short HEAD [1ms]
[2022-10-15T00:08:25.232Z] > git for-each-ref --format=%(refname)%00%(upstream:short)%00%(objectname)%00%(upstream:track)%00%(upstream:remotename)%00%(upstream:remoteref) refs/heads/master refs/remotes/master [1ms]
[2022-10-15T00:08:25.243Z] > git remote --verbose [1ms]
[2022-10-15T00:08:25.243Z] > git for-each-ref --sort -committerdate --format %(refname) %(objectname) %(*objectname) [6ms]
[2022-10-15T00:08:25.250Z] > git config --get commit.template [1ms]
[2022-10-15T00:08:25.326Z] > git ls-files --stage -- /home/senac/meu-app-react/src/components/PageLayout.jsx [0ms]
[2022-10-15T00:08:25.337Z] > git show --textconv :src/components/PageLayout.jsx [1ms]
[2022-10-15T00:11:24.646Z] > git fetch [482ms]
[2022-10-15T00:11:24.652Z] > git status -z -uall [1ms]
[2022-10-15T00:11:24.660Z] > git symbolic-ref --short HEAD [1ms]
[2022-10-15T00:11:24.667Z] > git for-each-ref --format=%(refname)%00%(upstream:short)%00%(objectname)%00%(upstream:track)%00%(upstream:remotename)%00%(upstream:remoteref) refs/heads/master refs/remotes/master [1ms]
[2022-10-15T00:11:24.679Z] > git remote --verbose [1ms]
[2022-10-15T00:11:24.679Z] > git for-each-ref --sort -committerdate --format %(refname) %(objectname) %(*objectname) [7ms]
[2022-10-15T00:11:24.691Z] > git config --get commit.template [0ms]
[2022-10-15T00:11:25.707Z] > git status -z -uall [1ms]
[2022-10-15T00:11:25.714Z] > git symbolic-ref --short HEAD [1ms]
[2022-10-15T00:11:25.721Z] > git for-each-ref --format=%(refname)%00%(upstream:short)%00%(objectname)%00%(upstream:track)%00%(upstream:remotename)%00%(upstream:remoteref) refs/heads/master refs/remotes/master [1ms]
[2022-10-15T00:11:25.732Z] > git remote --verbose [1ms]
[2022-10-15T00:11:25.732Z] > git for-each-ref --sort -committerdate --format %(refname) %(objectname) %(*objectname) [6ms]
[2022-10-15T00:11:25.739Z] > git config --get commit.template [1ms]
[2022-10-15T00:11:25.815Z] > git ls-files --stage -- /home/senac/meu-app-react/src/components/PageLayout.jsx [0ms]
[2022-10-15T00:11:25.828Z] > git show --textconv :src/components/PageLayout.jsx [0ms]
[2022-10-15T00:11:52.100Z] > git status -z -uall [1ms]
[2022-10-15T00:11:52.114Z] > git symbolic-ref --short HEAD [1ms]
[2022-10-15T00:11:52.130Z] > git for-each-ref --format=%(refname)%00%(upstream:short)%00%(objectname)%00%(upstream:track)%00%(upstream:remotename)%00%(upstream:remoteref) refs/heads/master refs/remotes/master [2ms]
[2022-10-15T00:11:52.151Z] > git for-each-ref --sort -committerdate --format %(refname) %(objectname) %(*objectname) [12ms]
[2022-10-15T00:11:52.151Z] > git remote --verbose [1ms]
[2022-10-15T00:11:52.163Z] > git config --get commit.template [1ms]
[2022-10-15T00:12:16.574Z] > git show --textconv :src/index.js [7ms]
[2022-10-15T00:12:16.575Z] > git ls-files --stage -- /home/senac/meu-app-react/src/index.js [2ms]
[2022-10-15T00:12:16.582Z] > git cat-file -s d563c0fb10ba0e42724b21286eb546ee4e5734fc [1ms]
[2022-10-15T00:12:17.210Z] > git show --textconv :src/routes/root.jsx [7ms]
[2022-10-15T00:12:17.210Z] > git ls-files --stage -- /home/senac/meu-app-react/src/routes/root.jsx [1ms]
[2022-10-15T00:12:18.178Z] > git show --textconv :src/index.js [6ms]
[2022-10-15T00:12:18.179Z] > git ls-files --stage -- /home/senac/meu-app-react/src/index.js [1ms]
[2022-10-15T00:12:18.185Z] > git cat-file -s d563c0fb10ba0e42724b21286eb546ee4e5734fc [0ms]
[2022-10-15T00:12:20.448Z] > git show --textconv :src/routes/root.jsx [7ms]
[2022-10-15T00:12:20.448Z] > git ls-files --stage -- /home/senac/meu-app-react/src/routes/root.jsx [1ms]
[2022-10-15T00:12:21.027Z] > git show --textconv :src/components/PageLayout.jsx [7ms]
[2022-10-15T00:12:21.027Z] > git ls-files --stage -- /home/senac/meu-app-react/src/components/PageLayout.jsx [1ms]
[2022-10-15T00:14:25.054Z] > git fetch [351ms]
[2022-10-15T00:14:25.062Z] > git status -z -uall [1ms]
[2022-10-15T00:14:25.069Z] > git symbolic-ref --short HEAD [0ms]
[2022-10-15T00:14:25.075Z] > git for-each-ref --format=%(refname)%00%(upstream:short)%00%(objectname)%00%(upstream:track)%00%(upstream:remotename)%00%(upstream:remoteref) refs/heads/master refs/remotes/master [1ms]
[2022-10-15T00:14:25.087Z] > git remote --verbose [1ms]
[2022-10-15T00:14:25.087Z] > git for-each-ref --sort -committerdate --format %(refname) %(objectname) %(*objectname) [7ms]
[2022-10-15T00:14:25.094Z] > git config --get commit.template [0ms]
[2022-10-15T00:14:26.119Z] > git status -z -uall [2ms]
[2022-10-15T00:14:26.128Z] > git symbolic-ref --short HEAD [1ms]
[2022-10-15T00:14:26.134Z] > git for-each-ref --format=%(refname)%00%(upstream:short)%00%(objectname)%00%(upstream:track)%00%(upstream:remotename)%00%(upstream:remoteref) refs/heads/master refs/remotes/master [0ms]
[2022-10-15T00:14:26.146Z] > git remote --verbose [1ms]
[2022-10-15T00:14:26.146Z] > git for-each-ref --sort -committerdate --format %(refname) %(objectname) %(*objectname) [6ms]
[2022-10-15T00:14:26.155Z] > git config --get commit.template [0ms]
[2022-10-15T00:14:26.227Z] > git ls-files --stage -- /home/senac/meu-app-react/src/components/PageLayout.jsx [0ms]
[2022-10-15T00:14:26.240Z] > git show --textconv :src/components/PageLayout.jsx [0ms]
