[2022-10-20T22:19:45.136Z] Nível de log: Info
[2022-10-20T22:19:45.148Z] [info] Validando git localizado em: git
[2022-10-20T22:19:45.198Z] [info] Usando git 2.25.1 de git
[2022-10-20T22:19:45.223Z] > git rev-parse --show-toplevel [10ms]
[2022-10-20T22:19:45.234Z] > git rev-parse --git-dir --git-common-dir [1ms]
[2022-10-20T22:19:45.241Z] [info] Open repository: /home/senac/meu-app-react
[2022-10-20T22:19:45.266Z] > git rev-parse --show-toplevel [1ms]
[2022-10-20T22:19:45.275Z] > git rev-parse --show-toplevel [2ms]
[2022-10-20T22:19:45.283Z] > git status -z -uall [26ms]
[2022-10-20T22:19:45.297Z] > git symbolic-ref --short HEAD [1ms]
[2022-10-20T22:19:45.304Z] > git rev-parse --show-toplevel [22ms]
[2022-10-20T22:19:45.335Z] > git for-each-ref --format=%(refname)%00%(upstream:short)%00%(objectname)%00%(upstream:track)%00%(upstream:remotename)%00%(upstream:remoteref) refs/heads/master refs/remotes/master [31ms]
[2022-10-20T22:19:45.369Z] > git remote --verbose [10ms]
[2022-10-20T22:19:45.370Z] > git for-each-ref --sort -committerdate --format %(refname) %(objectname) %(*objectname) [17ms]
[2022-10-20T22:19:45.453Z] > git config --get commit.template [63ms]
[2022-10-20T22:19:45.510Z] > git status -z -uall [40ms]
[2022-10-20T22:19:45.526Z] > git symbolic-ref --short HEAD [9ms]
[2022-10-20T22:19:45.546Z] > git for-each-ref --format=%(refname)%00%(upstream:short)%00%(objectname)%00%(upstream:track)%00%(upstream:remotename)%00%(upstream:remoteref) refs/heads/master refs/remotes/master [1ms]
[2022-10-20T22:19:45.573Z] > git remote --verbose [3ms]
[2022-10-20T22:19:45.573Z] > git for-each-ref --sort -committerdate --format %(refname) %(objectname) %(*objectname) [9ms]
[2022-10-20T22:19:45.590Z] > git config --get commit.template [2ms]
[2022-10-20T22:19:45.960Z] > git show --textconv :src/components/PageLayout.jsx [9ms]
[2022-10-20T22:19:45.960Z] > git ls-files --stage -- /home/senac/meu-app-react/src/components/PageLayout.jsx [4ms]
[2022-10-20T22:19:45.995Z] > git check-ignore -v -z --stdin [4ms]
[2022-10-20T22:19:46.522Z] > git ls-files --stage -- /home/senac/meu-app-react/src/components/PageLayout.jsx [1ms]
[2022-10-20T22:19:46.537Z] > git show --textconv :src/components/PageLayout.jsx [2ms]
[2022-10-20T22:19:47.892Z] > git fetch [2641ms]
[2022-10-20T22:19:47.892Z] From https://github.com/faustort/meu-app-react
   7808754..441d810  master     -> origin/master
 * [new branch]      blaster    -> origin/blaster
[2022-10-20T22:19:47.917Z] > git status -z -uall [18ms]
[2022-10-20T22:19:47.937Z] > git symbolic-ref --short HEAD [12ms]
[2022-10-20T22:19:47.963Z] > git for-each-ref --format=%(refname)%00%(upstream:short)%00%(objectname)%00%(upstream:track)%00%(upstream:remotename)%00%(upstream:remoteref) refs/heads/master refs/remotes/master [17ms]
[2022-10-20T22:19:47.985Z] > git remote --verbose [9ms]
[2022-10-20T22:19:47.985Z] > git for-each-ref --sort -committerdate --format %(refname) %(objectname) %(*objectname) [14ms]
[2022-10-20T22:19:48.005Z] > git config --get commit.template [2ms]
[2022-10-20T22:19:49.335Z] > git status -z -uall [2ms]
[2022-10-20T22:19:49.346Z] > git symbolic-ref --short HEAD [1ms]
[2022-10-20T22:19:49.357Z] > git for-each-ref --format=%(refname)%00%(upstream:short)%00%(objectname)%00%(upstream:track)%00%(upstream:remotename)%00%(upstream:remoteref) refs/heads/master refs/remotes/master [2ms]
[2022-10-20T22:19:49.378Z] > git remote --verbose [7ms]
[2022-10-20T22:19:49.379Z] > git for-each-ref --sort -committerdate --format %(refname) %(objectname) %(*objectname) [12ms]
[2022-10-20T22:19:49.387Z] > git config --get commit.template [0ms]
[2022-10-20T22:19:49.436Z] > git ls-files --stage -- /home/senac/meu-app-react/src/components/PageLayout.jsx [1ms]
[2022-10-20T22:19:49.491Z] > git show --textconv :src/components/PageLayout.jsx [1ms]
[2022-10-20T22:30:49.361Z] > git ls-files --stage -- /home/senac/meu-app-react/src/components/PageLayout.jsx [1ms]
[2022-10-20T22:30:49.419Z] > git show --textconv :src/components/PageLayout.jsx [1ms]
[2022-10-20T22:30:49.734Z] > git fetch [1553ms]
[2022-10-20T22:30:49.739Z] > git status -z -uall [1ms]
[2022-10-20T22:30:49.746Z] > git symbolic-ref --short HEAD [0ms]
[2022-10-20T22:30:49.754Z] > git for-each-ref --format=%(refname)%00%(upstream:short)%00%(objectname)%00%(upstream:track)%00%(upstream:remotename)%00%(upstream:remoteref) refs/heads/master refs/remotes/master [1ms]
[2022-10-20T22:30:49.768Z] > git remote --verbose [1ms]
[2022-10-20T22:30:49.769Z] > git for-each-ref --sort -committerdate --format %(refname) %(objectname) %(*objectname) [8ms]
[2022-10-20T22:30:49.776Z] > git config --get commit.template [1ms]
[2022-10-20T22:30:50.797Z] > git status -z -uall [2ms]
[2022-10-20T22:30:50.804Z] > git symbolic-ref --short HEAD [1ms]
[2022-10-20T22:30:50.808Z] > git for-each-ref --format=%(refname)%00%(upstream:short)%00%(objectname)%00%(upstream:track)%00%(upstream:remotename)%00%(upstream:remoteref) refs/heads/master refs/remotes/master [1ms]
[2022-10-20T22:30:50.815Z] > git remote --verbose [1ms]
[2022-10-20T22:30:50.815Z] > git for-each-ref --sort -committerdate --format %(refname) %(objectname) %(*objectname) [4ms]
[2022-10-20T22:30:50.821Z] > git config --get commit.template [0ms]
[2022-10-20T22:30:50.927Z] > git ls-files --stage -- /home/senac/meu-app-react/src/components/PageLayout.jsx [3ms]
[2022-10-20T22:30:50.988Z] > git show --textconv :src/components/PageLayout.jsx [1ms]
[2022-10-20T22:47:04.520Z] > git ls-files --stage -- /home/senac/meu-app-react/src/components/PageLayout.jsx [1ms]
[2022-10-20T22:47:04.592Z] > git show --textconv :src/components/PageLayout.jsx [2ms]
[2022-10-20T22:47:04.797Z] > git fetch [1466ms]
[2022-10-20T22:47:04.802Z] > git status -z -uall [1ms]
[2022-10-20T22:47:04.807Z] > git symbolic-ref --short HEAD [0ms]
[2022-10-20T22:47:04.813Z] > git for-each-ref --format=%(refname)%00%(upstream:short)%00%(objectname)%00%(upstream:track)%00%(upstream:remotename)%00%(upstream:remoteref) refs/heads/master refs/remotes/master [1ms]
[2022-10-20T22:47:04.823Z] > git remote --verbose [1ms]
[2022-10-20T22:47:04.823Z] > git for-each-ref --sort -committerdate --format %(refname) %(objectname) %(*objectname) [6ms]
[2022-10-20T22:47:04.830Z] > git config --get commit.template [0ms]
[2022-10-20T22:47:05.862Z] > git status -z -uall [2ms]
[2022-10-20T22:47:05.867Z] > git symbolic-ref --short HEAD [1ms]
[2022-10-20T22:47:05.873Z] > git for-each-ref --format=%(refname)%00%(upstream:short)%00%(objectname)%00%(upstream:track)%00%(upstream:remotename)%00%(upstream:remoteref) refs/heads/master refs/remotes/master [2ms]
[2022-10-20T22:47:05.880Z] > git remote --verbose [1ms]
[2022-10-20T22:47:05.881Z] > git for-each-ref --sort -committerdate --format %(refname) %(objectname) %(*objectname) [5ms]
[2022-10-20T22:47:05.887Z] > git config --get commit.template [0ms]
[2022-10-20T22:47:05.964Z] > git ls-files --stage -- /home/senac/meu-app-react/src/components/PageLayout.jsx [0ms]
[2022-10-20T22:47:05.991Z] > git show --textconv :src/components/PageLayout.jsx [1ms]
[2022-10-20T22:47:15.261Z] > git show --textconv :src/components/ErrorPage.jsx [8ms]
[2022-10-20T22:47:15.261Z] > git ls-files --stage -- /home/senac/meu-app-react/src/components/ErrorPage.jsx [1ms]
[2022-10-20T22:47:22.981Z] > git show --textconv :src/routes/root.jsx [8ms]
[2022-10-20T22:47:22.982Z] > git ls-files --stage -- /home/senac/meu-app-react/src/routes/root.jsx [2ms]
[2022-10-20T22:47:30.025Z] > git show --textconv :src/index.js [8ms]
[2022-10-20T22:47:30.028Z] > git ls-files --stage -- /home/senac/meu-app-react/src/index.js [4ms]
[2022-10-20T22:47:30.042Z] > git cat-file -s d563c0fb10ba0e42724b21286eb546ee4e5734fc [8ms]
[2022-10-20T22:47:40.653Z] > git show --textconv :src/App.js [6ms]
[2022-10-20T22:47:40.654Z] > git ls-files --stage -- /home/senac/meu-app-react/src/App.js [2ms]
[2022-10-20T22:47:40.663Z] > git cat-file -s 6a0ffaca6bac1288d1ee4f618ef264bcb61893e1 [1ms]
[2022-10-20T22:47:53.958Z] > git show --textconv :src/index.js [6ms]
[2022-10-20T22:47:53.959Z] > git ls-files --stage -- /home/senac/meu-app-react/src/index.js [2ms]
[2022-10-20T22:47:53.964Z] > git cat-file -s d563c0fb10ba0e42724b21286eb546ee4e5734fc [1ms]
[2022-10-20T22:48:01.681Z] > git show --textconv :src/routes/root.jsx [7ms]
[2022-10-20T22:48:01.682Z] > git ls-files --stage -- /home/senac/meu-app-react/src/routes/root.jsx [1ms]
[2022-10-20T22:48:09.237Z] > git show --textconv :src/components/PageLayout.jsx [4ms]
[2022-10-20T22:48:09.237Z] > git ls-files --stage -- /home/senac/meu-app-react/src/components/PageLayout.jsx [0ms]
[2022-10-20T22:50:01.801Z] > git show --textconv :src/components/ErrorPage.jsx [8ms]
[2022-10-20T22:50:01.801Z] > git ls-files --stage -- /home/senac/meu-app-react/src/components/ErrorPage.jsx [1ms]
[2022-10-20T22:50:06.017Z] > git ls-files --stage -- /home/senac/meu-app-react/src/components/ErrorPage.jsx [1ms]
[2022-10-20T22:50:06.032Z] > git show --textconv :src/components/ErrorPage.jsx [0ms]
[2022-10-20T22:50:06.351Z] > git fetch [1509ms]
[2022-10-20T22:50:06.356Z] > git status -z -uall [1ms]
[2022-10-20T22:50:06.360Z] > git symbolic-ref --short HEAD [0ms]
[2022-10-20T22:50:06.369Z] > git for-each-ref --format=%(refname)%00%(upstream:short)%00%(objectname)%00%(upstream:track)%00%(upstream:remotename)%00%(upstream:remoteref) refs/heads/master refs/remotes/master [1ms]
[2022-10-20T22:50:06.382Z] > git remote --verbose [2ms]
[2022-10-20T22:50:06.382Z] > git for-each-ref --sort -committerdate --format %(refname) %(objectname) %(*objectname) [7ms]
[2022-10-20T22:50:06.390Z] > git config --get commit.template [1ms]
[2022-10-20T22:50:07.451Z] > git status -z -uall [2ms]
[2022-10-20T22:50:07.456Z] > git symbolic-ref --short HEAD [0ms]
[2022-10-20T22:50:07.461Z] > git for-each-ref --format=%(refname)%00%(upstream:short)%00%(objectname)%00%(upstream:track)%00%(upstream:remotename)%00%(upstream:remoteref) refs/heads/master refs/remotes/master [0ms]
[2022-10-20T22:50:07.470Z] > git remote --verbose [1ms]
[2022-10-20T22:50:07.470Z] > git for-each-ref --sort -committerdate --format %(refname) %(objectname) %(*objectname) [5ms]
[2022-10-20T22:50:07.476Z] > git config --get commit.template [0ms]
[2022-10-20T22:50:07.560Z] > git ls-files --stage -- /home/senac/meu-app-react/src/components/ErrorPage.jsx [1ms]
[2022-10-20T22:50:07.576Z] > git show --textconv :src/components/ErrorPage.jsx [4ms]
[2022-10-20T22:56:02.881Z] > git ls-files --stage -- /home/senac/meu-app-react/src/components/ErrorPage.jsx [1ms]
[2022-10-20T22:56:02.897Z] > git show --textconv :src/components/ErrorPage.jsx [1ms]
[2022-10-20T22:56:03.318Z] > git fetch [1619ms]
[2022-10-20T22:56:03.323Z] > git status -z -uall [1ms]
[2022-10-20T22:56:03.329Z] > git symbolic-ref --short HEAD [1ms]
[2022-10-20T22:56:03.336Z] > git for-each-ref --format=%(refname)%00%(upstream:short)%00%(objectname)%00%(upstream:track)%00%(upstream:remotename)%00%(upstream:remoteref) refs/heads/master refs/remotes/master [1ms]
[2022-10-20T22:56:03.346Z] > git remote --verbose [1ms]
[2022-10-20T22:56:03.346Z] > git for-each-ref --sort -committerdate --format %(refname) %(objectname) %(*objectname) [6ms]
[2022-10-20T22:56:03.353Z] > git config --get commit.template [0ms]
[2022-10-20T22:56:04.384Z] > git status -z -uall [1ms]
[2022-10-20T22:56:04.391Z] > git symbolic-ref --short HEAD [2ms]
[2022-10-20T22:56:04.395Z] > git for-each-ref --format=%(refname)%00%(upstream:short)%00%(objectname)%00%(upstream:track)%00%(upstream:remotename)%00%(upstream:remoteref) refs/heads/master refs/remotes/master [0ms]
[2022-10-20T22:56:04.408Z] > git remote --verbose [1ms]
[2022-10-20T22:56:04.408Z] > git for-each-ref --sort -committerdate --format %(refname) %(objectname) %(*objectname) [9ms]
[2022-10-20T22:56:04.415Z] > git config --get commit.template [1ms]
[2022-10-20T22:56:04.495Z] > git ls-files --stage -- /home/senac/meu-app-react/src/components/ErrorPage.jsx [0ms]
[2022-10-20T22:56:04.506Z] > git show --textconv :src/components/ErrorPage.jsx [1ms]
[2022-10-20T22:56:09.560Z] > git check-ignore -v -z --stdin [2ms]
[2022-10-20T22:57:07.814Z] > git show --textconv :src/components/PageLayout.jsx [5ms]
[2022-10-20T22:57:07.814Z] > git ls-files --stage -- /home/senac/meu-app-react/src/components/PageLayout.jsx [1ms]
[2022-10-20T22:58:47.503Z] > git show --textconv :src/components/Login.jsx [5ms]
[2022-10-20T22:58:47.504Z] > git ls-files --stage -- /home/senac/meu-app-react/src/components/Login.jsx [1ms]
[2022-10-20T22:58:47.756Z] > git check-ignore -v -z --stdin [0ms]
[2022-10-20T22:58:48.322Z] > git status -z -uall [2ms]
[2022-10-20T22:58:48.329Z] > git symbolic-ref --short HEAD [1ms]
[2022-10-20T22:58:48.335Z] > git for-each-ref --format=%(refname)%00%(upstream:short)%00%(objectname)%00%(upstream:track)%00%(upstream:remotename)%00%(upstream:remoteref) refs/heads/master refs/remotes/master [1ms]
[2022-10-20T22:58:48.347Z] > git remote --verbose [1ms]
[2022-10-20T22:58:48.348Z] > git for-each-ref --sort -committerdate --format %(refname) %(objectname) %(*objectname) [9ms]
[2022-10-20T22:58:48.356Z] > git config --get commit.template [1ms]
[2022-10-20T22:59:04.547Z] > git ls-files --stage -- /home/senac/meu-app-react/src/components/Login.jsx [0ms]
[2022-10-20T22:59:04.605Z] > git show --textconv :src/components/Login.jsx [0ms]
[2022-10-20T22:59:04.885Z] > git fetch [1512ms]
[2022-10-20T22:59:04.889Z] > git status -z -uall [1ms]
[2022-10-20T22:59:04.894Z] > git symbolic-ref --short HEAD [1ms]
[2022-10-20T22:59:04.899Z] > git for-each-ref --format=%(refname)%00%(upstream:short)%00%(objectname)%00%(upstream:track)%00%(upstream:remotename)%00%(upstream:remoteref) refs/heads/master refs/remotes/master [1ms]
[2022-10-20T22:59:04.907Z] > git remote --verbose [1ms]
[2022-10-20T22:59:04.907Z] > git for-each-ref --sort -committerdate --format %(refname) %(objectname) %(*objectname) [4ms]
[2022-10-20T22:59:04.914Z] > git config --get commit.template [0ms]
[2022-10-20T22:59:05.947Z] > git status -z -uall [1ms]
[2022-10-20T22:59:05.954Z] > git symbolic-ref --short HEAD [1ms]
[2022-10-20T22:59:05.958Z] > git for-each-ref --format=%(refname)%00%(upstream:short)%00%(objectname)%00%(upstream:track)%00%(upstream:remotename)%00%(upstream:remoteref) refs/heads/master refs/remotes/master [0ms]
[2022-10-20T22:59:05.966Z] > git remote --verbose [1ms]
[2022-10-20T22:59:05.966Z] > git for-each-ref --sort -committerdate --format %(refname) %(objectname) %(*objectname) [4ms]
[2022-10-20T22:59:05.973Z] > git config --get commit.template [1ms]
[2022-10-20T22:59:06.055Z] > git ls-files --stage -- /home/senac/meu-app-react/src/components/Login.jsx [0ms]
[2022-10-20T22:59:06.066Z] > git show --textconv :src/components/Login.jsx [1ms]
[2022-10-20T23:00:29.713Z] > git status -z -uall [1ms]
[2022-10-20T23:00:29.719Z] > git symbolic-ref --short HEAD [1ms]
[2022-10-20T23:00:29.728Z] > git for-each-ref --format=%(refname)%00%(upstream:short)%00%(objectname)%00%(upstream:track)%00%(upstream:remotename)%00%(upstream:remoteref) refs/heads/master refs/remotes/master [1ms]
[2022-10-20T23:00:29.738Z] > git remote --verbose [2ms]
[2022-10-20T23:00:29.738Z] > git for-each-ref --sort -committerdate --format %(refname) %(objectname) %(*objectname) [6ms]
[2022-10-20T23:00:29.755Z] > git config --get commit.template [1ms]
[2022-10-20T23:00:45.032Z] > git show --textconv :src/components/PageLayout.jsx [5ms]
[2022-10-20T23:00:45.032Z] > git ls-files --stage -- /home/senac/meu-app-react/src/components/PageLayout.jsx [0ms]
[2022-10-20T23:02:59.144Z] > git ls-files --stage -- /home/senac/meu-app-react/src/components/PageLayout.jsx [1ms]
[2022-10-20T23:02:59.161Z] > git show --textconv :src/components/PageLayout.jsx [0ms]
[2022-10-20T23:02:59.462Z] > git fetch [1549ms]
[2022-10-20T23:02:59.469Z] > git status -z -uall [2ms]
[2022-10-20T23:02:59.477Z] > git symbolic-ref --short HEAD [1ms]
[2022-10-20T23:02:59.483Z] > git for-each-ref --format=%(refname)%00%(upstream:short)%00%(objectname)%00%(upstream:track)%00%(upstream:remotename)%00%(upstream:remoteref) refs/heads/master refs/remotes/master [1ms]
[2022-10-20T23:02:59.497Z] > git remote --verbose [2ms]
[2022-10-20T23:02:59.497Z] > git for-each-ref --sort -committerdate --format %(refname) %(objectname) %(*objectname) [6ms]
[2022-10-20T23:02:59.508Z] > git config --get commit.template [2ms]
[2022-10-20T23:04:04.424Z] > git status -z -uall [7ms]
[2022-10-20T23:04:04.447Z] > git symbolic-ref --short HEAD [10ms]
[2022-10-20T23:04:04.455Z] > git ls-files --stage -- /home/senac/meu-app-react/src/components/PageLayout.jsx [8ms]
[2022-10-20T23:04:04.456Z] > git for-each-ref --format=%(refname)%00%(upstream:short)%00%(objectname)%00%(upstream:track)%00%(upstream:remotename)%00%(upstream:remoteref) refs/heads/master refs/remotes/master [2ms]
[2022-10-20T23:04:04.481Z] > git show --textconv :src/components/PageLayout.jsx [1ms]
[2022-10-20T23:04:04.482Z] > git remote --verbose [15ms]
[2022-10-20T23:04:04.482Z] > git for-each-ref --sort -committerdate --format %(refname) %(objectname) %(*objectname) [21ms]
[2022-10-20T23:04:04.491Z] > git config --get commit.template [1ms]
[2022-10-20T23:04:09.409Z] > git show --textconv :src/components/Login.jsx [11ms]
[2022-10-20T23:04:09.410Z] > git ls-files --stage -- /home/senac/meu-app-react/src/components/Login.jsx [3ms]
[2022-10-20T23:04:11.187Z] > git show --textconv :src/components/PageLayout.jsx [7ms]
[2022-10-20T23:04:11.187Z] > git ls-files --stage -- /home/senac/meu-app-react/src/components/PageLayout.jsx [3ms]
[2022-10-20T23:04:13.034Z] > git show --textconv :src/components/Login.jsx [5ms]
[2022-10-20T23:04:13.034Z] > git ls-files --stage -- /home/senac/meu-app-react/src/components/Login.jsx [1ms]
[2022-10-20T23:04:24.094Z] > git show --textconv :src/components/PageLayout.jsx [5ms]
[2022-10-20T23:04:24.094Z] > git ls-files --stage -- /home/senac/meu-app-react/src/components/PageLayout.jsx [1ms]
[2022-10-20T23:05:03.344Z] > git show --textconv :src/App.js [10ms]
[2022-10-20T23:05:03.345Z] > git ls-files --stage -- /home/senac/meu-app-react/src/App.js [2ms]
[2022-10-20T23:05:03.353Z] > git cat-file -s 6a0ffaca6bac1288d1ee4f618ef264bcb61893e1 [1ms]
[2022-10-20T23:05:06.092Z] > git show --textconv :src/index.js [5ms]
[2022-10-20T23:05:06.092Z] > git ls-files --stage -- /home/senac/meu-app-react/src/index.js [1ms]
[2022-10-20T23:05:06.097Z] > git cat-file -s d563c0fb10ba0e42724b21286eb546ee4e5734fc [0ms]
[2022-10-20T23:05:08.461Z] > git show --textconv :src/routes/root.jsx [8ms]
[2022-10-20T23:05:08.461Z] > git ls-files --stage -- /home/senac/meu-app-react/src/routes/root.jsx [1ms]
[2022-10-20T23:05:10.668Z] > git show --textconv :src/components/PageLayout.jsx [6ms]
[2022-10-20T23:05:10.668Z] > git ls-files --stage -- /home/senac/meu-app-react/src/components/PageLayout.jsx [1ms]
[2022-10-20T23:05:16.064Z] > git show --textconv :src/components/ErrorPage.jsx [5ms]
[2022-10-20T23:05:16.064Z] > git ls-files --stage -- /home/senac/meu-app-react/src/components/ErrorPage.jsx [0ms]
[2022-10-20T23:05:24.928Z] > git show --textconv :src/index.js [5ms]
[2022-10-20T23:05:24.928Z] > git ls-files --stage -- /home/senac/meu-app-react/src/index.js [1ms]
[2022-10-20T23:05:24.933Z] > git cat-file -s d563c0fb10ba0e42724b21286eb546ee4e5734fc [0ms]
[2022-10-20T23:05:27.407Z] > git show --textconv :src/index.css [7ms]
[2022-10-20T23:05:27.408Z] > git ls-files --stage -- /home/senac/meu-app-react/src/index.css [1ms]
[2022-10-20T23:05:27.418Z] > git cat-file -s ec2585e8c0bb8188184ed1e0703c4c8f2a8419b0 [2ms]
[2022-10-20T23:05:32.904Z] > git show --textconv :src/App.js [5ms]
[2022-10-20T23:05:32.905Z] > git ls-files --stage -- /home/senac/meu-app-react/src/App.js [1ms]
[2022-10-20T23:05:32.910Z] > git cat-file -s 6a0ffaca6bac1288d1ee4f618ef264bcb61893e1 [1ms]
[2022-10-20T23:05:37.671Z] > git show --textconv :src/routes/root.jsx [7ms]
[2022-10-20T23:05:37.671Z] > git ls-files --stage -- /home/senac/meu-app-react/src/routes/root.jsx [1ms]
[2022-10-20T23:05:43.598Z] > git show --textconv :src/components/FetchNews.jsx [5ms]
[2022-10-20T23:05:43.598Z] > git ls-files --stage -- /home/senac/meu-app-react/src/components/FetchNews.jsx [1ms]
[2022-10-20T23:05:45.683Z] > git show --textconv :src/components/FetchProducts.jsx [9ms]
[2022-10-20T23:05:45.683Z] > git ls-files --stage -- /home/senac/meu-app-react/src/components/FetchProducts.jsx [1ms]
[2022-10-20T23:05:49.941Z] > git show --textconv :src/components/ErrorPage.jsx [4ms]
[2022-10-20T23:05:49.942Z] > git ls-files --stage -- /home/senac/meu-app-react/src/components/ErrorPage.jsx [1ms]
[2022-10-20T23:05:51.179Z] > git show --textconv :src/components/Contato.jsx [5ms]
[2022-10-20T23:05:51.179Z] > git ls-files --stage -- /home/senac/meu-app-react/src/components/Contato.jsx [1ms]
[2022-10-20T23:05:52.077Z] > git show --textconv :src/components/Contador.jsx [8ms]
[2022-10-20T23:05:52.078Z] > git ls-files --stage -- /home/senac/meu-app-react/src/components/Contador.jsx [2ms]
[2022-10-20T23:05:54.883Z] > git show --textconv :src/components/Sobre.jsx [6ms]
[2022-10-20T23:05:54.883Z] > git ls-files --stage -- /home/senac/meu-app-react/src/components/Sobre.jsx [0ms]
[2022-10-20T23:06:00.479Z] > git check-ignore -v -z --stdin [2ms]
[2022-10-20T23:06:00.722Z] > git ls-files --stage -- /home/senac/meu-app-react/src/components/Sobre.jsx [1ms]
[2022-10-20T23:06:00.733Z] > git show --textconv :src/components/Sobre.jsx [0ms]
[2022-10-20T23:06:01.016Z] > git fetch [1499ms]
[2022-10-20T23:06:01.022Z] > git status -z -uall [1ms]
[2022-10-20T23:06:01.027Z] > git symbolic-ref --short HEAD [0ms]
[2022-10-20T23:06:01.033Z] > git for-each-ref --format=%(refname)%00%(upstream:short)%00%(objectname)%00%(upstream:track)%00%(upstream:remotename)%00%(upstream:remoteref) refs/heads/master refs/remotes/master [0ms]
[2022-10-20T23:06:01.044Z] > git remote --verbose [2ms]
[2022-10-20T23:06:01.044Z] > git for-each-ref --sort -committerdate --format %(refname) %(objectname) %(*objectname) [7ms]
[2022-10-20T23:06:01.056Z] > git config --get commit.template [1ms]
[2022-10-20T23:06:02.122Z] > git status -z -uall [2ms]
[2022-10-20T23:06:02.128Z] > git symbolic-ref --short HEAD [0ms]
[2022-10-20T23:06:02.134Z] > git for-each-ref --format=%(refname)%00%(upstream:short)%00%(objectname)%00%(upstream:track)%00%(upstream:remotename)%00%(upstream:remoteref) refs/heads/master refs/remotes/master [1ms]
[2022-10-20T23:06:02.143Z] > git remote --verbose [1ms]
[2022-10-20T23:06:02.143Z] > git for-each-ref --sort -committerdate --format %(refname) %(objectname) %(*objectname) [5ms]
[2022-10-20T23:06:02.150Z] > git config --get commit.template [1ms]
[2022-10-20T23:06:02.226Z] > git ls-files --stage -- /home/senac/meu-app-react/src/components/Sobre.jsx [1ms]
[2022-10-20T23:06:02.238Z] > git show --textconv :src/components/Sobre.jsx [0ms]
[2022-10-20T23:06:05.345Z] > git check-ignore -v -z --stdin [1ms]
[2022-10-20T23:06:06.038Z] > git check-ignore -v -z --stdin [1ms]
[2022-10-20T23:06:08.287Z] > git check-ignore -v -z --stdin [2ms]
[2022-10-20T23:06:19.641Z] > git show --textconv :package.json [11ms]
[2022-10-20T23:06:19.641Z] > git ls-files --stage -- /home/senac/meu-app-react/package.json [3ms]
[2022-10-20T23:06:19.648Z] > git cat-file -s 9d947d97ad45695bc452290ce937f88cd829c69c [1ms]
[2022-10-20T23:06:30.336Z] > git show --textconv :src/reportWebVitals.js [15ms]
[2022-10-20T23:06:30.338Z] > git ls-files --stage -- /home/senac/meu-app-react/src/reportWebVitals.js [4ms]
[2022-10-20T23:06:30.348Z] > git cat-file -s 5253d3ad9e6be6690549cb255f5952337b02401d [3ms]
[2022-10-20T23:06:32.349Z] > git show --textconv :src/setupTests.js [5ms]
[2022-10-20T23:06:32.349Z] > git ls-files --stage -- /home/senac/meu-app-react/src/setupTests.js [1ms]
[2022-10-20T23:06:32.355Z] > git cat-file -s 8f2609b7b3e0e3897ab3bcaad13caf6876e48699 [1ms]
[2022-10-20T23:06:34.359Z] > git show --textconv :src/logo.svg [8ms]
[2022-10-20T23:06:34.360Z] > git ls-files --stage -- /home/senac/meu-app-react/src/logo.svg [2ms]
[2022-10-20T23:06:34.367Z] > git cat-file -s 9dfc1c058cebbef8b891c5062be6f31033d7d186 [1ms]
[2022-10-20T23:06:34.897Z] > git show --textconv :src/index.js [8ms]
[2022-10-20T23:06:34.897Z] > git ls-files --stage -- /home/senac/meu-app-react/src/index.js [1ms]
[2022-10-20T23:06:34.911Z] > git cat-file -s d563c0fb10ba0e42724b21286eb546ee4e5734fc [4ms]
[2022-10-20T23:06:37.219Z] > git show --textconv :src/components/Login.jsx [6ms]
[2022-10-20T23:06:37.219Z] > git ls-files --stage -- /home/senac/meu-app-react/src/components/Login.jsx [1ms]
[2022-10-20T23:07:05.294Z] > git show --textconv :src/App.css [6ms]
[2022-10-20T23:07:05.294Z] > git ls-files --stage -- /home/senac/meu-app-react/src/App.css [1ms]
[2022-10-20T23:07:05.302Z] > git cat-file -s 74b5e053450a48a6bdb4d71aad648e7af821975c [1ms]
[2022-10-20T23:07:31.851Z] > git status -z -uall [1ms]
[2022-10-20T23:07:31.858Z] > git symbolic-ref --short HEAD [1ms]
[2022-10-20T23:07:31.867Z] > git for-each-ref --format=%(refname)%00%(upstream:short)%00%(objectname)%00%(upstream:track)%00%(upstream:remotename)%00%(upstream:remoteref) refs/heads/master refs/remotes/master [1ms]
[2022-10-20T23:07:31.878Z] > git remote --verbose [1ms]
[2022-10-20T23:07:31.878Z] > git for-each-ref --sort -committerdate --format %(refname) %(objectname) %(*objectname) [6ms]
[2022-10-20T23:07:31.889Z] > git config --get commit.template [0ms]
[2022-10-20T23:07:45.174Z] > git show --textconv :src/components/PageLayout.jsx [5ms]
[2022-10-20T23:07:45.174Z] > git ls-files --stage -- /home/senac/meu-app-react/src/components/PageLayout.jsx [1ms]
[2022-10-20T23:08:37.703Z] > git show --textconv :src/routes/root.jsx [6ms]
[2022-10-20T23:08:37.703Z] > git ls-files --stage -- /home/senac/meu-app-react/src/routes/root.jsx [1ms]
[2022-10-20T23:09:02.244Z] > git ls-files --stage -- /home/senac/meu-app-react/src/routes/root.jsx [0ms]
[2022-10-20T23:09:02.257Z] > git show --textconv :src/routes/root.jsx [1ms]
[2022-10-20T23:09:02.570Z] > git fetch [1507ms]
[2022-10-20T23:09:02.578Z] > git status -z -uall [3ms]
[2022-10-20T23:09:02.584Z] > git symbolic-ref --short HEAD [1ms]
[2022-10-20T23:09:02.590Z] > git for-each-ref --format=%(refname)%00%(upstream:short)%00%(objectname)%00%(upstream:track)%00%(upstream:remotename)%00%(upstream:remoteref) refs/heads/master refs/remotes/master [1ms]
[2022-10-20T23:09:02.601Z] > git remote --verbose [1ms]
[2022-10-20T23:09:02.601Z] > git for-each-ref --sort -committerdate --format %(refname) %(objectname) %(*objectname) [6ms]
[2022-10-20T23:09:02.609Z] > git config --get commit.template [1ms]
[2022-10-20T23:09:03.635Z] > git status -z -uall [3ms]
[2022-10-20T23:09:03.644Z] > git symbolic-ref --short HEAD [1ms]
[2022-10-20T23:09:03.651Z] > git for-each-ref --format=%(refname)%00%(upstream:short)%00%(objectname)%00%(upstream:track)%00%(upstream:remotename)%00%(upstream:remoteref) refs/heads/master refs/remotes/master [1ms]
[2022-10-20T23:09:03.660Z] > git remote --verbose [1ms]
[2022-10-20T23:09:03.661Z] > git for-each-ref --sort -committerdate --format %(refname) %(objectname) %(*objectname) [6ms]
[2022-10-20T23:09:03.668Z] > git config --get commit.template [1ms]
[2022-10-20T23:09:03.740Z] > git ls-files --stage -- /home/senac/meu-app-react/src/routes/root.jsx [2ms]
[2022-10-20T23:09:03.750Z] > git show --textconv :src/routes/root.jsx [0ms]
[2022-10-20T23:09:33.405Z] > git status -z -uall [2ms]
[2022-10-20T23:09:33.415Z] > git symbolic-ref --short HEAD [1ms]
[2022-10-20T23:09:33.425Z] > git for-each-ref --format=%(refname)%00%(upstream:short)%00%(objectname)%00%(upstream:track)%00%(upstream:remotename)%00%(upstream:remoteref) refs/heads/master refs/remotes/master [2ms]
[2022-10-20T23:09:33.441Z] > git remote --verbose [1ms]
[2022-10-20T23:09:33.441Z] > git for-each-ref --sort -committerdate --format %(refname) %(objectname) %(*objectname) [9ms]
[2022-10-20T23:09:33.452Z] > git config --get commit.template [1ms]
[2022-10-20T23:10:00.517Z] > git status -z -uall [1ms]
[2022-10-20T23:10:00.529Z] > git symbolic-ref --short HEAD [2ms]
[2022-10-20T23:10:00.540Z] > git for-each-ref --format=%(refname)%00%(upstream:short)%00%(objectname)%00%(upstream:track)%00%(upstream:remotename)%00%(upstream:remoteref) refs/heads/master refs/remotes/master [3ms]
[2022-10-20T23:10:00.557Z] > git remote --verbose [1ms]
[2022-10-20T23:10:00.558Z] > git for-each-ref --sort -committerdate --format %(refname) %(objectname) %(*objectname) [9ms]
[2022-10-20T23:10:00.570Z] > git config --get commit.template [1ms]
[2022-10-20T23:10:22.327Z] > git ls-files --stage -- /home/senac/meu-app-react/src/App.css [15ms]
[2022-10-20T23:10:22.334Z] > git show --textconv :src/App.css [29ms]
[2022-10-20T23:10:22.335Z] > git cat-file -s 74b5e053450a48a6bdb4d71aad648e7af821975c [1ms]
[2022-10-20T23:10:31.563Z] > git show --textconv :src/components/Login.jsx [7ms]
[2022-10-20T23:10:31.563Z] > git ls-files --stage -- /home/senac/meu-app-react/src/components/Login.jsx [1ms]
[2022-10-20T23:11:17.434Z] > git show --textconv :src/App.css [7ms]
[2022-10-20T23:11:17.434Z] > git ls-files --stage -- /home/senac/meu-app-react/src/App.css [1ms]
[2022-10-20T23:11:17.442Z] > git cat-file -s 74b5e053450a48a6bdb4d71aad648e7af821975c [2ms]
[2022-10-20T23:11:25.812Z] > git show --textconv :src/components/Login.jsx [6ms]
[2022-10-20T23:11:25.812Z] > git ls-files --stage -- /home/senac/meu-app-react/src/components/Login.jsx [1ms]
[2022-10-20T23:12:17.947Z] > git ls-files --stage -- /home/senac/meu-app-react/src/components/Login.jsx [1ms]
[2022-10-20T23:12:17.966Z] > git show --textconv :src/components/Login.jsx [0ms]
[2022-10-20T23:12:18.506Z] > git fetch [1756ms]
[2022-10-20T23:12:18.533Z] > git status -z -uall [17ms]
[2022-10-20T23:12:18.544Z] > git symbolic-ref --short HEAD [4ms]
[2022-10-20T23:12:18.562Z] > git for-each-ref --format=%(refname)%00%(upstream:short)%00%(objectname)%00%(upstream:track)%00%(upstream:remotename)%00%(upstream:remoteref) refs/heads/master refs/remotes/master [9ms]
[2022-10-20T23:12:18.580Z] > git for-each-ref --sort -committerdate --format %(refname) %(objectname) %(*objectname) [10ms]
[2022-10-20T23:12:18.581Z] > git remote --verbose [3ms]
[2022-10-20T23:12:18.592Z] > git config --get commit.template [3ms]
[2022-10-20T23:12:18.947Z] > git show --textconv :src/components/PageLayout.jsx [7ms]
[2022-10-20T23:12:18.947Z] > git ls-files --stage -- /home/senac/meu-app-react/src/components/PageLayout.jsx [0ms]
[2022-10-20T23:12:19.712Z] > git ls-files --stage -- /home/senac/meu-app-react/src/components/PageLayout.jsx [1ms]
[2022-10-20T23:12:19.780Z] > git show --textconv :src/components/PageLayout.jsx [1ms]
[2022-10-20T23:12:42.988Z] > git status -z -uall [1ms]
[2022-10-20T23:12:43.000Z] > git symbolic-ref --short HEAD [2ms]
[2022-10-20T23:12:43.011Z] > git for-each-ref --format=%(refname)%00%(upstream:short)%00%(objectname)%00%(upstream:track)%00%(upstream:remotename)%00%(upstream:remoteref) refs/heads/master refs/remotes/master [1ms]
[2022-10-20T23:12:43.026Z] > git for-each-ref --sort -committerdate --format %(refname) %(objectname) %(*objectname) [9ms]
[2022-10-20T23:12:43.026Z] > git remote --verbose [2ms]
[2022-10-20T23:12:43.037Z] > git config --get commit.template [0ms]
[2022-10-20T23:13:49.824Z] > git show --textconv :src/App.css [9ms]
[2022-10-20T23:13:49.824Z] > git ls-files --stage -- /home/senac/meu-app-react/src/App.css [4ms]
[2022-10-20T23:13:49.832Z] > git cat-file -s 74b5e053450a48a6bdb4d71aad648e7af821975c [0ms]
[2022-10-20T23:14:02.915Z] > git show --textconv :src/components/Login.jsx [7ms]
[2022-10-20T23:14:02.917Z] > git ls-files --stage -- /home/senac/meu-app-react/src/components/Login.jsx [2ms]
[2022-10-20T23:14:18.728Z] > git show --textconv :src/routes/root.jsx [6ms]
[2022-10-20T23:14:18.729Z] > git ls-files --stage -- /home/senac/meu-app-react/src/routes/root.jsx [1ms]
[2022-10-20T23:15:23.116Z] > git status -z -uall [1ms]
[2022-10-20T23:15:23.126Z] > git symbolic-ref --short HEAD [0ms]
[2022-10-20T23:15:23.134Z] > git for-each-ref --format=%(refname)%00%(upstream:short)%00%(objectname)%00%(upstream:track)%00%(upstream:remotename)%00%(upstream:remoteref) refs/heads/master refs/remotes/master [1ms]
[2022-10-20T23:15:23.159Z] > git remote --verbose [2ms]
[2022-10-20T23:15:23.159Z] > git for-each-ref --sort -committerdate --format %(refname) %(objectname) %(*objectname) [13ms]
[2022-10-20T23:15:23.171Z] > git config --get commit.template [1ms]
[2022-10-20T23:15:24.292Z] > git ls-files --stage -- /home/senac/meu-app-react/src/routes/root.jsx [1ms]
[2022-10-20T23:15:24.304Z] > git show --textconv :src/routes/root.jsx [1ms]
[2022-10-20T23:15:24.623Z] > git fetch [1513ms]
[2022-10-20T23:15:24.629Z] > git status -z -uall [1ms]
[2022-10-20T23:15:24.635Z] > git symbolic-ref --short HEAD [1ms]
[2022-10-20T23:15:24.641Z] > git for-each-ref --format=%(refname)%00%(upstream:short)%00%(objectname)%00%(upstream:track)%00%(upstream:remotename)%00%(upstream:remoteref) refs/heads/master refs/remotes/master [1ms]
[2022-10-20T23:15:24.652Z] > git remote --verbose [1ms]
[2022-10-20T23:15:24.652Z] > git for-each-ref --sort -committerdate --format %(refname) %(objectname) %(*objectname) [6ms]
[2022-10-20T23:15:24.660Z] > git config --get commit.template [1ms]
[2022-10-20T23:15:25.826Z] > git ls-files --stage -- /home/senac/meu-app-react/src/routes/root.jsx [0ms]
[2022-10-20T23:15:25.845Z] > git show --textconv :src/routes/root.jsx [1ms]
[2022-10-20T23:15:28.183Z] > git status -z -uall [2ms]
[2022-10-20T23:15:28.190Z] > git symbolic-ref --short HEAD [1ms]
[2022-10-20T23:15:28.196Z] > git for-each-ref --format=%(refname)%00%(upstream:short)%00%(objectname)%00%(upstream:track)%00%(upstream:remotename)%00%(upstream:remoteref) refs/heads/master refs/remotes/master [1ms]
[2022-10-20T23:15:28.207Z] > git remote --verbose [1ms]
[2022-10-20T23:15:28.207Z] > git for-each-ref --sort -committerdate --format %(refname) %(objectname) %(*objectname) [6ms]
[2022-10-20T23:15:28.215Z] > git config --get commit.template [0ms]
[2022-10-20T23:16:20.533Z] > git status -z -uall [1ms]
[2022-10-20T23:16:20.546Z] > git symbolic-ref --short HEAD [0ms]
[2022-10-20T23:16:20.557Z] > git for-each-ref --format=%(refname)%00%(upstream:short)%00%(objectname)%00%(upstream:track)%00%(upstream:remotename)%00%(upstream:remoteref) refs/heads/master refs/remotes/master [2ms]
[2022-10-20T23:16:20.570Z] > git remote --verbose [3ms]
[2022-10-20T23:16:20.570Z] > git for-each-ref --sort -committerdate --format %(refname) %(objectname) %(*objectname) [8ms]
[2022-10-20T23:16:20.579Z] > git config --get commit.template [0ms]
[2022-10-20T23:16:27.567Z] > git show --textconv :src/components/Login.jsx [9ms]
[2022-10-20T23:16:27.568Z] > git ls-files --stage -- /home/senac/meu-app-react/src/components/Login.jsx [4ms]
[2022-10-20T23:18:25.909Z] > git ls-files --stage -- /home/senac/meu-app-react/src/components/Login.jsx [1ms]
[2022-10-20T23:18:25.923Z] > git show --textconv :src/components/Login.jsx [0ms]
[2022-10-20T23:18:26.176Z] > git fetch [1507ms]
[2022-10-20T23:18:26.183Z] > git status -z -uall [1ms]
[2022-10-20T23:18:26.188Z] > git symbolic-ref --short HEAD [1ms]
[2022-10-20T23:18:26.195Z] > git for-each-ref --format=%(refname)%00%(upstream:short)%00%(objectname)%00%(upstream:track)%00%(upstream:remotename)%00%(upstream:remoteref) refs/heads/master refs/remotes/master [1ms]
[2022-10-20T23:18:26.205Z] > git remote --verbose [0ms]
[2022-10-20T23:18:26.206Z] > git for-each-ref --sort -committerdate --format %(refname) %(objectname) %(*objectname) [6ms]
[2022-10-20T23:18:26.215Z] > git config --get commit.template [1ms]
[2022-10-20T23:18:27.286Z] > git status -z -uall [3ms]
[2022-10-20T23:18:27.294Z] > git symbolic-ref --short HEAD [1ms]
[2022-10-20T23:18:27.301Z] > git for-each-ref --format=%(refname)%00%(upstream:short)%00%(objectname)%00%(upstream:track)%00%(upstream:remotename)%00%(upstream:remoteref) refs/heads/master refs/remotes/master [1ms]
[2022-10-20T23:18:27.312Z] > git remote --verbose [1ms]
[2022-10-20T23:18:27.312Z] > git for-each-ref --sort -committerdate --format %(refname) %(objectname) %(*objectname) [7ms]
[2022-10-20T23:18:27.320Z] > git config --get commit.template [0ms]
[2022-10-20T23:18:27.400Z] > git ls-files --stage -- /home/senac/meu-app-react/src/components/Login.jsx [0ms]
[2022-10-20T23:18:27.427Z] > git show --textconv :src/components/Login.jsx [1ms]
[2022-10-20T23:44:04.553Z] > git ls-files --stage -- /home/senac/meu-app-react/src/components/Login.jsx [1ms]
[2022-10-20T23:44:04.565Z] > git show --textconv :src/components/Login.jsx [0ms]
[2022-10-20T23:44:04.698Z] > git fetch [1346ms]
[2022-10-20T23:44:04.705Z] > git status -z -uall [2ms]
[2022-10-20T23:44:04.710Z] > git symbolic-ref --short HEAD [0ms]
[2022-10-20T23:44:04.718Z] > git for-each-ref --format=%(refname)%00%(upstream:short)%00%(objectname)%00%(upstream:track)%00%(upstream:remotename)%00%(upstream:remoteref) refs/heads/master refs/remotes/master [1ms]
[2022-10-20T23:44:04.729Z] > git remote --verbose [1ms]
[2022-10-20T23:44:04.729Z] > git for-each-ref --sort -committerdate --format %(refname) %(objectname) %(*objectname) [6ms]
[2022-10-20T23:44:04.737Z] > git config --get commit.template [0ms]
[2022-10-20T23:44:05.761Z] > git status -z -uall [1ms]
[2022-10-20T23:44:05.768Z] > git symbolic-ref --short HEAD [1ms]
[2022-10-20T23:44:05.774Z] > git for-each-ref --format=%(refname)%00%(upstream:short)%00%(objectname)%00%(upstream:track)%00%(upstream:remotename)%00%(upstream:remoteref) refs/heads/master refs/remotes/master [1ms]
[2022-10-20T23:44:05.785Z] > git remote --verbose [1ms]
[2022-10-20T23:44:05.785Z] > git for-each-ref --sort -committerdate --format %(refname) %(objectname) %(*objectname) [6ms]
[2022-10-20T23:44:05.793Z] > git config --get commit.template [0ms]
[2022-10-20T23:44:05.870Z] > git ls-files --stage -- /home/senac/meu-app-react/src/components/Login.jsx [0ms]
[2022-10-20T23:44:05.895Z] > git show --textconv :src/components/Login.jsx [0ms]
[2022-10-20T23:45:11.111Z] > git status -z -uall [2ms]
[2022-10-20T23:45:11.117Z] > git symbolic-ref --short HEAD [1ms]
[2022-10-20T23:45:11.124Z] > git for-each-ref --format=%(refname)%00%(upstream:short)%00%(objectname)%00%(upstream:track)%00%(upstream:remotename)%00%(upstream:remoteref) refs/heads/master refs/remotes/master [1ms]
[2022-10-20T23:45:11.134Z] > git remote --verbose [1ms]
[2022-10-20T23:45:11.134Z] > git for-each-ref --sort -committerdate --format %(refname) %(objectname) %(*objectname) [6ms]
[2022-10-20T23:45:11.142Z] > git config --get commit.template [0ms]
[2022-10-20T23:48:28.240Z] > git ls-files --stage -- /home/senac/meu-app-react/src/components/Login.jsx [1ms]
[2022-10-20T23:48:28.256Z] > git show --textconv :src/components/Login.jsx [1ms]
[2022-10-20T23:48:28.524Z] > git fetch [1472ms]
[2022-10-20T23:48:28.531Z] > git status -z -uall [2ms]
[2022-10-20T23:48:28.538Z] > git symbolic-ref --short HEAD [1ms]
[2022-10-20T23:48:28.545Z] > git for-each-ref --format=%(refname)%00%(upstream:short)%00%(objectname)%00%(upstream:track)%00%(upstream:remotename)%00%(upstream:remoteref) refs/heads/master refs/remotes/master [1ms]
[2022-10-20T23:48:28.560Z] > git remote --verbose [1ms]
[2022-10-20T23:48:28.560Z] > git for-each-ref --sort -committerdate --format %(refname) %(objectname) %(*objectname) [7ms]
[2022-10-20T23:48:28.577Z] > git config --get commit.template [3ms]
[2022-10-20T23:48:29.587Z] > git status -z -uall [1ms]
[2022-10-20T23:48:29.593Z] > git symbolic-ref --short HEAD [0ms]
[2022-10-20T23:48:29.600Z] > git for-each-ref --format=%(refname)%00%(upstream:short)%00%(objectname)%00%(upstream:track)%00%(upstream:remotename)%00%(upstream:remoteref) refs/heads/master refs/remotes/master [1ms]
[2022-10-20T23:48:29.611Z] > git remote --verbose [1ms]
[2022-10-20T23:48:29.611Z] > git for-each-ref --sort -committerdate --format %(refname) %(objectname) %(*objectname) [6ms]
[2022-10-20T23:48:29.619Z] > git config --get commit.template [1ms]
[2022-10-20T23:48:29.697Z] > git ls-files --stage -- /home/senac/meu-app-react/src/components/Login.jsx [1ms]
[2022-10-20T23:48:29.711Z] > git show --textconv :src/components/Login.jsx [1ms]
[2022-10-20T23:49:33.372Z] > git status -z -uall [4ms]
[2022-10-20T23:49:33.380Z] > git symbolic-ref --short HEAD [1ms]
[2022-10-20T23:49:33.390Z] > git for-each-ref --format=%(refname)%00%(upstream:short)%00%(objectname)%00%(upstream:track)%00%(upstream:remotename)%00%(upstream:remoteref) refs/heads/master refs/remotes/master [0ms]
[2022-10-20T23:49:33.406Z] > git remote --verbose [1ms]
[2022-10-20T23:49:33.406Z] > git for-each-ref --sort -committerdate --format %(refname) %(objectname) %(*objectname) [9ms]
[2022-10-20T23:49:33.419Z] > git config --get commit.template [1ms]
[2022-10-20T23:53:26.436Z] > git ls-files --stage -- /home/senac/meu-app-react/src/components/Login.jsx [3ms]
[2022-10-20T23:53:26.467Z] > git show --textconv :src/components/Login.jsx [2ms]
[2022-10-20T23:53:27.281Z] > git fetch [2111ms]
[2022-10-20T23:53:27.292Z] > git status -z -uall [5ms]
[2022-10-20T23:53:27.299Z] > git symbolic-ref --short HEAD [1ms]
[2022-10-20T23:53:27.319Z] > git for-each-ref --format=%(refname)%00%(upstream:short)%00%(objectname)%00%(upstream:track)%00%(upstream:remotename)%00%(upstream:remoteref) refs/heads/master refs/remotes/master [13ms]
[2022-10-20T23:53:27.334Z] > git for-each-ref --sort -committerdate --format %(refname) %(objectname) %(*objectname) [7ms]
[2022-10-20T23:53:27.334Z] > git remote --verbose [1ms]
[2022-10-20T23:53:27.345Z] > git config --get commit.template [2ms]
[2022-10-20T23:53:28.476Z] > git ls-files --stage -- /home/senac/meu-app-react/src/components/Login.jsx [0ms]
[2022-10-20T23:53:28.540Z] > git show --textconv :src/components/Login.jsx [1ms]
[2022-10-20T23:58:20.587Z] > git ls-files --stage -- /home/senac/meu-app-react/src/components/Login.jsx [1ms]
[2022-10-20T23:58:20.653Z] > git show --textconv :src/components/Login.jsx [2ms]
[2022-10-20T23:58:20.919Z] > git fetch [1535ms]
[2022-10-20T23:58:20.927Z] > git status -z -uall [3ms]
[2022-10-20T23:58:20.933Z] > git symbolic-ref --short HEAD [1ms]
[2022-10-20T23:58:20.940Z] > git for-each-ref --format=%(refname)%00%(upstream:short)%00%(objectname)%00%(upstream:track)%00%(upstream:remotename)%00%(upstream:remoteref) refs/heads/master refs/remotes/master [1ms]
[2022-10-20T23:58:20.957Z] > git remote --verbose [1ms]
[2022-10-20T23:58:20.957Z] > git for-each-ref --sort -committerdate --format %(refname) %(objectname) %(*objectname) [11ms]
[2022-10-20T23:58:20.965Z] > git config --get commit.template [0ms]
[2022-10-20T23:58:22.034Z] > git status -z -uall [1ms]
[2022-10-20T23:58:22.042Z] > git symbolic-ref --short HEAD [1ms]
[2022-10-20T23:58:22.049Z] > git for-each-ref --format=%(refname)%00%(upstream:short)%00%(objectname)%00%(upstream:track)%00%(upstream:remotename)%00%(upstream:remoteref) refs/heads/master refs/remotes/master [1ms]
[2022-10-20T23:58:22.061Z] > git remote --verbose [1ms]
[2022-10-20T23:58:22.062Z] > git for-each-ref --sort -committerdate --format %(refname) %(objectname) %(*objectname) [6ms]
[2022-10-20T23:58:22.077Z] > git config --get commit.template [2ms]
[2022-10-20T23:58:22.145Z] > git ls-files --stage -- /home/senac/meu-app-react/src/components/Login.jsx [1ms]
[2022-10-20T23:58:22.177Z] > git show --textconv :src/components/Login.jsx [1ms]
[2022-10-20T23:58:22.607Z] > git show --textconv :src/App.js [7ms]
[2022-10-20T23:58:22.608Z] > git ls-files --stage -- /home/senac/meu-app-react/src/App.js [2ms]
[2022-10-20T23:58:22.615Z] > git cat-file -s 6a0ffaca6bac1288d1ee4f618ef264bcb61893e1 [0ms]
[2022-10-20T23:58:24.395Z] > git show --textconv :src/index.js [7ms]
[2022-10-20T23:58:24.395Z] > git ls-files --stage -- /home/senac/meu-app-react/src/index.js [2ms]
[2022-10-20T23:58:24.402Z] > git cat-file -s d563c0fb10ba0e42724b21286eb546ee4e5734fc [1ms]
[2022-10-20T23:58:31.040Z] > git show --textconv :src/routes/root.jsx [7ms]
[2022-10-20T23:58:31.040Z] > git ls-files --stage -- /home/senac/meu-app-react/src/routes/root.jsx [1ms]
[2022-10-20T23:59:22.959Z] > git show --textconv :src/components/Login.jsx [12ms]
[2022-10-20T23:59:22.960Z] > git ls-files --stage -- /home/senac/meu-app-react/src/components/Login.jsx [4ms]
[2022-10-20T23:59:26.930Z] > git show --textconv :src/routes/root.jsx [5ms]
[2022-10-20T23:59:26.931Z] > git ls-files --stage -- /home/senac/meu-app-react/src/routes/root.jsx [1ms]
[2022-10-21T00:00:00.380Z] > git status -z -uall [5ms]
[2022-10-21T00:00:00.412Z] > git symbolic-ref --short HEAD [14ms]
[2022-10-21T00:00:00.455Z] > git for-each-ref --format=%(refname)%00%(upstream:short)%00%(objectname)%00%(upstream:track)%00%(upstream:remotename)%00%(upstream:remoteref) refs/heads/master refs/remotes/master [8ms]
[2022-10-21T00:00:00.509Z] > git for-each-ref --sort -committerdate --format %(refname) %(objectname) %(*objectname) [43ms]
[2022-10-21T00:00:00.509Z] > git remote --verbose [1ms]
[2022-10-21T00:00:00.535Z] > git config --get commit.template [3ms]
[2022-10-21T00:00:48.361Z] > git show --textconv :src/components/Login.jsx [41ms]
[2022-10-21T00:00:48.363Z] > git ls-files --stage -- /home/senac/meu-app-react/src/components/Login.jsx [36ms]
[2022-10-21T00:01:10.446Z] > git status -z -uall [21ms]
[2022-10-21T00:01:10.477Z] > git symbolic-ref --short HEAD [6ms]
[2022-10-21T00:01:10.531Z] > git for-each-ref --format=%(refname)%00%(upstream:short)%00%(objectname)%00%(upstream:track)%00%(upstream:remotename)%00%(upstream:remoteref) refs/heads/master refs/remotes/master [28ms]
[2022-10-21T00:01:10.566Z] > git for-each-ref --sort -committerdate --format %(refname) %(objectname) %(*objectname) [24ms]
[2022-10-21T00:01:10.572Z] > git remote --verbose [12ms]
[2022-10-21T00:01:10.614Z] > git config --get commit.template [15ms]
[2022-10-21T00:02:12.301Z] > git ls-files --stage -- /home/senac/meu-app-react/src/components/Login.jsx [1ms]
[2022-10-21T00:02:12.315Z] > git show --textconv :src/components/Login.jsx [1ms]
[2022-10-21T00:02:13.089Z] > git fetch [1984ms]
[2022-10-21T00:02:13.098Z] > git status -z -uall [2ms]
[2022-10-21T00:02:13.107Z] > git symbolic-ref --short HEAD [1ms]
[2022-10-21T00:02:13.116Z] > git for-each-ref --format=%(refname)%00%(upstream:short)%00%(objectname)%00%(upstream:track)%00%(upstream:remotename)%00%(upstream:remoteref) refs/heads/master refs/remotes/master [1ms]
[2022-10-21T00:02:13.148Z] > git for-each-ref --sort -committerdate --format %(refname) %(objectname) %(*objectname) [22ms]
[2022-10-21T00:02:13.149Z] > git remote --verbose [3ms]
[2022-10-21T00:02:13.450Z] > git config --get commit.template [11ms]
[2022-10-21T00:02:14.559Z] > git ls-files --stage -- /home/senac/meu-app-react/src/components/Login.jsx [1ms]
[2022-10-21T00:02:14.586Z] > git show --textconv :src/components/Login.jsx [1ms]
[2022-10-21T00:02:26.433Z] > git show --textconv :src/routes/root.jsx [8ms]
[2022-10-21T00:02:26.434Z] > git ls-files --stage -- /home/senac/meu-app-react/src/routes/root.jsx [1ms]
[2022-10-21T00:02:28.675Z] > git show --textconv :src/App.js [9ms]
[2022-10-21T00:02:28.676Z] > git ls-files --stage -- /home/senac/meu-app-react/src/App.js [2ms]
[2022-10-21T00:02:28.686Z] > git cat-file -s 6a0ffaca6bac1288d1ee4f618ef264bcb61893e1 [2ms]
[2022-10-21T00:02:29.910Z] > git show --textconv :src/index.js [9ms]
[2022-10-21T00:02:29.911Z] > git ls-files --stage -- /home/senac/meu-app-react/src/index.js [2ms]
[2022-10-21T00:02:29.918Z] > git cat-file -s d563c0fb10ba0e42724b21286eb546ee4e5734fc [1ms]
[2022-10-21T00:02:32.476Z] > git show --textconv :src/routes/root.jsx [7ms]
[2022-10-21T00:02:32.477Z] > git ls-files --stage -- /home/senac/meu-app-react/src/routes/root.jsx [1ms]
[2022-10-21T00:02:36.120Z] > git show --textconv :src/components/PageLayout.jsx [7ms]
[2022-10-21T00:02:36.120Z] > git ls-files --stage -- /home/senac/meu-app-react/src/components/PageLayout.jsx [1ms]
[2022-10-21T00:02:38.391Z] > git show --textconv :src/components/Login.jsx [7ms]
[2022-10-21T00:02:38.392Z] > git ls-files --stage -- /home/senac/meu-app-react/src/components/Login.jsx [1ms]
[2022-10-21T00:09:53.760Z] > git fetch [1591ms]
[2022-10-21T00:09:53.767Z] > git status -z -uall [1ms]
[2022-10-21T00:09:53.780Z] > git symbolic-ref --short HEAD [1ms]
[2022-10-21T00:09:53.791Z] > git for-each-ref --format=%(refname)%00%(upstream:short)%00%(objectname)%00%(upstream:track)%00%(upstream:remotename)%00%(upstream:remoteref) refs/heads/master refs/remotes/master [2ms]
[2022-10-21T00:09:53.815Z] > git remote --verbose [2ms]
[2022-10-21T00:09:53.815Z] > git for-each-ref --sort -committerdate --format %(refname) %(objectname) %(*objectname) [13ms]
[2022-10-21T00:09:53.828Z] > git config --get commit.template [1ms]
[2022-10-21T00:12:14.302Z] > git ls-files --stage -- /home/senac/meu-app-react/src/components/Login.jsx [2ms]
[2022-10-21T00:12:14.358Z] > git show --textconv :src/components/Login.jsx [1ms]
[2022-10-21T00:12:55.017Z] > git ls-files --stage -- /home/senac/meu-app-react/src/components/Login.jsx [2ms]
[2022-10-21T00:12:55.077Z] > git show --textconv :src/components/Login.jsx [0ms]
[2022-10-21T00:12:55.316Z] > git fetch [1478ms]
[2022-10-21T00:12:55.325Z] > git status -z -uall [1ms]
[2022-10-21T00:12:55.330Z] > git symbolic-ref --short HEAD [1ms]
[2022-10-21T00:12:55.339Z] > git for-each-ref --format=%(refname)%00%(upstream:short)%00%(objectname)%00%(upstream:track)%00%(upstream:remotename)%00%(upstream:remoteref) refs/heads/master refs/remotes/master [1ms]
[2022-10-21T00:12:55.351Z] > git for-each-ref --sort -committerdate --format %(refname) %(objectname) %(*objectname) [7ms]
[2022-10-21T00:12:55.352Z] > git remote --verbose [3ms]
[2022-10-21T00:12:55.360Z] > git config --get commit.template [0ms]
[2022-10-21T00:13:05.279Z] > git status -z -uall [2ms]
[2022-10-21T00:13:05.292Z] > git symbolic-ref --short HEAD [2ms]
[2022-10-21T00:13:05.299Z] > git for-each-ref --format=%(refname)%00%(upstream:short)%00%(objectname)%00%(upstream:track)%00%(upstream:remotename)%00%(upstream:remoteref) refs/heads/master refs/remotes/master [1ms]
[2022-10-21T00:13:05.311Z] > git remote --verbose [1ms]
[2022-10-21T00:13:05.312Z] > git for-each-ref --sort -committerdate --format %(refname) %(objectname) %(*objectname) [7ms]
[2022-10-21T00:13:05.328Z] > git config --get commit.template [8ms]
[2022-10-21T00:13:05.329Z] > git ls-files --stage -- /home/senac/meu-app-react/src/components/Login.jsx [2ms]
[2022-10-21T00:13:05.387Z] > git show --textconv :src/components/Login.jsx [0ms]
[2022-10-21T00:13:43.165Z] > git status -z -uall [2ms]
[2022-10-21T00:13:43.175Z] > git symbolic-ref --short HEAD [1ms]
[2022-10-21T00:13:43.181Z] > git for-each-ref --format=%(refname)%00%(upstream:short)%00%(objectname)%00%(upstream:track)%00%(upstream:remotename)%00%(upstream:remoteref) refs/heads/master refs/remotes/master [1ms]
[2022-10-21T00:13:43.193Z] > git for-each-ref --sort -committerdate --format %(refname) %(objectname) %(*objectname) [5ms]
[2022-10-21T00:13:43.194Z] > git remote --verbose [1ms]
[2022-10-21T00:13:43.202Z] > git config --get commit.template [2ms]
[2022-10-21T00:14:07.174Z] > git status -z -uall [2ms]
[2022-10-21T00:14:07.180Z] > git symbolic-ref --short HEAD [0ms]
[2022-10-21T00:14:07.191Z] > git for-each-ref --format=%(refname)%00%(upstream:short)%00%(objectname)%00%(upstream:track)%00%(upstream:remotename)%00%(upstream:remoteref) refs/heads/master refs/remotes/master [2ms]
[2022-10-21T00:14:07.209Z] > git for-each-ref --sort -committerdate --format %(refname) %(objectname) %(*objectname) [8ms]
[2022-10-21T00:14:07.209Z] > git remote --verbose [1ms]
[2022-10-21T00:14:07.222Z] > git config --get commit.template [1ms]
[2022-10-21T00:15:26.120Z] > git show --textconv :src/routes/root.jsx [6ms]
[2022-10-21T00:15:26.121Z] > git ls-files --stage -- /home/senac/meu-app-react/src/routes/root.jsx [2ms]
[2022-10-21T00:15:31.792Z] > git show --textconv :src/App.js [7ms]
[2022-10-21T00:15:31.792Z] > git ls-files --stage -- /home/senac/meu-app-react/src/App.js [1ms]
[2022-10-21T00:15:31.799Z] > git cat-file -s 6a0ffaca6bac1288d1ee4f618ef264bcb61893e1 [1ms]
[2022-10-21T00:15:34.976Z] > git show --textconv :src/App.css [5ms]
[2022-10-21T00:15:34.977Z] > git ls-files --stage -- /home/senac/meu-app-react/src/App.css [1ms]
[2022-10-21T00:15:34.983Z] > git cat-file -s 74b5e053450a48a6bdb4d71aad648e7af821975c [1ms]
[2022-10-21T00:16:31.740Z] > git ls-files --stage -- /home/senac/meu-app-react/src/App.css [2ms]
[2022-10-21T00:16:31.747Z] > git cat-file -s 74b5e053450a48a6bdb4d71aad648e7af821975c [1ms]
[2022-10-21T00:16:31.809Z] > git show --textconv :src/App.css [1ms]
[2022-10-21T00:16:31.989Z] > git fetch [1519ms]
[2022-10-21T00:16:31.995Z] > git status -z -uall [1ms]
[2022-10-21T00:16:32.005Z] > git symbolic-ref --short HEAD [1ms]
[2022-10-21T00:16:32.011Z] > git for-each-ref --format=%(refname)%00%(upstream:short)%00%(objectname)%00%(upstream:track)%00%(upstream:remotename)%00%(upstream:remoteref) refs/heads/master refs/remotes/master [1ms]
[2022-10-21T00:16:32.024Z] > git remote --verbose [1ms]
[2022-10-21T00:16:32.024Z] > git for-each-ref --sort -committerdate --format %(refname) %(objectname) %(*objectname) [6ms]
[2022-10-21T00:16:32.034Z] > git config --get commit.template [0ms]
[2022-10-21T00:16:33.050Z] > git status -z -uall [1ms]
[2022-10-21T00:16:33.056Z] > git symbolic-ref --short HEAD [1ms]
[2022-10-21T00:16:33.063Z] > git for-each-ref --format=%(refname)%00%(upstream:short)%00%(objectname)%00%(upstream:track)%00%(upstream:remotename)%00%(upstream:remoteref) refs/heads/master refs/remotes/master [1ms]
[2022-10-21T00:16:33.073Z] > git remote --verbose [1ms]
[2022-10-21T00:16:33.074Z] > git for-each-ref --sort -committerdate --format %(refname) %(objectname) %(*objectname) [6ms]
[2022-10-21T00:16:33.081Z] > git config --get commit.template [1ms]
[2022-10-21T00:16:33.160Z] > git ls-files --stage -- /home/senac/meu-app-react/src/App.css [1ms]
[2022-10-21T00:16:33.167Z] > git cat-file -s 74b5e053450a48a6bdb4d71aad648e7af821975c [1ms]
[2022-10-21T00:16:33.189Z] > git show --textconv :src/App.css [2ms]
[2022-10-21T00:16:34.821Z] > git show --textconv :src/App.js [6ms]
[2022-10-21T00:16:34.822Z] > git ls-files --stage -- /home/senac/meu-app-react/src/App.js [1ms]
[2022-10-21T00:16:34.829Z] > git cat-file -s 6a0ffaca6bac1288d1ee4f618ef264bcb61893e1 [1ms]
[2022-10-21T00:16:48.303Z] > git status -z -uall [1ms]
[2022-10-21T00:16:48.310Z] > git symbolic-ref --short HEAD [1ms]
[2022-10-21T00:16:48.318Z] > git for-each-ref --format=%(refname)%00%(upstream:short)%00%(objectname)%00%(upstream:track)%00%(upstream:remotename)%00%(upstream:remoteref) refs/heads/master refs/remotes/master [1ms]
[2022-10-21T00:16:48.330Z] > git for-each-ref --sort -committerdate --format %(refname) %(objectname) %(*objectname) [8ms]
[2022-10-21T00:16:48.330Z] > git remote --verbose [2ms]
[2022-10-21T00:16:48.338Z] > git config --get commit.template [1ms]
[2022-10-21T00:17:47.920Z] > git status -z -uall [1ms]
[2022-10-21T00:17:47.929Z] > git symbolic-ref --short HEAD [2ms]
[2022-10-21T00:17:47.936Z] > git for-each-ref --format=%(refname)%00%(upstream:short)%00%(objectname)%00%(upstream:track)%00%(upstream:remotename)%00%(upstream:remoteref) refs/heads/master refs/remotes/master [1ms]
[2022-10-21T00:17:47.950Z] > git remote --verbose [1ms]
[2022-10-21T00:17:47.950Z] > git for-each-ref --sort -committerdate --format %(refname) %(objectname) %(*objectname) [9ms]
[2022-10-21T00:17:47.961Z] > git config --get commit.template [2ms]
[2022-10-21T00:18:54.520Z] > git status -z -uall [2ms]
[2022-10-21T00:18:54.531Z] > git symbolic-ref --short HEAD [2ms]
[2022-10-21T00:18:54.538Z] > git for-each-ref --format=%(refname)%00%(upstream:short)%00%(objectname)%00%(upstream:track)%00%(upstream:remotename)%00%(upstream:remoteref) refs/heads/master refs/remotes/master [1ms]
[2022-10-21T00:18:54.553Z] > git remote --verbose [1ms]
[2022-10-21T00:18:54.553Z] > git for-each-ref --sort -committerdate --format %(refname) %(objectname) %(*objectname) [6ms]
[2022-10-21T00:18:54.563Z] > git config --get commit.template [1ms]
[2022-10-21T00:18:56.075Z] > git show --textconv :src/routes/root.jsx [11ms]
[2022-10-21T00:18:56.075Z] > git ls-files --stage -- /home/senac/meu-app-react/src/routes/root.jsx [2ms]
[2022-10-21T00:19:19.093Z] > git status -z -uall [2ms]
[2022-10-21T00:19:19.100Z] > git symbolic-ref --short HEAD [1ms]
[2022-10-21T00:19:19.107Z] > git for-each-ref --format=%(refname)%00%(upstream:short)%00%(objectname)%00%(upstream:track)%00%(upstream:remotename)%00%(upstream:remoteref) refs/heads/master refs/remotes/master [1ms]
[2022-10-21T00:19:19.118Z] > git remote --verbose [1ms]
[2022-10-21T00:19:19.118Z] > git for-each-ref --sort -committerdate --format %(refname) %(objectname) %(*objectname) [6ms]
[2022-10-21T00:19:19.128Z] > git config --get commit.template [1ms]
[2022-10-21T00:19:22.330Z] > git show --textconv :src/components/Login.jsx [9ms]
[2022-10-21T00:19:22.331Z] > git ls-files --stage -- /home/senac/meu-app-react/src/components/Login.jsx [2ms]
[2022-10-21T00:19:33.227Z] > git ls-files --stage -- /home/senac/meu-app-react/src/components/Login.jsx [2ms]
[2022-10-21T00:19:33.279Z] > git show --textconv :src/components/Login.jsx [0ms]
[2022-10-21T00:19:33.456Z] > git fetch [1413ms]
[2022-10-21T00:19:33.462Z] > git status -z -uall [0ms]
[2022-10-21T00:19:33.468Z] > git symbolic-ref --short HEAD [1ms]
[2022-10-21T00:19:33.474Z] > git for-each-ref --format=%(refname)%00%(upstream:short)%00%(objectname)%00%(upstream:track)%00%(upstream:remotename)%00%(upstream:remoteref) refs/heads/master refs/remotes/master [1ms]
[2022-10-21T00:19:33.485Z] > git remote --verbose [1ms]
[2022-10-21T00:19:33.485Z] > git for-each-ref --sort -committerdate --format %(refname) %(objectname) %(*objectname) [6ms]
[2022-10-21T00:19:33.493Z] > git config --get commit.template [0ms]
[2022-10-21T00:19:34.549Z] > git status -z -uall [1ms]
[2022-10-21T00:19:34.557Z] > git symbolic-ref --short HEAD [0ms]
[2022-10-21T00:19:34.565Z] > git for-each-ref --format=%(refname)%00%(upstream:short)%00%(objectname)%00%(upstream:track)%00%(upstream:remotename)%00%(upstream:remoteref) refs/heads/master refs/remotes/master [1ms]
[2022-10-21T00:19:34.576Z] > git remote --verbose [1ms]
[2022-10-21T00:19:34.576Z] > git for-each-ref --sort -committerdate --format %(refname) %(objectname) %(*objectname) [7ms]
[2022-10-21T00:19:34.588Z] > git config --get commit.template [1ms]
[2022-10-21T00:19:35.316Z] > git ls-files --stage -- /home/senac/meu-app-react/src/components/Login.jsx [2ms]
[2022-10-21T00:19:35.331Z] > git show --textconv :src/components/Login.jsx [1ms]
[2022-10-21T00:20:56.429Z] > git show --textconv :src/routes/root.jsx [7ms]
[2022-10-21T00:20:56.430Z] > git ls-files --stage -- /home/senac/meu-app-react/src/routes/root.jsx [2ms]
[2022-10-21T00:20:57.250Z] > git status -z -uall [2ms]
[2022-10-21T00:20:57.256Z] > git symbolic-ref --short HEAD [1ms]
[2022-10-21T00:20:57.264Z] > git for-each-ref --format=%(refname)%00%(upstream:short)%00%(objectname)%00%(upstream:track)%00%(upstream:remotename)%00%(upstream:remoteref) refs/heads/master refs/remotes/master [1ms]
[2022-10-21T00:20:57.278Z] > git for-each-ref --sort -committerdate --format %(refname) %(objectname) %(*objectname) [9ms]
[2022-10-21T00:20:57.279Z] > git remote --verbose [2ms]
[2022-10-21T00:20:57.292Z] > git config --get commit.template [1ms]
[2022-10-21T00:21:02.305Z] > git status -z -uall [2ms]
[2022-10-21T00:21:02.313Z] > git symbolic-ref --short HEAD [1ms]
[2022-10-21T00:21:02.330Z] > git show --textconv :src/index.js [5ms]
[2022-10-21T00:21:02.330Z] > git for-each-ref --format=%(refname)%00%(upstream:short)%00%(objectname)%00%(upstream:track)%00%(upstream:remotename)%00%(upstream:remoteref) refs/heads/master refs/remotes/master [11ms]
[2022-10-21T00:21:02.357Z] > git remote --verbose [3ms]
[2022-10-21T00:21:02.357Z] > git for-each-ref --sort -committerdate --format %(refname) %(objectname) %(*objectname) [17ms]
[2022-10-21T00:21:02.359Z] > git ls-files --stage -- /home/senac/meu-app-react/src/index.js [30ms]
[2022-10-21T00:21:02.371Z] > git config --get commit.template [2ms]
[2022-10-21T00:21:02.373Z] > git cat-file -s d563c0fb10ba0e42724b21286eb546ee4e5734fc [10ms]
[2022-10-21T00:21:07.747Z] > git show --textconv :src/routes/root.jsx [14ms]
[2022-10-21T00:21:07.752Z] > git ls-files --stage -- /home/senac/meu-app-react/src/routes/root.jsx [8ms]
[2022-10-21T00:21:26.423Z] > git show --textconv :src/components/Login.jsx [6ms]
[2022-10-21T00:21:26.423Z] > git ls-files --stage -- /home/senac/meu-app-react/src/components/Login.jsx [1ms]
[2022-10-21T00:21:27.182Z] > git status -z -uall [1ms]
[2022-10-21T00:21:27.188Z] > git symbolic-ref --short HEAD [1ms]
[2022-10-21T00:21:27.198Z] > git for-each-ref --format=%(refname)%00%(upstream:short)%00%(objectname)%00%(upstream:track)%00%(upstream:remotename)%00%(upstream:remoteref) refs/heads/master refs/remotes/master [1ms]
[2022-10-21T00:21:27.213Z] > git remote --verbose [2ms]
[2022-10-21T00:21:27.213Z] > git for-each-ref --sort -committerdate --format %(refname) %(objectname) %(*objectname) [9ms]
[2022-10-21T00:21:27.224Z] > git config --get commit.template [3ms]
[2022-10-21T00:21:28.927Z] > git show --textconv :src/App.css [7ms]
[2022-10-21T00:21:28.928Z] > git ls-files --stage -- /home/senac/meu-app-react/src/App.css [2ms]
[2022-10-21T00:21:28.937Z] > git cat-file -s 74b5e053450a48a6bdb4d71aad648e7af821975c [0ms]
[2022-10-21T00:21:38.060Z] > git status -z -uall [1ms]
[2022-10-21T00:21:38.066Z] > git symbolic-ref --short HEAD [0ms]
[2022-10-21T00:21:38.073Z] > git for-each-ref --format=%(refname)%00%(upstream:short)%00%(objectname)%00%(upstream:track)%00%(upstream:remotename)%00%(upstream:remoteref) refs/heads/master refs/remotes/master [1ms]
[2022-10-21T00:21:38.082Z] > git remote --verbose [0ms]
[2022-10-21T00:21:38.083Z] > git for-each-ref --sort -committerdate --format %(refname) %(objectname) %(*objectname) [6ms]
[2022-10-21T00:21:38.091Z] > git config --get commit.template [0ms]
[2022-10-21T00:22:34.712Z] > git ls-files --stage -- /home/senac/meu-app-react/src/App.css [1ms]
[2022-10-21T00:22:34.720Z] > git cat-file -s 74b5e053450a48a6bdb4d71aad648e7af821975c [1ms]
[2022-10-21T00:22:34.732Z] > git show --textconv :src/App.css [0ms]
[2022-10-21T00:22:34.907Z] > git fetch [1403ms]
[2022-10-21T00:22:34.913Z] > git status -z -uall [1ms]
[2022-10-21T00:22:34.918Z] > git symbolic-ref --short HEAD [1ms]
[2022-10-21T00:22:34.924Z] > git for-each-ref --format=%(refname)%00%(upstream:short)%00%(objectname)%00%(upstream:track)%00%(upstream:remotename)%00%(upstream:remoteref) refs/heads/master refs/remotes/master [1ms]
[2022-10-21T00:22:34.934Z] > git remote --verbose [1ms]
[2022-10-21T00:22:34.934Z] > git for-each-ref --sort -committerdate --format %(refname) %(objectname) %(*objectname) [5ms]
[2022-10-21T00:22:34.944Z] > git config --get commit.template [0ms]
[2022-10-21T00:22:35.270Z] > git show --textconv :src/components/PageLayout.jsx [5ms]
[2022-10-21T00:22:35.271Z] > git ls-files --stage -- /home/senac/meu-app-react/src/components/PageLayout.jsx [2ms]
[2022-10-21T00:22:36.024Z] > git status -z -uall [2ms]
[2022-10-21T00:22:36.030Z] > git symbolic-ref --short HEAD [1ms]
[2022-10-21T00:22:36.037Z] > git for-each-ref --format=%(refname)%00%(upstream:short)%00%(objectname)%00%(upstream:track)%00%(upstream:remotename)%00%(upstream:remoteref) refs/heads/master refs/remotes/master [1ms]
[2022-10-21T00:22:36.047Z] > git remote --verbose [1ms]
[2022-10-21T00:22:36.047Z] > git for-each-ref --sort -committerdate --format %(refname) %(objectname) %(*objectname) [5ms]
[2022-10-21T00:22:36.055Z] > git config --get commit.template [1ms]
[2022-10-21T00:22:36.133Z] > git ls-files --stage -- /home/senac/meu-app-react/src/components/PageLayout.jsx [1ms]
[2022-10-21T00:22:36.145Z] > git show --textconv :src/components/PageLayout.jsx [1ms]
[2022-10-21T00:22:51.861Z] > git show --textconv :src/components/Login.jsx [6ms]
[2022-10-21T00:22:51.862Z] > git ls-files --stage -- /home/senac/meu-app-react/src/components/Login.jsx [1ms]
[2022-10-21T00:23:13.109Z] > git show --textconv :src/App.css [9ms]
[2022-10-21T00:23:13.110Z] > git ls-files --stage -- /home/senac/meu-app-react/src/App.css [1ms]
[2022-10-21T00:23:13.117Z] > git cat-file -s 74b5e053450a48a6bdb4d71aad648e7af821975c [1ms]
[2022-10-21T00:23:15.530Z] > git show --textconv :src/components/Login.jsx [10ms]
[2022-10-21T00:23:15.530Z] > git ls-files --stage -- /home/senac/meu-app-react/src/components/Login.jsx [2ms]
[2022-10-21T00:23:16.343Z] > git show --textconv :src/App.js [10ms]
[2022-10-21T00:23:16.344Z] > git ls-files --stage -- /home/senac/meu-app-react/src/App.js [1ms]
[2022-10-21T00:23:16.353Z] > git cat-file -s 6a0ffaca6bac1288d1ee4f618ef264bcb61893e1 [3ms]
[2022-10-21T00:23:30.398Z] > git show --textconv :src/index.js [6ms]
[2022-10-21T00:23:30.399Z] > git ls-files --stage -- /home/senac/meu-app-react/src/index.js [2ms]
[2022-10-21T00:23:30.408Z] > git cat-file -s d563c0fb10ba0e42724b21286eb546ee4e5734fc [3ms]
[2022-10-21T00:23:37.396Z] > git show --textconv :src/App.js [5ms]
[2022-10-21T00:23:37.397Z] > git ls-files --stage -- /home/senac/meu-app-react/src/App.js [1ms]
[2022-10-21T00:23:37.406Z] > git cat-file -s 6a0ffaca6bac1288d1ee4f618ef264bcb61893e1 [1ms]
[2022-10-21T00:23:40.843Z] > git show --textconv :src/components/Login.jsx [5ms]
[2022-10-21T00:23:40.844Z] > git ls-files --stage -- /home/senac/meu-app-react/src/components/Login.jsx [1ms]
[2022-10-21T00:23:41.825Z] > git show --textconv :src/components/PageLayout.jsx [10ms]
[2022-10-21T00:23:41.826Z] > git ls-files --stage -- /home/senac/meu-app-react/src/components/PageLayout.jsx [1ms]
[2022-10-21T00:24:23.853Z] > git show --textconv :src/components/Login.jsx [7ms]
[2022-10-21T00:24:23.853Z] > git ls-files --stage -- /home/senac/meu-app-react/src/components/Login.jsx [1ms]
[2022-10-21T00:24:51.971Z] > git status -z -uall [1ms]
[2022-10-21T00:24:51.980Z] > git symbolic-ref --short HEAD [1ms]
[2022-10-21T00:24:51.987Z] > git for-each-ref --format=%(refname)%00%(upstream:short)%00%(objectname)%00%(upstream:track)%00%(upstream:remotename)%00%(upstream:remoteref) refs/heads/master refs/remotes/master [1ms]
[2022-10-21T00:24:51.999Z] > git remote --verbose [1ms]
[2022-10-21T00:24:52.000Z] > git for-each-ref --sort -committerdate --format %(refname) %(objectname) %(*objectname) [7ms]
[2022-10-21T00:24:52.007Z] > git config --get commit.template [0ms]
[2022-10-21T00:25:41.642Z] > git ls-files --stage -- /home/senac/meu-app-react/src/components/Login.jsx [1ms]
[2022-10-21T00:25:41.704Z] > git show --textconv :src/components/Login.jsx [4ms]
[2022-10-21T00:25:41.949Z] > git fetch [1528ms]
[2022-10-21T00:25:41.955Z] > git status -z -uall [1ms]
[2022-10-21T00:25:41.960Z] > git symbolic-ref --short HEAD [0ms]
[2022-10-21T00:25:41.966Z] > git for-each-ref --format=%(refname)%00%(upstream:short)%00%(objectname)%00%(upstream:track)%00%(upstream:remotename)%00%(upstream:remoteref) refs/heads/master refs/remotes/master [1ms]
[2022-10-21T00:25:41.985Z] > git remote --verbose [1ms]
[2022-10-21T00:25:41.985Z] > git for-each-ref --sort -committerdate --format %(refname) %(objectname) %(*objectname) [14ms]
[2022-10-21T00:25:42.004Z] > git config --get commit.template [1ms]
[2022-10-21T00:25:43.025Z] > git status -z -uall [2ms]
[2022-10-21T00:25:43.039Z] > git symbolic-ref --short HEAD [1ms]
[2022-10-21T00:25:43.048Z] > git for-each-ref --format=%(refname)%00%(upstream:short)%00%(objectname)%00%(upstream:track)%00%(upstream:remotename)%00%(upstream:remoteref) refs/heads/master refs/remotes/master [1ms]
[2022-10-21T00:25:43.061Z] > git remote --verbose [1ms]
[2022-10-21T00:25:43.062Z] > git for-each-ref --sort -committerdate --format %(refname) %(objectname) %(*objectname) [6ms]
[2022-10-21T00:25:43.070Z] > git config --get commit.template [2ms]
[2022-10-21T00:25:43.127Z] > git ls-files --stage -- /home/senac/meu-app-react/src/components/Login.jsx [1ms]
[2022-10-21T00:25:43.174Z] > git show --textconv :src/components/Login.jsx [1ms]
[2022-10-21T00:25:43.498Z] > git show --textconv :src/routes/root.jsx [5ms]
[2022-10-21T00:25:43.499Z] > git ls-files --stage -- /home/senac/meu-app-react/src/routes/root.jsx [2ms]
[2022-10-21T00:26:51.411Z] > git status -z -uall [7ms]
[2022-10-21T00:26:51.426Z] > git symbolic-ref --short HEAD [3ms]
[2022-10-21T00:26:51.445Z] > git for-each-ref --format=%(refname)%00%(upstream:short)%00%(objectname)%00%(upstream:track)%00%(upstream:remotename)%00%(upstream:remoteref) refs/heads/master refs/remotes/master [7ms]
[2022-10-21T00:26:51.467Z] > git for-each-ref --sort -committerdate --format %(refname) %(objectname) %(*objectname) [10ms]
[2022-10-21T00:26:51.468Z] > git remote --verbose [2ms]
[2022-10-21T00:26:51.487Z] > git config --get commit.template [4ms]
[2022-10-21T00:55:51.305Z] > git ls-files --stage -- /home/senac/meu-app-react/src/routes/root.jsx [2ms]
[2022-10-21T00:55:51.330Z] > git show --textconv :src/routes/root.jsx [2ms]
[2022-10-21T00:55:51.622Z] > git fetch [1554ms]
[2022-10-21T00:55:51.634Z] > git status -z -uall [5ms]
[2022-10-21T00:55:51.644Z] > git symbolic-ref --short HEAD [1ms]
[2022-10-21T00:55:51.674Z] > git for-each-ref --format=%(refname)%00%(upstream:short)%00%(objectname)%00%(upstream:track)%00%(upstream:remotename)%00%(upstream:remoteref) refs/heads/master refs/remotes/master [8ms]
[2022-10-21T00:55:51.715Z] > git remote --verbose [7ms]
[2022-10-21T00:55:51.717Z] > git for-each-ref --sort -committerdate --format %(refname) %(objectname) %(*objectname) [28ms]
[2022-10-21T00:55:51.736Z] > git config --get commit.template [2ms]
[2022-10-21T00:57:02.370Z] > git ls-files --stage -- /home/senac/meu-app-react/src/routes/root.jsx [1ms]
[2022-10-21T00:57:02.385Z] > git show --textconv :src/routes/root.jsx [1ms]
