["INFO" - 7:19:47 PM] Extension Name: esbenp.prettier-vscode.
["INFO" - 7:19:47 PM] Extension Version: 9.9.0.
["INFO" - 8:07:17 PM] Formatting file:///home/senac/meu-app-react/src/App.css
["INFO" - 8:07:17 PM] Using ignore file (if present) at /home/senac/meu-app-react/.prettierignore
["INFO" - 8:07:17 PM] File Info:
{
  "ignored": false,
  "inferredParser": "css"
}
["INFO" - 8:07:17 PM] No local configuration (i.e. .prettierrc or .editorconfig) detected, falling back to VS Code configuration
["INFO" - 8:07:17 PM] Prettier Options:
{
  "arrowParens": "always",
  "bracketSpacing": true,
  "endOfLine": "lf",
  "htmlWhitespaceSensitivity": "css",
  "insertPragma": false,
  "singleAttributePerLine": false,
  "bracketSameLine": false,
  "jsxBracketSameLine": false,
  "jsxSingleQuote": false,
  "printWidth": 80,
  "proseWrap": "preserve",
  "quoteProps": "as-needed",
  "requirePragma": false,
  "semi": true,
  "singleQuote": false,
  "tabWidth": 2,
  "trailingComma": "es5",
  "useTabs": false,
  "vueIndentScriptAndStyle": false,
  "filepath": "/home/senac/meu-app-react/src/App.css",
  "parser": "css"
}
["INFO" - 8:07:17 PM] Formatting completed in 96ms.
