0 verbose cli /home/senac/.nvm/versions/node/v18.12.1/bin/node /home/senac/.nvm/versions/node/v18.12.1/bin/npm
1 info using npm@8.19.3
2 info using node@v18.12.1
3 timing npm:load:whichnode Completed in 0ms
4 timing config:load:defaults Completed in 3ms
5 timing config:load:file:/home/senac/.nvm/versions/node/v18.12.1/lib/node_modules/npm/npmrc Completed in 2ms
6 timing config:load:builtin Completed in 2ms
7 timing config:load:cli Completed in 2ms
8 timing config:load:env Completed in 1ms
9 timing config:load:file:/home/senac/.cache/typescript/4.8/.npmrc Completed in 0ms
10 timing config:load:project Completed in 15ms
11 timing config:load:file:/home/senac/.npmrc Completed in 1ms
12 timing config:load:user Completed in 1ms
13 timing config:load:file:/home/senac/.nvm/versions/node/v18.12.1/etc/npmrc Completed in 1ms
14 timing config:load:global Completed in 1ms
15 timing config:load:validate Completed in 0ms
16 timing config:load:credentials Completed in 2ms
17 timing config:load:setEnvs Completed in 1ms
18 timing config:load Completed in 29ms
19 timing npm:load:configload Completed in 29ms
20 timing npm:load:mkdirpcache Completed in 1ms
21 timing npm:load:mkdirplogs Completed in 1ms
22 verbose title npm install types-registry@latest
23 verbose argv "install" "--ignore-scripts" "types-registry@latest"
24 timing npm:load:setTitle Completed in 1ms
25 timing config:load:flatten Completed in 3ms
26 timing npm:load:display Completed in 5ms
27 verbose logfile logs-max:10 dir:/home/senac/.npm/_logs
28 verbose logfile /home/senac/.npm/_logs/2022-11-05T15_22_31_302Z-debug-0.log
29 timing npm:load:logFile Completed in 7ms
30 timing npm:load:timers Completed in 0ms
31 timing npm:load:configScope Completed in 0ms
32 timing npm:load Completed in 44ms
33 timing arborist:ctor Completed in 2ms
34 silly logfile start cleaning logs, removing 2 files
35 silly logfile done cleaning log files
36 timing idealTree:init Completed in 230ms
37 timing arborist:ctor Completed in 0ms
38 http fetch GET 200 https://registry.npmjs.org/types-registry 359ms (cache updated)
39 timing idealTree:userRequests Completed in 370ms
40 silly idealTree buildDeps
41 silly fetch manifest types-registry@0.1.616
42 silly placeDep ROOT types-registry@0.1.616 REPLACE for:  want: 0.1.616
43 timing idealTree:#root Completed in 7ms
44 timing idealTree:node_modules/types-registry Completed in 0ms
45 timing idealTree:buildDeps Completed in 9ms
46 timing idealTree:fixDepFlags Completed in 1ms
47 timing idealTree Completed in 613ms
48 timing reify:loadTrees Completed in 615ms
49 timing reify:diffTrees Completed in 7ms
50 silly reify mark retired [ '/home/senac/.cache/typescript/4.8/node_modules/@types/bootstrap' ]
51 silly reify mark retired [ '/home/senac/.cache/typescript/4.8/node_modules/@types/react' ]
52 silly reify mark retired [ '/home/senac/.cache/typescript/4.8/node_modules/@types/react-dom' ]
53 silly reify mark retired [
53 silly reify   '/home/senac/.cache/typescript/4.8/node_modules/@types/react-native'
53 silly reify ]
54 silly reify moves {
54 silly reify   '/home/senac/.cache/typescript/4.8/node_modules/@types/bootstrap': '/home/senac/.cache/typescript/4.8/node_modules/@types/.bootstrap-Ra9JBjn8',
54 silly reify   '/home/senac/.cache/typescript/4.8/node_modules/@types/react': '/home/senac/.cache/typescript/4.8/node_modules/@types/.react-wChMDjpG',
54 silly reify   '/home/senac/.cache/typescript/4.8/node_modules/@types/react-dom': '/home/senac/.cache/typescript/4.8/node_modules/@types/.react-dom-ePWGH97S',
54 silly reify   '/home/senac/.cache/typescript/4.8/node_modules/@types/react-native': '/home/senac/.cache/typescript/4.8/node_modules/@types/.react-native-uwWOJnKY'
54 silly reify }
55 timing reify:retireShallow Completed in 9ms
56 timing reify:createSparse Completed in 2ms
57 timing reify:loadBundles Completed in 0ms
58 silly audit bulk request {
58 silly audit   '@babel/code-frame': [ '7.18.6' ],
58 silly audit   '@babel/helper-string-parser': [ '7.18.10' ],
58 silly audit   '@babel/helper-validator-identifier': [ '7.18.6' ],
58 silly audit   '@babel/highlight': [ '7.18.6' ],
58 silly audit   'ansi-styles': [ '3.2.1', '4.3.0', '5.2.0' ],
58 silly audit   chalk: [ '2.4.2', '4.1.2' ],
58 silly audit   'color-convert': [ '1.9.3', '2.0.1' ],
58 silly audit   'color-name': [ '1.1.3', '1.1.4' ],
58 silly audit   'escape-string-regexp': [ '1.0.5', '2.0.0' ],
58 silly audit   'has-flag': [ '3.0.0', '4.0.0' ],
58 silly audit   'supports-color': [ '5.5.0', '7.2.0', '8.1.1' ],
58 silly audit   '@babel/parser': [ '7.19.0' ],
58 silly audit   '@babel/types': [ '7.19.0' ],
58 silly audit   '@jest/expect-utils': [ '29.1.2' ],
58 silly audit   '@jest/schemas': [ '29.0.0' ],
58 silly audit   '@jest/types': [ '29.1.2' ],
58 silly audit   '@jridgewell/gen-mapping': [ '0.3.2' ],
58 silly audit   '@jridgewell/resolve-uri': [ '3.1.0' ],
58 silly audit   '@jridgewell/set-array': [ '1.1.2' ],
58 silly audit   '@jridgewell/source-map': [ '0.3.2' ],
58 silly audit   '@jridgewell/sourcemap-codec': [ '1.4.14' ],
58 silly audit   '@jridgewell/trace-mapping': [ '0.3.15' ],
58 silly audit   '@popperjs/core': [ '2.11.6' ],
58 silly audit   '@sinclair/typebox': [ '0.24.44' ],
58 silly audit   '@types/babel__core': [ '7.1.19' ],
58 silly audit   '@types/babel__generator': [ '7.6.4' ],
58 silly audit   '@types/babel__preset-env': [ '7.9.2' ],
58 silly audit   '@types/babel__template': [ '7.4.1' ],
58 silly audit   '@types/babel__traverse': [ '7.18.1' ],
58 silly audit   '@types/bootstrap': [ '5.2.4' ],
58 silly audit   '@types/eslint': [ '8.4.6' ],
58 silly audit   '@types/eslint-scope': [ '3.7.4' ],
58 silly audit   '@types/estree': [ '0.0.51' ],
58 silly audit   '@types/istanbul-lib-coverage': [ '2.0.4' ],
58 silly audit   '@types/istanbul-lib-report': [ '3.0.0' ],
58 silly audit   '@types/istanbul-reports': [ '3.0.1' ],
58 silly audit   '@types/jest': [ '29.1.1' ],
58 silly audit   '@types/json-schema': [ '7.0.11' ],
58 silly audit   '@types/node': [ '18.7.16' ],
58 silly audit   '@types/node-sass': [ '4.11.3' ],
58 silly audit   '@types/prop-types': [ '15.7.5' ],
58 silly audit   '@types/react': [ '18.0.21' ],
58 silly audit   '@types/react-dom': [ '18.0.6' ],
58 silly audit   '@types/sass': [ '1.43.1' ],
58 silly audit   '@types/sass-loader': [ '8.0.3' ],
58 silly audit   '@types/webpack': [ '4.41.32', '5.28.0' ],
58 silly audit   '@types/scheduler': [ '0.16.2' ],
58 silly audit   '@types/source-list-map': [ '0.1.2' ],
58 silly audit   '@types/stack-utils': [ '2.0.1' ],
58 silly audit   '@types/tapable': [ '1.0.8' ],
58 silly audit   '@types/testing-library__jest-dom': [ '5.14.5' ],
58 silly audit   '@types/uglify-js': [ '3.17.0' ],
58 silly audit   '@types/webpack-sources': [ '3.2.0' ],
58 silly audit   'source-map': [ '0.7.4', '0.6.1' ],
58 silly audit   '@types/yargs': [ '17.0.13' ],
58 silly audit   '@types/yargs-parser': [ '21.0.0' ],
58 silly audit   '@webassemblyjs/ast': [ '1.11.1' ],
58 silly audit   '@webassemblyjs/floating-point-hex-parser': [ '1.11.1' ],
58 silly audit   '@webassemblyjs/helper-api-error': [ '1.11.1' ],
58 silly audit   '@webassemblyjs/helper-buffer': [ '1.11.1' ],
58 silly audit   '@webassemblyjs/helper-numbers': [ '1.11.1' ],
58 silly audit   '@webassemblyjs/helper-wasm-bytecode': [ '1.11.1' ],
58 silly audit   '@webassemblyjs/helper-wasm-section': [ '1.11.1' ],
58 silly audit   '@webassemblyjs/ieee754': [ '1.11.1' ],
58 silly audit   '@webassemblyjs/leb128': [ '1.11.1' ],
58 silly audit   '@webassemblyjs/utf8': [ '1.11.1' ],
58 silly audit   '@webassemblyjs/wasm-edit': [ '1.11.1' ],
58 silly audit   '@webassemblyjs/wasm-gen': [ '1.11.1' ],
58 silly audit   '@webassemblyjs/wasm-opt': [ '1.11.1' ],
58 silly audit   '@webassemblyjs/wasm-parser': [ '1.11.1' ],
58 silly audit   '@webassemblyjs/wast-printer': [ '1.11.1' ],
58 silly audit   '@xtuc/ieee754': [ '1.2.0' ],
58 silly audit   '@xtuc/long': [ '4.2.2' ],
58 silly audit   acorn: [ '8.8.0' ],
58 silly audit   'acorn-import-assertions': [ '1.8.0' ],
58 silly audit   ajv: [ '6.12.6' ],
58 silly audit   'ajv-keywords': [ '3.5.2' ],
58 silly audit   anymatch: [ '3.1.2' ],
58 silly audit   braces: [ '3.0.2' ],
58 silly audit   browserslist: [ '4.21.4' ],
58 silly audit   'buffer-from': [ '1.1.2' ],
58 silly audit   'caniuse-lite': [ '1.0.30001400' ],
58 silly audit   'chrome-trace-event': [ '1.0.3' ],
58 silly audit   'ci-info': [ '3.4.0' ],
58 silly audit   commander: [ '2.20.3' ],
58 silly audit   csstype: [ '3.1.1' ],
58 silly audit   'diff-sequences': [ '29.0.0' ],
58 silly audit   'electron-to-chromium': [ '1.4.252' ],
58 silly audit   'enhanced-resolve': [ '5.10.0' ],
58 silly audit   'es-module-lexer': [ '0.9.3' ],
58 silly audit   escalade: [ '3.1.1' ],
58 silly audit   'eslint-scope': [ '5.1.1' ],
58 silly audit   esrecurse: [ '4.3.0' ],
58 silly audit   estraverse: [ '5.3.0', '4.3.0' ],
58 silly audit   events: [ '3.3.0' ],
58 silly audit   expect: [ '29.1.2' ],
58 silly audit   'fast-deep-equal': [ '3.1.3' ],
58 silly audit   'fast-json-stable-stringify': [ '2.1.0' ],
58 silly audit   'fill-range': [ '7.0.1' ],
58 silly audit   'glob-to-regexp': [ '0.4.1' ],
58 silly audit   'graceful-fs': [ '4.2.10' ],
58 silly audit   'is-number': [ '7.0.0' ],
58 silly audit   'jest-diff': [ '29.1.2' ],
58 silly audit   'jest-get-type': [ '29.0.0' ],
58 silly audit   'jest-matcher-utils': [ '29.1.2' ],
58 silly audit   'jest-message-util': [ '29.1.2' ],
58 silly audit   'jest-util': [ '29.1.2' ],
58 silly audit   'jest-worker': [ '27.5.1' ],
58 silly audit   'js-tokens': [ '4.0.0' ],
58 silly audit   'json-parse-even-better-errors': [ '2.3.1' ],
58 silly audit   'json-schema-traverse': [ '0.4.1' ],
58 silly audit   'loader-runner': [ '4.3.0' ],
58 silly audit   'merge-stream': [ '2.0.0' ],
58 silly audit   micromatch: [ '4.0.5' ],
58 silly audit   'mime-db': [ '1.52.0' ],
58 silly audit   'mime-types': [ '2.1.35' ],
58 silly audit   'neo-async': [ '2.6.2' ],
58 silly audit   'node-releases': [ '2.0.6' ],
58 silly audit   'normalize-path': [ '3.0.0' ],
58 silly audit   picocolors: [ '1.0.0' ],
58 silly audit   picomatch: [ '2.3.1' ],
58 silly audit   'pretty-format': [ '29.1.2' ],
58 silly audit   punycode: [ '2.1.1' ],
58 silly audit   randombytes: [ '2.1.0' ],
58 silly audit   'react-is': [ '18.2.0' ],
58 silly audit   'safe-buffer': [ '5.2.1' ],
58 silly audit   'schema-utils': [ '3.1.1' ],
58 silly audit   'serialize-javascript': [ '6.0.0' ],
58 silly audit   slash: [ '3.0.0' ],
58 silly audit   'source-map-support': [ '0.5.21' ],
58 silly audit   'stack-utils': [ '2.0.5' ],
58 silly audit   tapable: [ '2.2.1' ],
58 silly audit   terser: [ '5.15.0' ],
58 silly audit   'terser-webpack-plugin': [ '5.3.6' ],
58 silly audit   'to-fast-properties': [ '2.0.0' ],
58 silly audit   'to-regex-range': [ '5.0.1' ],
58 silly audit   'update-browserslist-db': [ '1.0.9' ],
58 silly audit   'uri-js': [ '4.4.1' ],
58 silly audit   watchpack: [ '2.4.0' ],
58 silly audit   webpack: [ '5.74.0' ],
58 silly audit   'webpack-sources': [ '3.2.3' ],
58 silly audit   'types-registry': [ '0.1.616' ]
58 silly audit }
59 timing reifyNode:node_modules/@types/react-dom Completed in 65ms
60 timing reifyNode:node_modules/@types/react Completed in 69ms
61 timing reifyNode:node_modules/@types/bootstrap Completed in 70ms
62 timing reify:unpack Completed in 70ms
63 timing reify:unretire Completed in 0ms
64 timing build:queue Completed in 0ms
65 timing build:deps Completed in 0ms
66 timing build Completed in 1ms
67 timing reify:build Completed in 2ms
68 timing reify:trash Completed in 20ms
69 timing reify:save Completed in 62ms
70 http fetch POST 200 https://registry.npmjs.org/-/npm/v1/security/advisories/bulk 1021ms
71 timing auditReport:getReport Completed in 1028ms
72 silly audit report {}
73 timing auditReport:init Completed in 0ms
74 timing reify:audit Completed in 1029ms
75 timing reify Completed in 1676ms
76 silly REMOVE node_modules/@types/react-native
77 silly CHANGE node_modules/@types/react-dom
78 silly CHANGE node_modules/@types/react
79 silly CHANGE node_modules/@types/bootstrap
80 timing command:install Completed in 1685ms
81 verbose exit 0
82 timing npm Completed in 1911ms
83 info ok
