0 verbose cli /home/senac/.nvm/versions/node/v16.16.0/bin/node /home/senac/.nvm/versions/node/v16.16.0/bin/npm
1 info using npm@8.15.1
2 info using node@v16.16.0
3 timing npm:load:whichnode Completed in 0ms
4 timing config:load:defaults Completed in 0ms
5 timing config:load:file:/home/senac/.nvm/versions/node/v16.16.0/lib/node_modules/npm/npmrc Completed in 1ms
6 timing config:load:builtin Completed in 2ms
7 timing config:load:cli Completed in 2ms
8 timing config:load:env Completed in 0ms
9 timing config:load:project Completed in 4ms
10 timing config:load:file:/home/senac/.npmrc Completed in 0ms
11 timing config:load:user Completed in 0ms
12 timing config:load:file:/home/senac/.nvm/versions/node/v16.16.0/etc/npmrc Completed in 0ms
13 timing config:load:global Completed in 0ms
14 timing config:load:validate Completed in 1ms
15 timing config:load:credentials Completed in 0ms
16 timing config:load:setEnvs Completed in 1ms
17 timing config:load Completed in 10ms
18 timing npm:load:configload Completed in 10ms
19 timing npm:load:mkdirpcache Completed in 1ms
20 timing npm:load:mkdirplogs Completed in 0ms
21 verbose title npm install @material-ui/core
22 verbose argv "install" "@material-ui/core"
23 timing npm:load:setTitle Completed in 1ms
24 timing config:load:flatten Completed in 1ms
25 timing npm:load:display Completed in 2ms
26 verbose logfile logs-max:10 dir:/home/senac/.npm/_logs
27 verbose logfile /home/senac/.npm/_logs/2022-10-20T23_51_35_841Z-debug-0.log
28 timing npm:load:logFile Completed in 4ms
29 timing npm:load:timers Completed in 0ms
30 timing npm:load:configScope Completed in 0ms
31 timing npm:load Completed in 19ms
32 timing arborist:ctor Completed in 0ms
33 silly logfile start cleaning logs, removing 1 files
34 silly logfile done cleaning log files
35 timing idealTree:init Completed in 154ms
36 timing idealTree:userRequests Completed in 2ms
37 silly idealTree buildDeps
38 silly fetch manifest @material-ui/core@*
39 timing arborist:ctor Completed in 0ms
40 http fetch GET 200 https://registry.npmjs.org/@material-ui%2fcore 1101ms (cache miss)
41 silly fetch manifest @types/react@^16.8.6 || ^17.0.0
42 http fetch GET 200 https://registry.npmjs.org/@types%2freact 9ms (cache hit)
43 silly fetch manifest react@^16.8.0 || ^17.0.0
44 http fetch GET 200 https://registry.npmjs.org/react 9ms (cache hit)
45 silly fetch manifest react-dom@^16.8.0 || ^17.0.0
46 http fetch GET 200 https://registry.npmjs.org/react-dom 13ms (cache hit)
47 silly placeDep ROOT @material-ui/core@4.12.4 OK for: clear@cd aula5 want: *
48 silly placeDep ROOT react@17.0.2 REPLACE for: @material-ui/core@4.12.4 want: ^16.8.0 || ^17.0.0
49 warn ERESOLVE overriding peer dependency {
49 warn ERESOLVE   code: 'ERESOLVE',
49 warn ERESOLVE   edge: {
49 warn ERESOLVE     type: 'peer',
49 warn ERESOLVE     name: 'react',
49 warn ERESOLVE     spec: '^18.2.0',
49 warn ERESOLVE     from: {
49 warn ERESOLVE       name: 'react-dom',
49 warn ERESOLVE       version: '18.2.0',
49 warn ERESOLVE       location: 'node_modules/react-dom',
49 warn ERESOLVE       isWorkspace: false,
49 warn ERESOLVE       dependents: [Array]
49 warn ERESOLVE     }
49 warn ERESOLVE   },
49 warn ERESOLVE   dep: {
49 warn ERESOLVE     name: 'react',
49 warn ERESOLVE     version: '17.0.2',
49 warn ERESOLVE     whileInstalling: { name: 'clear', version: 'cd aula5', path: '/home/senac' },
49 warn ERESOLVE     location: 'node_modules/react',
49 warn ERESOLVE     isWorkspace: false,
49 warn ERESOLVE     dependents: [ [Object] ]
49 warn ERESOLVE   },
49 warn ERESOLVE   current: {
49 warn ERESOLVE     name: 'react',
49 warn ERESOLVE     version: '18.2.0',
49 warn ERESOLVE     location: 'node_modules/react',
49 warn ERESOLVE     isWorkspace: false,
49 warn ERESOLVE     dependents: [ [Object] ]
49 warn ERESOLVE   },
49 warn ERESOLVE   peerConflict: {
49 warn ERESOLVE     name: 'react',
49 warn ERESOLVE     version: '18.2.0',
49 warn ERESOLVE     location: 'node_modules/react',
49 warn ERESOLVE     isWorkspace: false,
49 warn ERESOLVE     dependents: [ [Object] ]
49 warn ERESOLVE   },
49 warn ERESOLVE   strictPeerDeps: false,
49 warn ERESOLVE   force: false,
49 warn ERESOLVE   isMine: true
49 warn ERESOLVE }
50 warn ERESOLVE overriding peer dependency {
50 warn ERESOLVE   code: 'ERESOLVE',
50 warn ERESOLVE   edge: {
50 warn ERESOLVE     type: 'peer',
50 warn ERESOLVE     name: 'react',
50 warn ERESOLVE     spec: '^18.2.0',
50 warn ERESOLVE     from: {
50 warn ERESOLVE       name: 'react-dom',
50 warn ERESOLVE       version: '18.2.0',
50 warn ERESOLVE       location: 'node_modules/react-dom',
50 warn ERESOLVE       isWorkspace: false,
50 warn ERESOLVE       dependents: [Array]
50 warn ERESOLVE     }
50 warn ERESOLVE   },
50 warn ERESOLVE   dep: {
50 warn ERESOLVE     name: 'react',
50 warn ERESOLVE     version: '17.0.2',
50 warn ERESOLVE     whileInstalling: { name: 'clear', version: 'cd aula5', path: '/home/senac' },
50 warn ERESOLVE     location: 'node_modules/react',
50 warn ERESOLVE     isWorkspace: false,
50 warn ERESOLVE     dependents: [ [Object] ]
50 warn ERESOLVE   },
50 warn ERESOLVE   current: {
50 warn ERESOLVE     name: 'react',
50 warn ERESOLVE     version: '18.2.0',
50 warn ERESOLVE     location: 'node_modules/react',
50 warn ERESOLVE     isWorkspace: false,
50 warn ERESOLVE     dependents: [ [Object] ]
50 warn ERESOLVE   },
50 warn ERESOLVE   peerConflict: {
50 warn ERESOLVE     name: 'react',
50 warn ERESOLVE     version: '18.2.0',
50 warn ERESOLVE     location: 'node_modules/react',
50 warn ERESOLVE     isWorkspace: false,
50 warn ERESOLVE     dependents: [ [Object] ]
50 warn ERESOLVE   },
50 warn ERESOLVE   strictPeerDeps: false,
50 warn ERESOLVE   force: false,
50 warn ERESOLVE   isMine: true
50 warn ERESOLVE }
51 warn ERESOLVE overriding peer dependency {
51 warn ERESOLVE   code: 'ERESOLVE',
51 warn ERESOLVE   edge: {
51 warn ERESOLVE     type: 'peer',
51 warn ERESOLVE     name: 'react',
51 warn ERESOLVE     spec: '^18.2.0',
51 warn ERESOLVE     from: {
51 warn ERESOLVE       name: 'react-dom',
51 warn ERESOLVE       version: '18.2.0',
51 warn ERESOLVE       location: 'node_modules/react-dom',
51 warn ERESOLVE       isWorkspace: false,
51 warn ERESOLVE       dependents: [Array]
51 warn ERESOLVE     }
51 warn ERESOLVE   },
51 warn ERESOLVE   dep: {
51 warn ERESOLVE     name: 'react',
51 warn ERESOLVE     version: '17.0.2',
51 warn ERESOLVE     whileInstalling: { name: 'clear', version: 'cd aula5', path: '/home/senac' },
51 warn ERESOLVE     location: 'node_modules/react',
51 warn ERESOLVE     isWorkspace: false,
51 warn ERESOLVE     dependents: [ [Object] ]
51 warn ERESOLVE   },
51 warn ERESOLVE   current: {
51 warn ERESOLVE     name: 'react',
51 warn ERESOLVE     version: '18.2.0',
51 warn ERESOLVE     location: 'node_modules/react',
51 warn ERESOLVE     isWorkspace: false,
51 warn ERESOLVE     dependents: [ [Object] ]
51 warn ERESOLVE   },
51 warn ERESOLVE   peerConflict: {
51 warn ERESOLVE     name: 'react',
51 warn ERESOLVE     version: '18.2.0',
51 warn ERESOLVE     location: 'node_modules/react',
51 warn ERESOLVE     isWorkspace: false,
51 warn ERESOLVE     dependents: [ [Object] ]
51 warn ERESOLVE   },
51 warn ERESOLVE   strictPeerDeps: false,
51 warn ERESOLVE   force: false,
51 warn ERESOLVE   isMine: true
51 warn ERESOLVE }
52 warn ERESOLVE overriding peer dependency {
52 warn ERESOLVE   code: 'ERESOLVE',
52 warn ERESOLVE   edge: {
52 warn ERESOLVE     type: 'peer',
52 warn ERESOLVE     name: 'react',
52 warn ERESOLVE     spec: '^18.2.0',
52 warn ERESOLVE     from: {
52 warn ERESOLVE       name: 'react-dom',
52 warn ERESOLVE       version: '18.2.0',
52 warn ERESOLVE       location: 'node_modules/react-dom',
52 warn ERESOLVE       isWorkspace: false,
52 warn ERESOLVE       dependents: [Array]
52 warn ERESOLVE     }
52 warn ERESOLVE   },
52 warn ERESOLVE   dep: {
52 warn ERESOLVE     name: 'react',
52 warn ERESOLVE     version: '17.0.2',
52 warn ERESOLVE     whileInstalling: { name: 'clear', version: 'cd aula5', path: '/home/senac' },
52 warn ERESOLVE     location: 'node_modules/react',
52 warn ERESOLVE     isWorkspace: false,
52 warn ERESOLVE     dependents: [ [Object] ]
52 warn ERESOLVE   },
52 warn ERESOLVE   current: {
52 warn ERESOLVE     name: 'react',
52 warn ERESOLVE     version: '18.2.0',
52 warn ERESOLVE     location: 'node_modules/react',
52 warn ERESOLVE     isWorkspace: false,
52 warn ERESOLVE     dependents: [ [Object] ]
52 warn ERESOLVE   },
52 warn ERESOLVE   peerConflict: {
52 warn ERESOLVE     name: 'react',
52 warn ERESOLVE     version: '18.2.0',
52 warn ERESOLVE     location: 'node_modules/react',
52 warn ERESOLVE     isWorkspace: false,
52 warn ERESOLVE     dependents: [ [Object] ]
52 warn ERESOLVE   },
52 warn ERESOLVE   strictPeerDeps: false,
52 warn ERESOLVE   force: false,
52 warn ERESOLVE   isMine: true
52 warn ERESOLVE }
53 silly placeDep ROOT react-dom@17.0.2 REPLACE for: @material-ui/core@4.12.4 want: ^16.8.0 || ^17.0.0
54 silly placeDep ROOT @types/react@17.0.50 REPLACE for: @material-ui/core@4.12.4 want: ^16.8.6 || ^17.0.0
55 silly fetch manifest @material-ui/styles@^4.11.5
56 silly fetch manifest @material-ui/system@^4.12.2
57 silly fetch manifest @material-ui/types@5.1.0
58 silly fetch manifest @material-ui/utils@^4.11.3
59 silly fetch manifest popper.js@1.16.1-lts
60 silly fetch manifest react-is@^16.8.0 || ^17.0.0
61 silly fetch manifest react-transition-group@^4.4.0
62 silly fetch manifest scheduler@^0.20.2
63 http fetch GET 200 https://registry.npmjs.org/react-transition-group 15ms (cache hit)
64 http fetch GET 200 https://registry.npmjs.org/scheduler 18ms (cache hit)
65 http fetch GET 200 https://registry.npmjs.org/react-is 28ms (cache hit)
66 http fetch GET 200 https://registry.npmjs.org/popper.js 268ms (cache miss)
67 http fetch GET 200 https://registry.npmjs.org/@material-ui%2futils 2615ms (cache miss)
68 http fetch GET 200 https://registry.npmjs.org/@material-ui%2fstyles 3080ms (cache miss)
69 http fetch GET 200 https://registry.npmjs.org/@material-ui%2ftypes 3426ms (cache miss)
70 http fetch GET 200 https://registry.npmjs.org/@material-ui%2fsystem 3490ms (cache miss)
71 timing idealTree:#root Completed in 4700ms
72 silly placeDep ROOT @material-ui/styles@4.11.5 OK for: @material-ui/core@4.12.4 want: ^4.11.5
73 silly placeDep ROOT @material-ui/system@4.12.2 OK for: @material-ui/core@4.12.4 want: ^4.12.2
74 silly placeDep ROOT @material-ui/types@5.1.0 OK for: @material-ui/core@4.12.4 want: 5.1.0
75 silly placeDep ROOT @material-ui/utils@4.11.3 OK for: @material-ui/core@4.12.4 want: ^4.11.3
76 silly placeDep ROOT popper.js@1.16.1-lts OK for: @material-ui/core@4.12.4 want: 1.16.1-lts
77 silly placeDep node_modules/@material-ui/core react-is@17.0.2 OK for: @material-ui/core@4.12.4 want: ^16.8.0 || ^17.0.0
78 silly placeDep ROOT react-transition-group@4.4.5 OK for: @material-ui/core@4.12.4 want: ^4.4.0
79 silly fetch manifest @emotion/hash@^0.8.0
80 silly fetch manifest csstype@^2.5.2
81 silly fetch manifest jss@^10.5.1
82 silly fetch manifest jss-plugin-camel-case@^10.5.1
83 silly fetch manifest jss-plugin-default-unit@^10.5.1
84 silly fetch manifest jss-plugin-global@^10.5.1
85 silly fetch manifest jss-plugin-nested@^10.5.1
86 silly fetch manifest jss-plugin-props-sort@^10.5.1
87 silly fetch manifest jss-plugin-rule-value-function@^10.5.1
88 silly fetch manifest jss-plugin-vendor-prefixer@^10.5.1
89 silly fetch manifest dom-helpers@^5.0.1
90 http fetch GET 200 https://registry.npmjs.org/csstype 19ms (cache hit)
91 http fetch GET 200 https://registry.npmjs.org/dom-helpers 18ms (cache hit)
92 http fetch GET 200 https://registry.npmjs.org/jss-plugin-nested 195ms (cache miss)
93 http fetch GET 200 https://registry.npmjs.org/jss-plugin-global 206ms (cache miss)
94 http fetch GET 200 https://registry.npmjs.org/jss 248ms (cache miss)
95 http fetch GET 200 https://registry.npmjs.org/@emotion%2fhash 482ms (cache miss)
96 http fetch GET 200 https://registry.npmjs.org/jss-plugin-vendor-prefixer 1076ms (cache miss)
97 http fetch GET 200 https://registry.npmjs.org/jss-plugin-camel-case 1077ms (cache miss)
98 http fetch GET 200 https://registry.npmjs.org/jss-plugin-props-sort 1090ms (cache miss)
99 http fetch GET 200 https://registry.npmjs.org/jss-plugin-rule-value-function 1109ms (cache miss)
100 http fetch GET 200 https://registry.npmjs.org/jss-plugin-default-unit 1150ms (cache miss)
101 timing idealTree:node_modules/@material-ui/core Completed in 1164ms
102 silly placeDep ROOT @emotion/hash@0.8.0 OK for: @material-ui/styles@4.11.5 want: ^0.8.0
103 silly placeDep node_modules/@material-ui/styles csstype@2.6.21 OK for: @material-ui/styles@4.11.5 want: ^2.5.2
104 silly placeDep ROOT jss@10.9.2 OK for: @material-ui/styles@4.11.5 want: ^10.5.1
105 silly placeDep ROOT jss-plugin-camel-case@10.9.2 OK for: @material-ui/styles@4.11.5 want: ^10.5.1
106 silly placeDep ROOT jss-plugin-default-unit@10.9.2 OK for: @material-ui/styles@4.11.5 want: ^10.5.1
107 silly placeDep ROOT jss-plugin-global@10.9.2 OK for: @material-ui/styles@4.11.5 want: ^10.5.1
108 silly placeDep ROOT jss-plugin-nested@10.9.2 OK for: @material-ui/styles@4.11.5 want: ^10.5.1
109 silly placeDep ROOT jss-plugin-props-sort@10.9.2 OK for: @material-ui/styles@4.11.5 want: ^10.5.1
110 silly placeDep ROOT jss-plugin-rule-value-function@10.9.2 OK for: @material-ui/styles@4.11.5 want: ^10.5.1
111 silly placeDep ROOT jss-plugin-vendor-prefixer@10.9.2 OK for: @material-ui/styles@4.11.5 want: ^10.5.1
112 silly fetch manifest is-in-browser@^1.1.3
113 silly fetch manifest tiny-warning@^1.0.2
114 silly fetch manifest hyphenate-style-name@^1.0.3
115 silly fetch manifest css-vendor@^2.0.8
116 http fetch GET 200 https://registry.npmjs.org/css-vendor 108ms (cache miss)
117 http fetch GET 200 https://registry.npmjs.org/is-in-browser 143ms (cache miss)
118 http fetch GET 200 https://registry.npmjs.org/hyphenate-style-name 1070ms (cache miss)
119 http fetch GET 200 https://registry.npmjs.org/tiny-warning 1072ms (cache miss)
120 timing idealTree:node_modules/@material-ui/styles Completed in 1080ms
121 timing idealTree:node_modules/@emotion/hash Completed in 0ms
122 silly placeDep node_modules/@material-ui/system csstype@2.6.21 OK for: @material-ui/system@4.12.2 want: ^2.5.2
123 timing idealTree:node_modules/@material-ui/system Completed in 1ms
124 timing idealTree:node_modules/@material-ui/types Completed in 0ms
125 silly placeDep node_modules/@material-ui/utils react-is@17.0.2 OK for: @material-ui/utils@4.11.3 want: ^16.8.0 || ^17.0.0
126 timing idealTree:node_modules/@material-ui/utils Completed in 1ms
127 silly fetch manifest @mui/base@5.0.0-alpha.102
128 http fetch GET 200 https://registry.npmjs.org/@mui%2fbase 6ms (cache hit)
129 silly fetch manifest @types/react@^17.0.0 || ^18.0.0
130 silly fetch manifest react@^17.0.0 || ^18.0.0
131 silly fetch manifest react-dom@^17.0.0 || ^18.0.0
132 silly placeDep ROOT @mui/base@5.0.0-alpha.102 OK for: @mui/material@5.10.10 want: 5.0.0-alpha.102
133 silly fetch manifest @popperjs/core@^2.11.6
134 http fetch GET 200 https://registry.npmjs.org/@popperjs%2fcore 7ms (cache hit)
135 timing idealTree:node_modules/@mui/material Completed in 20ms
136 silly placeDep ROOT @popperjs/core@2.11.6 OK for: @mui/base@5.0.0-alpha.102 want: ^2.11.6
137 timing idealTree:node_modules/@mui/base Completed in 1ms
138 timing idealTree:node_modules/@popperjs/core Completed in 0ms
139 timing idealTree:node_modules/@types/react Completed in 0ms
140 silly placeDep ROOT is-in-browser@1.1.3 OK for: jss@10.9.2 want: ^1.1.3
141 silly placeDep ROOT tiny-warning@1.0.3 OK for: jss@10.9.2 want: ^1.0.2
142 timing idealTree:node_modules/jss Completed in 1ms
143 timing idealTree:node_modules/is-in-browser Completed in 0ms
144 silly placeDep ROOT hyphenate-style-name@1.0.4 OK for: jss-plugin-camel-case@10.9.2 want: ^1.0.3
145 timing idealTree:node_modules/jss-plugin-camel-case Completed in 1ms
146 timing idealTree:node_modules/hyphenate-style-name Completed in 0ms
147 timing idealTree:node_modules/jss-plugin-default-unit Completed in 0ms
148 timing idealTree:node_modules/jss-plugin-global Completed in 0ms
149 timing idealTree:node_modules/jss-plugin-nested Completed in 0ms
150 timing idealTree:node_modules/jss-plugin-props-sort Completed in 0ms
151 timing idealTree:node_modules/jss-plugin-rule-value-function Completed in 0ms
152 silly placeDep ROOT css-vendor@2.0.8 OK for: jss-plugin-vendor-prefixer@10.9.2 want: ^2.0.8
153 timing idealTree:node_modules/jss-plugin-vendor-prefixer Completed in 1ms
154 timing idealTree:node_modules/css-vendor Completed in 0ms
155 timing idealTree:node_modules/popper.js Completed in 0ms
156 timing idealTree:node_modules/react Completed in 0ms
157 silly placeDep ROOT scheduler@0.20.2 OK for: react-dom@17.0.2 want: ^0.20.2
158 timing idealTree:node_modules/react-dom Completed in 0ms
159 silly placeDep ROOT dom-helpers@5.2.1 OK for: react-transition-group@4.4.5 want: ^5.0.1
160 timing idealTree:node_modules/react-transition-group Completed in 0ms
161 timing idealTree:node_modules/dom-helpers Completed in 0ms
162 timing idealTree:node_modules/scheduler Completed in 0ms
163 silly fetch manifest babel-plugin-styled-components@>= 1.12.0
164 http fetch GET 200 https://registry.npmjs.org/babel-plugin-styled-components 8ms (cache hit)
165 silly fetch manifest styled-components@>= 2
166 http fetch GET 200 https://registry.npmjs.org/styled-components 7ms (cache hit)
167 silly fetch manifest react@>= 16.8.0
168 silly fetch manifest react-dom@>= 16.8.0
169 silly fetch manifest react-is@>= 16.8.0
170 silly placeDep ROOT babel-plugin-styled-components@2.0.7 OK for: styled-components@5.3.6 want: >= 1.12.0
171 silly fetch manifest babel-plugin-syntax-jsx@^6.18.0
172 silly fetch manifest lodash@^4.17.11
173 http fetch GET 200 https://registry.npmjs.org/babel-plugin-syntax-jsx 6ms (cache hit)
174 http fetch GET 200 https://registry.npmjs.org/lodash 7ms (cache hit)
175 timing idealTree:node_modules/styled-components Completed in 32ms
176 silly placeDep ROOT babel-plugin-syntax-jsx@6.18.0 OK for: babel-plugin-styled-components@2.0.7 want: ^6.18.0
177 silly placeDep ROOT lodash@4.17.21 OK for: babel-plugin-styled-components@2.0.7 want: ^4.17.11
178 timing idealTree:node_modules/babel-plugin-styled-components Completed in 2ms
179 timing idealTree:node_modules/babel-plugin-syntax-jsx Completed in 0ms
180 timing idealTree:node_modules/lodash Completed in 0ms
181 timing idealTree:node_modules/tiny-warning Completed in 0ms
182 timing idealTree:node_modules/@material-ui/core/node_modules/react-is Completed in 0ms
183 timing idealTree:node_modules/@material-ui/styles/node_modules/csstype Completed in 0ms
184 timing idealTree:node_modules/@material-ui/system/node_modules/csstype Completed in 0ms
185 timing idealTree:node_modules/@material-ui/utils/node_modules/react-is Completed in 0ms
186 timing idealTree:buildDeps Completed in 7006ms
187 timing idealTree:fixDepFlags Completed in 3ms
188 timing idealTree Completed in 7169ms
189 timing reify:loadTrees Completed in 7169ms
190 timing reify:diffTrees Completed in 4ms
191 silly reify mark retired [ '/home/senac/node_modules/@types/react' ]
192 silly reify mark retired [ '/home/senac/node_modules/react' ]
193 silly reify mark retired [ '/home/senac/node_modules/react-dom' ]
194 silly reify mark retired [ '/home/senac/node_modules/scheduler' ]
195 silly reify moves {
195 silly reify   '/home/senac/node_modules/@types/react': '/home/senac/node_modules/@types/.react-RtZqcugq',
195 silly reify   '/home/senac/node_modules/react': '/home/senac/node_modules/.react-DBlnttlf',
195 silly reify   '/home/senac/node_modules/react-dom': '/home/senac/node_modules/.react-dom-GsDPqmUL',
195 silly reify   '/home/senac/node_modules/scheduler': '/home/senac/node_modules/.scheduler-0g16QJDO'
195 silly reify }
196 timing reify:retireShallow Completed in 3ms
197 timing reify:createSparse Completed in 7ms
198 timing reify:loadBundles Completed in 0ms
199 silly audit bulk request {
199 silly audit   '@ampproject/remapping': [ '2.2.0' ],
199 silly audit   '@jridgewell/gen-mapping': [ '0.1.1', '0.3.2' ],
199 silly audit   '@babel/cli': [ '7.18.10' ],
199 silly audit   'make-dir': [ '2.1.0', '3.1.0' ],
199 silly audit   semver: [ '5.7.1', '7.0.0', '6.3.0' ],
199 silly audit   '@babel/code-frame': [ '7.18.6' ],
199 silly audit   '@babel/compat-data': [ '7.18.8' ],
199 silly audit   '@babel/core': [ '7.18.10' ],
199 silly audit   '@babel/generator': [ '7.18.10' ],
199 silly audit   '@babel/helper-annotate-as-pure': [ '7.18.6' ],
199 silly audit   '@babel/helper-builder-binary-assignment-operator-visitor': [ '7.18.9' ],
199 silly audit   '@babel/helper-compilation-targets': [ '7.18.9' ],
199 silly audit   '@babel/helper-create-class-features-plugin': [ '7.18.9' ],
199 silly audit   '@babel/helper-create-regexp-features-plugin': [ '7.18.6' ],
199 silly audit   '@babel/helper-define-polyfill-provider': [ '0.3.2' ],
199 silly audit   '@babel/helper-environment-visitor': [ '7.18.9' ],
199 silly audit   '@babel/helper-explode-assignable-expression': [ '7.18.6' ],
199 silly audit   '@babel/helper-function-name': [ '7.18.9' ],
199 silly audit   '@babel/helper-hoist-variables': [ '7.18.6' ],
199 silly audit   '@babel/helper-member-expression-to-functions': [ '7.18.9' ],
199 silly audit   '@babel/helper-module-imports': [ '7.18.6' ],
199 silly audit   '@babel/helper-module-transforms': [ '7.18.9' ],
199 silly audit   '@babel/helper-optimise-call-expression': [ '7.18.6' ],
199 silly audit   '@babel/helper-plugin-utils': [ '7.18.9' ],
199 silly audit   '@babel/helper-remap-async-to-generator': [ '7.18.9' ],
199 silly audit   '@babel/helper-replace-supers': [ '7.18.9' ],
199 silly audit   '@babel/helper-simple-access': [ '7.18.6' ],
199 silly audit   '@babel/helper-skip-transparent-expression-wrappers': [ '7.18.9' ],
199 silly audit   '@babel/helper-split-export-declaration': [ '7.18.6' ],
199 silly audit   '@babel/helper-string-parser': [ '7.18.10' ],
199 silly audit   '@babel/helper-validator-identifier': [ '7.18.6' ],
199 silly audit   '@babel/helper-validator-option': [ '7.18.6' ],
199 silly audit   '@babel/helper-wrap-function': [ '7.18.10' ],
199 silly audit   '@babel/helpers': [ '7.18.9' ],
199 silly audit   '@babel/highlight': [ '7.18.6' ],
199 silly audit   '@babel/parser': [ '7.18.10' ],
199 silly audit   '@babel/plugin-bugfix-safari-id-destructuring-collision-in-function-expression': [ '7.18.6' ],
199 silly audit   '@babel/plugin-bugfix-v8-spread-parameters-in-optional-chaining': [ '7.18.9' ],
199 silly audit   '@babel/plugin-proposal-async-generator-functions': [ '7.18.10' ],
199 silly audit   '@babel/plugin-proposal-class-properties': [ '7.18.6' ],
199 silly audit   '@babel/plugin-proposal-class-static-block': [ '7.18.6' ],
199 silly audit   '@babel/plugin-proposal-dynamic-import': [ '7.18.6' ],
199 silly audit   '@babel/plugin-proposal-export-namespace-from': [ '7.18.9' ],
199 silly audit   '@babel/plugin-proposal-json-strings': [ '7.18.6' ],
199 silly audit   '@babel/plugin-proposal-logical-assignment-operators': [ '7.18.9' ],
199 silly audit   '@babel/plugin-proposal-nullish-coalescing-operator': [ '7.18.6' ],
199 silly audit   '@babel/plugin-proposal-numeric-separator': [ '7.18.6' ],
199 silly audit   '@babel/plugin-proposal-object-rest-spread': [ '7.18.9' ],
199 silly audit   '@babel/plugin-proposal-optional-catch-binding': [ '7.18.6' ],
199 silly audit   '@babel/plugin-proposal-optional-chaining': [ '7.18.9' ],
199 silly audit   '@babel/plugin-proposal-private-methods': [ '7.18.6' ],
199 silly audit   '@babel/plugin-proposal-private-property-in-object': [ '7.18.6' ],
199 silly audit   '@babel/plugin-proposal-unicode-property-regex': [ '7.18.6' ],
199 silly audit   '@babel/plugin-syntax-async-generators': [ '7.8.4' ],
199 silly audit   '@babel/plugin-syntax-class-properties': [ '7.12.13' ],
199 silly audit   '@babel/plugin-syntax-class-static-block': [ '7.14.5' ],
199 silly audit   '@babel/plugin-syntax-dynamic-import': [ '7.8.3' ],
199 silly audit   '@babel/plugin-syntax-export-namespace-from': [ '7.8.3' ],
199 silly audit   '@babel/plugin-syntax-import-assertions': [ '7.18.6' ],
199 silly audit   '@babel/plugin-syntax-json-strings': [ '7.8.3' ],
199 silly audit   '@babel/plugin-syntax-logical-assignment-operators': [ '7.10.4' ],
199 silly audit   '@babel/plugin-syntax-nullish-coalescing-operator': [ '7.8.3' ],
199 silly audit   '@babel/plugin-syntax-numeric-separator': [ '7.10.4' ],
199 silly audit   '@babel/plugin-syntax-object-rest-spread': [ '7.8.3' ],
199 silly audit   '@babel/plugin-syntax-optional-catch-binding': [ '7.8.3' ],
199 silly audit   '@babel/plugin-syntax-optional-chaining': [ '7.8.3' ],
199 silly audit   '@babel/plugin-syntax-private-property-in-object': [ '7.14.5' ],
199 silly audit   '@babel/plugin-syntax-top-level-await': [ '7.14.5' ],
199 silly audit   '@babel/plugin-transform-arrow-functions': [ '7.18.6' ],
199 silly audit   '@babel/plugin-transform-async-to-generator': [ '7.18.6' ],
199 silly audit   '@babel/plugin-transform-block-scoped-functions': [ '7.18.6' ],
199 silly audit   '@babel/plugin-transform-block-scoping': [ '7.18.9' ],
199 silly audit   '@babel/plugin-transform-classes': [ '7.18.9' ],
199 silly audit   '@babel/plugin-transform-computed-properties': [ '7.18.9' ],
199 silly audit   '@babel/plugin-transform-destructuring': [ '7.18.9' ],
199 silly audit   '@babel/plugin-transform-dotall-regex': [ '7.18.6' ],
199 silly audit   '@babel/plugin-transform-duplicate-keys': [ '7.18.9' ],
199 silly audit   '@babel/plugin-transform-exponentiation-operator': [ '7.18.6' ],
199 silly audit   '@babel/plugin-transform-for-of': [ '7.18.8' ],
199 silly audit   '@babel/plugin-transform-function-name': [ '7.18.9' ],
199 silly audit   '@babel/plugin-transform-literals': [ '7.18.9' ],
199 silly audit   '@babel/plugin-transform-member-expression-literals': [ '7.18.6' ],
199 silly audit   '@babel/plugin-transform-modules-amd': [ '7.18.6' ],
199 silly audit   '@babel/plugin-transform-modules-commonjs': [ '7.18.6' ],
199 silly audit   '@babel/plugin-transform-modules-systemjs': [ '7.18.9' ],
199 silly audit   '@babel/plugin-transform-modules-umd': [ '7.18.6' ],
199 silly audit   '@babel/plugin-transform-named-capturing-groups-regex': [ '7.18.6' ],
199 silly audit   '@babel/plugin-transform-new-target': [ '7.18.6' ],
199 silly audit   '@babel/plugin-transform-object-super': [ '7.18.6' ],
199 silly audit   '@babel/plugin-transform-parameters': [ '7.18.8' ],
199 silly audit   '@babel/plugin-transform-property-literals': [ '7.18.6' ],
199 silly audit   '@babel/plugin-transform-regenerator': [ '7.18.6' ],
199 silly audit   '@babel/plugin-transform-reserved-words': [ '7.18.6' ],
199 silly audit   '@babel/plugin-transform-shorthand-properties': [ '7.18.6' ],
199 silly audit   '@babel/plugin-transform-spread': [ '7.18.9' ],
199 silly audit   '@babel/plugin-transform-sticky-regex': [ '7.18.6' ],
199 silly audit   '@babel/plugin-transform-template-literals': [ '7.18.9' ],
199 silly audit   '@babel/plugin-transform-typeof-symbol': [ '7.18.9' ],
199 silly audit   '@babel/plugin-transform-unicode-escapes': [ '7.18.10' ],
199 silly audit   '@babel/plugin-transform-unicode-regex': [ '7.18.6' ],
199 silly audit   '@babel/preset-env': [ '7.18.10' ],
199 silly audit   '@babel/preset-modules': [ '0.1.5' ],
199 silly audit   '@babel/runtime': [ '7.19.4', '7.18.9' ],
199 silly audit   '@babel/template': [ '7.18.10' ],
199 silly audit   '@babel/traverse': [ '7.18.10' ],
199 silly audit   '@babel/types': [ '7.18.10' ],
199 silly audit   '@discoveryjs/json-ext': [ '0.5.7' ],
199 silly audit   '@emotion/cache': [ '11.10.3' ],
199 silly audit   '@emotion/is-prop-valid': [ '1.2.0' ],
199 silly audit   '@emotion/memoize': [ '0.8.0' ],
199 silly audit   '@emotion/sheet': [ '1.2.0' ],
199 silly audit   '@emotion/stylis': [ '0.8.5' ],
199 silly audit   '@emotion/unitless': [ '0.7.5' ],
199 silly audit   '@emotion/utils': [ '1.2.0' ],
199 silly audit   '@emotion/weak-memoize': [ '0.3.0' ],
199 silly audit   '@jridgewell/resolve-uri': [ '3.1.0' ],
199 silly audit   '@jridgewell/set-array': [ '1.1.2' ],
199 silly audit   '@jridgewell/source-map': [ '0.3.2' ],
199 silly audit   '@jridgewell/sourcemap-codec': [ '1.4.14' ],
199 silly audit   '@jridgewell/trace-mapping': [ '0.3.14' ],
199 silly audit   '@mui/core-downloads-tracker': [ '5.10.10' ],
199 silly audit   '@mui/icons-material': [ '5.10.9' ],
199 silly audit   '@mui/material': [ '5.10.10' ],
199 silly audit   '@mui/private-theming': [ '5.10.9' ],
199 silly audit   '@mui/styled-engine': [ '5.10.8' ],
199 silly audit   '@mui/styled-engine-sc': [ '5.10.6' ],
199 silly audit   '@mui/system': [ '5.10.10' ],
199 silly audit   '@mui/types': [ '7.2.0' ],
199 silly audit   '@mui/utils': [ '5.10.9' ],
199 silly audit   '@nicolo-ribaudo/chokidar-2': [ '2.1.8-no-fsevents.3' ],
199 silly audit   '@types/eslint': [ '8.4.5' ],
199 silly audit   '@types/eslint-scope': [ '3.7.4' ],
199 silly audit   '@types/estree': [ '1.0.0', '0.0.51' ],
199 silly audit   '@types/json-schema': [ '7.0.11' ],
199 silly audit   '@types/node': [ '18.6.3' ],
199 silly audit   '@types/prop-types': [ '15.7.5' ],
199 silly audit   '@types/react-is': [ '17.0.3' ],
199 silly audit   '@types/react-transition-group': [ '4.4.5' ],
199 silly audit   '@types/scheduler': [ '0.16.2' ],
199 silly audit   '@webassemblyjs/ast': [ '1.11.1' ],
199 silly audit   '@webassemblyjs/floating-point-hex-parser': [ '1.11.1' ],
199 silly audit   '@webassemblyjs/helper-api-error': [ '1.11.1' ],
199 silly audit   '@webassemblyjs/helper-buffer': [ '1.11.1' ],
199 silly audit   '@webassemblyjs/helper-numbers': [ '1.11.1' ],
199 silly audit   '@webassemblyjs/helper-wasm-bytecode': [ '1.11.1' ],
199 silly audit   '@webassemblyjs/helper-wasm-section': [ '1.11.1' ],
199 silly audit   '@webassemblyjs/ieee754': [ '1.11.1' ],
199 silly audit   '@webassemblyjs/leb128': [ '1.11.1' ],
199 silly audit   '@webassemblyjs/utf8': [ '1.11.1' ],
199 silly audit   '@webassemblyjs/wasm-edit': [ '1.11.1' ],
199 silly audit   '@webassemblyjs/wasm-gen': [ '1.11.1' ],
199 silly audit   '@webassemblyjs/wasm-opt': [ '1.11.1' ],
199 silly audit   '@webassemblyjs/wasm-parser': [ '1.11.1' ],
199 silly audit   '@webassemblyjs/wast-printer': [ '1.11.1' ],
199 silly audit   '@webpack-cli/configtest': [ '1.2.0' ],
199 silly audit   '@webpack-cli/info': [ '1.5.0' ],
199 silly audit   '@webpack-cli/serve': [ '1.7.0' ],
199 silly audit   '@xtuc/ieee754': [ '1.2.0' ],
199 silly audit   '@xtuc/long': [ '4.2.2' ],
199 silly audit   acorn: [ '8.8.0' ],
199 silly audit   'acorn-import-assertions': [ '1.8.0' ],
199 silly audit   ajv: [ '6.12.6' ],
199 silly audit   'ajv-keywords': [ '3.5.2' ],
199 silly audit   'ansi-styles': [ '3.2.1' ],
199 silly audit   anymatch: [ '3.1.2' ],
199 silly audit   'babel-loader': [ '8.2.5' ],
199 silly audit   'schema-utils': [ '2.7.1', '3.1.1' ],
199 silly audit   'babel-plugin-dynamic-import-node': [ '2.3.3' ],
199 silly audit   'babel-plugin-polyfill-corejs2': [ '0.3.2' ],
199 silly audit   'babel-plugin-polyfill-corejs3': [ '0.5.3' ],
199 silly audit   'babel-plugin-polyfill-regenerator': [ '0.4.0' ],
199 silly audit   'balanced-match': [ '1.0.2' ],
199 silly audit   'big.js': [ '5.2.2' ],
199 silly audit   'binary-extensions': [ '2.2.0' ],
199 silly audit   'brace-expansion': [ '1.1.11' ],
199 silly audit   braces: [ '3.0.2' ],
199 silly audit   browserslist: [ '4.21.3' ],
199 silly audit   'buffer-from': [ '1.1.2' ],
199 silly audit   'call-bind': [ '1.0.2' ],
199 silly audit   camelize: [ '1.0.1' ],
199 silly audit   'caniuse-lite': [ '1.0.30001373' ],
199 silly audit   chalk: [ '2.4.2' ],
199 silly audit   'has-flag': [ '3.0.0', '4.0.0' ],
199 silly audit   'supports-color': [ '5.5.0', '8.1.1' ],
199 silly audit   chokidar: [ '3.5.3' ],
199 silly audit   'chrome-trace-event': [ '1.0.3' ],
199 silly audit   'clone-deep': [ '4.0.1' ],
199 silly audit   clsx: [ '1.2.1' ],
199 silly audit   'color-convert': [ '1.9.3' ],
199 silly audit   'color-name': [ '1.1.3' ],
199 silly audit   colorette: [ '2.0.19' ],
199 silly audit   commander: [ '4.1.1', '2.20.3', '7.2.0' ],
199 silly audit   commondir: [ '1.0.1' ],
199 silly audit   'concat-map': [ '0.0.1' ],
199 silly audit   'convert-source-map': [ '1.8.0' ],
199 silly audit   'core-js-compat': [ '3.24.1' ],
199 silly audit   'cross-spawn': [ '7.0.3' ],
199 silly audit   'css-color-keywords': [ '1.0.0' ],
199 silly audit   'css-to-react-native': [ '3.0.0' ],
199 silly audit   csstype: [ '3.1.1', '2.6.21' ],
199 silly audit   debug: [ '4.3.4' ],
199 silly audit   'define-properties': [ '1.1.4' ],
199 silly audit   'electron-to-chromium': [ '1.4.207' ],
199 silly audit   'emojis-list': [ '3.0.0' ],
199 silly audit   'enhanced-resolve': [ '5.10.0' ],
199 silly audit   envinfo: [ '7.8.1' ],
199 silly audit   'es-module-lexer': [ '0.9.3' ],
199 silly audit   escalade: [ '3.1.1' ],
199 silly audit   'escape-string-regexp': [ '1.0.5' ],
199 silly audit   'eslint-scope': [ '5.1.1' ],
199 silly audit   esrecurse: [ '4.3.0' ],
199 silly audit   estraverse: [ '5.3.0', '4.3.0' ],
199 silly audit   esutils: [ '2.0.3' ],
199 silly audit   events: [ '3.3.0' ],
199 silly audit   'fast-deep-equal': [ '3.1.3' ],
199 silly audit   'fast-json-stable-stringify': [ '2.1.0' ],
199 silly audit   'fastest-levenshtein': [ '1.0.14' ],
199 silly audit   'fill-range': [ '7.0.1' ],
199 silly audit   'find-cache-dir': [ '3.3.2' ],
199 silly audit   'find-up': [ '4.1.0' ],
199 silly audit   'fs-readdir-recursive': [ '1.1.0' ],
199 silly audit   'fs.realpath': [ '1.0.0' ],
199 silly audit   'function-bind': [ '1.1.1' ],
199 silly audit   gensync: [ '1.0.0-beta.2' ],
199 silly audit   'get-intrinsic': [ '1.1.2' ],
199 silly audit   glob: [ '7.2.3' ],
199 silly audit   'glob-parent': [ '5.1.2' ],
199 silly audit   'glob-to-regexp': [ '0.4.1' ],
199 silly audit   globals: [ '11.12.0' ],
199 silly audit   'graceful-fs': [ '4.2.10' ],
199 silly audit   has: [ '1.0.3' ],
199 silly audit   'has-property-descriptors': [ '1.0.0' ],
199 silly audit   'has-symbols': [ '1.0.3' ],
199 silly audit   'hoist-non-react-statics': [ '3.3.2' ],
199 silly audit   'react-is': [ '16.13.1', '18.2.0', '17.0.2' ],
199 silly audit   immutable: [ '4.1.0' ],
199 silly audit   'import-local': [ '3.1.0' ],
199 silly audit   inflight: [ '1.0.6' ],
199 silly audit   inherits: [ '2.0.4' ],
199 silly audit   interpret: [ '2.2.0' ],
199 silly audit   'is-binary-path': [ '2.1.0' ],
199 silly audit   'is-core-module': [ '2.9.0' ],
199 silly audit   'is-extglob': [ '2.1.1' ],
199 silly audit   'is-glob': [ '4.0.3' ],
199 silly audit   'is-number': [ '7.0.0' ],
199 silly audit   'is-plain-object': [ '2.0.4' ],
199 silly audit   isexe: [ '2.0.0' ],
199 silly audit   isobject: [ '3.0.1' ],
199 silly audit   'jest-worker': [ '27.5.1' ],
199 silly audit   'js-tokens': [ '4.0.0' ],
199 silly audit   jsesc: [ '2.5.2', '0.5.0' ],
199 silly audit   'json-parse-even-better-errors': [ '2.3.1' ],
199 silly audit   'json-schema-traverse': [ '0.4.1' ],
199 silly audit   json5: [ '2.2.1' ],
199 silly audit   'kind-of': [ '6.0.3' ],
199 silly audit   klona: [ '2.0.5' ],
199 silly audit   'loader-runner': [ '4.3.0' ],
199 silly audit   'loader-utils': [ '2.0.2' ],
199 silly audit   'locate-path': [ '5.0.0' ],
199 silly audit   'lodash.debounce': [ '4.0.8' ],
199 silly audit   'loose-envify': [ '1.4.0' ],
199 silly audit   'merge-stream': [ '2.0.0' ],
199 silly audit   'mime-db': [ '1.52.0' ],
199 silly audit   'mime-types': [ '2.1.35' ],
199 silly audit   minimatch: [ '3.1.2' ],
199 silly audit   ms: [ '2.1.2' ],
199 silly audit   'neo-async': [ '2.6.2' ],
199 silly audit   'node-releases': [ '2.0.6' ],
199 silly audit   'normalize-path': [ '3.0.0' ],
199 silly audit   'object-assign': [ '4.1.1' ],
199 silly audit   'object-keys': [ '1.1.1' ],
199 silly audit   'object.assign': [ '4.1.2' ],
199 silly audit   once: [ '1.4.0' ],
199 silly audit   'p-limit': [ '2.3.0' ],
199 silly audit   'p-locate': [ '4.1.0' ],
199 silly audit   'p-try': [ '2.2.0' ],
199 silly audit   'path-exists': [ '4.0.0' ],
199 silly audit   'path-is-absolute': [ '1.0.1' ],
199 silly audit   'path-key': [ '3.1.1' ],
199 silly audit   'path-parse': [ '1.0.7' ],
199 silly audit   picocolors: [ '1.0.0' ],
199 silly audit   picomatch: [ '2.3.1' ],
199 silly audit   pify: [ '4.0.1' ],
199 silly audit   'pkg-dir': [ '4.2.0' ],
199 silly audit   'postcss-value-parser': [ '4.2.0' ],
199 silly audit   'prop-types': [ '15.8.1' ],
199 silly audit   punycode: [ '2.1.1' ],
199 silly audit   randombytes: [ '2.1.0' ],
199 silly audit   'safe-buffer': [ '5.2.1', '5.1.2' ],
199 silly audit   readdirp: [ '3.6.0' ],
199 silly audit   rechoir: [ '0.7.1' ],
199 silly audit   regenerate: [ '1.4.2' ],
199 silly audit   'regenerate-unicode-properties': [ '10.0.1' ],
199 silly audit   'regenerator-runtime': [ '0.13.9' ],
199 silly audit   'regenerator-transform': [ '0.15.0' ],
199 silly audit   'regexpu-core': [ '5.1.0' ],
199 silly audit   regjsgen: [ '0.6.0' ],
199 silly audit   regjsparser: [ '0.8.4' ],
199 silly audit   resolve: [ '1.22.1' ],
199 silly audit   'resolve-cwd': [ '3.0.0' ],
199 silly audit   'resolve-from': [ '5.0.0' ],
199 silly audit   sass: [ '1.54.0' ],
199 silly audit   'sass-loader': [ '13.0.2' ],
199 silly audit   'serialize-javascript': [ '6.0.0' ],
199 silly audit   'shallow-clone': [ '3.0.1' ],
199 silly audit   shallowequal: [ '1.1.0' ],
199 silly audit   'shebang-command': [ '2.0.0' ],
199 silly audit   'shebang-regex': [ '3.0.0' ],
199 silly audit   slash: [ '2.0.0' ],
199 silly audit   'source-map': [ '0.6.1' ],
199 silly audit   'source-map-js': [ '1.0.2' ],
199 silly audit   'source-map-support': [ '0.5.21' ],
199 silly audit   'styled-components': [ '5.3.6' ],
199 silly audit   stylis: [ '4.0.13' ],
199 silly audit   'supports-preserve-symlinks-flag': [ '1.0.0' ],
199 silly audit   tapable: [ '2.2.1' ],
199 silly audit   terser: [ '5.14.2' ],
199 silly audit   'terser-webpack-plugin': [ '5.3.3' ],
199 silly audit   'to-fast-properties': [ '2.0.0' ],
199 silly audit   'to-regex-range': [ '5.0.1' ],
199 silly audit   'unicode-canonical-property-names-ecmascript': [ '2.0.0' ],
199 silly audit   'unicode-match-property-ecmascript': [ '2.0.0' ],
199 silly audit   'unicode-match-property-value-ecmascript': [ '2.0.0' ],
199 silly audit   'unicode-property-aliases-ecmascript': [ '2.0.0' ],
199 silly audit   'update-browserslist-db': [ '1.0.5' ],
199 silly audit   'uri-js': [ '4.4.1' ],
199 silly audit   watchpack: [ '2.4.0' ],
199 silly audit   webpack: [ '5.74.0' ],
199 silly audit   'webpack-cli': [ '4.10.0' ],
199 silly audit   'webpack-merge': [ '5.8.0' ],
199 silly audit   'webpack-sources': [ '3.2.3' ],
199 silly audit   which: [ '2.0.2' ],
199 silly audit   wildcard: [ '2.0.0' ],
199 silly audit   wrappy: [ '1.0.2' ],
199 silly audit   '@material-ui/core': [ '4.12.4' ],
199 silly audit   react: [ '17.0.2' ],
199 silly audit   'react-dom': [ '17.0.2' ],
199 silly audit   '@types/react': [ '17.0.50' ],
199 silly audit   '@material-ui/styles': [ '4.11.5' ],
199 silly audit   '@material-ui/system': [ '4.12.2' ],
199 silly audit   '@material-ui/types': [ '5.1.0' ],
199 silly audit   '@material-ui/utils': [ '4.11.3' ],
199 silly audit   'popper.js': [ '1.16.1-lts' ],
199 silly audit   'react-transition-group': [ '4.4.5' ],
199 silly audit   '@emotion/hash': [ '0.8.0' ],
199 silly audit   jss: [ '10.9.2' ],
199 silly audit   'jss-plugin-camel-case': [ '10.9.2' ],
199 silly audit   'jss-plugin-default-unit': [ '10.9.2' ],
199 silly audit   'jss-plugin-global': [ '10.9.2' ],
199 silly audit   'jss-plugin-nested': [ '10.9.2' ],
199 silly audit   'jss-plugin-props-sort': [ '10.9.2' ],
199 silly audit   'jss-plugin-rule-value-function': [ '10.9.2' ],
199 silly audit   'jss-plugin-vendor-prefixer': [ '10.9.2' ],
199 silly audit   '@mui/base': [ '5.0.0-alpha.102' ],
199 silly audit   '@popperjs/core': [ '2.11.6' ],
199 silly audit   'is-in-browser': [ '1.1.3' ],
199 silly audit   'tiny-warning': [ '1.0.3' ],
199 silly audit   'hyphenate-style-name': [ '1.0.4' ],
199 silly audit   'css-vendor': [ '2.0.8' ],
199 silly audit   scheduler: [ '0.20.2' ],
199 silly audit   'dom-helpers': [ '5.2.1' ],
199 silly audit   'babel-plugin-styled-components': [ '2.0.7' ],
199 silly audit   'babel-plugin-syntax-jsx': [ '6.18.0' ],
199 silly audit   lodash: [ '4.17.21' ]
199 silly audit }
200 silly tarball no local data for tiny-warning@https://registry.npmjs.org/tiny-warning/-/tiny-warning-1.0.3.tgz. Extracting by manifest.
201 silly tarball no local data for hyphenate-style-name@https://registry.npmjs.org/hyphenate-style-name/-/hyphenate-style-name-1.0.4.tgz. Extracting by manifest.
202 silly tarball no local data for css-vendor@https://registry.npmjs.org/css-vendor/-/css-vendor-2.0.8.tgz. Extracting by manifest.
203 silly tarball no local data for is-in-browser@https://registry.npmjs.org/is-in-browser/-/is-in-browser-1.1.3.tgz. Extracting by manifest.
204 silly tarball no local data for jss-plugin-vendor-prefixer@https://registry.npmjs.org/jss-plugin-vendor-prefixer/-/jss-plugin-vendor-prefixer-10.9.2.tgz. Extracting by manifest.
205 silly tarball no local data for jss-plugin-props-sort@https://registry.npmjs.org/jss-plugin-props-sort/-/jss-plugin-props-sort-10.9.2.tgz. Extracting by manifest.
206 silly tarball no local data for jss-plugin-global@https://registry.npmjs.org/jss-plugin-global/-/jss-plugin-global-10.9.2.tgz. Extracting by manifest.
207 silly tarball no local data for jss-plugin-default-unit@https://registry.npmjs.org/jss-plugin-default-unit/-/jss-plugin-default-unit-10.9.2.tgz. Extracting by manifest.
208 silly tarball no local data for jss-plugin-rule-value-function@https://registry.npmjs.org/jss-plugin-rule-value-function/-/jss-plugin-rule-value-function-10.9.2.tgz. Extracting by manifest.
209 silly tarball no local data for jss-plugin-nested@https://registry.npmjs.org/jss-plugin-nested/-/jss-plugin-nested-10.9.2.tgz. Extracting by manifest.
210 silly tarball no local data for popper.js@https://registry.npmjs.org/popper.js/-/popper.js-1.16.1-lts.tgz. Extracting by manifest.
211 silly tarball no local data for jss-plugin-camel-case@https://registry.npmjs.org/jss-plugin-camel-case/-/jss-plugin-camel-case-10.9.2.tgz. Extracting by manifest.
212 silly tarball no local data for jss@https://registry.npmjs.org/jss/-/jss-10.9.2.tgz. Extracting by manifest.
213 silly tarball no local data for @material-ui/utils@https://registry.npmjs.org/@material-ui/utils/-/utils-4.11.3.tgz. Extracting by manifest.
214 silly tarball no local data for @emotion/hash@https://registry.npmjs.org/@emotion/hash/-/hash-0.8.0.tgz. Extracting by manifest.
215 silly tarball no local data for @material-ui/types@https://registry.npmjs.org/@material-ui/types/-/types-5.1.0.tgz. Extracting by manifest.
216 silly tarball no local data for @material-ui/system@https://registry.npmjs.org/@material-ui/system/-/system-4.12.2.tgz. Extracting by manifest.
217 silly tarball no local data for scheduler@https://registry.npmjs.org/scheduler/-/scheduler-0.20.2.tgz. Extracting by manifest.
218 silly tarball no local data for @material-ui/styles@https://registry.npmjs.org/@material-ui/styles/-/styles-4.11.5.tgz. Extracting by manifest.
219 silly tarball no local data for react@https://registry.npmjs.org/react/-/react-17.0.2.tgz. Extracting by manifest.
220 silly tarball no local data for @material-ui/core@https://registry.npmjs.org/@material-ui/core/-/core-4.12.4.tgz. Extracting by manifest.
221 silly tarball no local data for react-is@https://registry.npmjs.org/react-is/-/react-is-17.0.2.tgz. Extracting by manifest.
222 silly tarball no local data for csstype@https://registry.npmjs.org/csstype/-/csstype-2.6.21.tgz. Extracting by manifest.
223 silly tarball no local data for csstype@https://registry.npmjs.org/csstype/-/csstype-2.6.21.tgz. Extracting by manifest.
224 silly tarball no local data for react-is@https://registry.npmjs.org/react-is/-/react-is-17.0.2.tgz. Extracting by manifest.
225 silly tarball no local data for @types/react@https://registry.npmjs.org/@types/react/-/react-17.0.50.tgz. Extracting by manifest.
226 silly tarball no local data for react-dom@https://registry.npmjs.org/react-dom/-/react-dom-17.0.2.tgz. Extracting by manifest.
227 http fetch GET 200 https://registry.npmjs.org/css-vendor/-/css-vendor-2.0.8.tgz 200ms (cache miss)
228 http fetch GET 200 https://registry.npmjs.org/jss-plugin-props-sort/-/jss-plugin-props-sort-10.9.2.tgz 204ms (cache miss)
229 timing reifyNode:node_modules/jss-plugin-props-sort Completed in 244ms
230 timing reifyNode:node_modules/css-vendor Completed in 247ms
231 http fetch GET 200 https://registry.npmjs.org/is-in-browser/-/is-in-browser-1.1.3.tgz 208ms (cache miss)
232 timing reifyNode:node_modules/is-in-browser Completed in 264ms
233 http fetch GET 200 https://registry.npmjs.org/jss-plugin-global/-/jss-plugin-global-10.9.2.tgz 247ms (cache miss)
234 timing reifyNode:node_modules/jss-plugin-global Completed in 298ms
235 http fetch GET 200 https://registry.npmjs.org/jss-plugin-nested/-/jss-plugin-nested-10.9.2.tgz 261ms (cache miss)
236 timing reifyNode:node_modules/jss-plugin-nested Completed in 305ms
237 http fetch GET 200 https://registry.npmjs.org/jss-plugin-default-unit/-/jss-plugin-default-unit-10.9.2.tgz 304ms (cache miss)
238 timing reifyNode:node_modules/jss-plugin-default-unit Completed in 353ms
239 http fetch GET 200 https://registry.npmjs.org/hyphenate-style-name/-/hyphenate-style-name-1.0.4.tgz 319ms (cache miss)
240 timing reifyNode:node_modules/hyphenate-style-name Completed in 356ms
241 http fetch GET 200 https://registry.npmjs.org/jss-plugin-rule-value-function/-/jss-plugin-rule-value-function-10.9.2.tgz 313ms (cache miss)
242 timing reifyNode:node_modules/jss-plugin-rule-value-function Completed in 358ms
243 http fetch POST 200 https://registry.npmjs.org/-/npm/v1/security/advisories/bulk 387ms
244 timing auditReport:getReport Completed in 391ms
245 silly audit report {}
246 timing auditReport:init Completed in 0ms
247 timing reify:audit Completed in 391ms
248 http fetch GET 200 https://registry.npmjs.org/tiny-warning/-/tiny-warning-1.0.3.tgz 352ms (cache miss)
249 timing reifyNode:node_modules/tiny-warning Completed in 389ms
250 http fetch GET 200 https://registry.npmjs.org/react-is/-/react-is-17.0.2.tgz 343ms (cache miss)
251 timing reifyNode:node_modules/@material-ui/utils/node_modules/react-is Completed in 397ms
252 http fetch GET 200 https://registry.npmjs.org/scheduler/-/scheduler-0.20.2.tgz 348ms (cache miss)
253 timing reifyNode:node_modules/scheduler Completed in 404ms
254 http fetch GET 200 https://registry.npmjs.org/react-is/-/react-is-17.0.2.tgz 361ms (cache miss)
255 timing reifyNode:node_modules/@material-ui/core/node_modules/react-is Completed in 417ms
256 http fetch GET 200 https://registry.npmjs.org/react/-/react-17.0.2.tgz 381ms (cache miss)
257 timing reifyNode:node_modules/react Completed in 432ms
258 http fetch GET 200 https://registry.npmjs.org/csstype/-/csstype-2.6.21.tgz 561ms (cache miss)
259 timing reifyNode:node_modules/@material-ui/styles/node_modules/csstype Completed in 617ms
260 http fetch GET 200 https://registry.npmjs.org/jss/-/jss-10.9.2.tgz 579ms (cache miss)
261 timing reifyNode:node_modules/jss Completed in 625ms
262 http fetch GET 200 https://registry.npmjs.org/popper.js/-/popper.js-1.16.1-lts.tgz 586ms (cache miss)
263 timing reifyNode:node_modules/popper.js Completed in 631ms
264 http fetch GET 200 https://registry.npmjs.org/csstype/-/csstype-2.6.21.tgz 693ms (cache miss)
265 timing reifyNode:node_modules/@material-ui/system/node_modules/csstype Completed in 748ms
266 http fetch GET 200 https://registry.npmjs.org/@material-ui/utils/-/utils-4.11.3.tgz 722ms (cache miss)
267 timing reifyNode:node_modules/@material-ui/utils Completed in 768ms
268 http fetch GET 200 https://registry.npmjs.org/react-dom/-/react-dom-17.0.2.tgz 1072ms (cache miss)
269 timing reifyNode:node_modules/react-dom Completed in 1129ms
270 http fetch GET 200 https://registry.npmjs.org/@material-ui/types/-/types-5.1.0.tgz 1178ms (cache miss)
271 timing reifyNode:node_modules/@material-ui/types Completed in 1227ms
272 http fetch GET 200 https://registry.npmjs.org/@emotion/hash/-/hash-0.8.0.tgz 1248ms (cache miss)
273 timing reifyNode:node_modules/@emotion/hash Completed in 1297ms
274 http fetch GET 200 https://registry.npmjs.org/@material-ui/styles/-/styles-4.11.5.tgz 1491ms (cache miss)
275 timing reifyNode:node_modules/@material-ui/styles Completed in 1544ms
276 http fetch GET 200 https://registry.npmjs.org/@types/react/-/react-17.0.50.tgz 1691ms (cache miss)
277 timing reifyNode:node_modules/@types/react Completed in 1747ms
278 http fetch GET 200 https://registry.npmjs.org/@material-ui/core/-/core-4.12.4.tgz 2608ms (cache miss)
279 timing reifyNode:node_modules/@material-ui/core Completed in 2661ms
280 http fetch GET 200 https://registry.npmjs.org/jss-plugin-camel-case/-/jss-plugin-camel-case-10.9.2.tgz 3833ms (cache miss)
281 timing reifyNode:node_modules/jss-plugin-camel-case Completed in 3878ms
282 http fetch GET 200 https://registry.npmjs.org/jss-plugin-vendor-prefixer/-/jss-plugin-vendor-prefixer-10.9.2.tgz 3856ms (cache miss)
283 timing reifyNode:node_modules/jss-plugin-vendor-prefixer Completed in 3897ms
284 http fetch GET 200 https://registry.npmjs.org/@material-ui/system/-/system-4.12.2.tgz 8284ms (cache miss)
285 timing reifyNode:node_modules/@material-ui/system Completed in 8334ms
286 timing reify:unpack Completed in 8337ms
287 timing reify:unretire Completed in 0ms
288 timing build:queue Completed in 2ms
289 timing build:deps Completed in 2ms
290 timing build Completed in 3ms
291 timing reify:build Completed in 3ms
292 timing reify:trash Completed in 10ms
293 timing reify:save Completed in 105ms
294 timing reify Completed in 15710ms
295 silly ADD node_modules/css-vendor
296 silly ADD node_modules/hyphenate-style-name
297 silly ADD node_modules/tiny-warning
298 silly ADD node_modules/is-in-browser
299 silly ADD node_modules/jss-plugin-vendor-prefixer
300 silly ADD node_modules/jss-plugin-rule-value-function
301 silly ADD node_modules/jss-plugin-props-sort
302 silly ADD node_modules/jss-plugin-nested
303 silly ADD node_modules/jss-plugin-global
304 silly ADD node_modules/jss-plugin-default-unit
305 silly ADD node_modules/jss-plugin-camel-case
306 silly ADD node_modules/jss
307 silly ADD node_modules/@emotion/hash
308 silly ADD node_modules/popper.js
309 silly ADD node_modules/@material-ui/utils
310 silly ADD node_modules/@material-ui/utils/node_modules/react-is
311 silly ADD node_modules/@material-ui/types
312 silly ADD node_modules/@material-ui/system
313 silly ADD node_modules/@material-ui/system/node_modules/csstype
314 silly ADD node_modules/@material-ui/styles
315 silly ADD node_modules/@material-ui/styles/node_modules/csstype
316 silly ADD node_modules/@material-ui/core
317 silly ADD node_modules/@material-ui/core/node_modules/react-is
318 silly CHANGE node_modules/scheduler
319 silly CHANGE node_modules/react-dom
320 silly CHANGE node_modules/react
321 silly CHANGE node_modules/@types/react
322 timing command:install Completed in 15717ms
323 verbose exit 0
324 timing npm Completed in 15767ms
325 info ok
