0 verbose cli /home/senac/.nvm/versions/node/v16.16.0/bin/node /home/senac/.nvm/versions/node/v16.16.0/bin/npm
1 info using npm@8.15.1
2 info using node@v16.16.0
3 timing npm:load:whichnode Completed in 0ms
4 timing config:load:defaults Completed in 1ms
5 timing config:load:file:/home/senac/.nvm/versions/node/v16.16.0/lib/node_modules/npm/npmrc Completed in 1ms
6 timing config:load:builtin Completed in 1ms
7 timing config:load:cli Completed in 1ms
8 timing config:load:env Completed in 1ms
9 timing config:load:project Completed in 2ms
10 timing config:load:file:/home/senac/.npmrc Completed in 0ms
11 timing config:load:user Completed in 0ms
12 timing config:load:file:/home/senac/.nvm/versions/node/v16.16.0/etc/npmrc Completed in 0ms
13 timing config:load:global Completed in 0ms
14 timing config:load:validate Completed in 0ms
15 timing config:load:credentials Completed in 2ms
16 timing config:load:setEnvs Completed in 0ms
17 timing config:load Completed in 9ms
18 timing npm:load:configload Completed in 9ms
19 timing npm:load:mkdirpcache Completed in 3ms
20 timing npm:load:mkdirplogs Completed in 1ms
21 verbose title npm install @mui/material @mui/styled-engine-sc styled-components
22 verbose argv "install" "@mui/material" "@mui/styled-engine-sc" "styled-components"
23 timing npm:load:setTitle Completed in 1ms
24 timing config:load:flatten Completed in 2ms
25 timing npm:load:display Completed in 3ms
26 verbose logfile logs-max:10 dir:/home/senac/.npm/_logs
27 verbose logfile /home/senac/.npm/_logs/2022-10-20T23_47_39_837Z-debug-0.log
28 timing npm:load:logFile Completed in 3ms
29 timing npm:load:timers Completed in 0ms
30 timing npm:load:configScope Completed in 0ms
31 timing npm:load Completed in 20ms
32 timing arborist:ctor Completed in 1ms
33 silly logfile start cleaning logs, removing 2 files
34 silly logfile done cleaning log files
35 timing arborist:ctor Completed in 0ms
36 timing idealTree:init Completed in 513ms
37 timing idealTree:userRequests Completed in 1ms
38 silly idealTree buildDeps
39 silly fetch manifest @mui/material@*
40 http fetch GET 200 https://registry.npmjs.org/@mui%2fmaterial 565ms (cache miss)
41 silly fetch manifest @emotion/react@^11.5.0
42 http fetch GET 200 https://registry.npmjs.org/@emotion%2freact 381ms (cache miss)
43 silly fetch manifest @babel/core@^7.18.10
44 http fetch GET 200 https://registry.npmjs.org/@babel%2fcore 270ms (cache updated)
45 silly fetch manifest react@>=16.8.0
46 http fetch GET 200 https://registry.npmjs.org/react 1977ms (cache miss)
47 silly fetch manifest @emotion/styled@^11.3.0
48 http fetch GET 200 https://registry.npmjs.org/@emotion%2fstyled 805ms (cache miss)
49 silly fetch manifest @types/react@^17.0.0 || ^18.0.0
50 http fetch GET 200 https://registry.npmjs.org/@types%2freact 101ms (cache revalidated)
51 silly fetch manifest react-dom@^17.0.0 || ^18.0.0
52 http fetch GET 200 https://registry.npmjs.org/react-dom 3429ms (cache miss)
53 silly fetch manifest @mui/styled-engine-sc@*
54 http fetch GET 200 https://registry.npmjs.org/@mui%2fstyled-engine-sc 2527ms (cache miss)
55 silly fetch manifest @types/styled-components@^5.1.14
56 http fetch GET 200 https://registry.npmjs.org/@types%2fstyled-components 1416ms (cache miss)
57 silly fetch manifest styled-components@*
58 http fetch GET 200 https://registry.npmjs.org/styled-components 3129ms (cache miss)
59 silly fetch manifest react@>= 16.8.0
60 silly fetch manifest react-dom@>= 16.8.0
61 silly fetch manifest react-is@>= 16.8.0
62 http fetch GET 200 https://registry.npmjs.org/react-is 4036ms (cache updated)
63 silly placeDep ROOT @mui/material@5.10.10 OK for: clear@cd aula5 want: *
64 silly placeDep ROOT react@18.2.0 OK for: @mui/material@5.10.10 want: ^17.0.0 || ^18.0.0
65 silly placeDep ROOT react-dom@18.2.0 OK for: @mui/material@5.10.10 want: ^17.0.0 || ^18.0.0
66 silly placeDep ROOT @mui/styled-engine-sc@5.10.6 OK for: clear@cd aula5 want: *
67 silly placeDep ROOT styled-components@5.3.6 OK for: @mui/styled-engine-sc@5.10.6 want: ^5.3.1
68 silly placeDep ROOT react-is@18.2.0 OK for: styled-components@5.3.6 want: >= 16.8.0
69 silly placeDep ROOT styled-components@5.3.6 REPLACE for: clear@cd aula5 want: *
70 silly fetch manifest @mui/base@5.0.0-alpha.102
71 silly fetch manifest @mui/core-downloads-tracker@^5.10.10
72 silly fetch manifest @mui/system@^5.10.10
73 silly fetch manifest @mui/types@^7.2.0
74 silly fetch manifest @mui/utils@^5.10.9
75 silly fetch manifest @types/react-transition-group@^4.4.5
76 silly fetch manifest clsx@^1.2.1
77 silly fetch manifest csstype@^3.1.1
78 silly fetch manifest prop-types@^15.8.1
79 silly fetch manifest react-transition-group@^4.4.5
80 silly fetch manifest loose-envify@^1.1.0
81 silly fetch manifest scheduler@^0.23.0
82 silly fetch manifest @babel/helper-module-imports@^7.0.0
83 silly fetch manifest @babel/traverse@^7.4.5
84 silly fetch manifest @emotion/is-prop-valid@^1.1.0
85 silly fetch manifest @emotion/stylis@^0.8.4
86 silly fetch manifest @emotion/unitless@^0.7.4
87 silly fetch manifest babel-plugin-styled-components@>= 1.12.0
88 silly fetch manifest css-to-react-native@^3.0.0
89 silly fetch manifest hoist-non-react-statics@^3.0.0
90 silly fetch manifest shallowequal@^1.1.0
91 silly fetch manifest supports-color@^5.5.0
92 http fetch GET 200 https://registry.npmjs.org/loose-envify 98ms (cache miss)
93 http fetch GET 200 https://registry.npmjs.org/clsx 324ms (cache miss)
94 http fetch GET 200 https://registry.npmjs.org/css-to-react-native 324ms (cache miss)
95 http fetch GET 200 https://registry.npmjs.org/prop-types 329ms (cache miss)
96 http fetch GET 200 https://registry.npmjs.org/react-transition-group 339ms (cache miss)
97 http fetch GET 200 https://registry.npmjs.org/hoist-non-react-statics 581ms (cache miss)
98 http fetch GET 200 https://registry.npmjs.org/csstype 598ms (cache revalidated)
99 http fetch GET 200 https://registry.npmjs.org/supports-color 611ms (cache revalidated)
100 http fetch GET 200 https://registry.npmjs.org/@emotion%2fis-prop-valid 745ms (cache miss)
101 http fetch GET 200 https://registry.npmjs.org/@mui%2fsystem 760ms (cache miss)
102 http fetch GET 200 https://registry.npmjs.org/@mui%2fbase 776ms (cache miss)
103 http fetch GET 200 https://registry.npmjs.org/@emotion%2fstylis 777ms (cache miss)
104 http fetch GET 200 https://registry.npmjs.org/@babel%2fhelper-module-imports 807ms (cache revalidated)
105 http fetch GET 200 https://registry.npmjs.org/@mui%2futils 820ms (cache miss)
106 http fetch GET 200 https://registry.npmjs.org/shallowequal 1247ms (cache miss)
107 http fetch GET 200 https://registry.npmjs.org/@types%2freact-transition-group 1339ms (cache miss)
108 http fetch GET 200 https://registry.npmjs.org/scheduler 1340ms (cache miss)
109 http fetch GET 200 https://registry.npmjs.org/babel-plugin-styled-components 1434ms (cache miss)
110 http fetch GET 200 https://registry.npmjs.org/@emotion%2funitless 1495ms (cache miss)
111 http fetch GET 200 https://registry.npmjs.org/@mui%2fcore-downloads-tracker 1503ms (cache miss)
112 http fetch GET 200 https://registry.npmjs.org/@babel%2ftraverse 1736ms (cache updated)
113 http fetch GET 200 https://registry.npmjs.org/@mui%2ftypes 2102ms (cache miss)
114 timing idealTree:#root Completed in 20804ms
115 timing idealTree:node_modules/@mui/icons-material Completed in 0ms
116 silly fetch manifest react@^17.0.0 || ^18.0.0
117 silly fetch manifest @babel/core@^7.0.0
118 silly placeDep ROOT @mui/base@5.0.0-alpha.102 OK for: @mui/material@5.10.10 want: 5.0.0-alpha.102
119 silly placeDep ROOT @mui/core-downloads-tracker@5.10.10 OK for: @mui/material@5.10.10 want: ^5.10.10
120 silly placeDep ROOT @mui/system@5.10.10 OK for: @mui/material@5.10.10 want: ^5.10.10
121 silly placeDep ROOT @mui/types@7.2.0 OK for: @mui/material@5.10.10 want: ^7.2.0
122 silly placeDep ROOT @mui/utils@5.10.9 OK for: @mui/material@5.10.10 want: ^5.10.9
123 silly placeDep ROOT @types/react-transition-group@4.4.5 OK for: @mui/material@5.10.10 want: ^4.4.5
124 silly placeDep ROOT clsx@1.2.1 OK for: @mui/material@5.10.10 want: ^1.2.1
125 silly placeDep ROOT csstype@3.1.1 OK for: @mui/material@5.10.10 want: ^3.1.1
126 silly placeDep ROOT prop-types@15.8.1 OK for: @mui/material@5.10.10 want: ^15.8.1
127 silly placeDep ROOT react-transition-group@4.4.5 OK for: @mui/material@5.10.10 want: ^4.4.5
128 silly fetch manifest @emotion/is-prop-valid@^1.2.0
129 silly fetch manifest @popperjs/core@^2.11.6
130 silly fetch manifest @mui/private-theming@^5.10.9
131 silly fetch manifest @mui/styled-engine@^5.10.8
132 silly fetch manifest @types/prop-types@^15.7.5
133 silly fetch manifest @types/react-is@^16.7.1 || ^17.0.0
134 silly fetch manifest @types/react@*
135 silly fetch manifest loose-envify@^1.4.0
136 silly fetch manifest object-assign@^4.1.1
137 silly fetch manifest react-is@^16.13.1
138 silly fetch manifest dom-helpers@^5.0.1
139 http fetch GET 200 https://registry.npmjs.org/object-assign 38ms (cache miss)
140 http fetch GET 200 https://registry.npmjs.org/@popperjs%2fcore 410ms (cache revalidated)
141 http fetch GET 200 https://registry.npmjs.org/dom-helpers 409ms (cache miss)
142 http fetch GET 200 https://registry.npmjs.org/@mui%2fstyled-engine 758ms (cache miss)
143 http fetch GET 200 https://registry.npmjs.org/@types%2fprop-types 1109ms (cache revalidated)
144 http fetch GET 200 https://registry.npmjs.org/@types%2freact-is 1186ms (cache miss)
145 http fetch GET 200 https://registry.npmjs.org/@mui%2fprivate-theming 1331ms (cache miss)
146 timing idealTree:node_modules/@mui/material Completed in 1366ms
147 silly placeDep ROOT @emotion/is-prop-valid@1.2.0 OK for: @mui/base@5.0.0-alpha.102 want: ^1.2.0
148 silly placeDep ROOT @popperjs/core@2.11.6 OK for: @mui/base@5.0.0-alpha.102 want: ^2.11.6
149 silly fetch manifest @emotion/memoize@^0.8.0
150 http fetch GET 200 https://registry.npmjs.org/@emotion%2fmemoize 867ms (cache miss)
151 timing idealTree:node_modules/@mui/base Completed in 869ms
152 silly placeDep ROOT @emotion/memoize@0.8.0 OK for: @emotion/is-prop-valid@1.2.0 want: ^0.8.0
153 timing idealTree:node_modules/@emotion/is-prop-valid Completed in 1ms
154 timing idealTree:node_modules/@emotion/memoize Completed in 0ms
155 timing idealTree:node_modules/@mui/core-downloads-tracker Completed in 1ms
156 timing idealTree:node_modules/@mui/styled-engine-sc Completed in 0ms
157 silly placeDep ROOT @mui/private-theming@5.10.9 OK for: @mui/system@5.10.10 want: ^5.10.9
158 silly placeDep ROOT @mui/styled-engine@5.10.8 OK for: @mui/system@5.10.10 want: ^5.10.8
159 silly fetch manifest @emotion/cache@^11.10.3
160 http fetch GET 200 https://registry.npmjs.org/@emotion%2fcache 980ms (cache miss)
161 timing idealTree:node_modules/@mui/system Completed in 999ms
162 timing idealTree:node_modules/@mui/private-theming Completed in 0ms
163 silly placeDep ROOT @emotion/cache@11.10.3 OK for: @mui/styled-engine@5.10.8 want: ^11.10.3
164 silly fetch manifest @emotion/sheet@^1.2.0
165 silly fetch manifest @emotion/utils@^1.2.0
166 silly fetch manifest @emotion/weak-memoize@^0.3.0
167 silly fetch manifest stylis@4.0.13
168 http fetch GET 200 https://registry.npmjs.org/stylis 425ms (cache miss)
169 http fetch GET 200 https://registry.npmjs.org/@emotion%2fsheet 1300ms (cache miss)
170 http fetch GET 200 https://registry.npmjs.org/@emotion%2futils 1450ms (cache miss)
171 http fetch GET 200 https://registry.npmjs.org/@emotion%2fweak-memoize 1488ms (cache miss)
172 timing idealTree:node_modules/@mui/styled-engine Completed in 1490ms
173 silly placeDep ROOT @emotion/sheet@1.2.0 OK for: @emotion/cache@11.10.3 want: ^1.2.0
174 silly placeDep ROOT @emotion/utils@1.2.0 OK for: @emotion/cache@11.10.3 want: ^1.2.0
175 silly placeDep ROOT @emotion/weak-memoize@0.3.0 OK for: @emotion/cache@11.10.3 want: ^0.3.0
176 silly placeDep ROOT stylis@4.0.13 OK for: @emotion/cache@11.10.3 want: 4.0.13
177 timing idealTree:node_modules/@emotion/cache Completed in 3ms
178 timing idealTree:node_modules/@emotion/sheet Completed in 0ms
179 timing idealTree:node_modules/@emotion/utils Completed in 0ms
180 timing idealTree:node_modules/@emotion/weak-memoize Completed in 0ms
181 timing idealTree:node_modules/@mui/types Completed in 0ms
182 silly placeDep ROOT @types/prop-types@15.7.5 OK for: @mui/utils@5.10.9 want: ^15.7.5
183 silly placeDep ROOT @types/react-is@17.0.3 OK for: @mui/utils@5.10.9 want: ^16.7.1 || ^17.0.0
184 timing idealTree:node_modules/@mui/utils Completed in 1ms
185 timing idealTree:node_modules/@popperjs/core Completed in 0ms
186 timing idealTree:node_modules/@types/prop-types Completed in 0ms
187 silly placeDep ROOT @types/react@18.0.21 OK for: @types/react-is@17.0.3 want: *
188 silly fetch manifest @types/scheduler@*
189 http fetch GET 200 https://registry.npmjs.org/@types%2fscheduler 1180ms (cache revalidated)
190 timing idealTree:node_modules/@types/react-is Completed in 1181ms
191 silly placeDep ROOT @types/scheduler@0.16.2 OK for: @types/react@18.0.21 want: *
192 timing idealTree:node_modules/@types/react Completed in 2ms
193 timing idealTree:node_modules/@types/react-transition-group Completed in 0ms
194 timing idealTree:node_modules/@types/scheduler Completed in 0ms
195 timing idealTree:node_modules/clsx Completed in 0ms
196 timing idealTree:node_modules/csstype Completed in 0ms
197 silly placeDep ROOT loose-envify@1.4.0 OK for: prop-types@15.8.1 want: ^1.4.0
198 silly placeDep ROOT object-assign@4.1.1 OK for: prop-types@15.8.1 want: ^4.1.1
199 silly placeDep node_modules/prop-types react-is@16.13.1 OK for: prop-types@15.8.1 want: ^16.13.1
200 timing idealTree:node_modules/prop-types Completed in 4ms
201 timing idealTree:node_modules/loose-envify Completed in 0ms
202 timing idealTree:node_modules/object-assign Completed in 0ms
203 timing idealTree:node_modules/react Completed in 0ms
204 silly placeDep ROOT scheduler@0.23.0 OK for: react-dom@18.2.0 want: ^0.23.0
205 timing idealTree:node_modules/react-dom Completed in 1ms
206 timing idealTree:node_modules/react-is Completed in 0ms
207 silly placeDep ROOT dom-helpers@5.2.1 OK for: react-transition-group@4.4.5 want: ^5.0.1
208 timing idealTree:node_modules/react-transition-group Completed in 0ms
209 timing idealTree:node_modules/dom-helpers Completed in 0ms
210 timing idealTree:node_modules/scheduler Completed in 0ms
211 silly fetch manifest styled-components@>= 2
212 silly placeDep ROOT @emotion/stylis@0.8.5 OK for: styled-components@5.3.6 want: ^0.8.4
213 silly placeDep ROOT @emotion/unitless@0.7.5 OK for: styled-components@5.3.6 want: ^0.7.4
214 silly placeDep ROOT babel-plugin-styled-components@2.0.7 OK for: styled-components@5.3.6 want: >= 1.12.0
215 silly placeDep ROOT css-to-react-native@3.0.0 OK for: styled-components@5.3.6 want: ^3.0.0
216 silly placeDep ROOT hoist-non-react-statics@3.3.2 OK for: styled-components@5.3.6 want: ^3.0.0
217 silly placeDep ROOT shallowequal@1.1.0 OK for: styled-components@5.3.6 want: ^1.1.0
218 silly placeDep node_modules/styled-components supports-color@5.5.0 OK for: styled-components@5.3.6 want: ^5.5.0
219 silly fetch manifest babel-plugin-syntax-jsx@^6.18.0
220 silly fetch manifest lodash@^4.17.11
221 silly fetch manifest camelize@^1.0.0
222 silly fetch manifest css-color-keywords@^1.0.0
223 silly fetch manifest postcss-value-parser@^4.0.2
224 silly fetch manifest react-is@^16.7.0
225 silly fetch manifest has-flag@^3.0.0
226 http fetch GET 200 https://registry.npmjs.org/has-flag 63ms (cache revalidated)
227 http fetch GET 200 https://registry.npmjs.org/postcss-value-parser 66ms (cache miss)
228 http fetch GET 200 https://registry.npmjs.org/lodash 158ms (cache miss)
229 http fetch GET 200 https://registry.npmjs.org/babel-plugin-syntax-jsx 333ms (cache miss)
230 http fetch GET 200 https://registry.npmjs.org/camelize 334ms (cache miss)
231 http fetch GET 200 https://registry.npmjs.org/css-color-keywords 334ms (cache miss)
232 timing idealTree:node_modules/styled-components Completed in 342ms
233 timing idealTree:node_modules/@emotion/stylis Completed in 0ms
234 timing idealTree:node_modules/@emotion/unitless Completed in 0ms
235 silly placeDep ROOT babel-plugin-syntax-jsx@6.18.0 OK for: babel-plugin-styled-components@2.0.7 want: ^6.18.0
236 silly placeDep ROOT lodash@4.17.21 OK for: babel-plugin-styled-components@2.0.7 want: ^4.17.11
237 timing idealTree:node_modules/babel-plugin-styled-components Completed in 2ms
238 timing idealTree:node_modules/babel-plugin-syntax-jsx Completed in 0ms
239 silly placeDep ROOT camelize@1.0.1 OK for: css-to-react-native@3.0.0 want: ^1.0.0
240 silly placeDep ROOT css-color-keywords@1.0.0 OK for: css-to-react-native@3.0.0 want: ^1.0.0
241 silly placeDep ROOT postcss-value-parser@4.2.0 OK for: css-to-react-native@3.0.0 want: ^4.0.2
242 timing idealTree:node_modules/css-to-react-native Completed in 1ms
243 timing idealTree:node_modules/camelize Completed in 0ms
244 timing idealTree:node_modules/css-color-keywords Completed in 0ms
245 silly placeDep node_modules/hoist-non-react-statics react-is@16.13.1 OK for: hoist-non-react-statics@3.3.2 want: ^16.7.0
246 timing idealTree:node_modules/hoist-non-react-statics Completed in 0ms
247 timing idealTree:node_modules/lodash Completed in 0ms
248 timing idealTree:node_modules/postcss-value-parser Completed in 0ms
249 timing idealTree:node_modules/shallowequal Completed in 0ms
250 timing idealTree:node_modules/stylis Completed in 0ms
251 timing idealTree:node_modules/hoist-non-react-statics/node_modules/react-is Completed in 0ms
252 timing idealTree:node_modules/prop-types/node_modules/react-is Completed in 0ms
253 silly placeDep node_modules/styled-components has-flag@3.0.0 OK for: supports-color@5.5.0 want: ^3.0.0
254 timing idealTree:node_modules/styled-components/node_modules/supports-color Completed in 1ms
255 timing idealTree:node_modules/styled-components/node_modules/has-flag Completed in 0ms
256 timing idealTree:buildDeps Completed in 27074ms
257 timing idealTree:fixDepFlags Completed in 3ms
258 timing idealTree Completed in 27595ms
259 timing reify:loadTrees Completed in 27595ms
260 timing reify:diffTrees Completed in 22ms
261 silly reify mark retired [
261 silly reify   '/home/senac/node_modules/@babel/cli/node_modules/semver',
261 silly reify   '/home/senac/node_modules/@babel/cli/node_modules/.bin/semver'
261 silly reify ]
262 silly reify moves {
262 silly reify   '/home/senac/node_modules/@babel/cli/node_modules/semver': '/home/senac/node_modules/@babel/cli/node_modules/.semver-aY5UCpAp',
262 silly reify   '/home/senac/node_modules/@babel/cli/node_modules/.bin/semver': '/home/senac/node_modules/@babel/cli/node_modules/.bin/.semver-rqrkSNvi'
262 silly reify }
263 timing reify:retireShallow Completed in 5ms
264 timing reify:createSparse Completed in 10ms
265 timing reify:loadBundles Completed in 0ms
266 silly audit bulk request {
266 silly audit   acorn: [ '8.8.0' ],
266 silly audit   'acorn-import-assertions': [ '1.8.0' ],
266 silly audit   ajv: [ '6.12.6' ],
266 silly audit   'ajv-keywords': [ '3.5.2' ],
266 silly audit   anymatch: [ '3.1.2' ],
266 silly audit   'babel-loader': [ '8.2.5' ],
266 silly audit   'schema-utils': [ '2.7.1', '3.1.1' ],
266 silly audit   'babel-plugin-dynamic-import-node': [ '2.3.3' ],
266 silly audit   'babel-plugin-polyfill-corejs2': [ '0.3.2' ],
266 silly audit   'ansi-styles': [ '3.2.1' ],
266 silly audit   'babel-plugin-polyfill-corejs3': [ '0.5.3' ],
266 silly audit   'babel-plugin-polyfill-regenerator': [ '0.4.0' ],
266 silly audit   'big.js': [ '5.2.2' ],
266 silly audit   'binary-extensions': [ '2.2.0' ],
266 silly audit   'balanced-match': [ '1.0.2' ],
266 silly audit   'brace-expansion': [ '1.1.11' ],
266 silly audit   braces: [ '3.0.2' ],
266 silly audit   browserslist: [ '4.21.3' ],
266 silly audit   'buffer-from': [ '1.1.2' ],
266 silly audit   'caniuse-lite': [ '1.0.30001373' ],
266 silly audit   'call-bind': [ '1.0.2' ],
266 silly audit   chalk: [ '2.4.2' ],
266 silly audit   'supports-color': [ '5.5.0', '8.1.1' ],
266 silly audit   'has-flag': [ '3.0.0', '4.0.0' ],
266 silly audit   'clone-deep': [ '4.0.1' ],
266 silly audit   'color-convert': [ '1.9.3' ],
266 silly audit   'color-name': [ '1.1.3' ],
266 silly audit   commander: [ '4.1.1', '2.20.3', '7.2.0' ],
266 silly audit   commondir: [ '1.0.1' ],
266 silly audit   colorette: [ '2.0.19' ],
266 silly audit   'concat-map': [ '0.0.1' ],
266 silly audit   'cross-spawn': [ '7.0.3' ],
266 silly audit   chokidar: [ '3.5.3' ],
266 silly audit   'convert-source-map': [ '1.8.0' ],
266 silly audit   'core-js-compat': [ '3.24.1' ],
266 silly audit   semver: [ '7.0.0', '6.3.0', '5.7.1' ],
266 silly audit   'define-properties': [ '1.1.4' ],
266 silly audit   debug: [ '4.3.4' ],
266 silly audit   'enhanced-resolve': [ '5.10.0' ],
266 silly audit   'electron-to-chromium': [ '1.4.207' ],
266 silly audit   'emojis-list': [ '3.0.0' ],
266 silly audit   envinfo: [ '7.8.1' ],
266 silly audit   'es-module-lexer': [ '0.9.3' ],
266 silly audit   'eslint-scope': [ '5.1.1' ],
266 silly audit   'escape-string-regexp': [ '1.0.5' ],
266 silly audit   esrecurse: [ '4.3.0' ],
266 silly audit   estraverse: [ '5.3.0', '4.3.0' ],
266 silly audit   esutils: [ '2.0.3' ],
266 silly audit   'chrome-trace-event': [ '1.0.3' ],
266 silly audit   escalade: [ '3.1.1' ],
266 silly audit   events: [ '3.3.0' ],
266 silly audit   'fast-deep-equal': [ '3.1.3' ],
266 silly audit   'fill-range': [ '7.0.1' ],
266 silly audit   'fastest-levenshtein': [ '1.0.14' ],
266 silly audit   'fast-json-stable-stringify': [ '2.1.0' ],
266 silly audit   'find-cache-dir': [ '3.3.2' ],
266 silly audit   'find-up': [ '4.1.0' ],
266 silly audit   'fs-readdir-recursive': [ '1.1.0' ],
266 silly audit   'fs.realpath': [ '1.0.0' ],
266 silly audit   gensync: [ '1.0.0-beta.2' ],
266 silly audit   'function-bind': [ '1.1.1' ],
266 silly audit   glob: [ '7.2.3' ],
266 silly audit   'glob-to-regexp': [ '0.4.1' ],
266 silly audit   'get-intrinsic': [ '1.1.2' ],
266 silly audit   globals: [ '11.12.0' ],
266 silly audit   'glob-parent': [ '5.1.2' ],
266 silly audit   has: [ '1.0.3' ],
266 silly audit   'graceful-fs': [ '4.2.10' ],
266 silly audit   'has-symbols': [ '1.0.3' ],
266 silly audit   'has-property-descriptors': [ '1.0.0' ],
266 silly audit   immutable: [ '4.1.0' ],
266 silly audit   'import-local': [ '3.1.0' ],
266 silly audit   inflight: [ '1.0.6' ],
266 silly audit   inherits: [ '2.0.4' ],
266 silly audit   interpret: [ '2.2.0' ],
266 silly audit   'is-binary-path': [ '2.1.0' ],
266 silly audit   'is-extglob': [ '2.1.1' ],
266 silly audit   'is-glob': [ '4.0.3' ],
266 silly audit   'is-core-module': [ '2.9.0' ],
266 silly audit   'is-number': [ '7.0.0' ],
266 silly audit   'is-plain-object': [ '2.0.4' ],
266 silly audit   isobject: [ '3.0.1' ],
266 silly audit   'js-tokens': [ '4.0.0' ],
266 silly audit   isexe: [ '2.0.0' ],
266 silly audit   'jest-worker': [ '27.5.1' ],
266 silly audit   jsesc: [ '2.5.2', '0.5.0' ],
266 silly audit   'json-parse-even-better-errors': [ '2.3.1' ],
266 silly audit   'json-schema-traverse': [ '0.4.1' ],
266 silly audit   json5: [ '2.2.1' ],
266 silly audit   klona: [ '2.0.5' ],
266 silly audit   'kind-of': [ '6.0.3' ],
266 silly audit   'loader-runner': [ '4.3.0' ],
266 silly audit   'locate-path': [ '5.0.0' ],
266 silly audit   'lodash.debounce': [ '4.0.8' ],
266 silly audit   'make-dir': [ '3.1.0', '2.1.0' ],
266 silly audit   'loader-utils': [ '2.0.2' ],
266 silly audit   'merge-stream': [ '2.0.0' ],
266 silly audit   'mime-db': [ '1.52.0' ],
266 silly audit   'mime-types': [ '2.1.35' ],
266 silly audit   minimatch: [ '3.1.2' ],
266 silly audit   ms: [ '2.1.2' ],
266 silly audit   'neo-async': [ '2.6.2' ],
266 silly audit   'normalize-path': [ '3.0.0' ],
266 silly audit   'object-keys': [ '1.1.1' ],
266 silly audit   'object.assign': [ '4.1.2' ],
266 silly audit   once: [ '1.4.0' ],
266 silly audit   'p-limit': [ '2.3.0' ],
266 silly audit   'node-releases': [ '2.0.6' ],
266 silly audit   'p-locate': [ '4.1.0' ],
266 silly audit   'p-try': [ '2.2.0' ],
266 silly audit   'path-exists': [ '4.0.0' ],
266 silly audit   'path-is-absolute': [ '1.0.1' ],
266 silly audit   'path-parse': [ '1.0.7' ],
266 silly audit   picocolors: [ '1.0.0' ],
266 silly audit   pify: [ '4.0.1' ],
266 silly audit   'pkg-dir': [ '4.2.0' ],
266 silly audit   'path-key': [ '3.1.1' ],
266 silly audit   randombytes: [ '2.1.0' ],
266 silly audit   'safe-buffer': [ '5.2.1', '5.1.2' ],
266 silly audit   punycode: [ '2.1.1' ],
266 silly audit   picomatch: [ '2.3.1' ],
266 silly audit   readdirp: [ '3.6.0' ],
266 silly audit   rechoir: [ '0.7.1' ],
266 silly audit   regenerate: [ '1.4.2' ],
266 silly audit   'regenerate-unicode-properties': [ '10.0.1' ],
266 silly audit   'regenerator-runtime': [ '0.13.9' ],
266 silly audit   'regenerator-transform': [ '0.15.0' ],
266 silly audit   '@babel/runtime': [ '7.18.9', '7.19.4' ],
266 silly audit   'regexpu-core': [ '5.1.0' ],
266 silly audit   regjsgen: [ '0.6.0' ],
266 silly audit   regjsparser: [ '0.8.4' ],
266 silly audit   resolve: [ '1.22.1' ],
266 silly audit   'resolve-cwd': [ '3.0.0' ],
266 silly audit   'resolve-from': [ '5.0.0' ],
266 silly audit   sass: [ '1.54.0' ],
266 silly audit   'sass-loader': [ '13.0.2' ],
266 silly audit   'serialize-javascript': [ '6.0.0' ],
266 silly audit   'shallow-clone': [ '3.0.1' ],
266 silly audit   'shebang-command': [ '2.0.0' ],
266 silly audit   'shebang-regex': [ '3.0.0' ],
266 silly audit   slash: [ '2.0.0' ],
266 silly audit   'source-map': [ '0.6.1' ],
266 silly audit   'source-map-js': [ '1.0.2' ],
266 silly audit   'source-map-support': [ '0.5.21' ],
266 silly audit   'supports-preserve-symlinks-flag': [ '1.0.0' ],
266 silly audit   tapable: [ '2.2.1' ],
266 silly audit   terser: [ '5.14.2' ],
266 silly audit   'terser-webpack-plugin': [ '5.3.3' ],
266 silly audit   'to-fast-properties': [ '2.0.0' ],
266 silly audit   'to-regex-range': [ '5.0.1' ],
266 silly audit   'unicode-canonical-property-names-ecmascript': [ '2.0.0' ],
266 silly audit   'unicode-match-property-ecmascript': [ '2.0.0' ],
266 silly audit   'unicode-match-property-value-ecmascript': [ '2.0.0' ],
266 silly audit   'unicode-property-aliases-ecmascript': [ '2.0.0' ],
266 silly audit   'update-browserslist-db': [ '1.0.5' ],
266 silly audit   'uri-js': [ '4.4.1' ],
266 silly audit   watchpack: [ '2.4.0' ],
266 silly audit   webpack: [ '5.74.0' ],
266 silly audit   '@types/estree': [ '0.0.51', '1.0.0' ],
266 silly audit   'webpack-cli': [ '4.10.0' ],
266 silly audit   'webpack-merge': [ '5.8.0' ],
266 silly audit   'webpack-sources': [ '3.2.3' ],
266 silly audit   which: [ '2.0.2' ],
266 silly audit   wildcard: [ '2.0.0' ],
266 silly audit   wrappy: [ '1.0.2' ],
266 silly audit   '@ampproject/remapping': [ '2.2.0' ],
266 silly audit   '@jridgewell/gen-mapping': [ '0.1.1', '0.3.2' ],
266 silly audit   '@babel/cli': [ '7.18.10' ],
266 silly audit   '@babel/code-frame': [ '7.18.6' ],
266 silly audit   '@babel/compat-data': [ '7.18.8' ],
266 silly audit   '@babel/core': [ '7.18.10' ],
266 silly audit   '@babel/generator': [ '7.18.10' ],
266 silly audit   '@babel/helper-annotate-as-pure': [ '7.18.6' ],
266 silly audit   '@babel/helper-builder-binary-assignment-operator-visitor': [ '7.18.9' ],
266 silly audit   '@babel/helper-compilation-targets': [ '7.18.9' ],
266 silly audit   '@babel/helper-create-class-features-plugin': [ '7.18.9' ],
266 silly audit   '@babel/helper-create-regexp-features-plugin': [ '7.18.6' ],
266 silly audit   '@babel/helper-define-polyfill-provider': [ '0.3.2' ],
266 silly audit   '@babel/helper-environment-visitor': [ '7.18.9' ],
266 silly audit   '@babel/helper-explode-assignable-expression': [ '7.18.6' ],
266 silly audit   '@babel/helper-function-name': [ '7.18.9' ],
266 silly audit   '@babel/helper-hoist-variables': [ '7.18.6' ],
266 silly audit   '@babel/helper-member-expression-to-functions': [ '7.18.9' ],
266 silly audit   '@babel/helper-module-imports': [ '7.18.6' ],
266 silly audit   '@babel/helper-module-transforms': [ '7.18.9' ],
266 silly audit   '@babel/helper-optimise-call-expression': [ '7.18.6' ],
266 silly audit   '@babel/helper-plugin-utils': [ '7.18.9' ],
266 silly audit   '@babel/helper-remap-async-to-generator': [ '7.18.9' ],
266 silly audit   '@babel/helper-replace-supers': [ '7.18.9' ],
266 silly audit   '@babel/helper-simple-access': [ '7.18.6' ],
266 silly audit   '@babel/helper-skip-transparent-expression-wrappers': [ '7.18.9' ],
266 silly audit   '@babel/helper-split-export-declaration': [ '7.18.6' ],
266 silly audit   '@babel/helper-string-parser': [ '7.18.10' ],
266 silly audit   '@babel/helper-validator-identifier': [ '7.18.6' ],
266 silly audit   '@babel/helper-validator-option': [ '7.18.6' ],
266 silly audit   '@babel/helper-wrap-function': [ '7.18.10' ],
266 silly audit   '@babel/helpers': [ '7.18.9' ],
266 silly audit   '@babel/highlight': [ '7.18.6' ],
266 silly audit   '@babel/parser': [ '7.18.10' ],
266 silly audit   '@babel/plugin-bugfix-v8-spread-parameters-in-optional-chaining': [ '7.18.9' ],
266 silly audit   '@babel/plugin-bugfix-safari-id-destructuring-collision-in-function-expression': [ '7.18.6' ],
266 silly audit   '@babel/plugin-proposal-async-generator-functions': [ '7.18.10' ],
266 silly audit   '@babel/plugin-proposal-class-properties': [ '7.18.6' ],
266 silly audit   '@babel/plugin-proposal-class-static-block': [ '7.18.6' ],
266 silly audit   '@babel/plugin-proposal-export-namespace-from': [ '7.18.9' ],
266 silly audit   '@babel/plugin-proposal-dynamic-import': [ '7.18.6' ],
266 silly audit   '@babel/plugin-proposal-logical-assignment-operators': [ '7.18.9' ],
266 silly audit   '@babel/plugin-proposal-nullish-coalescing-operator': [ '7.18.6' ],
266 silly audit   '@babel/plugin-proposal-numeric-separator': [ '7.18.6' ],
266 silly audit   '@babel/plugin-proposal-json-strings': [ '7.18.6' ],
266 silly audit   '@babel/plugin-proposal-object-rest-spread': [ '7.18.9' ],
266 silly audit   '@babel/plugin-proposal-optional-catch-binding': [ '7.18.6' ],
266 silly audit   '@babel/plugin-proposal-optional-chaining': [ '7.18.9' ],
266 silly audit   '@babel/plugin-proposal-private-property-in-object': [ '7.18.6' ],
266 silly audit   '@babel/plugin-proposal-private-methods': [ '7.18.6' ],
266 silly audit   '@babel/plugin-proposal-unicode-property-regex': [ '7.18.6' ],
266 silly audit   '@babel/plugin-syntax-async-generators': [ '7.8.4' ],
266 silly audit   '@babel/plugin-syntax-class-properties': [ '7.12.13' ],
266 silly audit   '@babel/plugin-syntax-class-static-block': [ '7.14.5' ],
266 silly audit   '@babel/plugin-syntax-dynamic-import': [ '7.8.3' ],
266 silly audit   '@babel/plugin-syntax-export-namespace-from': [ '7.8.3' ],
266 silly audit   '@babel/plugin-syntax-import-assertions': [ '7.18.6' ],
266 silly audit   '@babel/plugin-syntax-json-strings': [ '7.8.3' ],
266 silly audit   '@babel/plugin-syntax-logical-assignment-operators': [ '7.10.4' ],
266 silly audit   '@babel/plugin-syntax-nullish-coalescing-operator': [ '7.8.3' ],
266 silly audit   '@babel/plugin-syntax-numeric-separator': [ '7.10.4' ],
266 silly audit   '@babel/plugin-syntax-object-rest-spread': [ '7.8.3' ],
266 silly audit   '@babel/plugin-syntax-optional-catch-binding': [ '7.8.3' ],
266 silly audit   '@babel/plugin-syntax-optional-chaining': [ '7.8.3' ],
266 silly audit   '@babel/plugin-syntax-top-level-await': [ '7.14.5' ],
266 silly audit   '@babel/plugin-syntax-private-property-in-object': [ '7.14.5' ],
266 silly audit   '@babel/plugin-transform-arrow-functions': [ '7.18.6' ],
266 silly audit   '@babel/plugin-transform-block-scoped-functions': [ '7.18.6' ],
266 silly audit   '@babel/plugin-transform-async-to-generator': [ '7.18.6' ],
266 silly audit   '@babel/plugin-transform-block-scoping': [ '7.18.9' ],
266 silly audit   '@babel/plugin-transform-classes': [ '7.18.9' ],
266 silly audit   '@babel/plugin-transform-destructuring': [ '7.18.9' ],
266 silly audit   '@babel/plugin-transform-dotall-regex': [ '7.18.6' ],
266 silly audit   '@babel/plugin-transform-exponentiation-operator': [ '7.18.6' ],
266 silly audit   '@babel/plugin-transform-for-of': [ '7.18.8' ],
266 silly audit   '@babel/plugin-transform-function-name': [ '7.18.9' ],
266 silly audit   '@babel/plugin-transform-duplicate-keys': [ '7.18.9' ],
266 silly audit   '@babel/plugin-transform-member-expression-literals': [ '7.18.6' ],
266 silly audit   '@babel/plugin-transform-modules-amd': [ '7.18.6' ],
266 silly audit   '@babel/plugin-transform-modules-commonjs': [ '7.18.6' ],
266 silly audit   '@babel/plugin-transform-literals': [ '7.18.9' ],
266 silly audit   '@babel/plugin-transform-modules-systemjs': [ '7.18.9' ],
266 silly audit   '@babel/plugin-transform-computed-properties': [ '7.18.9' ],
266 silly audit   '@babel/plugin-transform-modules-umd': [ '7.18.6' ],
266 silly audit   '@babel/plugin-transform-named-capturing-groups-regex': [ '7.18.6' ],
266 silly audit   '@babel/plugin-transform-new-target': [ '7.18.6' ],
266 silly audit   '@babel/plugin-transform-object-super': [ '7.18.6' ],
266 silly audit   '@babel/plugin-transform-parameters': [ '7.18.8' ],
266 silly audit   '@babel/plugin-transform-property-literals': [ '7.18.6' ],
266 silly audit   '@babel/plugin-transform-regenerator': [ '7.18.6' ],
266 silly audit   '@babel/plugin-transform-reserved-words': [ '7.18.6' ],
266 silly audit   '@babel/plugin-transform-shorthand-properties': [ '7.18.6' ],
266 silly audit   '@babel/plugin-transform-spread': [ '7.18.9' ],
266 silly audit   '@babel/plugin-transform-sticky-regex': [ '7.18.6' ],
266 silly audit   '@babel/plugin-transform-template-literals': [ '7.18.9' ],
266 silly audit   '@babel/plugin-transform-unicode-escapes': [ '7.18.10' ],
266 silly audit   '@babel/plugin-transform-unicode-regex': [ '7.18.6' ],
266 silly audit   '@babel/plugin-transform-typeof-symbol': [ '7.18.9' ],
266 silly audit   '@babel/preset-modules': [ '0.1.5' ],
266 silly audit   '@babel/preset-env': [ '7.18.10' ],
266 silly audit   '@babel/template': [ '7.18.10' ],
266 silly audit   '@babel/traverse': [ '7.18.10' ],
266 silly audit   '@babel/types': [ '7.18.10' ],
266 silly audit   '@discoveryjs/json-ext': [ '0.5.7' ],
266 silly audit   '@jridgewell/resolve-uri': [ '3.1.0' ],
266 silly audit   '@jridgewell/set-array': [ '1.1.2' ],
266 silly audit   '@jridgewell/source-map': [ '0.3.2' ],
266 silly audit   '@jridgewell/sourcemap-codec': [ '1.4.14' ],
266 silly audit   '@jridgewell/trace-mapping': [ '0.3.14' ],
266 silly audit   '@mui/icons-material': [ '5.10.9' ],
266 silly audit   '@nicolo-ribaudo/chokidar-2': [ '2.1.8-no-fsevents.3' ],
266 silly audit   '@types/eslint': [ '8.4.5' ],
266 silly audit   '@types/eslint-scope': [ '3.7.4' ],
266 silly audit   '@types/json-schema': [ '7.0.11' ],
266 silly audit   '@webassemblyjs/ast': [ '1.11.1' ],
266 silly audit   '@types/node': [ '18.6.3' ],
266 silly audit   '@webassemblyjs/helper-buffer': [ '1.11.1' ],
266 silly audit   '@webassemblyjs/helper-api-error': [ '1.11.1' ],
266 silly audit   '@webassemblyjs/floating-point-hex-parser': [ '1.11.1' ],
266 silly audit   '@webassemblyjs/helper-numbers': [ '1.11.1' ],
266 silly audit   '@webassemblyjs/helper-wasm-bytecode': [ '1.11.1' ],
266 silly audit   '@webassemblyjs/helper-wasm-section': [ '1.11.1' ],
266 silly audit   '@webassemblyjs/ieee754': [ '1.11.1' ],
266 silly audit   '@webassemblyjs/leb128': [ '1.11.1' ],
266 silly audit   '@webassemblyjs/utf8': [ '1.11.1' ],
266 silly audit   '@webassemblyjs/wasm-edit': [ '1.11.1' ],
266 silly audit   '@webassemblyjs/wasm-gen': [ '1.11.1' ],
266 silly audit   '@webassemblyjs/wasm-opt': [ '1.11.1' ],
266 silly audit   '@webassemblyjs/wasm-parser': [ '1.11.1' ],
266 silly audit   '@webassemblyjs/wast-printer': [ '1.11.1' ],
266 silly audit   '@webpack-cli/info': [ '1.5.0' ],
266 silly audit   '@webpack-cli/configtest': [ '1.2.0' ],
266 silly audit   '@webpack-cli/serve': [ '1.7.0' ],
266 silly audit   '@xtuc/ieee754': [ '1.2.0' ],
266 silly audit   '@xtuc/long': [ '4.2.2' ],
266 silly audit   '@mui/material': [ '5.10.10' ],
266 silly audit   react: [ '18.2.0' ],
266 silly audit   'react-dom': [ '18.2.0' ],
266 silly audit   '@mui/styled-engine-sc': [ '5.10.6' ],
266 silly audit   'react-is': [ '18.2.0', '16.13.1' ],
266 silly audit   'styled-components': [ '5.3.6' ],
266 silly audit   '@mui/base': [ '5.0.0-alpha.102' ],
266 silly audit   '@mui/core-downloads-tracker': [ '5.10.10' ],
266 silly audit   '@mui/system': [ '5.10.10' ],
266 silly audit   '@mui/types': [ '7.2.0' ],
266 silly audit   '@mui/utils': [ '5.10.9' ],
266 silly audit   '@types/react-transition-group': [ '4.4.5' ],
266 silly audit   clsx: [ '1.2.1' ],
266 silly audit   csstype: [ '3.1.1' ],
266 silly audit   'prop-types': [ '15.8.1' ],
266 silly audit   'react-transition-group': [ '4.4.5' ],
266 silly audit   '@emotion/is-prop-valid': [ '1.2.0' ],
266 silly audit   '@popperjs/core': [ '2.11.6' ],
266 silly audit   '@emotion/memoize': [ '0.8.0' ],
266 silly audit   '@mui/private-theming': [ '5.10.9' ],
266 silly audit   '@mui/styled-engine': [ '5.10.8' ],
266 silly audit   '@emotion/cache': [ '11.10.3' ],
266 silly audit   '@emotion/sheet': [ '1.2.0' ],
266 silly audit   '@emotion/utils': [ '1.2.0' ],
266 silly audit   '@emotion/weak-memoize': [ '0.3.0' ],
266 silly audit   stylis: [ '4.0.13' ],
266 silly audit   '@types/prop-types': [ '15.7.5' ],
266 silly audit   '@types/react-is': [ '17.0.3' ],
266 silly audit   '@types/react': [ '18.0.21' ],
266 silly audit   '@types/scheduler': [ '0.16.2' ],
266 silly audit   'loose-envify': [ '1.4.0' ],
266 silly audit   'object-assign': [ '4.1.1' ],
266 silly audit   scheduler: [ '0.23.0' ],
266 silly audit   'dom-helpers': [ '5.2.1' ],
266 silly audit   '@emotion/stylis': [ '0.8.5' ],
266 silly audit   '@emotion/unitless': [ '0.7.5' ],
266 silly audit   'babel-plugin-styled-components': [ '2.0.7' ],
266 silly audit   'css-to-react-native': [ '3.0.0' ],
266 silly audit   'hoist-non-react-statics': [ '3.3.2' ],
266 silly audit   shallowequal: [ '1.1.0' ],
266 silly audit   'babel-plugin-syntax-jsx': [ '6.18.0' ],
266 silly audit   lodash: [ '4.17.21' ],
266 silly audit   camelize: [ '1.0.1' ],
266 silly audit   'css-color-keywords': [ '1.0.0' ],
266 silly audit   'postcss-value-parser': [ '4.2.0' ]
266 silly audit }
267 silly tarball no local data for postcss-value-parser@https://registry.npmjs.org/postcss-value-parser/-/postcss-value-parser-4.2.0.tgz. Extracting by manifest.
268 silly tarball no local data for css-color-keywords@https://registry.npmjs.org/css-color-keywords/-/css-color-keywords-1.0.0.tgz. Extracting by manifest.
269 silly tarball no local data for lodash@https://registry.npmjs.org/lodash/-/lodash-4.17.21.tgz. Extracting by manifest.
270 silly tarball no local data for camelize@https://registry.npmjs.org/camelize/-/camelize-1.0.1.tgz. Extracting by manifest.
271 silly tarball no local data for shallowequal@https://registry.npmjs.org/shallowequal/-/shallowequal-1.1.0.tgz. Extracting by manifest.
272 silly tarball no local data for css-to-react-native@https://registry.npmjs.org/css-to-react-native/-/css-to-react-native-3.0.0.tgz. Extracting by manifest.
273 silly tarball no local data for hoist-non-react-statics@https://registry.npmjs.org/hoist-non-react-statics/-/hoist-non-react-statics-3.3.2.tgz. Extracting by manifest.
274 silly tarball no local data for babel-plugin-syntax-jsx@https://registry.npmjs.org/babel-plugin-syntax-jsx/-/babel-plugin-syntax-jsx-6.18.0.tgz. Extracting by manifest.
275 silly tarball no local data for @emotion/unitless@https://registry.npmjs.org/@emotion/unitless/-/unitless-0.7.5.tgz. Extracting by manifest.
276 silly tarball no local data for scheduler@https://registry.npmjs.org/scheduler/-/scheduler-0.23.0.tgz. Extracting by manifest.
277 silly tarball no local data for @emotion/stylis@https://registry.npmjs.org/@emotion/stylis/-/stylis-0.8.5.tgz. Extracting by manifest.
278 silly tarball no local data for dom-helpers@https://registry.npmjs.org/dom-helpers/-/dom-helpers-5.2.1.tgz. Extracting by manifest.
279 silly tarball no local data for object-assign@https://registry.npmjs.org/object-assign/-/object-assign-4.1.1.tgz. Extracting by manifest.
280 silly tarball no local data for @types/react-is@https://registry.npmjs.org/@types/react-is/-/react-is-17.0.3.tgz. Extracting by manifest.
281 silly tarball no local data for @emotion/weak-memoize@https://registry.npmjs.org/@emotion/weak-memoize/-/weak-memoize-0.3.0.tgz. Extracting by manifest.
282 silly tarball no local data for loose-envify@https://registry.npmjs.org/loose-envify/-/loose-envify-1.4.0.tgz. Extracting by manifest.
283 silly tarball no local data for @emotion/sheet@https://registry.npmjs.org/@emotion/sheet/-/sheet-1.2.0.tgz. Extracting by manifest.
284 silly tarball no local data for @emotion/utils@https://registry.npmjs.org/@emotion/utils/-/utils-1.2.0.tgz. Extracting by manifest.
285 silly tarball no local data for @mui/styled-engine@https://registry.npmjs.org/@mui/styled-engine/-/styled-engine-5.10.8.tgz. Extracting by manifest.
286 silly tarball no local data for stylis@https://registry.npmjs.org/stylis/-/stylis-4.0.13.tgz. Extracting by manifest.
287 silly tarball no local data for @emotion/memoize@https://registry.npmjs.org/@emotion/memoize/-/memoize-0.8.0.tgz. Extracting by manifest.
288 silly tarball no local data for @emotion/cache@https://registry.npmjs.org/@emotion/cache/-/cache-11.10.3.tgz. Extracting by manifest.
289 silly tarball no local data for @mui/private-theming@https://registry.npmjs.org/@mui/private-theming/-/private-theming-5.10.9.tgz. Extracting by manifest.
290 silly tarball no local data for @emotion/is-prop-valid@https://registry.npmjs.org/@emotion/is-prop-valid/-/is-prop-valid-1.2.0.tgz. Extracting by manifest.
291 silly tarball no local data for react-transition-group@https://registry.npmjs.org/react-transition-group/-/react-transition-group-4.4.5.tgz. Extracting by manifest.
292 silly tarball no local data for @mui/utils@https://registry.npmjs.org/@mui/utils/-/utils-5.10.9.tgz. Extracting by manifest.
293 silly tarball no local data for prop-types@https://registry.npmjs.org/prop-types/-/prop-types-15.8.1.tgz. Extracting by manifest.
294 silly tarball no local data for @mui/types@https://registry.npmjs.org/@mui/types/-/types-7.2.0.tgz. Extracting by manifest.
295 silly tarball no local data for @mui/system@https://registry.npmjs.org/@mui/system/-/system-5.10.10.tgz. Extracting by manifest.
296 silly tarball no local data for @types/react-transition-group@https://registry.npmjs.org/@types/react-transition-group/-/react-transition-group-4.4.5.tgz. Extracting by manifest.
297 silly tarball no local data for @mui/core-downloads-tracker@https://registry.npmjs.org/@mui/core-downloads-tracker/-/core-downloads-tracker-5.10.10.tgz. Extracting by manifest.
298 silly tarball no local data for clsx@https://registry.npmjs.org/clsx/-/clsx-1.2.1.tgz. Extracting by manifest.
299 silly tarball no local data for styled-components@https://registry.npmjs.org/styled-components/-/styled-components-5.3.6.tgz. Extracting by manifest.
300 silly tarball no local data for @mui/styled-engine-sc@https://registry.npmjs.org/@mui/styled-engine-sc/-/styled-engine-sc-5.10.6.tgz. Extracting by manifest.
301 silly tarball no local data for babel-plugin-styled-components@https://registry.npmjs.org/babel-plugin-styled-components/-/babel-plugin-styled-components-2.0.7.tgz. Extracting by manifest.
302 silly tarball no local data for @mui/base@https://registry.npmjs.org/@mui/base/-/base-5.0.0-alpha.102.tgz. Extracting by manifest.
303 silly tarball no local data for react-dom@https://registry.npmjs.org/react-dom/-/react-dom-18.2.0.tgz. Extracting by manifest.
304 silly tarball no local data for react@https://registry.npmjs.org/react/-/react-18.2.0.tgz. Extracting by manifest.
305 silly tarball no local data for react-is@https://registry.npmjs.org/react-is/-/react-is-16.13.1.tgz. Extracting by manifest.
306 silly tarball no local data for react-is@https://registry.npmjs.org/react-is/-/react-is-16.13.1.tgz. Extracting by manifest.
307 silly tarball no local data for @mui/material@https://registry.npmjs.org/@mui/material/-/material-5.10.10.tgz. Extracting by manifest.
308 silly tarball no local data for semver@https://registry.npmjs.org/semver/-/semver-5.7.1.tgz. Extracting by manifest.
309 timing reifyNode:node_modules/@types/prop-types Completed in 165ms
310 timing reifyNode:node_modules/styled-components/node_modules/has-flag Completed in 165ms
311 timing reifyNode:node_modules/@types/scheduler Completed in 175ms
312 timing reifyNode:node_modules/styled-components/node_modules/supports-color Completed in 174ms
313 timing reifyNode:node_modules/react-is Completed in 189ms
314 http fetch GET 200 https://registry.npmjs.org/css-color-keywords/-/css-color-keywords-1.0.0.tgz 158ms (cache miss)
315 timing reifyNode:node_modules/css-color-keywords Completed in 196ms
316 http fetch GET 200 https://registry.npmjs.org/shallowequal/-/shallowequal-1.1.0.tgz 157ms (cache miss)
317 timing reifyNode:node_modules/shallowequal Completed in 197ms
318 http fetch GET 200 https://registry.npmjs.org/postcss-value-parser/-/postcss-value-parser-4.2.0.tgz 163ms (cache miss)
319 timing reifyNode:node_modules/postcss-value-parser Completed in 200ms
320 http fetch GET 200 https://registry.npmjs.org/object-assign/-/object-assign-4.1.1.tgz 156ms (cache miss)
321 timing reifyNode:node_modules/object-assign Completed in 203ms
322 http fetch GET 200 https://registry.npmjs.org/camelize/-/camelize-1.0.1.tgz 165ms (cache miss)
323 timing reifyNode:node_modules/camelize Completed in 205ms
324 http fetch GET 200 https://registry.npmjs.org/babel-plugin-syntax-jsx/-/babel-plugin-syntax-jsx-6.18.0.tgz 164ms (cache miss)
325 timing reifyNode:node_modules/babel-plugin-syntax-jsx Completed in 206ms
326 timing reifyNode:node_modules/@types/react Completed in 207ms
327 http fetch GET 200 https://registry.npmjs.org/hoist-non-react-statics/-/hoist-non-react-statics-3.3.2.tgz 170ms (cache miss)
328 timing reifyNode:node_modules/hoist-non-react-statics Completed in 211ms
329 http fetch GET 200 https://registry.npmjs.org/scheduler/-/scheduler-0.23.0.tgz 181ms (cache miss)
330 timing reifyNode:node_modules/scheduler Completed in 225ms
331 http fetch GET 200 https://registry.npmjs.org/css-to-react-native/-/css-to-react-native-3.0.0.tgz 197ms (cache miss)
332 timing reifyNode:node_modules/css-to-react-native Completed in 239ms
333 timing reifyNode:node_modules/csstype Completed in 246ms
334 http fetch POST 200 https://registry.npmjs.org/-/npm/v1/security/advisories/bulk 306ms
335 timing auditReport:getReport Completed in 309ms
336 silly audit report {}
337 timing auditReport:init Completed in 0ms
338 timing reify:audit Completed in 311ms
339 http fetch GET 200 https://registry.npmjs.org/loose-envify/-/loose-envify-1.4.0.tgz 257ms (cache miss)
340 timing reifyNode:node_modules/loose-envify Completed in 305ms
341 http fetch GET 200 https://registry.npmjs.org/stylis/-/stylis-4.0.13.tgz 338ms (cache miss)
342 timing reifyNode:node_modules/stylis Completed in 388ms
343 http fetch GET 200 https://registry.npmjs.org/@types/react-is/-/react-is-17.0.3.tgz 345ms (cache miss)
344 timing reifyNode:node_modules/@types/react-is Completed in 391ms
345 http fetch GET 200 https://registry.npmjs.org/@emotion/unitless/-/unitless-0.7.5.tgz 371ms (cache miss)
346 timing reifyNode:node_modules/@emotion/unitless Completed in 417ms
347 http fetch GET 200 https://registry.npmjs.org/dom-helpers/-/dom-helpers-5.2.1.tgz 372ms (cache miss)
348 timing reifyNode:node_modules/dom-helpers Completed in 421ms
349 http fetch GET 200 https://registry.npmjs.org/prop-types/-/prop-types-15.8.1.tgz 392ms (cache miss)
350 timing reifyNode:node_modules/prop-types Completed in 448ms
351 timing reifyNode:node_modules/@popperjs/core Completed in 448ms
352 http fetch GET 200 https://registry.npmjs.org/@emotion/weak-memoize/-/weak-memoize-0.3.0.tgz 466ms (cache miss)
353 timing reifyNode:node_modules/@emotion/weak-memoize Completed in 515ms
354 http fetch GET 200 https://registry.npmjs.org/react-transition-group/-/react-transition-group-4.4.5.tgz 462ms (cache miss)
355 timing reifyNode:node_modules/react-transition-group Completed in 516ms
356 http fetch GET 200 https://registry.npmjs.org/clsx/-/clsx-1.2.1.tgz 490ms (cache miss)
357 timing reifyNode:node_modules/clsx Completed in 553ms
358 http fetch GET 200 https://registry.npmjs.org/lodash/-/lodash-4.17.21.tgz 570ms (cache miss)
359 timing reifyNode:node_modules/lodash Completed in 610ms
360 http fetch GET 200 https://registry.npmjs.org/@emotion/memoize/-/memoize-0.8.0.tgz 585ms (cache miss)
361 timing reifyNode:node_modules/@emotion/memoize Completed in 637ms
362 http fetch GET 200 https://registry.npmjs.org/@emotion/is-prop-valid/-/is-prop-valid-1.2.0.tgz 586ms (cache miss)
363 timing reifyNode:node_modules/@emotion/is-prop-valid Completed in 640ms
364 http fetch GET 200 https://registry.npmjs.org/@mui/types/-/types-7.2.0.tgz 702ms (cache miss)
365 timing reifyNode:node_modules/@mui/types Completed in 757ms
366 http fetch GET 200 https://registry.npmjs.org/@mui/core-downloads-tracker/-/core-downloads-tracker-5.10.10.tgz 761ms (cache miss)
367 timing reifyNode:node_modules/@mui/core-downloads-tracker Completed in 822ms
368 http fetch GET 200 https://registry.npmjs.org/@mui/private-theming/-/private-theming-5.10.9.tgz 835ms (cache miss)
369 timing reifyNode:node_modules/@mui/private-theming Completed in 887ms
370 http fetch GET 200 https://registry.npmjs.org/babel-plugin-styled-components/-/babel-plugin-styled-components-2.0.7.tgz 823ms (cache miss)
371 timing reifyNode:node_modules/babel-plugin-styled-components Completed in 891ms
372 http fetch GET 200 https://registry.npmjs.org/@mui/utils/-/utils-5.10.9.tgz 839ms (cache miss)
373 timing reifyNode:node_modules/@mui/utils Completed in 893ms
374 http fetch GET 200 https://registry.npmjs.org/react/-/react-18.2.0.tgz 872ms (cache miss)
375 timing reifyNode:node_modules/react Completed in 945ms
376 http fetch GET 200 https://registry.npmjs.org/react-is/-/react-is-16.13.1.tgz 878ms (cache miss)
377 timing reifyNode:node_modules/hoist-non-react-statics/node_modules/react-is Completed in 954ms
378 http fetch GET 200 https://registry.npmjs.org/react-is/-/react-is-16.13.1.tgz 880ms (cache miss)
379 timing reifyNode:node_modules/prop-types/node_modules/react-is Completed in 954ms
380 http fetch GET 200 https://registry.npmjs.org/semver/-/semver-5.7.1.tgz 931ms (cache miss)
381 timing reifyNode:node_modules/@babel/cli/node_modules/semver Completed in 1007ms
382 http fetch GET 200 https://registry.npmjs.org/@mui/system/-/system-5.10.10.tgz 972ms (cache miss)
383 timing reifyNode:node_modules/@mui/system Completed in 1029ms
384 http fetch GET 200 https://registry.npmjs.org/@mui/styled-engine/-/styled-engine-5.10.8.tgz 1048ms (cache miss)
385 timing reifyNode:node_modules/@mui/styled-engine Completed in 1099ms
386 http fetch GET 200 https://registry.npmjs.org/@emotion/sheet/-/sheet-1.2.0.tgz 1169ms (cache miss)
387 timing reifyNode:node_modules/@emotion/sheet Completed in 1218ms
388 http fetch GET 200 https://registry.npmjs.org/@emotion/cache/-/cache-11.10.3.tgz 1168ms (cache miss)
389 timing reifyNode:node_modules/@emotion/cache Completed in 1220ms
390 http fetch GET 200 https://registry.npmjs.org/@emotion/utils/-/utils-1.2.0.tgz 1320ms (cache miss)
391 timing reifyNode:node_modules/@emotion/utils Completed in 1370ms
392 http fetch GET 200 https://registry.npmjs.org/@types/react-transition-group/-/react-transition-group-4.4.5.tgz 1344ms (cache miss)
393 timing reifyNode:node_modules/@types/react-transition-group Completed in 1406ms
394 http fetch GET 200 https://registry.npmjs.org/@mui/base/-/base-5.0.0-alpha.102.tgz 1350ms (cache miss)
395 timing reifyNode:node_modules/@mui/base Completed in 1416ms
396 http fetch GET 200 https://registry.npmjs.org/@mui/styled-engine-sc/-/styled-engine-sc-5.10.6.tgz 1409ms (cache miss)
397 timing reifyNode:node_modules/@mui/styled-engine-sc Completed in 1472ms
398 http fetch GET 200 https://registry.npmjs.org/react-dom/-/react-dom-18.2.0.tgz 1411ms (cache miss)
399 timing reifyNode:node_modules/react-dom Completed in 1477ms
400 http fetch GET 200 https://registry.npmjs.org/@emotion/stylis/-/stylis-0.8.5.tgz 1505ms (cache miss)
401 timing reifyNode:node_modules/@emotion/stylis Completed in 1555ms
402 http fetch GET 200 https://registry.npmjs.org/styled-components/-/styled-components-5.3.6.tgz 2134ms (cache miss)
403 timing reifyNode:node_modules/styled-components Completed in 2198ms
404 http fetch GET 200 https://registry.npmjs.org/@mui/material/-/material-5.10.10.tgz 2282ms (cache miss)
405 timing reifyNode:node_modules/@mui/material Completed in 2357ms
406 timing reify:unpack Completed in 2361ms
407 timing reify:unretire Completed in 0ms
408 timing build:queue Completed in 3ms
409 timing build:link:node_modules/loose-envify Completed in 2ms
410 timing build:link:node_modules/@babel/cli/node_modules/semver Completed in 2ms
411 timing build:link Completed in 2ms
412 info run styled-components@5.3.6 postinstall node_modules/styled-components node ./postinstall.js
413 info run styled-components@5.3.6 postinstall { code: 0, signal: null }
414 timing build:run:postinstall:node_modules/styled-components Completed in 135ms
415 timing build:run:postinstall Completed in 135ms
416 timing build:deps Completed in 141ms
417 timing build Completed in 141ms
418 timing reify:build Completed in 141ms
419 timing reify:trash Completed in 4ms
420 timing reify:save Completed in 63ms
421 timing reify Completed in 30247ms
422 silly ADD node_modules/postcss-value-parser
423 silly ADD node_modules/css-color-keywords
424 silly ADD node_modules/camelize
425 silly ADD node_modules/lodash
426 silly ADD node_modules/babel-plugin-syntax-jsx
427 silly ADD node_modules/shallowequal
428 silly ADD node_modules/hoist-non-react-statics
429 silly ADD node_modules/hoist-non-react-statics/node_modules/react-is
430 silly ADD node_modules/css-to-react-native
431 silly ADD node_modules/babel-plugin-styled-components
432 silly ADD node_modules/@emotion/unitless
433 silly ADD node_modules/@emotion/stylis
434 silly ADD node_modules/dom-helpers
435 silly ADD node_modules/scheduler
436 silly ADD node_modules/object-assign
437 silly ADD node_modules/loose-envify
438 silly ADD node_modules/@types/scheduler
439 silly ADD node_modules/@types/react
440 silly ADD node_modules/@types/react-is
441 silly ADD node_modules/@types/prop-types
442 silly ADD node_modules/stylis
443 silly ADD node_modules/@emotion/weak-memoize
444 silly ADD node_modules/@emotion/utils
445 silly ADD node_modules/@emotion/sheet
446 silly ADD node_modules/@emotion/cache
447 silly ADD node_modules/@mui/styled-engine
448 silly ADD node_modules/@mui/private-theming
449 silly ADD node_modules/@emotion/memoize
450 silly ADD node_modules/@popperjs/core
451 silly ADD node_modules/@emotion/is-prop-valid
452 silly ADD node_modules/react-transition-group
453 silly ADD node_modules/prop-types
454 silly ADD node_modules/prop-types/node_modules/react-is
455 silly ADD node_modules/csstype
456 silly ADD node_modules/clsx
457 silly ADD node_modules/@types/react-transition-group
458 silly ADD node_modules/@mui/utils
459 silly ADD node_modules/@mui/types
460 silly ADD node_modules/@mui/system
461 silly ADD node_modules/@mui/core-downloads-tracker
462 silly ADD node_modules/@mui/base
463 silly ADD node_modules/styled-components
464 silly ADD node_modules/styled-components/node_modules/has-flag
465 silly ADD node_modules/styled-components/node_modules/supports-color
466 silly ADD node_modules/react-is
467 silly ADD node_modules/@mui/styled-engine-sc
468 silly ADD node_modules/react-dom
469 silly ADD node_modules/react
470 silly ADD node_modules/@mui/material
471 silly CHANGE node_modules/@babel/cli/node_modules/semver
472 timing command:install Completed in 30253ms
473 verbose exit 0
474 timing npm Completed in 30378ms
475 info ok
