0 verbose cli /home/senac/.nvm/versions/node/v18.12.1/bin/node /home/senac/.nvm/versions/node/v18.12.1/lib/node_modules/npm/bin/npm-cli.js
1 info using npm@8.19.3
2 info using node@v18.12.1
3 timing npm:load:whichnode Completed in 0ms
4 timing config:load:defaults Completed in 1ms
5 timing config:load:file:/home/senac/.nvm/versions/node/v18.12.1/lib/node_modules/npm/npmrc Completed in 0ms
6 timing config:load:builtin Completed in 1ms
7 timing config:load:cli Completed in 1ms
8 timing config:load:env Completed in 0ms
9 timing config:load:project Completed in 11ms
10 timing config:load:file:/home/senac/.npmrc Completed in 0ms
11 timing config:load:user Completed in 1ms
12 timing config:load:file:/home/senac/.nvm/versions/node/v18.12.1/etc/npmrc Completed in 0ms
13 timing config:load:global Completed in 0ms
14 timing config:load:validate Completed in 0ms
15 timing config:load:credentials Completed in 1ms
16 timing config:load:setEnvs Completed in 1ms
17 timing config:load Completed in 17ms
18 timing npm:load:configload Completed in 18ms
19 timing npm:load:mkdirpcache Completed in 1ms
20 timing npm:load:mkdirplogs Completed in 0ms
21 verbose title npm exec create-react-app avaliacao-app-react
22 verbose argv "exec" "--" "create-react-app" "avaliacao-app-react"
23 timing npm:load:setTitle Completed in 1ms
24 timing config:load:flatten Completed in 5ms
25 timing npm:load:display Completed in 8ms
26 verbose logfile logs-max:10 dir:/home/senac/.npm/_logs
27 verbose logfile /home/senac/.npm/_logs/2022-11-05T14_50_42_969Z-debug-0.log
28 timing npm:load:logFile Completed in 5ms
29 timing npm:load:timers Completed in 0ms
30 timing npm:load:configScope Completed in 0ms
31 timing npm:load Completed in 33ms
32 silly logfile start cleaning logs, removing 2 files
33 timing arborist:ctor Completed in 0ms
34 silly logfile done cleaning log files
35 http fetch GET 200 https://registry.npmjs.org/create-react-app 169ms (cache revalidated)
36 timing arborist:ctor Completed in 0ms
37 timing arborist:ctor Completed in 1ms
38 timing arborist:ctor Completed in 0ms
39 timing command:exec Completed in 116251ms
40 verbose exit 0
41 timing npm Completed in 116396ms
42 info ok
