0 verbose cli /home/senac/.nvm/versions/node/v16.16.0/bin/node /home/senac/.nvm/versions/node/v16.16.0/bin/npm
1 info using npm@8.15.1
2 info using node@v16.16.0
3 timing npm:load:whichnode Completed in 0ms
4 timing config:load:defaults Completed in 1ms
5 timing config:load:file:/home/senac/.nvm/versions/node/v16.16.0/lib/node_modules/npm/npmrc Completed in 1ms
6 timing config:load:builtin Completed in 2ms
7 timing config:load:cli Completed in 1ms
8 timing config:load:env Completed in 1ms
9 timing config:load:file:/home/senac/avaliacaoapp/.npmrc Completed in 0ms
10 timing config:load:project Completed in 11ms
11 timing config:load:file:/home/senac/.npmrc Completed in 0ms
12 timing config:load:user Completed in 0ms
13 timing config:load:file:/home/senac/.nvm/versions/node/v16.16.0/etc/npmrc Completed in 0ms
14 timing config:load:global Completed in 1ms
15 timing config:load:validate Completed in 0ms
16 timing config:load:credentials Completed in 1ms
17 timing config:load:setEnvs Completed in 1ms
18 timing config:load Completed in 19ms
19 timing npm:load:configload Completed in 19ms
20 timing npm:load:mkdirpcache Completed in 1ms
21 timing npm:load:mkdirplogs Completed in 1ms
22 verbose title npm install @testing-library/jest-dom@^5.14.1 @testing-library/react@^13.0.0 @testing-library/user-event@^13.2.1 web-vitals@^2.1.0
23 verbose argv "install" "--no-audit" "--save" "@testing-library/jest-dom@^5.14.1" "@testing-library/react@^13.0.0" "@testing-library/user-event@^13.2.1" "web-vitals@^2.1.0"
24 timing npm:load:setTitle Completed in 1ms
25 timing config:load:flatten Completed in 1ms
26 timing npm:load:display Completed in 4ms
27 verbose logfile logs-max:10 dir:/home/senac/.npm/_logs
28 verbose logfile /home/senac/.npm/_logs/2022-10-28T22_37_49_486Z-debug-0.log
29 timing npm:load:logFile Completed in 3ms
30 timing npm:load:timers Completed in 0ms
31 timing npm:load:configScope Completed in 0ms
32 timing npm:load Completed in 29ms
33 timing arborist:ctor Completed in 1ms
34 silly logfile start cleaning logs, removing 1 files
35 silly logfile done cleaning log files
36 timing idealTree:init Completed in 819ms
37 timing idealTree:userRequests Completed in 4ms
38 silly idealTree buildDeps
39 silly fetch manifest @testing-library/jest-dom@^5.14.1
40 timing arborist:ctor Completed in 0ms
41 http fetch GET 200 https://registry.npmjs.org/@testing-library%2fjest-dom 1987ms (cache miss)
42 silly fetch manifest @testing-library/react@^13.0.0
43 http fetch GET 200 https://registry.npmjs.org/@testing-library%2freact 270ms (cache miss)
44 silly fetch manifest react@^18.2.0
45 http fetch GET 200 https://registry.npmjs.org/react 23ms (cache hit)
46 silly fetch manifest react-dom@^18.2.0
47 http fetch GET 200 https://registry.npmjs.org/react-dom 14ms (cache hit)
48 silly fetch manifest @testing-library/user-event@^13.2.1
49 http fetch GET 200 https://registry.npmjs.org/@testing-library%2fuser-event 421ms (cache miss)
50 silly fetch manifest @testing-library/dom@>=7.21.4
51 http fetch GET 200 https://registry.npmjs.org/@testing-library%2fdom 959ms (cache miss)
52 silly fetch manifest web-vitals@^2.1.0
53 http fetch GET 200 https://registry.npmjs.org/web-vitals 200ms (cache miss)
54 silly placeDep ROOT @testing-library/jest-dom@5.16.5 OK for: avaliacaoapp@0.1.0 want: ^5.14.1
55 silly placeDep ROOT @testing-library/react@13.4.0 OK for: avaliacaoapp@0.1.0 want: ^13.0.0
56 silly placeDep ROOT @testing-library/user-event@13.5.0 OK for: avaliacaoapp@0.1.0 want: ^13.2.1
57 silly placeDep ROOT @testing-library/dom@8.19.0 OK for: @testing-library/user-event@13.5.0 want: >=7.21.4
58 silly placeDep ROOT web-vitals@2.1.4 OK for: avaliacaoapp@0.1.0 want: ^2.1.0
59 silly fetch manifest @types/testing-library__jest-dom@^5.9.1
60 silly fetch manifest aria-query@^5.0.0
61 silly fetch manifest chalk@^3.0.0
62 silly fetch manifest @adobe/css-tools@^4.0.1
63 silly fetch manifest css.escape@^1.5.1
64 silly fetch manifest dom-accessibility-api@^0.5.6
65 silly fetch manifest redent@^3.0.0
66 silly fetch manifest @types/react-dom@^18.0.0
67 silly fetch manifest @types/aria-query@^4.2.0
68 silly fetch manifest chalk@^4.1.0
69 silly fetch manifest dom-accessibility-api@^0.5.9
70 silly fetch manifest lz-string@^1.4.4
71 http fetch GET 200 https://registry.npmjs.org/chalk 64ms (cache hit)
72 http fetch GET 200 https://registry.npmjs.org/aria-query 67ms (cache hit)
73 http fetch GET 200 https://registry.npmjs.org/chalk 69ms (cache hit)
74 http fetch GET 200 https://registry.npmjs.org/redent 124ms (cache miss)
75 http fetch GET 200 https://registry.npmjs.org/css.escape 188ms (cache miss)
76 http fetch GET 200 https://registry.npmjs.org/dom-accessibility-api 191ms (cache miss)
77 http fetch GET 200 https://registry.npmjs.org/@types%2freact-dom 267ms (cache updated)
78 http fetch GET 200 https://registry.npmjs.org/lz-string 354ms (cache miss)
79 http fetch GET 200 https://registry.npmjs.org/@types%2ftesting-library__jest-dom 383ms (cache revalidated)
80 http fetch GET 200 https://registry.npmjs.org/@types%2faria-query 484ms (cache miss)
81 http fetch GET 200 https://registry.npmjs.org/@adobe%2fcss-tools 903ms (cache miss)
82 http fetch GET 200 https://registry.npmjs.org/dom-accessibility-api 967ms (cache miss)
83 timing idealTree:#root Completed in 4912ms
84 silly placeDep ROOT @types/aria-query@4.2.2 OK for: @testing-library/dom@8.19.0 want: ^4.2.0
85 silly placeDep node_modules/@testing-library/dom aria-query@5.1.2 OK for: @testing-library/dom@8.19.0 want: ^5.0.0
86 silly placeDep node_modules/@testing-library/dom chalk@4.1.2 OK for: @testing-library/dom@8.19.0 want: ^4.1.0
87 silly placeDep ROOT dom-accessibility-api@0.5.14 OK for: @testing-library/dom@8.19.0 want: ^0.5.9
88 silly placeDep ROOT lz-string@1.4.4 OK for: @testing-library/dom@8.19.0 want: ^1.4.4
89 silly fetch manifest deep-equal@^2.0.5
90 silly fetch manifest ansi-styles@^4.1.0
91 silly fetch manifest supports-color@^7.1.0
92 http fetch GET 200 https://registry.npmjs.org/ansi-styles 10ms (cache hit)
93 http fetch GET 200 https://registry.npmjs.org/supports-color 11ms (cache hit)
94 http fetch GET 200 https://registry.npmjs.org/deep-equal 80ms (cache miss)
95 timing idealTree:node_modules/@testing-library/dom Completed in 93ms
96 silly placeDep ROOT @adobe/css-tools@4.0.1 OK for: @testing-library/jest-dom@5.16.5 want: ^4.0.1
97 silly placeDep ROOT @types/testing-library__jest-dom@5.14.5 OK for: @testing-library/jest-dom@5.16.5 want: ^5.9.1
98 silly placeDep node_modules/@testing-library/jest-dom aria-query@5.1.2 OK for: @testing-library/jest-dom@5.16.5 want: ^5.0.0
99 silly placeDep node_modules/@testing-library/jest-dom chalk@3.0.0 OK for: @testing-library/jest-dom@5.16.5 want: ^3.0.0
100 silly placeDep ROOT css.escape@1.5.1 OK for: @testing-library/jest-dom@5.16.5 want: ^1.5.1
101 silly placeDep ROOT redent@3.0.0 OK for: @testing-library/jest-dom@5.16.5 want: ^3.0.0
102 silly fetch manifest @types/jest@*
103 silly fetch manifest indent-string@^4.0.0
104 silly fetch manifest strip-indent@^3.0.0
105 http fetch GET 200 https://registry.npmjs.org/strip-indent 136ms (cache miss)
106 http fetch GET 200 https://registry.npmjs.org/@types%2fjest 324ms (cache updated)
107 http fetch GET 200 https://registry.npmjs.org/indent-string 864ms (cache miss)
108 timing idealTree:node_modules/@testing-library/jest-dom Completed in 876ms
109 timing idealTree:node_modules/@adobe/css-tools Completed in 0ms
110 silly placeDep ROOT @types/react-dom@18.0.8 OK for: @testing-library/react@13.4.0 want: ^18.0.0
111 silly fetch manifest @types/react@*
112 http fetch GET 200 https://registry.npmjs.org/@types%2freact 2004ms (cache updated)
113 timing idealTree:node_modules/@testing-library/react Completed in 2016ms
114 timing idealTree:node_modules/@testing-library/user-event Completed in 0ms
115 timing idealTree:node_modules/@types/aria-query Completed in 0ms
116 silly placeDep ROOT @types/react@18.0.24 OK for: @types/react-dom@18.0.8 want: *
117 silly fetch manifest @types/prop-types@*
118 silly fetch manifest @types/scheduler@*
119 silly fetch manifest csstype@^3.0.2
120 http fetch GET 200 https://registry.npmjs.org/@types%2fscheduler 77ms (cache revalidated)
121 http fetch GET 200 https://registry.npmjs.org/csstype 77ms (cache revalidated)
122 http fetch GET 200 https://registry.npmjs.org/@types%2fprop-types 80ms (cache revalidated)
123 timing idealTree:node_modules/@types/react-dom Completed in 83ms
124 silly placeDep ROOT @types/prop-types@15.7.5 OK for: @types/react@18.0.24 want: *
125 silly placeDep ROOT @types/scheduler@0.16.2 OK for: @types/react@18.0.24 want: *
126 silly placeDep ROOT csstype@3.1.1 OK for: @types/react@18.0.24 want: ^3.0.2
127 timing idealTree:node_modules/@types/react Completed in 4ms
128 timing idealTree:node_modules/@types/prop-types Completed in 0ms
129 timing idealTree:node_modules/@types/scheduler Completed in 0ms
130 silly placeDep ROOT @types/jest@29.2.0 OK for: @types/testing-library__jest-dom@5.14.5 want: *
131 silly fetch manifest expect@^29.0.0
132 silly fetch manifest pretty-format@^29.0.0
133 http fetch GET 200 https://registry.npmjs.org/pretty-format 13ms (cache hit)
134 http fetch GET 200 https://registry.npmjs.org/expect 17ms (cache hit)
135 timing idealTree:node_modules/@types/testing-library__jest-dom Completed in 21ms
136 silly placeDep node_modules/@types/jest expect@29.2.2 OK for: @types/jest@29.2.0 want: ^29.0.0
137 silly placeDep node_modules/@types/jest pretty-format@29.2.1 OK for: @types/jest@29.2.0 want: ^29.0.0
138 silly fetch manifest @jest/expect-utils@^29.2.2
139 silly fetch manifest jest-get-type@^29.2.0
140 silly fetch manifest jest-matcher-utils@^29.2.2
141 silly fetch manifest jest-message-util@^29.2.1
142 silly fetch manifest jest-util@^29.2.1
143 silly fetch manifest @jest/schemas@^29.0.0
144 silly fetch manifest ansi-styles@^5.0.0
145 silly fetch manifest react-is@^18.0.0
146 http fetch GET 200 https://registry.npmjs.org/react-is 33ms (cache hit)
147 http fetch GET 200 https://registry.npmjs.org/jest-get-type 47ms (cache hit)
148 http fetch GET 200 https://registry.npmjs.org/jest-util 47ms (cache hit)
149 http fetch GET 200 https://registry.npmjs.org/jest-matcher-utils 50ms (cache hit)
150 http fetch GET 200 https://registry.npmjs.org/jest-message-util 53ms (cache hit)
151 http fetch GET 200 https://registry.npmjs.org/@jest%2fschemas 54ms (cache hit)
152 http fetch GET 200 https://registry.npmjs.org/@jest%2fexpect-utils 992ms (cache updated)
153 timing idealTree:node_modules/@types/jest Completed in 998ms
154 timing idealTree:node_modules/css.escape Completed in 0ms
155 timing idealTree:node_modules/csstype Completed in 0ms
156 timing idealTree:node_modules/dom-accessibility-api Completed in 0ms
157 timing idealTree:node_modules/lz-string Completed in 0ms
158 silly placeDep ROOT indent-string@4.0.0 OK for: redent@3.0.0 want: ^4.0.0
159 silly placeDep ROOT strip-indent@3.0.0 OK for: redent@3.0.0 want: ^3.0.0
160 silly fetch manifest min-indent@^1.0.0
161 http fetch GET 200 https://registry.npmjs.org/min-indent 47ms (cache miss)
162 timing idealTree:node_modules/redent Completed in 53ms
163 timing idealTree:node_modules/indent-string Completed in 0ms
164 silly placeDep ROOT min-indent@1.0.1 OK for: strip-indent@3.0.0 want: ^1.0.0
165 timing idealTree:node_modules/strip-indent Completed in 2ms
166 timing idealTree:node_modules/min-indent Completed in 0ms
167 timing idealTree:node_modules/web-vitals Completed in 0ms
168 silly placeDep ROOT deep-equal@2.0.5 OK for: aria-query@5.1.2 want: ^2.0.5
169 silly fetch manifest es-get-iterator@^1.1.1
170 silly fetch manifest is-arguments@^1.0.4
171 silly fetch manifest isarray@^2.0.5
172 silly fetch manifest object-is@^1.1.4
173 silly fetch manifest which-collection@^1.0.1
174 silly fetch manifest which-typed-array@^1.1.2
175 http fetch GET 200 https://registry.npmjs.org/isarray 13ms (cache hit)
176 http fetch GET 200 https://registry.npmjs.org/which-collection 72ms (cache miss)
177 http fetch GET 200 https://registry.npmjs.org/object-is 91ms (cache miss)
178 http fetch GET 200 https://registry.npmjs.org/es-get-iterator 799ms (cache miss)
179 http fetch GET 200 https://registry.npmjs.org/which-typed-array 850ms (cache miss)
180 http fetch GET 200 https://registry.npmjs.org/is-arguments 15045ms (cache miss)
181 timing idealTree:node_modules/@testing-library/dom/node_modules/aria-query Completed in 15049ms
182 silly placeDep ROOT es-get-iterator@1.1.2 OK for: deep-equal@2.0.5 want: ^1.1.1
183 silly placeDep ROOT is-arguments@1.1.1 OK for: deep-equal@2.0.5 want: ^1.0.4
184 silly placeDep node_modules/deep-equal isarray@2.0.5 OK for: deep-equal@2.0.5 want: ^2.0.5
185 silly placeDep ROOT object-is@1.1.5 OK for: deep-equal@2.0.5 want: ^1.1.4
186 silly placeDep ROOT which-collection@1.0.1 OK for: deep-equal@2.0.5 want: ^1.0.1
187 silly placeDep ROOT which-typed-array@1.1.8 OK for: deep-equal@2.0.5 want: ^1.1.2
188 silly fetch manifest is-map@^2.0.2
189 silly fetch manifest is-set@^2.0.2
190 silly fetch manifest is-map@^2.0.1
191 silly fetch manifest is-set@^2.0.1
192 silly fetch manifest is-weakmap@^2.0.1
193 silly fetch manifest is-weakset@^2.0.1
194 silly fetch manifest available-typed-arrays@^1.0.5
195 silly fetch manifest for-each@^0.3.3
196 silly fetch manifest is-typed-array@^1.1.9
197 http fetch GET 200 https://registry.npmjs.org/is-map 128ms (cache miss)
198 http fetch GET 200 https://registry.npmjs.org/is-weakmap 130ms (cache miss)
199 http fetch GET 200 https://registry.npmjs.org/available-typed-arrays 129ms (cache miss)
200 http fetch GET 200 https://registry.npmjs.org/for-each 132ms (cache miss)
201 http fetch GET 200 https://registry.npmjs.org/is-weakset 135ms (cache miss)
202 http fetch GET 200 https://registry.npmjs.org/is-set 139ms (cache miss)
203 http fetch GET 200 https://registry.npmjs.org/is-typed-array 137ms (cache miss)
204 http fetch GET 200 https://registry.npmjs.org/is-map 364ms (cache miss)
205 http fetch GET 200 https://registry.npmjs.org/is-set 3055ms (cache miss)
206 timing idealTree:node_modules/deep-equal Completed in 3084ms
207 silly placeDep ROOT is-map@2.0.2 OK for: es-get-iterator@1.1.2 want: ^2.0.2
208 silly placeDep ROOT is-set@2.0.2 OK for: es-get-iterator@1.1.2 want: ^2.0.2
209 silly placeDep node_modules/es-get-iterator isarray@2.0.5 OK for: es-get-iterator@1.1.2 want: ^2.0.5
210 timing idealTree:node_modules/es-get-iterator Completed in 8ms
211 timing idealTree:node_modules/is-arguments Completed in 0ms
212 timing idealTree:node_modules/is-map Completed in 0ms
213 timing idealTree:node_modules/is-set Completed in 0ms
214 timing idealTree:node_modules/object-is Completed in 0ms
215 silly placeDep ROOT is-weakmap@2.0.1 OK for: which-collection@1.0.1 want: ^2.0.1
216 silly placeDep ROOT is-weakset@2.0.2 OK for: which-collection@1.0.1 want: ^2.0.1
217 timing idealTree:node_modules/which-collection Completed in 9ms
218 timing idealTree:node_modules/is-weakmap Completed in 0ms
219 timing idealTree:node_modules/is-weakset Completed in 0ms
220 silly placeDep ROOT available-typed-arrays@1.0.5 OK for: which-typed-array@1.1.8 want: ^1.0.5
221 silly placeDep ROOT for-each@0.3.3 OK for: which-typed-array@1.1.8 want: ^0.3.3
222 silly placeDep ROOT is-typed-array@1.1.9 OK for: which-typed-array@1.1.8 want: ^1.1.9
223 timing idealTree:node_modules/which-typed-array Completed in 7ms
224 timing idealTree:node_modules/available-typed-arrays Completed in 0ms
225 timing idealTree:node_modules/for-each Completed in 0ms
226 timing idealTree:node_modules/is-typed-array Completed in 0ms
227 silly placeDep node_modules/@testing-library/dom ansi-styles@4.3.0 OK for: chalk@4.1.2 want: ^4.1.0
228 silly placeDep node_modules/@testing-library/dom supports-color@7.2.0 OK for: chalk@4.1.2 want: ^7.1.0
229 silly fetch manifest color-convert@^2.0.1
230 silly fetch manifest has-flag@^4.0.0
231 http fetch GET 200 https://registry.npmjs.org/color-convert 12ms (cache hit)
232 http fetch GET 200 https://registry.npmjs.org/has-flag 12ms (cache hit)
233 timing idealTree:node_modules/@testing-library/dom/node_modules/chalk Completed in 20ms
234 silly placeDep node_modules/@testing-library/dom color-convert@2.0.1 OK for: ansi-styles@4.3.0 want: ^2.0.1
235 silly fetch manifest color-name@~1.1.4
236 http fetch GET 200 https://registry.npmjs.org/color-name 9ms (cache hit)
237 timing idealTree:node_modules/@testing-library/dom/node_modules/ansi-styles Completed in 13ms
238 silly placeDep node_modules/@testing-library/dom color-name@1.1.4 OK for: color-convert@2.0.1 want: ~1.1.4
239 timing idealTree:node_modules/@testing-library/dom/node_modules/color-convert Completed in 3ms
240 timing idealTree:node_modules/@testing-library/dom/node_modules/color-name Completed in 0ms
241 silly placeDep node_modules/@testing-library/dom has-flag@4.0.0 OK for: supports-color@7.2.0 want: ^4.0.0
242 timing idealTree:node_modules/@testing-library/dom/node_modules/supports-color Completed in 4ms
243 timing idealTree:node_modules/@testing-library/dom/node_modules/has-flag Completed in 0ms
244 timing idealTree:node_modules/@testing-library/jest-dom/node_modules/aria-query Completed in 0ms
245 silly placeDep node_modules/@testing-library/jest-dom ansi-styles@4.3.0 OK for: chalk@3.0.0 want: ^4.1.0
246 silly placeDep node_modules/@testing-library/jest-dom supports-color@7.2.0 OK for: chalk@3.0.0 want: ^7.1.0
247 timing idealTree:node_modules/@testing-library/jest-dom/node_modules/chalk Completed in 6ms
248 silly placeDep node_modules/@testing-library/jest-dom color-convert@2.0.1 OK for: ansi-styles@4.3.0 want: ^2.0.1
249 timing idealTree:node_modules/@testing-library/jest-dom/node_modules/ansi-styles Completed in 4ms
250 silly placeDep node_modules/@testing-library/jest-dom color-name@1.1.4 OK for: color-convert@2.0.1 want: ~1.1.4
251 timing idealTree:node_modules/@testing-library/jest-dom/node_modules/color-convert Completed in 1ms
252 timing idealTree:node_modules/@testing-library/jest-dom/node_modules/color-name Completed in 0ms
253 silly placeDep node_modules/@testing-library/jest-dom has-flag@4.0.0 OK for: supports-color@7.2.0 want: ^4.0.0
254 timing idealTree:node_modules/@testing-library/jest-dom/node_modules/supports-color Completed in 1ms
255 timing idealTree:node_modules/@testing-library/jest-dom/node_modules/has-flag Completed in 0ms
256 silly placeDep ROOT @jest/expect-utils@29.2.2 OK for: expect@29.2.2 want: ^29.2.2
257 silly placeDep node_modules/@types/jest jest-get-type@29.2.0 OK for: expect@29.2.2 want: ^29.2.0
258 silly placeDep node_modules/@types/jest jest-matcher-utils@29.2.2 OK for: expect@29.2.2 want: ^29.2.2
259 silly placeDep node_modules/@types/jest jest-message-util@29.2.1 OK for: expect@29.2.2 want: ^29.2.1
260 silly placeDep node_modules/@types/jest jest-util@29.2.1 OK for: expect@29.2.2 want: ^29.2.1
261 silly fetch manifest chalk@^4.0.0
262 silly fetch manifest jest-diff@^29.2.1
263 silly fetch manifest @jest/types@^29.2.1
264 http fetch GET 200 https://registry.npmjs.org/@jest%2ftypes 15ms (cache hit)
265 http fetch GET 200 https://registry.npmjs.org/jest-diff 18ms (cache hit)
266 timing idealTree:node_modules/@types/jest/node_modules/expect Completed in 32ms
267 silly placeDep node_modules/@jest/expect-utils jest-get-type@29.2.0 OK for: @jest/expect-utils@29.2.2 want: ^29.2.0
268 timing idealTree:node_modules/@jest/expect-utils Completed in 2ms
269 timing idealTree:node_modules/@jest/expect-utils/node_modules/jest-get-type Completed in 0ms
270 timing idealTree:node_modules/@types/jest/node_modules/jest-get-type Completed in 0ms
271 silly placeDep node_modules/@types/jest chalk@4.1.2 OK for: jest-matcher-utils@29.2.2 want: ^4.0.0
272 silly placeDep node_modules/@types/jest jest-diff@29.2.1 OK for: jest-matcher-utils@29.2.2 want: ^29.2.1
273 silly fetch manifest diff-sequences@^29.2.0
274 http fetch GET 200 https://registry.npmjs.org/diff-sequences 8ms (cache hit)
275 timing idealTree:node_modules/@types/jest/node_modules/jest-matcher-utils Completed in 15ms
276 silly placeDep node_modules/@types/jest ansi-styles@4.3.0 OK for: chalk@4.1.2 want: ^4.1.0
277 silly placeDep node_modules/@types/jest supports-color@7.2.0 OK for: chalk@4.1.2 want: ^7.1.0
278 timing idealTree:node_modules/@types/jest/node_modules/chalk Completed in 6ms
279 silly placeDep node_modules/@types/jest color-convert@2.0.1 OK for: ansi-styles@4.3.0 want: ^2.0.1
280 timing idealTree:node_modules/@types/jest/node_modules/ansi-styles Completed in 3ms
281 silly placeDep node_modules/@types/jest color-name@1.1.4 OK for: color-convert@2.0.1 want: ~1.1.4
282 timing idealTree:node_modules/@types/jest/node_modules/color-convert Completed in 4ms
283 timing idealTree:node_modules/@types/jest/node_modules/color-name Completed in 0ms
284 silly placeDep node_modules/@types/jest diff-sequences@29.2.0 OK for: jest-diff@29.2.1 want: ^29.2.0
285 timing idealTree:node_modules/@types/jest/node_modules/jest-diff Completed in 3ms
286 timing idealTree:node_modules/@types/jest/node_modules/diff-sequences Completed in 0ms
287 silly placeDep node_modules/@types/jest @jest/types@29.2.1 OK for: jest-message-util@29.2.1 want: ^29.2.1
288 silly fetch manifest @types/yargs@^17.0.8
289 http fetch GET 200 https://registry.npmjs.org/@types%2fyargs 11ms (cache hit)
290 timing idealTree:node_modules/@types/jest/node_modules/jest-message-util Completed in 21ms
291 silly placeDep node_modules/@types/jest @jest/schemas@29.0.0 OK for: @jest/types@29.2.1 want: ^29.0.0
292 silly placeDep node_modules/@types/jest @types/yargs@17.0.13 OK for: @jest/types@29.2.1 want: ^17.0.8
293 timing idealTree:node_modules/@types/jest/node_modules/@jest/types Completed in 6ms
294 timing idealTree:node_modules/@types/jest/node_modules/@jest/schemas Completed in 0ms
295 timing idealTree:node_modules/@types/jest/node_modules/@types/yargs Completed in 0ms
296 timing idealTree:node_modules/@types/jest/node_modules/jest-util Completed in 0ms
297 silly placeDep node_modules/@types/jest/node_modules/pretty-format ansi-styles@5.2.0 OK for: pretty-format@29.2.1 want: ^5.0.0
298 silly placeDep node_modules/@types/jest react-is@18.2.0 OK for: pretty-format@29.2.1 want: ^18.0.0
299 timing idealTree:node_modules/@types/jest/node_modules/pretty-format Completed in 4ms
300 timing idealTree:node_modules/@types/jest/node_modules/react-is Completed in 0ms
301 silly placeDep node_modules/@types/jest has-flag@4.0.0 OK for: supports-color@7.2.0 want: ^4.0.0
302 timing idealTree:node_modules/@types/jest/node_modules/supports-color Completed in 2ms
303 timing idealTree:node_modules/@types/jest/node_modules/has-flag Completed in 0ms
304 timing idealTree:node_modules/deep-equal/node_modules/isarray Completed in 0ms
305 timing idealTree:node_modules/es-get-iterator/node_modules/isarray Completed in 0ms
306 timing idealTree:node_modules/@types/jest/node_modules/pretty-format/node_modules/ansi-styles Completed in 0ms
307 timing idealTree:buildDeps Completed in 27379ms
308 timing idealTree:fixDepFlags Completed in 34ms
309 timing idealTree Completed in 28255ms
310 timing reify:loadTrees Completed in 28256ms
311 timing reify:diffTrees Completed in 45ms
312 silly reify moves {}
313 timing reify:retireShallow Completed in 1ms
314 timing reify:createSparse Completed in 48ms
315 timing reify:loadBundles Completed in 0ms
316 verbose reify failed optional dependency /home/senac/avaliacaoapp/node_modules/fsevents
317 silly reify mark deleted [ '/home/senac/avaliacaoapp/node_modules/fsevents' ]
318 timing reifyNode:node_modules/fsevents Completed in 14ms
319 silly tarball no local data for @jest/expect-utils@https://registry.npmjs.org/@jest/expect-utils/-/expect-utils-29.2.2.tgz. Extracting by manifest.
320 silly tarball no local data for is-typed-array@https://registry.npmjs.org/is-typed-array/-/is-typed-array-1.1.9.tgz. Extracting by manifest.
321 silly tarball no local data for for-each@https://registry.npmjs.org/for-each/-/for-each-0.3.3.tgz. Extracting by manifest.
322 silly tarball no local data for available-typed-arrays@https://registry.npmjs.org/available-typed-arrays/-/available-typed-arrays-1.0.5.tgz. Extracting by manifest.
323 silly tarball no local data for is-weakmap@https://registry.npmjs.org/is-weakmap/-/is-weakmap-2.0.1.tgz. Extracting by manifest.
324 silly tarball no local data for is-set@https://registry.npmjs.org/is-set/-/is-set-2.0.2.tgz. Extracting by manifest.
325 silly tarball no local data for is-map@https://registry.npmjs.org/is-map/-/is-map-2.0.2.tgz. Extracting by manifest.
326 silly tarball no local data for which-typed-array@https://registry.npmjs.org/which-typed-array/-/which-typed-array-1.1.8.tgz. Extracting by manifest.
327 silly tarball no local data for is-weakset@https://registry.npmjs.org/is-weakset/-/is-weakset-2.0.2.tgz. Extracting by manifest.
328 silly tarball no local data for which-collection@https://registry.npmjs.org/which-collection/-/which-collection-1.0.1.tgz. Extracting by manifest.
329 silly tarball no local data for object-is@https://registry.npmjs.org/object-is/-/object-is-1.1.5.tgz. Extracting by manifest.
330 silly tarball no local data for is-arguments@https://registry.npmjs.org/is-arguments/-/is-arguments-1.1.1.tgz. Extracting by manifest.
331 silly tarball no local data for es-get-iterator@https://registry.npmjs.org/es-get-iterator/-/es-get-iterator-1.1.2.tgz. Extracting by manifest.
332 silly tarball no local data for min-indent@https://registry.npmjs.org/min-indent/-/min-indent-1.0.1.tgz. Extracting by manifest.
333 silly tarball no local data for strip-indent@https://registry.npmjs.org/strip-indent/-/strip-indent-3.0.0.tgz. Extracting by manifest.
334 silly tarball no local data for indent-string@https://registry.npmjs.org/indent-string/-/indent-string-4.0.0.tgz. Extracting by manifest.
335 silly tarball no local data for @types/jest@https://registry.npmjs.org/@types/jest/-/jest-29.2.0.tgz. Extracting by manifest.
336 silly tarball no local data for deep-equal@https://registry.npmjs.org/deep-equal/-/deep-equal-2.0.5.tgz. Extracting by manifest.
337 silly tarball no local data for @types/react@https://registry.npmjs.org/@types/react/-/react-18.0.24.tgz. Extracting by manifest.
338 silly tarball no local data for @types/react-dom@https://registry.npmjs.org/@types/react-dom/-/react-dom-18.0.8.tgz. Extracting by manifest.
339 silly tarball no local data for redent@https://registry.npmjs.org/redent/-/redent-3.0.0.tgz. Extracting by manifest.
340 silly tarball no local data for @adobe/css-tools@https://registry.npmjs.org/@adobe/css-tools/-/css-tools-4.0.1.tgz. Extracting by manifest.
341 silly tarball no local data for lz-string@https://registry.npmjs.org/lz-string/-/lz-string-1.4.4.tgz. Extracting by manifest.
342 silly tarball no local data for dom-accessibility-api@https://registry.npmjs.org/dom-accessibility-api/-/dom-accessibility-api-0.5.14.tgz. Extracting by manifest.
343 silly tarball no local data for @types/aria-query@https://registry.npmjs.org/@types/aria-query/-/aria-query-4.2.2.tgz. Extracting by manifest.
344 silly tarball no local data for @testing-library/dom@https://registry.npmjs.org/@testing-library/dom/-/dom-8.19.0.tgz. Extracting by manifest.
345 silly tarball no local data for web-vitals@https://registry.npmjs.org/web-vitals/-/web-vitals-2.1.4.tgz. Extracting by manifest.
346 silly tarball no local data for @testing-library/user-event@https://registry.npmjs.org/@testing-library/user-event/-/user-event-13.5.0.tgz. Extracting by manifest.
347 silly tarball no local data for css.escape@https://registry.npmjs.org/css.escape/-/css.escape-1.5.1.tgz. Extracting by manifest.
348 silly tarball no local data for @testing-library/jest-dom@https://registry.npmjs.org/@testing-library/jest-dom/-/jest-dom-5.16.5.tgz. Extracting by manifest.
349 silly tarball no local data for @testing-library/react@https://registry.npmjs.org/@testing-library/react/-/react-13.4.0.tgz. Extracting by manifest.
350 silly tarball no local data for isarray@https://registry.npmjs.org/isarray/-/isarray-2.0.5.tgz. Extracting by manifest.
351 silly tarball no local data for jest-get-type@https://registry.npmjs.org/jest-get-type/-/jest-get-type-29.2.0.tgz. Extracting by manifest.
352 silly tarball no local data for isarray@https://registry.npmjs.org/isarray/-/isarray-2.0.5.tgz. Extracting by manifest.
353 silly tarball no local data for @jest/types@https://registry.npmjs.org/@jest/types/-/types-29.2.1.tgz. Extracting by manifest.
354 silly tarball no local data for diff-sequences@https://registry.npmjs.org/diff-sequences/-/diff-sequences-29.2.0.tgz. Extracting by manifest.
355 silly tarball no local data for jest-util@https://registry.npmjs.org/jest-util/-/jest-util-29.2.1.tgz. Extracting by manifest.
356 silly tarball no local data for jest-diff@https://registry.npmjs.org/jest-diff/-/jest-diff-29.2.1.tgz. Extracting by manifest.
357 silly tarball no local data for jest-message-util@https://registry.npmjs.org/jest-message-util/-/jest-message-util-29.2.1.tgz. Extracting by manifest.
358 silly tarball no local data for jest-matcher-utils@https://registry.npmjs.org/jest-matcher-utils/-/jest-matcher-utils-29.2.2.tgz. Extracting by manifest.
359 silly tarball no local data for jest-get-type@https://registry.npmjs.org/jest-get-type/-/jest-get-type-29.2.0.tgz. Extracting by manifest.
360 silly tarball no local data for pretty-format@https://registry.npmjs.org/pretty-format/-/pretty-format-29.2.1.tgz. Extracting by manifest.
361 silly tarball no local data for expect@https://registry.npmjs.org/expect/-/expect-29.2.2.tgz. Extracting by manifest.
362 silly tarball no local data for aria-query@https://registry.npmjs.org/aria-query/-/aria-query-5.1.2.tgz. Extracting by manifest.
363 silly tarball no local data for chalk@https://registry.npmjs.org/chalk/-/chalk-3.0.0.tgz. Extracting by manifest.
364 silly tarball no local data for aria-query@https://registry.npmjs.org/aria-query/-/aria-query-5.1.2.tgz. Extracting by manifest.
365 timing reifyNode:node_modules/@types/prop-types Completed in 395ms
366 timing reifyNode:node_modules/@types/jest/node_modules/color-name Completed in 411ms
367 timing reifyNode:node_modules/@testing-library/dom/node_modules/color-name Completed in 410ms
368 timing reifyNode:node_modules/@testing-library/jest-dom/node_modules/color-name Completed in 412ms
369 timing reifyNode:node_modules/@types/jest/node_modules/supports-color Completed in 417ms
370 timing reifyNode:node_modules/@types/jest/node_modules/has-flag Completed in 419ms
371 timing reifyNode:node_modules/@testing-library/dom/node_modules/has-flag Completed in 428ms
372 timing reifyNode:node_modules/@testing-library/dom/node_modules/supports-color Completed in 429ms
373 timing reifyNode:node_modules/@testing-library/jest-dom/node_modules/has-flag Completed in 429ms
374 timing reifyNode:node_modules/@testing-library/jest-dom/node_modules/supports-color Completed in 430ms
375 timing reifyNode:node_modules/@types/scheduler Completed in 431ms
376 timing reifyNode:node_modules/@types/jest/node_modules/ansi-styles Completed in 446ms
377 timing reifyNode:node_modules/@types/jest/node_modules/pretty-format/node_modules/ansi-styles Completed in 446ms
378 timing reifyNode:node_modules/@testing-library/dom/node_modules/ansi-styles Completed in 446ms
379 timing reifyNode:node_modules/@testing-library/jest-dom/node_modules/ansi-styles Completed in 447ms
380 timing reifyNode:node_modules/@types/jest/node_modules/@jest/schemas Completed in 450ms
381 timing reifyNode:node_modules/@types/testing-library__jest-dom Completed in 459ms
382 timing reifyNode:node_modules/@types/jest/node_modules/color-convert Completed in 494ms
383 timing reifyNode:node_modules/@testing-library/dom/node_modules/color-convert Completed in 494ms
384 timing reifyNode:node_modules/@testing-library/jest-dom/node_modules/color-convert Completed in 494ms
385 timing reifyNode:node_modules/@types/jest/node_modules/chalk Completed in 516ms
386 timing reifyNode:node_modules/@testing-library/dom/node_modules/chalk Completed in 516ms
387 timing reifyNode:node_modules/@types/jest/node_modules/react-is Completed in 519ms
388 http fetch GET 200 https://registry.npmjs.org/is-typed-array/-/is-typed-array-1.1.9.tgz 515ms (cache miss)
389 http fetch GET 200 https://registry.npmjs.org/for-each/-/for-each-0.3.3.tgz 522ms (cache miss)
390 timing reifyNode:node_modules/for-each Completed in 573ms
391 http fetch GET 200 https://registry.npmjs.org/is-weakmap/-/is-weakmap-2.0.1.tgz 520ms (cache miss)
392 timing reifyNode:node_modules/@types/jest/node_modules/@types/yargs Completed in 573ms
393 http fetch GET 200 https://registry.npmjs.org/indent-string/-/indent-string-4.0.0.tgz 482ms (cache miss)
394 timing reifyNode:node_modules/indent-string Completed in 574ms
395 http fetch GET 200 https://registry.npmjs.org/redent/-/redent-3.0.0.tgz 463ms (cache miss)
396 timing reifyNode:node_modules/redent Completed in 574ms
397 timing reifyNode:node_modules/is-typed-array Completed in 581ms
398 timing reifyNode:node_modules/is-weakmap Completed in 585ms
399 http fetch GET 200 https://registry.npmjs.org/@jest/expect-utils/-/expect-utils-29.2.2.tgz 539ms (cache miss)
400 timing reifyNode:node_modules/@jest/expect-utils Completed in 587ms
401 http fetch GET 200 https://registry.npmjs.org/@types/aria-query/-/aria-query-4.2.2.tgz 471ms (cache miss)
402 timing reifyNode:node_modules/@types/aria-query Completed in 588ms
403 http fetch GET 200 https://registry.npmjs.org/@types/react-dom/-/react-dom-18.0.8.tgz 499ms (cache miss)
404 timing reifyNode:node_modules/@types/react-dom Completed in 598ms
405 http fetch GET 200 https://registry.npmjs.org/css.escape/-/css.escape-1.5.1.tgz 477ms (cache miss)
406 timing reifyNode:node_modules/css.escape Completed in 600ms
407 http fetch GET 200 https://registry.npmjs.org/is-map/-/is-map-2.0.2.tgz 548ms (cache miss)
408 timing reifyNode:node_modules/is-map Completed in 608ms
409 http fetch GET 200 https://registry.npmjs.org/is-set/-/is-set-2.0.2.tgz 552ms (cache miss)
410 timing reifyNode:node_modules/is-set Completed in 608ms
411 http fetch GET 200 https://registry.npmjs.org/isarray/-/isarray-2.0.5.tgz 481ms (cache miss)
412 timing reifyNode:node_modules/es-get-iterator/node_modules/isarray Completed in 610ms
413 http fetch GET 200 https://registry.npmjs.org/available-typed-arrays/-/available-typed-arrays-1.0.5.tgz 571ms (cache miss)
414 timing reifyNode:node_modules/available-typed-arrays Completed in 624ms
415 http fetch GET 200 https://registry.npmjs.org/isarray/-/isarray-2.0.5.tgz 501ms (cache miss)
416 timing reifyNode:node_modules/deep-equal/node_modules/isarray Completed in 632ms
417 http fetch GET 200 https://registry.npmjs.org/is-weakset/-/is-weakset-2.0.2.tgz 571ms (cache miss)
418 timing reifyNode:node_modules/is-weakset Completed in 637ms
419 http fetch GET 200 https://registry.npmjs.org/diff-sequences/-/diff-sequences-29.2.0.tgz 511ms (cache miss)
420 timing reifyNode:node_modules/@types/jest/node_modules/diff-sequences Completed in 644ms
421 http fetch GET 200 https://registry.npmjs.org/jest-get-type/-/jest-get-type-29.2.0.tgz 516ms (cache miss)
422 timing reifyNode:node_modules/@jest/expect-utils/node_modules/jest-get-type Completed in 647ms
423 http fetch GET 200 https://registry.npmjs.org/@jest/types/-/types-29.2.1.tgz 523ms (cache miss)
424 http fetch GET 200 https://registry.npmjs.org/jest-util/-/jest-util-29.2.1.tgz 520ms (cache miss)
425 timing reifyNode:node_modules/@types/jest/node_modules/@jest/types Completed in 666ms
426 http fetch GET 200 https://registry.npmjs.org/@types/jest/-/jest-29.2.0.tgz 580ms (cache miss)
427 timing reifyNode:node_modules/@types/jest Completed in 674ms
428 http fetch GET 200 https://registry.npmjs.org/jest-get-type/-/jest-get-type-29.2.0.tgz 541ms (cache miss)
429 timing reifyNode:node_modules/@types/jest/node_modules/jest-get-type Completed in 683ms
430 http fetch GET 200 https://registry.npmjs.org/jest-message-util/-/jest-message-util-29.2.1.tgz 548ms (cache miss)
431 timing reifyNode:node_modules/@types/jest/node_modules/jest-message-util Completed in 687ms
432 http fetch GET 200 https://registry.npmjs.org/pretty-format/-/pretty-format-29.2.1.tgz 543ms (cache miss)
433 http fetch GET 200 https://registry.npmjs.org/jest-matcher-utils/-/jest-matcher-utils-29.2.2.tgz 574ms (cache miss)
434 timing reifyNode:node_modules/@types/jest/node_modules/jest-matcher-utils Completed in 715ms
435 http fetch GET 200 https://registry.npmjs.org/@types/react/-/react-18.0.24.tgz 629ms (cache miss)
436 timing reifyNode:node_modules/@types/react Completed in 726ms
437 http fetch GET 200 https://registry.npmjs.org/jest-diff/-/jest-diff-29.2.1.tgz 594ms (cache miss)
438 timing reifyNode:node_modules/@types/jest/node_modules/jest-diff Completed in 730ms
439 http fetch GET 200 https://registry.npmjs.org/deep-equal/-/deep-equal-2.0.5.tgz 636ms (cache miss)
440 timing reifyNode:node_modules/deep-equal Completed in 732ms
441 http fetch GET 200 https://registry.npmjs.org/chalk/-/chalk-3.0.0.tgz 584ms (cache miss)
442 timing reifyNode:node_modules/@testing-library/jest-dom/node_modules/chalk Completed in 732ms
443 timing reifyNode:node_modules/@types/jest/node_modules/jest-util Completed in 736ms
444 timing reifyNode:node_modules/@types/jest/node_modules/pretty-format Completed in 748ms
445 http fetch GET 200 https://registry.npmjs.org/expect/-/expect-29.2.2.tgz 605ms (cache miss)
446 timing reifyNode:node_modules/@types/jest/node_modules/expect Completed in 752ms
447 http fetch GET 200 https://registry.npmjs.org/@testing-library/jest-dom/-/jest-dom-5.16.5.tgz 643ms (cache miss)
448 timing reifyNode:node_modules/@testing-library/jest-dom Completed in 766ms
449 http fetch GET 200 https://registry.npmjs.org/lz-string/-/lz-string-1.4.4.tgz 656ms (cache miss)
450 timing reifyNode:node_modules/lz-string Completed in 770ms
451 timing reifyNode:node_modules/csstype Completed in 793ms
452 http fetch GET 200 https://registry.npmjs.org/web-vitals/-/web-vitals-2.1.4.tgz 757ms (cache miss)
453 timing reifyNode:node_modules/web-vitals Completed in 879ms
454 http fetch GET 200 https://registry.npmjs.org/@testing-library/user-event/-/user-event-13.5.0.tgz 801ms (cache miss)
455 timing reifyNode:node_modules/@testing-library/user-event Completed in 923ms
456 http fetch GET 200 https://registry.npmjs.org/aria-query/-/aria-query-5.1.2.tgz 827ms (cache miss)
457 timing reifyNode:node_modules/@testing-library/dom/node_modules/aria-query Completed in 974ms
458 http fetch GET 200 https://registry.npmjs.org/@testing-library/dom/-/dom-8.19.0.tgz 876ms (cache miss)
459 timing reifyNode:node_modules/@testing-library/dom Completed in 994ms
460 http fetch GET 200 https://registry.npmjs.org/aria-query/-/aria-query-5.1.2.tgz 866ms (cache miss)
461 timing reifyNode:node_modules/@testing-library/jest-dom/node_modules/aria-query Completed in 1016ms
462 http fetch GET 200 https://registry.npmjs.org/@testing-library/react/-/react-13.4.0.tgz 897ms (cache miss)
463 timing reifyNode:node_modules/@testing-library/react Completed in 1023ms
464 http fetch GET 200 https://registry.npmjs.org/dom-accessibility-api/-/dom-accessibility-api-0.5.14.tgz 1177ms (cache miss)
465 timing reifyNode:node_modules/dom-accessibility-api Completed in 1294ms
466 http fetch GET 200 https://registry.npmjs.org/is-arguments/-/is-arguments-1.1.1.tgz 1534ms (cache miss)
467 timing reifyNode:node_modules/is-arguments Completed in 1609ms
468 http fetch GET 200 https://registry.npmjs.org/which-collection/-/which-collection-1.0.1.tgz 1743ms (cache miss)
469 timing reifyNode:node_modules/which-collection Completed in 1812ms
470 http fetch GET 200 https://registry.npmjs.org/which-typed-array/-/which-typed-array-1.1.8.tgz 1840ms (cache miss)
471 timing reifyNode:node_modules/which-typed-array Completed in 1904ms
472 http fetch GET 200 https://registry.npmjs.org/strip-indent/-/strip-indent-3.0.0.tgz 1965ms (cache miss)
473 timing reifyNode:node_modules/strip-indent Completed in 2055ms
474 http fetch GET 200 https://registry.npmjs.org/es-get-iterator/-/es-get-iterator-1.1.2.tgz 2166ms (cache miss)
475 timing reifyNode:node_modules/es-get-iterator Completed in 2250ms
476 http fetch GET 200 https://registry.npmjs.org/object-is/-/object-is-1.1.5.tgz 2190ms (cache miss)
477 timing reifyNode:node_modules/object-is Completed in 2263ms
478 http fetch GET 200 https://registry.npmjs.org/min-indent/-/min-indent-1.0.1.tgz 5198ms (cache miss)
479 timing reifyNode:node_modules/min-indent Completed in 5286ms
480 http fetch GET 200 https://registry.npmjs.org/@adobe/css-tools/-/css-tools-4.0.1.tgz 8257ms (cache miss)
481 timing reifyNode:node_modules/@adobe/css-tools Completed in 8371ms
482 timing reify:unpack Completed in 8374ms
483 timing reify:unretire Completed in 0ms
484 timing build:queue Completed in 10ms
485 timing build:link:node_modules/lz-string Completed in 5ms
486 timing build:link Completed in 5ms
487 timing build:deps Completed in 15ms
488 timing build Completed in 15ms
489 timing reify:build Completed in 16ms
490 timing reify:trash Completed in 1ms
491 timing reify:save Completed in 272ms
492 timing reify Completed in 37142ms
493 silly ADD node_modules/@jest/expect-utils
494 silly ADD node_modules/@jest/expect-utils/node_modules/jest-get-type
495 silly ADD node_modules/is-typed-array
496 silly ADD node_modules/for-each
497 silly ADD node_modules/available-typed-arrays
498 silly ADD node_modules/is-weakset
499 silly ADD node_modules/is-weakmap
500 silly ADD node_modules/is-set
501 silly ADD node_modules/is-map
502 silly ADD node_modules/which-typed-array
503 silly ADD node_modules/which-collection
504 silly ADD node_modules/object-is
505 silly ADD node_modules/is-arguments
506 silly ADD node_modules/es-get-iterator
507 silly ADD node_modules/es-get-iterator/node_modules/isarray
508 silly ADD node_modules/deep-equal
509 silly ADD node_modules/deep-equal/node_modules/isarray
510 silly ADD node_modules/min-indent
511 silly ADD node_modules/strip-indent
512 silly ADD node_modules/indent-string
513 silly ADD node_modules/@types/jest
514 silly ADD node_modules/@types/jest/node_modules/has-flag
515 silly ADD node_modules/@types/jest/node_modules/react-is
516 silly ADD node_modules/@types/jest/node_modules/@types/yargs
517 silly ADD node_modules/@types/jest/node_modules/@jest/schemas
518 silly ADD node_modules/@types/jest/node_modules/@jest/types
519 silly ADD node_modules/@types/jest/node_modules/diff-sequences
520 silly ADD node_modules/@types/jest/node_modules/color-name
521 silly ADD node_modules/@types/jest/node_modules/color-convert
522 silly ADD node_modules/@types/jest/node_modules/supports-color
523 silly ADD node_modules/@types/jest/node_modules/ansi-styles
524 silly ADD node_modules/@types/jest/node_modules/jest-diff
525 silly ADD node_modules/@types/jest/node_modules/chalk
526 silly ADD node_modules/@types/jest/node_modules/jest-util
527 silly ADD node_modules/@types/jest/node_modules/jest-message-util
528 silly ADD node_modules/@types/jest/node_modules/jest-matcher-utils
529 silly ADD node_modules/@types/jest/node_modules/jest-get-type
530 silly ADD node_modules/@types/jest/node_modules/pretty-format
531 silly ADD node_modules/@types/jest/node_modules/pretty-format/node_modules/ansi-styles
532 silly ADD node_modules/@types/jest/node_modules/expect
533 silly ADD node_modules/csstype
534 silly ADD node_modules/@types/scheduler
535 silly ADD node_modules/@types/prop-types
536 silly ADD node_modules/@types/react
537 silly ADD node_modules/@types/react-dom
538 silly ADD node_modules/redent
539 silly ADD node_modules/css.escape
540 silly ADD node_modules/@types/testing-library__jest-dom
541 silly ADD node_modules/@adobe/css-tools
542 silly ADD node_modules/lz-string
543 silly ADD node_modules/dom-accessibility-api
544 silly ADD node_modules/@types/aria-query
545 silly ADD node_modules/web-vitals
546 silly ADD node_modules/@testing-library/dom
547 silly ADD node_modules/@testing-library/dom/node_modules/has-flag
548 silly ADD node_modules/@testing-library/dom/node_modules/color-name
549 silly ADD node_modules/@testing-library/dom/node_modules/color-convert
550 silly ADD node_modules/@testing-library/dom/node_modules/supports-color
551 silly ADD node_modules/@testing-library/dom/node_modules/ansi-styles
552 silly ADD node_modules/@testing-library/dom/node_modules/chalk
553 silly ADD node_modules/@testing-library/dom/node_modules/aria-query
554 silly ADD node_modules/@testing-library/user-event
555 silly ADD node_modules/@testing-library/react
556 silly ADD node_modules/@testing-library/jest-dom
557 silly ADD node_modules/@testing-library/jest-dom/node_modules/has-flag
558 silly ADD node_modules/@testing-library/jest-dom/node_modules/color-name
559 silly ADD node_modules/@testing-library/jest-dom/node_modules/color-convert
560 silly ADD node_modules/@testing-library/jest-dom/node_modules/supports-color
561 silly ADD node_modules/@testing-library/jest-dom/node_modules/ansi-styles
562 silly ADD node_modules/@testing-library/jest-dom/node_modules/chalk
563 silly ADD node_modules/@testing-library/jest-dom/node_modules/aria-query
564 silly ADD
565 timing command:install Completed in 37151ms
566 verbose exit 0
567 timing npm Completed in 37222ms
568 info ok
