0 verbose cli /home/senac/.nvm/versions/node/v18.12.1/bin/node /home/senac/.nvm/versions/node/v18.12.1/bin/npm
1 info using npm@8.19.3
2 info using node@v18.12.1
3 timing npm:load:whichnode Completed in 1ms
4 timing config:load:defaults Completed in 7ms
5 timing config:load:file:/home/senac/.nvm/versions/node/v18.12.1/lib/node_modules/npm/npmrc Completed in 3ms
6 timing config:load:builtin Completed in 3ms
7 timing config:load:cli Completed in 7ms
8 timing config:load:env Completed in 3ms
9 timing config:load:file:/home/senac/.cache/typescript/4.8/.npmrc Completed in 1ms
10 timing config:load:project Completed in 39ms
11 timing config:load:file:/home/senac/.npmrc Completed in 0ms
12 timing config:load:user Completed in 1ms
13 timing config:load:file:/home/senac/.nvm/versions/node/v18.12.1/etc/npmrc Completed in 1ms
14 timing config:load:global Completed in 1ms
15 timing config:load:validate Completed in 0ms
16 timing config:load:credentials Completed in 2ms
17 timing config:load:setEnvs Completed in 4ms
18 timing config:load Completed in 69ms
19 timing npm:load:configload Completed in 70ms
20 timing npm:load:mkdirpcache Completed in 9ms
21 timing npm:load:mkdirplogs Completed in 1ms
22 verbose title npm install @types/babel__code-frame@ts4.8 @types/babel__generator@ts4.8 @types/babel__helper-plugin-utils@ts4.8 @types/babel__helper-validator-identifier@ts4.8 @types/babel__plugin-transform-runtime@ts4.8 @types/babel__template@ts4.8 @types/babel__traverse@ts4.8 @types/sinonjs__fake-timers@ts4.8 @types/surma__rollup-plugin-off-main-thread@ts4.8 @types/accepts@ts4.8 @types/argparse@ts4.8 @types/aria-query@ts4.8 @types/array.prototype.flat@ts4.8 @types/array.prototype.flatmap@ts4.8 @types/asap@ts4.8 @types/async@ts4.8 @types/babel-plugin-macros@ts4.8 @types/balanced-match@ts4.8 @types/big.js@ts4.8 @types/bluebird@ts4.8 @types/body-parser@ts4.8 @types/boolbase@ts4.8 @types/brace-expansion@ts4.8 @types/braces@ts4.8 @types/bser@ts4.8 @types/buffer-from@ts4.8 @types/bytes@ts4.8 @types/call-bind@ts4.8 @types/camelcase-css@ts4.8 @types/caniuse-api@ts4.8 @types/caniuse-lite@ts4.8 @types/case-sensitive-paths-webpack-plugin@ts4.8 @types/check-types@ts4.8 @types/clean-css@ts4.8 @types/co@ts4.8 @types/color-convert@ts4.8 @types/color-name@ts4.8 @types/combined-stream@ts4.8 @types/common-tags@ts4.8 @types/commondir@ts4.8 @types/compressible@ts4.8 @types/compression@ts4.8 @types/concat-map@ts4.8 @types/confusing-browser-globals@ts4.8 @types/connect-history-api-fallback@ts4.8 @types/content-disposition@ts4.8 @types/content-type@ts4.8 @types/convert-source-map@ts4.8 @types/cookie@ts4.8 @types/cookie-signature@ts4.8 @types/core-js@ts4.8 @types/cross-spawn@ts4.8 @types/css-tree@ts4.8 @types/css.escape@ts4.8 @types/cssesc@ts4.8 @types/csso@ts4.8 @types/cssom@ts4.8 @types/cssstyle@ts4.8 @types/damerau-levenshtein@ts4.8 @types/data-urls@ts4.8 @types/debug@ts4.8 @types/dedent@ts4.8 @types/deep-equal@ts4.8 @types/default-gateway@ts4.8 @types/define-properties@ts4.8 @types/defined@ts4.8 @types/depd@ts4.8 @types/destroy@ts4.8 @types/detect-node@ts4.8 @types/detective@ts4.8 @types/didyoumean@ts4.8 @types/dir-glob@ts4.8 @types/dlv@ts4.8 @types/dns-packet@ts4.8 @types/doctrine@ts4.8 @types/domexception@ts4.8 @types/ee-first@ts4.8 @types/ejs@ts4.8 @types/encodeurl@ts4.8 @types/es-abstract@ts4.8 @types/es-get-iterator@ts4.8 @types/es-to-primitive@ts4.8 @types/escape-html@ts4.8 @types/escodegen@ts4.8 @types/eslint@ts4.8 @types/eslint-scope@ts4.8 @types/eslint-utils@ts4.8 @types/esprima@ts4.8 @types/esquery@ts4.8 @types/estraverse@ts4.8 @types/esutils@ts4.8 @types/etag@ts4.8 @types/events@ts4.8 @types/exit@ts4.8 @types/express@ts4.8 @types/fast-levenshtein@ts4.8 @types/fb-watchman@ts4.8 @types/file-entry-cache@ts4.8 @types/file-loader@ts4.8 @types/fill-range@ts4.8 @types/finalhandler@ts4.8 @types/find-cache-dir@ts4.8 @types/flat-cache@ts4.8 @types/follow-redirects@ts4.8 @types/forwarded@ts4.8 @types/fresh@ts4.8 @types/fs-extra@ts4.8 @types/function-bind@ts4.8 @types/gensync@ts4.8 @types/get-intrinsic@ts4.8 @types/glob@ts4.8 @types/glob-parent@ts4.8 @types/glob-to-regexp@ts4.8 @types/global-modules@ts4.8 @types/global-prefix@ts4.8 @types/graceful-fs@ts4.8 @types/has@ts4.8 @types/has-symbols@ts4.8 @types/he@ts4.8 @types/html-encoding-sniffer@ts4.8 @types/html-escaper@ts4.8 @types/html-minifier-terser@ts4.8 @types/http-errors@ts4.8 @types/http-proxy@ts4.8 @types/icss-utils@ts4.8 @types/imurmurhash@ts4.8 @types/inherits@ts4.8 @types/ini@ts4.8 @types/internal-slot@ts4.8 @types/is-arguments@ts4.8 @types/is-bigint@ts4.8 @types/is-boolean-object@ts4.8 @types/is-callable@ts4.8 @types/is-core-module@ts4.8 @types/is-date-object@ts4.8 @types/is-glob@ts4.8 @types/is-map@ts4.8 @types/is-number@ts4.8 @types/is-regex@ts4.8 @types/is-string@ts4.8 @types/is-typedarray@ts4.8 @types/isarray@ts4.8 @types/isexe@ts4.8 @types/istanbul-lib-coverage@ts4.8 @types/istanbul-lib-instrument@ts4.8 @types/istanbul-lib-report@ts4.8 @types/istanbul-lib-source-maps@ts4.8 @types/istanbul-reports@ts4.8 @types/jake@ts4.8 @types/js-yaml@ts4.8 @types/jsdom@ts4.8 @types/jsesc@ts4.8 @types/json-schema@ts4.8 @types/json-stable-stringify-without-jsonify@ts4.8 @types/jsonfile@ts4.8 @types/kind-of@ts4.8 @types/language-tags@ts4.8 @types/loader-runner@ts4.8 @types/loader-utils@ts4.8 @types/lodash@ts4.8 @types/lodash.debounce@ts4.8 @types/lodash.memoize@ts4.8 @types/lodash.merge@ts4.8 @types/lodash.sortby@ts4.8 @types/lodash.uniq@ts4.8 @types/lz-string@ts4.8 @types/media-typer@ts4.8 @types/merge-descriptors@ts4.8 @types/merge-stream@ts4.8 @types/merge2@ts4.8 @types/methods@ts4.8 @types/micromatch@ts4.8 @types/mime@ts4.8 @types/mime-db@ts4.8 @types/mime-types@ts4.8 @types/min-indent@ts4.8 @types/minimalistic-assert@ts4.8 @types/minimatch@ts4.8 @types/minimist@ts4.8 @types/mkdirp@ts4.8 @types/ms@ts4.8 @types/multicast-dns@ts4.8 @types/natural-compare@ts4.8 @types/natural-compare-lite@ts4.8 @types/negotiator@ts4.8 @types/node-forge@ts4.8 @types/node-int64@ts4.8 @types/normalize-path@ts4.8 @types/nwsapi@ts4.8 @types/object-assign@ts4.8 @types/object-hash@ts4.8 @types/object-inspect@ts4.8 @types/object-keys@ts4.8 @types/object.fromentries@ts4.8 @types/object.getownpropertydescriptors@ts4.8 @types/on-finished@ts4.8 @types/on-headers@ts4.8 @types/once@ts4.8 @types/parse-json@ts4.8 @types/parseurl@ts4.8 @types/path-is-absolute@ts4.8 @types/path-parse@ts4.8 @types/picomatch@ts4.8 @types/pify@ts4.8 @types/postcss-flexbugs-fixes@ts4.8 @types/postcss-gap-properties@ts4.8 @types/postcss-import@ts4.8 @types/postcss-js@ts4.8 @types/postcss-modules-extract-imports@ts4.8 @types/postcss-modules-local-by-default@ts4.8 @types/postcss-modules-scope@ts4.8 @types/postcss-modules-values@ts4.8 @types/postcss-preset-env@ts4.8 @types/prelude-ls@ts4.8 @types/prompts@ts4.8 @types/prop-types@ts4.8 @types/proxy-addr@ts4.8 @types/psl@ts4.8 @types/punycode@ts4.8 @types/q@ts4.8 @types/qs@ts4.8 @types/querystringify@ts4.8 @types/raf@ts4.8 @types/randombytes@ts4.8 @types/range-parser@ts4.8 @types/react-dev-utils@ts4.8 @types/react-is@ts4.8 @types/react-refresh@ts4.8 @types/readable-stream@ts4.8 @types/recursive-readdir@ts4.8 @types/regenerate@ts4.8 @types/regenerator-runtime@ts4.8 @types/relateurl@ts4.8 @types/require-directory@ts4.8 @types/require-from-string@ts4.8 @types/requires-port@ts4.8 @types/resolve@ts4.8 @types/retry@ts4.8 @types/rimraf@ts4.8 @types/run-parallel@ts4.8 @types/safer-buffer@ts4.8 @types/sax@ts4.8 @types/scheduler@ts4.8 @types/semver@ts4.8 @types/send@ts4.8 @types/serialize-javascript@ts4.8 @types/serve-index@ts4.8 @types/serve-static@ts4.8 @types/shebang-command@ts4.8 @types/shell-quote@ts4.8 @types/signal-exit@ts4.8 @types/sockjs@ts4.8 @types/source-list-map@ts4.8 @types/source-map-support@ts4.8 @types/spdy@ts4.8 @types/sprintf-js@ts4.8 @types/stack-utils@ts4.8 @types/statuses@ts4.8 @types/string-natural-compare@ts4.8 @types/string.prototype.matchall@ts4.8 @types/stringify-object@ts4.8 @types/strip-comments@ts4.8 @types/strip-final-newline@ts4.8 @types/supports-color@ts4.8 @types/svg-parser@ts4.8 @types/symbol-tree@ts4.8 @types/text-table@ts4.8 @types/thunky@ts4.8 @types/tmpl@ts4.8 @types/to-regex-range@ts4.8 @types/toidentifier@ts4.8 @types/tough-cookie@ts4.8 @types/tr46@ts4.8 @types/tryer@ts4.8 @types/type-check@ts4.8 @types/type-detect@ts4.8 @types/type-is@ts4.8 @types/typedarray-to-buffer@ts4.8 @types/universalify@ts4.8 @types/url-parse@ts4.8 @types/util-deprecate@ts4.8 @types/util.promisify@ts4.8 @types/utils-merge@ts4.8 @types/uuid@ts4.8 @types/vary@ts4.8 @types/w3c-hr-time@ts4.8 @types/w3c-xmlserializer@ts4.8 @types/watchpack@ts4.8 @types/webidl-conversions@ts4.8 @types/webpack-manifest-plugin@ts4.8 @types/webpack-sources@ts4.8 @types/whatwg-encoding@ts4.8 @types/whatwg-mimetype@ts4.8 @types/whatwg-url@ts4.8 @types/which@ts4.8 @types/workbox-sw@ts4.8 @types/wrap-ansi@ts4.8 @types/write-file-atomic@ts4.8 @types/ws@ts4.8 @types/xml-name-validator@ts4.8 @types/xtend@ts4.8 @types/yallist@ts4.8 @types/yargs@ts4.8 @types/yargs-parser@ts4.8
23 verbose argv "install" "--ignore-scripts" "@types/babel__code-frame@ts4.8" "@types/babel__generator@ts4.8" "@types/babel__helper-plugin-utils@ts4.8" "@types/babel__helper-validator-identifier@ts4.8" "@types/babel__plugin-transform-runtime@ts4.8" "@types/babel__template@ts4.8" "@types/babel__traverse@ts4.8" "@types/sinonjs__fake-timers@ts4.8" "@types/surma__rollup-plugin-off-main-thread@ts4.8" "@types/accepts@ts4.8" "@types/argparse@ts4.8" "@types/aria-query@ts4.8" "@types/array.prototype.flat@ts4.8" "@types/array.prototype.flatmap@ts4.8" "@types/asap@ts4.8" "@types/async@ts4.8" "@types/babel-plugin-macros@ts4.8" "@types/balanced-match@ts4.8" "@types/big.js@ts4.8" "@types/bluebird@ts4.8" "@types/body-parser@ts4.8" "@types/boolbase@ts4.8" "@types/brace-expansion@ts4.8" "@types/braces@ts4.8" "@types/bser@ts4.8" "@types/buffer-from@ts4.8" "@types/bytes@ts4.8" "@types/call-bind@ts4.8" "@types/camelcase-css@ts4.8" "@types/caniuse-api@ts4.8" "@types/caniuse-lite@ts4.8" "@types/case-sensitive-paths-webpack-plugin@ts4.8" "@types/check-types@ts4.8" "@types/clean-css@ts4.8" "@types/co@ts4.8" "@types/color-convert@ts4.8" "@types/color-name@ts4.8" "@types/combined-stream@ts4.8" "@types/common-tags@ts4.8" "@types/commondir@ts4.8" "@types/compressible@ts4.8" "@types/compression@ts4.8" "@types/concat-map@ts4.8" "@types/confusing-browser-globals@ts4.8" "@types/connect-history-api-fallback@ts4.8" "@types/content-disposition@ts4.8" "@types/content-type@ts4.8" "@types/convert-source-map@ts4.8" "@types/cookie@ts4.8" "@types/cookie-signature@ts4.8" "@types/core-js@ts4.8" "@types/cross-spawn@ts4.8" "@types/css-tree@ts4.8" "@types/css.escape@ts4.8" "@types/cssesc@ts4.8" "@types/csso@ts4.8" "@types/cssom@ts4.8" "@types/cssstyle@ts4.8" "@types/damerau-levenshtein@ts4.8" "@types/data-urls@ts4.8" "@types/debug@ts4.8" "@types/dedent@ts4.8" "@types/deep-equal@ts4.8" "@types/default-gateway@ts4.8" "@types/define-properties@ts4.8" "@types/defined@ts4.8" "@types/depd@ts4.8" "@types/destroy@ts4.8" "@types/detect-node@ts4.8" "@types/detective@ts4.8" "@types/didyoumean@ts4.8" "@types/dir-glob@ts4.8" "@types/dlv@ts4.8" "@types/dns-packet@ts4.8" "@types/doctrine@ts4.8" "@types/domexception@ts4.8" "@types/ee-first@ts4.8" "@types/ejs@ts4.8" "@types/encodeurl@ts4.8" "@types/es-abstract@ts4.8" "@types/es-get-iterator@ts4.8" "@types/es-to-primitive@ts4.8" "@types/escape-html@ts4.8" "@types/escodegen@ts4.8" "@types/eslint@ts4.8" "@types/eslint-scope@ts4.8" "@types/eslint-utils@ts4.8" "@types/esprima@ts4.8" "@types/esquery@ts4.8" "@types/estraverse@ts4.8" "@types/esutils@ts4.8" "@types/etag@ts4.8" "@types/events@ts4.8" "@types/exit@ts4.8" "@types/express@ts4.8" "@types/fast-levenshtein@ts4.8" "@types/fb-watchman@ts4.8" "@types/file-entry-cache@ts4.8" "@types/file-loader@ts4.8" "@types/fill-range@ts4.8" "@types/finalhandler@ts4.8" "@types/find-cache-dir@ts4.8" "@types/flat-cache@ts4.8" "@types/follow-redirects@ts4.8" "@types/forwarded@ts4.8" "@types/fresh@ts4.8" "@types/fs-extra@ts4.8" "@types/function-bind@ts4.8" "@types/gensync@ts4.8" "@types/get-intrinsic@ts4.8" "@types/glob@ts4.8" "@types/glob-parent@ts4.8" "@types/glob-to-regexp@ts4.8" "@types/global-modules@ts4.8" "@types/global-prefix@ts4.8" "@types/graceful-fs@ts4.8" "@types/has@ts4.8" "@types/has-symbols@ts4.8" "@types/he@ts4.8" "@types/html-encoding-sniffer@ts4.8" "@types/html-escaper@ts4.8" "@types/html-minifier-terser@ts4.8" "@types/http-errors@ts4.8" "@types/http-proxy@ts4.8" "@types/icss-utils@ts4.8" "@types/imurmurhash@ts4.8" "@types/inherits@ts4.8" "@types/ini@ts4.8" "@types/internal-slot@ts4.8" "@types/is-arguments@ts4.8" "@types/is-bigint@ts4.8" "@types/is-boolean-object@ts4.8" "@types/is-callable@ts4.8" "@types/is-core-module@ts4.8" "@types/is-date-object@ts4.8" "@types/is-glob@ts4.8" "@types/is-map@ts4.8" "@types/is-number@ts4.8" "@types/is-regex@ts4.8" "@types/is-string@ts4.8" "@types/is-typedarray@ts4.8" "@types/isarray@ts4.8" "@types/isexe@ts4.8" "@types/istanbul-lib-coverage@ts4.8" "@types/istanbul-lib-instrument@ts4.8" "@types/istanbul-lib-report@ts4.8" "@types/istanbul-lib-source-maps@ts4.8" "@types/istanbul-reports@ts4.8" "@types/jake@ts4.8" "@types/js-yaml@ts4.8" "@types/jsdom@ts4.8" "@types/jsesc@ts4.8" "@types/json-schema@ts4.8" "@types/json-stable-stringify-without-jsonify@ts4.8" "@types/jsonfile@ts4.8" "@types/kind-of@ts4.8" "@types/language-tags@ts4.8" "@types/loader-runner@ts4.8" "@types/loader-utils@ts4.8" "@types/lodash@ts4.8" "@types/lodash.debounce@ts4.8" "@types/lodash.memoize@ts4.8" "@types/lodash.merge@ts4.8" "@types/lodash.sortby@ts4.8" "@types/lodash.uniq@ts4.8" "@types/lz-string@ts4.8" "@types/media-typer@ts4.8" "@types/merge-descriptors@ts4.8" "@types/merge-stream@ts4.8" "@types/merge2@ts4.8" "@types/methods@ts4.8" "@types/micromatch@ts4.8" "@types/mime@ts4.8" "@types/mime-db@ts4.8" "@types/mime-types@ts4.8" "@types/min-indent@ts4.8" "@types/minimalistic-assert@ts4.8" "@types/minimatch@ts4.8" "@types/minimist@ts4.8" "@types/mkdirp@ts4.8" "@types/ms@ts4.8" "@types/multicast-dns@ts4.8" "@types/natural-compare@ts4.8" "@types/natural-compare-lite@ts4.8" "@types/negotiator@ts4.8" "@types/node-forge@ts4.8" "@types/node-int64@ts4.8" "@types/normalize-path@ts4.8" "@types/nwsapi@ts4.8" "@types/object-assign@ts4.8" "@types/object-hash@ts4.8" "@types/object-inspect@ts4.8" "@types/object-keys@ts4.8" "@types/object.fromentries@ts4.8" "@types/object.getownpropertydescriptors@ts4.8" "@types/on-finished@ts4.8" "@types/on-headers@ts4.8" "@types/once@ts4.8" "@types/parse-json@ts4.8" "@types/parseurl@ts4.8" "@types/path-is-absolute@ts4.8" "@types/path-parse@ts4.8" "@types/picomatch@ts4.8" "@types/pify@ts4.8" "@types/postcss-flexbugs-fixes@ts4.8" "@types/postcss-gap-properties@ts4.8" "@types/postcss-import@ts4.8" "@types/postcss-js@ts4.8" "@types/postcss-modules-extract-imports@ts4.8" "@types/postcss-modules-local-by-default@ts4.8" "@types/postcss-modules-scope@ts4.8" "@types/postcss-modules-values@ts4.8" "@types/postcss-preset-env@ts4.8" "@types/prelude-ls@ts4.8" "@types/prompts@ts4.8" "@types/prop-types@ts4.8" "@types/proxy-addr@ts4.8" "@types/psl@ts4.8" "@types/punycode@ts4.8" "@types/q@ts4.8" "@types/qs@ts4.8" "@types/querystringify@ts4.8" "@types/raf@ts4.8" "@types/randombytes@ts4.8" "@types/range-parser@ts4.8" "@types/react-dev-utils@ts4.8" "@types/react-is@ts4.8" "@types/react-refresh@ts4.8" "@types/readable-stream@ts4.8" "@types/recursive-readdir@ts4.8" "@types/regenerate@ts4.8" "@types/regenerator-runtime@ts4.8" "@types/relateurl@ts4.8" "@types/require-directory@ts4.8" "@types/require-from-string@ts4.8" "@types/requires-port@ts4.8" "@types/resolve@ts4.8" "@types/retry@ts4.8" "@types/rimraf@ts4.8" "@types/run-parallel@ts4.8" "@types/safer-buffer@ts4.8" "@types/sax@ts4.8" "@types/scheduler@ts4.8" "@types/semver@ts4.8" "@types/send@ts4.8" "@types/serialize-javascript@ts4.8" "@types/serve-index@ts4.8" "@types/serve-static@ts4.8" "@types/shebang-command@ts4.8" "@types/shell-quote@ts4.8" "@types/signal-exit@ts4.8" "@types/sockjs@ts4.8" "@types/source-list-map@ts4.8" "@types/source-map-support@ts4.8" "@types/spdy@ts4.8" "@types/sprintf-js@ts4.8" "@types/stack-utils@ts4.8" "@types/statuses@ts4.8" "@types/string-natural-compare@ts4.8" "@types/string.prototype.matchall@ts4.8" "@types/stringify-object@ts4.8" "@types/strip-comments@ts4.8" "@types/strip-final-newline@ts4.8" "@types/supports-color@ts4.8" "@types/svg-parser@ts4.8" "@types/symbol-tree@ts4.8" "@types/text-table@ts4.8" "@types/thunky@ts4.8" "@types/tmpl@ts4.8" "@types/to-regex-range@ts4.8" "@types/toidentifier@ts4.8" "@types/tough-cookie@ts4.8" "@types/tr46@ts4.8" "@types/tryer@ts4.8" "@types/type-check@ts4.8" "@types/type-detect@ts4.8" "@types/type-is@ts4.8" "@types/typedarray-to-buffer@ts4.8" "@types/universalify@ts4.8" "@types/url-parse@ts4.8" "@types/util-deprecate@ts4.8" "@types/util.promisify@ts4.8" "@types/utils-merge@ts4.8" "@types/uuid@ts4.8" "@types/vary@ts4.8" "@types/w3c-hr-time@ts4.8" "@types/w3c-xmlserializer@ts4.8" "@types/watchpack@ts4.8" "@types/webidl-conversions@ts4.8" "@types/webpack-manifest-plugin@ts4.8" "@types/webpack-sources@ts4.8" "@types/whatwg-encoding@ts4.8" "@types/whatwg-mimetype@ts4.8" "@types/whatwg-url@ts4.8" "@types/which@ts4.8" "@types/workbox-sw@ts4.8" "@types/wrap-ansi@ts4.8" "@types/write-file-atomic@ts4.8" "@types/ws@ts4.8" "@types/xml-name-validator@ts4.8" "@types/xtend@ts4.8" "@types/yallist@ts4.8" "@types/yargs@ts4.8" "@types/yargs-parser@ts4.8" "--save-dev" "--user-agent" "typesInstaller/4.8.4"
24 timing npm:load:setTitle Completed in 32ms
25 timing config:load:flatten Completed in 8ms
26 timing npm:load:display Completed in 11ms
27 verbose logfile logs-max:10 dir:/home/senac/.npm/_logs
28 verbose logfile /home/senac/.npm/_logs/2022-11-05T14_39_15_559Z-debug-0.log
29 timing npm:load:logFile Completed in 14ms
30 timing npm:load:timers Completed in 1ms
31 timing npm:load:configScope Completed in 0ms
32 timing npm:load Completed in 139ms
33 timing arborist:ctor Completed in 2ms
34 silly logfile start cleaning logs, removing 12 files
35 timing idealTree:init Completed in 301ms
36 timing arborist:ctor Completed in 0ms
37 silly logfile done cleaning log files
38 http fetch GET 200 https://registry.npmjs.org/@types%2fbabel__plugin-transform-runtime 2465ms (cache miss)
39 http fetch GET 200 https://registry.npmjs.org/@types%2fbabel__code-frame 2510ms (cache miss)
40 http fetch GET 200 https://registry.npmjs.org/@types%2fargparse 2526ms (cache miss)
41 http fetch GET 200 https://registry.npmjs.org/@types%2fbabel__helper-plugin-utils 2550ms (cache miss)
42 http fetch GET 200 https://registry.npmjs.org/@types%2fbabel-plugin-macros 2567ms (cache miss)
43 http fetch GET 200 https://registry.npmjs.org/@types%2fasync 2575ms (cache miss)
44 http fetch GET 200 https://registry.npmjs.org/@types%2fbalanced-match 2638ms (cache miss)
45 http fetch GET 200 https://registry.npmjs.org/@types%2fbuffer-from 3108ms (cache miss)
46 http fetch GET 200 https://registry.npmjs.org/@types%2fbabel__helper-validator-identifier 3126ms (cache miss)
47 http fetch GET 200 https://registry.npmjs.org/@types%2fbraces 3115ms (cache miss)
48 http fetch GET 200 https://registry.npmjs.org/@types%2fsurma__rollup-plugin-off-main-thread 3131ms (cache miss)
49 http fetch GET 200 https://registry.npmjs.org/@types%2fsinonjs__fake-timers 3134ms (cache miss)
50 http fetch GET 200 https://registry.npmjs.org/@types%2farray.prototype.flat 3166ms (cache miss)
51 http fetch GET 200 https://registry.npmjs.org/@types%2fbytes 3155ms (cache miss)
52 http fetch GET 200 https://registry.npmjs.org/@types%2faccepts 3195ms (cache miss)
53 http fetch GET 200 https://registry.npmjs.org/@types%2farray.prototype.flatmap 3245ms (cache miss)
54 http fetch GET 200 https://registry.npmjs.org/@types%2fasap 3264ms (cache miss)
55 http fetch GET 200 https://registry.npmjs.org/@types%2fbig.js 3329ms (cache miss)
56 http fetch GET 200 https://registry.npmjs.org/@types%2fcaniuse-api 3610ms (cache miss)
57 http fetch GET 200 https://registry.npmjs.org/@types%2fcall-bind 3613ms (cache miss)
58 http fetch GET 200 https://registry.npmjs.org/@types%2fcaniuse-lite 3612ms (cache miss)
59 http fetch GET 200 https://registry.npmjs.org/@types%2fbluebird 3631ms (cache miss)
60 http fetch GET 200 https://registry.npmjs.org/@types%2fcheck-types 3657ms (cache miss)
61 http fetch GET 200 https://registry.npmjs.org/@types%2fboolbase 3678ms (cache miss)
62 http fetch GET 200 https://registry.npmjs.org/@types%2fco 3657ms (cache miss)
63 http fetch GET 200 https://registry.npmjs.org/@types%2fbrace-expansion 3697ms (cache miss)
64 http fetch GET 200 https://registry.npmjs.org/@types%2fcolor-convert 3693ms (cache miss)
65 http fetch GET 200 https://registry.npmjs.org/@types%2fbser 3730ms (cache miss)
66 http fetch GET 200 https://registry.npmjs.org/@types%2fcolor-name 3725ms (cache miss)
67 http fetch GET 200 https://registry.npmjs.org/@types%2fcommondir 4215ms (cache miss)
68 http fetch GET 200 https://registry.npmjs.org/@types%2fconcat-map 4215ms (cache miss)
69 http fetch GET 200 https://registry.npmjs.org/@types%2fcompression 4226ms (cache miss)
70 http fetch GET 200 https://registry.npmjs.org/@types%2fconvert-source-map 4218ms (cache miss)
71 http fetch GET 200 https://registry.npmjs.org/@types%2fcookie-signature 4217ms (cache miss)
72 http fetch GET 200 https://registry.npmjs.org/@types%2fcookie 4219ms (cache miss)
73 http fetch GET 200 https://registry.npmjs.org/@types%2fcore-js 4222ms (cache miss)
74 http fetch GET 200 https://registry.npmjs.org/@types%2fcamelcase-css 4296ms (cache miss)
75 http fetch GET 200 https://registry.npmjs.org/@types%2fcombined-stream 4363ms (cache miss)
76 http fetch GET 200 https://registry.npmjs.org/@types%2fcommon-tags 4503ms (cache miss)
77 http fetch GET 200 https://registry.npmjs.org/@types%2fcss-tree 4705ms (cache miss)
78 http fetch GET 200 https://registry.npmjs.org/@types%2fcssesc 4704ms (cache miss)
79 http fetch GET 200 https://registry.npmjs.org/@types%2fcssstyle 4695ms (cache miss)
80 http fetch GET 200 https://registry.npmjs.org/@types%2fcross-spawn 4712ms (cache miss)
81 http fetch GET 200 https://registry.npmjs.org/@types%2fcssom 4701ms (cache miss)
82 http fetch GET 200 https://registry.npmjs.org/@types%2fcsso 4705ms (cache miss)
83 http fetch GET 200 https://registry.npmjs.org/@types%2fcontent-disposition 4759ms (cache miss)
84 http fetch GET 200 https://registry.npmjs.org/@types%2fcompressible 4789ms (cache miss)
85 http fetch GET 200 https://registry.npmjs.org/@types%2fcontent-type 4781ms (cache miss)
86 http fetch GET 200 https://registry.npmjs.org/@types%2fconfusing-browser-globals 4826ms (cache miss)
87 http fetch GET 200 https://registry.npmjs.org/@types%2fdata-urls 4842ms (cache miss)
88 http fetch GET 200 https://registry.npmjs.org/@types%2fcase-sensitive-paths-webpack-plugin 5190ms (cache miss)
89 http fetch GET 200 https://registry.npmjs.org/@types%2fdebug 5178ms (cache miss)
90 http fetch GET 200 https://registry.npmjs.org/@types%2fdepd 5232ms (cache miss)
91 http fetch GET 200 https://registry.npmjs.org/@types%2fdeep-equal 5247ms (cache miss)
92 http fetch GET 200 https://registry.npmjs.org/@types%2fdefault-gateway 5246ms (cache miss)
93 http fetch GET 200 https://registry.npmjs.org/@types%2fdedent 5252ms (cache miss)
94 http fetch GET 200 https://registry.npmjs.org/@types%2fdefined 5246ms (cache miss)
95 http fetch GET 200 https://registry.npmjs.org/@types%2fdetect-node 5245ms (cache miss)
96 http fetch GET 200 https://registry.npmjs.org/@types%2fdestroy 5249ms (cache miss)
97 http fetch GET 200 https://registry.npmjs.org/@types%2fdidyoumean 5283ms (cache miss)
98 http fetch GET 200 https://registry.npmjs.org/@types%2fdir-glob 5324ms (cache miss)
99 http fetch GET 200 https://registry.npmjs.org/@types%2fcss.escape 5374ms (cache miss)
100 http fetch GET 200 https://registry.npmjs.org/@types%2fdamerau-levenshtein 5372ms (cache miss)
101 http fetch GET 200 https://registry.npmjs.org/@types%2fdlv 5566ms (cache miss)
102 http fetch GET 200 https://registry.npmjs.org/@types%2fdns-packet 5582ms (cache miss)
103 http fetch GET 200 https://registry.npmjs.org/@types%2fee-first 5659ms (cache miss)
104 http fetch GET 200 https://registry.npmjs.org/@types%2fdoctrine 5670ms (cache miss)
105 http fetch GET 200 https://registry.npmjs.org/@types%2fejs 5670ms (cache miss)
106 http fetch GET 200 https://registry.npmjs.org/@types%2fes-abstract 5685ms (cache miss)
107 http fetch GET 200 https://registry.npmjs.org/@types%2fencodeurl 5687ms (cache miss)
108 http fetch GET 200 https://registry.npmjs.org/@types%2fes-get-iterator 5734ms (cache miss)
109 http fetch GET 200 https://registry.npmjs.org/@types%2fes-to-primitive 5757ms (cache miss)
110 http fetch GET 200 https://registry.npmjs.org/@types%2fescape-html 5825ms (cache miss)
111 http fetch GET 200 https://registry.npmjs.org/@types%2fdefine-properties 5862ms (cache miss)
112 http fetch GET 200 https://registry.npmjs.org/@types%2feslint-utils 5858ms (cache miss)
113 http fetch GET 200 https://registry.npmjs.org/@types%2fdetective 5961ms (cache miss)
114 http fetch GET 200 https://registry.npmjs.org/@types%2fesquery 6090ms (cache miss)
115 http fetch GET 200 https://registry.npmjs.org/@types%2fesprima 6099ms (cache miss)
116 http fetch GET 200 https://registry.npmjs.org/@types%2fetag 6172ms (cache miss)
117 http fetch GET 200 https://registry.npmjs.org/@types%2festraverse 6175ms (cache miss)
118 http fetch GET 200 https://registry.npmjs.org/@types%2fesutils 6176ms (cache miss)
119 http fetch GET 200 https://registry.npmjs.org/@types%2fevents 6191ms (cache miss)
120 http fetch GET 200 https://registry.npmjs.org/@types%2fexit 6192ms (cache miss)
121 http fetch GET 200 https://registry.npmjs.org/@types%2ffast-levenshtein 6232ms (cache miss)
122 http fetch GET 200 https://registry.npmjs.org/@types%2ffb-watchman 6318ms (cache miss)
123 http fetch GET 200 https://registry.npmjs.org/@types%2ffile-entry-cache 6318ms (cache miss)
124 http fetch GET 200 https://registry.npmjs.org/@types%2ffile-loader 6318ms (cache miss)
125 http fetch GET 200 https://registry.npmjs.org/@types%2fdomexception 6360ms (cache miss)
126 http fetch GET 200 https://registry.npmjs.org/@types%2ffill-range 6334ms (cache miss)
127 http fetch GET 200 https://registry.npmjs.org/@types%2ffinalhandler 6424ms (cache miss)
128 http fetch GET 200 https://registry.npmjs.org/@types%2fescodegen 6510ms (cache miss)
129 http fetch GET 200 https://registry.npmjs.org/@types%2ffind-cache-dir 6563ms (cache miss)
130 http fetch GET 200 https://registry.npmjs.org/@types%2fflat-cache 6590ms (cache miss)
131 http fetch GET 200 https://registry.npmjs.org/@types%2ffollow-redirects 6646ms (cache miss)
132 http fetch GET 200 https://registry.npmjs.org/@types%2ffresh 6646ms (cache miss)
133 http fetch GET 200 https://registry.npmjs.org/@types%2fforwarded 6658ms (cache miss)
134 http fetch GET 200 https://registry.npmjs.org/@types%2fgensync 6672ms (cache miss)
135 http fetch GET 200 https://registry.npmjs.org/@types%2ffs-extra 6696ms (cache miss)
136 http fetch GET 200 https://registry.npmjs.org/@types%2ffunction-bind 6726ms (cache miss)
137 http fetch GET 200 https://registry.npmjs.org/@types%2fget-intrinsic 6819ms (cache miss)
138 http fetch GET 200 https://registry.npmjs.org/@types%2fglob 6822ms (cache miss)
139 http fetch GET 200 https://registry.npmjs.org/@types%2fglob-to-regexp 6828ms (cache miss)
140 http fetch GET 200 https://registry.npmjs.org/@types%2fglobal-modules 6833ms (cache miss)
141 http fetch GET 200 https://registry.npmjs.org/@types%2fglob-parent 6846ms (cache miss)
142 http fetch GET 200 https://registry.npmjs.org/@types%2fglobal-prefix 6912ms (cache miss)
143 http fetch GET 200 https://registry.npmjs.org/@types%2fhas 6987ms (cache miss)
144 http fetch GET 200 https://registry.npmjs.org/@types%2fhe 7061ms (cache miss)
145 http fetch GET 200 https://registry.npmjs.org/@types%2fhas-symbols 7084ms (cache miss)
146 http fetch GET 200 https://registry.npmjs.org/@types%2fhtml-escaper 7141ms (cache miss)
147 http fetch GET 200 https://registry.npmjs.org/@types%2fhttp-errors 7184ms (cache miss)
148 http fetch GET 200 https://registry.npmjs.org/@types%2fimurmurhash 7170ms (cache miss)
149 http fetch GET 200 https://registry.npmjs.org/@types%2ficss-utils 7174ms (cache miss)
150 http fetch GET 200 https://registry.npmjs.org/@types%2fhtml-encoding-sniffer 7196ms (cache miss)
151 http fetch GET 200 https://registry.npmjs.org/@types%2finherits 7181ms (cache miss)
152 http fetch GET 200 https://registry.npmjs.org/@types%2fini 7265ms (cache miss)
153 http fetch GET 200 https://registry.npmjs.org/@types%2finternal-slot 7294ms (cache miss)
154 http fetch GET 200 https://registry.npmjs.org/@types%2fis-boolean-object 7416ms (cache miss)
155 http fetch GET 200 https://registry.npmjs.org/@types%2fis-arguments 7421ms (cache miss)
156 http fetch GET 200 https://registry.npmjs.org/@types%2fis-callable 7420ms (cache miss)
157 http fetch GET 200 https://registry.npmjs.org/@types%2fis-bigint 7422ms (cache miss)
158 http fetch GET 200 https://registry.npmjs.org/@types%2fis-date-object 7508ms (cache miss)
159 http fetch GET 200 https://registry.npmjs.org/@types%2fis-glob 7570ms (cache miss)
160 http fetch GET 200 https://registry.npmjs.org/@types%2fis-map 7613ms (cache miss)
161 http fetch GET 200 https://registry.npmjs.org/@types%2fis-typedarray 7648ms (cache miss)
162 http fetch GET 200 https://registry.npmjs.org/@types%2fis-number 7653ms (cache miss)
163 http fetch GET 200 https://registry.npmjs.org/@types%2fisarray 7673ms (cache miss)
164 http fetch GET 200 https://registry.npmjs.org/@types%2fis-regex 7680ms (cache miss)
165 http fetch GET 200 https://registry.npmjs.org/@types%2fis-string 7680ms (cache miss)
166 http fetch GET 200 https://registry.npmjs.org/@types%2fistanbul-lib-instrument 7766ms (cache miss)
167 http fetch GET 200 https://registry.npmjs.org/@types%2fjake 7804ms (cache miss)
168 http fetch GET 200 https://registry.npmjs.org/@types%2fjsdom 7888ms (cache miss)
169 http fetch GET 200 https://registry.npmjs.org/@types%2fjs-yaml 7896ms (cache miss)
170 http fetch GET 200 https://registry.npmjs.org/@types%2fjsesc 7993ms (cache miss)
171 http fetch GET 200 https://registry.npmjs.org/@types%2fjson-stable-stringify-without-jsonify 8069ms (cache miss)
172 http fetch GET 200 https://registry.npmjs.org/@types%2fjsonfile 8080ms (cache miss)
173 http fetch GET 200 https://registry.npmjs.org/@types%2fkind-of 8101ms (cache miss)
174 http fetch GET 200 https://registry.npmjs.org/@types%2flodash.debounce 8108ms (cache miss)
175 http fetch GET 200 https://registry.npmjs.org/@types%2flanguage-tags 8134ms (cache miss)
176 http fetch GET 200 https://registry.npmjs.org/@types%2fis-core-module 8182ms (cache miss)
177 http fetch GET 200 https://registry.npmjs.org/@types%2floader-runner 8134ms (cache miss)
178 http fetch GET 200 https://registry.npmjs.org/@types%2floader-utils 8155ms (cache miss)
179 http fetch GET 200 https://registry.npmjs.org/@types%2flodash.memoize 8241ms (cache miss)
180 http fetch GET 200 https://registry.npmjs.org/@types%2flodash.merge 8287ms (cache miss)
181 http fetch GET 200 https://registry.npmjs.org/@types%2fisexe 8399ms (cache miss)
182 http fetch GET 200 https://registry.npmjs.org/@types%2flodash.sortby 8362ms (cache miss)
183 http fetch GET 200 https://registry.npmjs.org/@types%2flodash.uniq 8373ms (cache miss)
184 http fetch GET 200 https://registry.npmjs.org/@types%2fistanbul-lib-source-maps 8416ms (cache miss)
185 http fetch GET 200 https://registry.npmjs.org/@types%2fmedia-typer 8520ms (cache miss)
186 http fetch GET 200 https://registry.npmjs.org/@types%2fmerge-stream 8613ms (cache miss)
187 http fetch GET 200 https://registry.npmjs.org/@types%2fmicromatch 8648ms (cache miss)
188 http fetch GET 200 https://registry.npmjs.org/@types%2fmime-db 8659ms (cache miss)
189 http fetch GET 200 https://registry.npmjs.org/@types%2fmime-types 8677ms (cache miss)
190 http fetch GET 200 https://registry.npmjs.org/@types%2fmerge2 8685ms (cache miss)
191 http fetch GET 200 https://registry.npmjs.org/@types%2fmethods 8684ms (cache miss)
192 http fetch GET 200 https://registry.npmjs.org/@types%2fmin-indent 8733ms (cache miss)
193 http fetch GET 200 https://registry.npmjs.org/@types%2fminimalistic-assert 8809ms (cache miss)
194 http fetch GET 200 https://registry.npmjs.org/@types%2fminimatch 8868ms (cache miss)
195 http fetch GET 200 https://registry.npmjs.org/@types%2fmkdirp 8868ms (cache miss)
196 http fetch GET 200 https://registry.npmjs.org/@types%2fmulticast-dns 8992ms (cache miss)
197 http fetch GET 200 https://registry.npmjs.org/@types%2fnatural-compare 9135ms (cache miss)
198 http fetch GET 200 https://registry.npmjs.org/@types%2fnegotiator 9218ms (cache miss)
199 http fetch GET 200 https://registry.npmjs.org/@types%2fnatural-compare-lite 9222ms (cache miss)
200 http fetch GET 200 https://registry.npmjs.org/@types%2flz-string 9239ms (cache miss)
201 http fetch GET 200 https://registry.npmjs.org/@types%2fnormalize-path 9229ms (cache miss)
202 http fetch GET 200 https://registry.npmjs.org/@types%2fnode-int64 9232ms (cache miss)
203 http fetch GET 200 https://registry.npmjs.org/@types%2fmerge-descriptors 9247ms (cache miss)
204 http fetch GET 200 https://registry.npmjs.org/@types%2fnode-forge 9247ms (cache miss)
205 http fetch GET 200 https://registry.npmjs.org/@types%2fnwsapi 9250ms (cache miss)
206 http fetch GET 200 https://registry.npmjs.org/@types%2fobject-assign 9313ms (cache miss)
207 http fetch GET 200 https://registry.npmjs.org/@types%2fobject-inspect 9355ms (cache miss)
208 http fetch GET 200 https://registry.npmjs.org/@types%2fobject-hash 9374ms (cache miss)
209 http fetch GET 200 https://registry.npmjs.org/@types%2fobject-keys 9476ms (cache miss)
210 http fetch GET 200 https://registry.npmjs.org/@types%2fms 9492ms (cache miss)
211 http fetch GET 200 https://registry.npmjs.org/@types%2fminimist 9516ms (cache miss)
212 http fetch GET 200 https://registry.npmjs.org/@types%2fobject.fromentries 9621ms (cache miss)
213 http fetch GET 200 https://registry.npmjs.org/@types%2fpath-is-absolute 9665ms (cache miss)
214 http fetch GET 200 https://registry.npmjs.org/@types%2fpath-parse 9666ms (cache miss)
215 http fetch GET 200 https://registry.npmjs.org/@types%2fonce 9689ms (cache miss)
216 http fetch GET 200 https://registry.npmjs.org/@types%2fparseurl 9691ms (cache miss)
217 http fetch GET 200 https://registry.npmjs.org/@types%2fpicomatch 9777ms (cache miss)
218 http fetch GET 200 https://registry.npmjs.org/@types%2fpify 9816ms (cache miss)
219 http fetch GET 200 https://registry.npmjs.org/@types%2fpostcss-flexbugs-fixes 9836ms (cache miss)
220 http fetch GET 200 https://registry.npmjs.org/@types%2fpostcss-gap-properties 9858ms (cache miss)
221 http fetch GET 200 https://registry.npmjs.org/@types%2fpostcss-import 9984ms (cache miss)
222 http fetch GET 200 https://registry.npmjs.org/@types%2fpostcss-modules-extract-imports 10023ms (cache miss)
223 http fetch GET 200 https://registry.npmjs.org/@types%2fpostcss-modules-local-by-default 10084ms (cache miss)
224 http fetch GET 200 https://registry.npmjs.org/@types%2fpostcss-modules-scope 10165ms (cache miss)
225 http fetch GET 200 https://registry.npmjs.org/@types%2fpostcss-modules-values 10171ms (cache miss)
226 http fetch GET 200 https://registry.npmjs.org/@types%2fprelude-ls 10176ms (cache miss)
227 http fetch GET 200 https://registry.npmjs.org/@types%2fpostcss-preset-env 10186ms (cache miss)
228 http fetch GET 200 https://registry.npmjs.org/@types%2fon-finished 10240ms (cache miss)
229 http fetch GET 200 https://registry.npmjs.org/@types%2fobject.getownpropertydescriptors 10289ms (cache miss)
230 http fetch GET 200 https://registry.npmjs.org/@types%2fon-headers 10312ms (cache miss)
231 http fetch GET 200 https://registry.npmjs.org/@types%2fpsl 10339ms (cache miss)
232 http fetch GET 200 https://registry.npmjs.org/@types%2fpunycode 10352ms (cache miss)
233 http fetch GET 200 https://registry.npmjs.org/@types%2fquerystringify 10451ms (cache miss)
234 http fetch GET 200 https://registry.npmjs.org/@types%2fraf 10518ms (cache miss)
235 http fetch GET 200 https://registry.npmjs.org/@types%2frandombytes 10585ms (cache miss)
236 http fetch GET 200 https://registry.npmjs.org/@types%2fproxy-addr 10622ms (cache miss)
237 http fetch GET 200 https://registry.npmjs.org/@types%2freact-refresh 10623ms (cache miss)
238 http fetch GET 200 https://registry.npmjs.org/@types%2freact-dev-utils 10641ms (cache miss)
239 http fetch GET 200 https://registry.npmjs.org/@types%2fpostcss-js 10679ms (cache miss)
240 http fetch GET 200 https://registry.npmjs.org/@types%2freadable-stream 10624ms (cache miss)
241 http fetch GET 200 https://registry.npmjs.org/@types%2frecursive-readdir 10631ms (cache miss)
242 http fetch GET 200 https://registry.npmjs.org/@types%2fregenerate 10659ms (cache miss)
243 http fetch GET 200 https://registry.npmjs.org/@types%2fregenerator-runtime 10675ms (cache miss)
244 http fetch GET 200 https://registry.npmjs.org/@types%2frequire-directory 10638ms (cache miss)
245 http fetch GET 200 https://registry.npmjs.org/@types%2frequires-port 10693ms (cache miss)
246 http fetch GET 200 https://registry.npmjs.org/@types%2frequire-from-string 10695ms (cache miss)
247 http fetch GET 200 https://registry.npmjs.org/@types%2fprompts 10907ms (cache miss)
248 http fetch GET 200 https://registry.npmjs.org/@types%2frimraf 10824ms (cache miss)
249 http fetch GET 200 https://registry.npmjs.org/@types%2frun-parallel 10875ms (cache miss)
250 http fetch GET 200 https://registry.npmjs.org/@types%2fsafer-buffer 10932ms (cache miss)
251 http fetch GET 200 https://registry.npmjs.org/@types%2fsax 10953ms (cache miss)
252 http fetch GET 200 https://registry.npmjs.org/@types%2fserialize-javascript 10967ms (cache miss)
253 http fetch GET 200 https://registry.npmjs.org/@types%2fsend 10987ms (cache miss)
254 http fetch GET 200 https://registry.npmjs.org/@types%2fshebang-command 10989ms (cache miss)
255 http fetch GET 200 https://registry.npmjs.org/@types%2fshell-quote 10986ms (cache miss)
256 http fetch GET 200 https://registry.npmjs.org/@types%2fsignal-exit 10991ms (cache miss)
257 http fetch GET 200 https://registry.npmjs.org/@types%2fsource-map-support 11083ms (cache miss)
258 http fetch GET 200 https://registry.npmjs.org/@types%2fspdy 11106ms (cache miss)
259 http fetch GET 200 https://registry.npmjs.org/@types%2fsprintf-js 11106ms (cache miss)
260 http fetch GET 200 https://registry.npmjs.org/@types%2fstatuses 11132ms (cache miss)
261 http fetch GET 200 https://registry.npmjs.org/@types%2fstring-natural-compare 11154ms (cache miss)
262 http fetch GET 200 https://registry.npmjs.org/@types%2fstring.prototype.matchall 11208ms (cache miss)
263 http fetch GET 200 https://registry.npmjs.org/@types%2fstringify-object 11325ms (cache miss)
264 http fetch GET 200 https://registry.npmjs.org/@types%2fstrip-comments 11347ms (cache miss)
265 http fetch GET 200 https://registry.npmjs.org/@types%2fsvg-parser 11413ms (cache miss)
266 http fetch GET 200 https://registry.npmjs.org/@types%2fsupports-color 11430ms (cache miss)
267 http fetch GET 200 https://registry.npmjs.org/@types%2fstrip-final-newline 11454ms (cache miss)
268 http fetch GET 200 https://registry.npmjs.org/@types%2fsymbol-tree 11453ms (cache miss)
269 http fetch GET 200 https://registry.npmjs.org/@types%2ftmpl 11457ms (cache miss)
270 http fetch GET 200 https://registry.npmjs.org/@types%2fthunky 11473ms (cache miss)
271 http fetch GET 200 https://registry.npmjs.org/@types%2ftext-table 11518ms (cache miss)
272 http fetch GET 200 https://registry.npmjs.org/@types%2fuuid 11509ms (cache miss)
273 http fetch GET 200 https://registry.npmjs.org/@types%2fto-regex-range 11547ms (cache miss)
274 http fetch GET 200 https://registry.npmjs.org/@types%2ftough-cookie 11589ms (cache miss)
275 http fetch GET 200 https://registry.npmjs.org/@types%2ftr46 11610ms (cache miss)
276 http fetch GET 200 https://registry.npmjs.org/@types%2ftoidentifier 11618ms (cache miss)
277 http fetch GET 200 https://registry.npmjs.org/@types%2ftryer 11641ms (cache miss)
278 http fetch GET 200 https://registry.npmjs.org/@types%2ftype-check 11706ms (cache miss)
279 http fetch GET 200 https://registry.npmjs.org/@types%2ftype-detect 11818ms (cache miss)
280 http fetch GET 200 https://registry.npmjs.org/@types%2ftype-is 11863ms (cache miss)
281 http fetch GET 200 https://registry.npmjs.org/@types%2funiversalify 11910ms (cache miss)
282 http fetch GET 200 https://registry.npmjs.org/@types%2ftypedarray-to-buffer 11914ms (cache miss)
283 http fetch GET 200 https://registry.npmjs.org/@types%2furl-parse 11935ms (cache miss)
284 http fetch GET 200 https://registry.npmjs.org/@types%2futil-deprecate 11947ms (cache miss)
285 http fetch GET 200 https://registry.npmjs.org/@types%2futil.promisify 11961ms (cache miss)
286 http fetch GET 200 https://registry.npmjs.org/@types%2futils-merge 11981ms (cache miss)
287 http fetch GET 200 https://registry.npmjs.org/@types%2fvary 12017ms (cache miss)
288 http fetch GET 200 https://registry.npmjs.org/@types%2fw3c-hr-time 12017ms (cache miss)
289 http fetch GET 200 https://registry.npmjs.org/@types%2fw3c-xmlserializer 12084ms (cache miss)
290 http fetch GET 200 https://registry.npmjs.org/@types%2fwebidl-conversions 12079ms (cache miss)
291 http fetch GET 200 https://registry.npmjs.org/@types%2fwatchpack 12089ms (cache miss)
292 http fetch GET 200 https://registry.npmjs.org/@types%2fwebpack-manifest-plugin 12116ms (cache miss)
293 http fetch GET 200 https://registry.npmjs.org/@types%2fwhatwg-encoding 12219ms (cache miss)
294 http fetch GET 200 https://registry.npmjs.org/@types%2fwhatwg-mimetype 12274ms (cache miss)
295 http fetch GET 200 https://registry.npmjs.org/@types%2fwhatwg-url 12317ms (cache miss)
296 http fetch GET 200 https://registry.npmjs.org/@types%2feslint 12742ms (cache updated)
297 http fetch GET 200 https://registry.npmjs.org/@types%2fgraceful-fs 12751ms (cache revalidated)
298 http fetch GET 200 https://registry.npmjs.org/@types%2fwhich 12374ms (cache miss)
299 http fetch GET 200 https://registry.npmjs.org/@types%2fistanbul-reports 12721ms (cache revalidated)
300 http fetch GET 200 https://registry.npmjs.org/@types%2fworkbox-sw 12400ms (cache miss)
301 http fetch GET 200 https://registry.npmjs.org/@types%2fwrap-ansi 12422ms (cache miss)
302 http fetch GET 200 https://registry.npmjs.org/@types%2fwrite-file-atomic 12427ms (cache miss)
303 http fetch GET 200 https://registry.npmjs.org/@types%2fmime 12725ms (cache revalidated)
304 http fetch GET 200 https://registry.npmjs.org/@types%2fxtend 12426ms (cache miss)
305 http fetch GET 200 https://registry.npmjs.org/@types%2fbody-parser 12994ms (cache revalidated)
306 http fetch GET 200 https://registry.npmjs.org/@types%2fistanbul-lib-report 12805ms (cache revalidated)
307 http fetch GET 200 https://registry.npmjs.org/@types%2fyallist 12461ms (cache miss)
308 http fetch GET 200 https://registry.npmjs.org/@types%2fxml-name-validator 12475ms (cache miss)
309 http fetch GET 200 https://registry.npmjs.org/@types%2fbabel__generator 13041ms (cache revalidated)
310 http fetch GET 200 https://registry.npmjs.org/@types%2fqs 12764ms (cache revalidated)
311 http fetch GET 200 https://registry.npmjs.org/@types%2frange-parser 12779ms (cache revalidated)
312 http fetch GET 200 https://registry.npmjs.org/@types%2fconnect-history-api-fallback 13046ms (cache revalidated)
313 http fetch GET 200 https://registry.npmjs.org/@types%2fbabel__template 13108ms (cache revalidated)
314 http fetch GET 200 https://registry.npmjs.org/@types%2fbabel__traverse 13119ms (cache revalidated)
315 http fetch GET 200 https://registry.npmjs.org/@types%2faria-query 13132ms (cache revalidated)
316 http fetch GET 200 https://registry.npmjs.org/@types%2fserve-static 12689ms (cache revalidated)
317 http fetch GET 200 https://registry.npmjs.org/@types%2fexpress 13023ms (cache revalidated)
