2022-11-05 22:36:18.493 [info] Validating found git in: git
2022-11-05 22:36:18.493 [info] Using git 2.25.1 from git
2022-11-05 22:36:18.493 [info] > git rev-parse --show-toplevel [11ms]
2022-11-05 22:36:18.493 [info] > git rev-parse --git-dir --git-common-dir [2ms]
2022-11-05 22:36:18.493 [info] Log level: Info
2022-11-05 22:36:18.493 [info] Open repository: /home/senac/meu-app-react
2022-11-05 22:36:18.493 [info] > git status -z -uall [43ms]
2022-11-05 22:36:18.493 [info] > git rev-parse --show-toplevel [34ms]
2022-11-05 22:36:18.493 [info] > git remote --verbose [71ms]
2022-11-05 22:36:18.493 [info] > git for-each-ref --sort -committerdate --format %(refname) %(objectname) %(*objectname) [80ms]
2022-11-05 22:36:18.493 [info] > git rev-parse --show-toplevel [11ms]
2022-11-05 22:36:18.493 [info] > git config --get commit.template [30ms]
2022-11-05 22:36:18.493 [info] > git for-each-ref --format=%(refname)%00%(upstream:short)%00%(objectname)%00%(upstream:track)%00%(upstream:remotename)%00%(upstream:remoteref) refs/heads/master refs/remotes/master [31ms]
2022-11-05 22:36:18.493 [info] > git status -z -uall [11ms]
2022-11-05 22:36:18.493 [info] > git remote --verbose [19ms]
2022-11-05 22:36:18.493 [info] > git for-each-ref --sort -committerdate --format %(refname) %(objectname) %(*objectname) [29ms]
2022-11-05 22:36:18.493 [info] > git config --get commit.template [5ms]
2022-11-05 22:36:18.493 [info] > git for-each-ref --format=%(refname)%00%(upstream:short)%00%(objectname)%00%(upstream:track)%00%(upstream:remotename)%00%(upstream:remoteref) refs/heads/master refs/remotes/master [5ms]
2022-11-05 22:36:18.493 [info] > git show --textconv :.gitignore [31ms]
2022-11-05 22:36:18.493 [info] > git ls-files --stage -- /home/senac/meu-app-react/.gitignore [20ms]
2022-11-05 22:36:18.493 [info] > git cat-file -s 4d29575de80483b005c29bfcac5061cd2f45313e [26ms]
2022-11-05 22:36:18.493 [info] > git check-ignore -v -z --stdin [25ms]
2022-11-05 22:36:19.035 [info] > git fetch [1661ms]
2022-11-05 22:36:19.059 [info] > git status -z -uall [7ms]
2022-11-05 22:36:19.060 [info] > git remote --verbose [15ms]
2022-11-05 22:36:19.061 [info] > git for-each-ref --sort -committerdate --format %(refname) %(objectname) %(*objectname) [20ms]
2022-11-05 22:36:19.066 [info] > git config --get commit.template [4ms]
2022-11-05 22:36:19.076 [info] > git for-each-ref --format=%(refname)%00%(upstream:short)%00%(objectname)%00%(upstream:track)%00%(upstream:remotename)%00%(upstream:remoteref) refs/heads/master refs/remotes/master [2ms]
2022-11-05 22:36:20.132 [info] > git status -z -uall [16ms]
2022-11-05 22:36:20.135 [info] > git remote --verbose [26ms]
2022-11-05 22:36:20.136 [info] > git for-each-ref --sort -committerdate --format %(refname) %(objectname) %(*objectname) [32ms]
2022-11-05 22:36:20.151 [info] > git config --get commit.template [21ms]
2022-11-05 22:36:20.162 [info] > git for-each-ref --format=%(refname)%00%(upstream:short)%00%(objectname)%00%(upstream:track)%00%(upstream:remotename)%00%(upstream:remoteref) refs/heads/master refs/remotes/master [2ms]
2022-11-05 22:36:20.220 [info] > git ls-files --stage -- /home/senac/meu-app-react/.gitignore [2ms]
2022-11-05 22:36:20.227 [info] > git cat-file -s 4d29575de80483b005c29bfcac5061cd2f45313e [2ms]
2022-11-05 22:36:20.241 [info] > git show --textconv :.gitignore [2ms]
2022-11-05 22:36:37.709 [info] > git check-ignore -v -z --stdin [2ms]
2022-11-05 22:36:44.057 [info] > git add -A -- /home/senac/meu-app-react/package.json /home/senac/meu-app-react/src/App.css /home/senac/meu-app-react/src/App.js /home/senac/meu-app-react/src/components/Contator.jsx /home/senac/meu-app-react/src/index.js /home/senac/meu-app-react/yarn.lock /home/senac/meu-app-react/src/components/Contador.jsx /home/senac/meu-app-react/src/components/Contato.jsx /home/senac/meu-app-react/src/components/ErrorPage.jsx /home/senac/meu-app-react/src/components/FetchNews.jsx /home/senac/meu-app-react/src/components/FetchProducts.jsx /home/senac/meu-app-react/src/components/Login.jsx /home/senac/meu-app-react/src/components/PageLayout.jsx /home/senac/meu-app-react/src/components/Sobre.jsx /home/senac/meu-app-react/src/routes/root.jsx [48ms]
2022-11-05 22:36:44.085 [info] > git status -z -uall [10ms]
2022-11-05 22:36:44.086 [info] > git remote --verbose [15ms]
2022-11-05 22:36:44.086 [info] > git for-each-ref --sort -committerdate --format %(refname) %(objectname) %(*objectname) [24ms]
2022-11-05 22:36:44.087 [info] > git config --get commit.template [3ms]
2022-11-05 22:36:44.096 [info] > git for-each-ref --format=%(refname)%00%(upstream:short)%00%(objectname)%00%(upstream:track)%00%(upstream:remotename)%00%(upstream:remoteref) refs/heads/master refs/remotes/master [1ms]
2022-11-05 22:36:45.233 [info] > git remote --verbose [6ms]
2022-11-05 22:36:45.233 [info] > git for-each-ref --sort -committerdate --format %(refname) %(objectname) %(*objectname) [15ms]
2022-11-05 22:36:45.240 [info] > git status -z -uall [9ms]
2022-11-05 22:36:45.242 [info] > git config --get commit.template [2ms]
2022-11-05 22:36:45.286 [info] > git for-each-ref --format=%(refname)%00%(upstream:short)%00%(objectname)%00%(upstream:track)%00%(upstream:remotename)%00%(upstream:remoteref) refs/heads/master refs/remotes/master [2ms]
2022-11-05 22:36:45.408 [info] > git ls-files --stage -- /home/senac/meu-app-react/.gitignore [2ms]
2022-11-05 22:36:45.419 [info] > git cat-file -s 4d29575de80483b005c29bfcac5061cd2f45313e [1ms]
2022-11-05 22:36:45.504 [info] > git show --textconv :.gitignore [3ms]
2022-11-05 22:36:56.331 [info] > git checkout -q master [13ms]
2022-11-05 22:36:56.361 [info] > git status -z -uall [7ms]
2022-11-05 22:36:56.365 [info] > git remote --verbose [16ms]
2022-11-05 22:36:56.366 [info] > git for-each-ref --sort -committerdate --format %(refname) %(objectname) %(*objectname) [25ms]
2022-11-05 22:36:56.370 [info] > git config --get commit.template [7ms]
2022-11-05 22:36:56.377 [info] > git for-each-ref --format=%(refname)%00%(upstream:short)%00%(objectname)%00%(upstream:track)%00%(upstream:remotename)%00%(upstream:remoteref) refs/heads/master refs/remotes/master [1ms]
2022-11-05 22:36:57.415 [info] > git status -z -uall [5ms]
2022-11-05 22:36:57.416 [info] > git remote --verbose [9ms]
2022-11-05 22:36:57.416 [info] > git for-each-ref --sort -committerdate --format %(refname) %(objectname) %(*objectname) [16ms]
2022-11-05 22:36:57.418 [info] > git config --get commit.template [2ms]
2022-11-05 22:36:57.430 [info] > git for-each-ref --format=%(refname)%00%(upstream:short)%00%(objectname)%00%(upstream:track)%00%(upstream:remotename)%00%(upstream:remoteref) refs/heads/master refs/remotes/master [6ms]
2022-11-05 22:36:57.511 [info] > git ls-files --stage -- /home/senac/meu-app-react/.gitignore [1ms]
2022-11-05 22:36:57.521 [info] > git cat-file -s 4d29575de80483b005c29bfcac5061cd2f45313e [1ms]
2022-11-05 22:36:57.541 [info] > git show --textconv :.gitignore [3ms]
2022-11-05 22:37:12.157 [info] > git checkout -q -b teste --no-track HEAD [7ms]
2022-11-05 22:37:12.190 [info] > git status -z -uall [13ms]
2022-11-05 22:37:12.191 [info] > git remote --verbose [23ms]
2022-11-05 22:37:12.192 [info] > git for-each-ref --sort -committerdate --format %(refname) %(objectname) %(*objectname) [30ms]
2022-11-05 22:37:12.192 [info] > git config --get commit.template [2ms]
2022-11-05 22:37:12.204 [info] > git for-each-ref --format=%(refname)%00%(upstream:short)%00%(objectname)%00%(upstream:track)%00%(upstream:remotename)%00%(upstream:remoteref) refs/heads/teste refs/remotes/teste [2ms]
2022-11-05 22:37:13.311 [info] > git status -z -uall [7ms]
2022-11-05 22:37:13.312 [info] > git remote --verbose [14ms]
2022-11-05 22:37:13.313 [info] > git for-each-ref --sort -committerdate --format %(refname) %(objectname) %(*objectname) [19ms]
2022-11-05 22:37:13.314 [info] > git config --get commit.template [3ms]
2022-11-05 22:37:13.322 [info] > git for-each-ref --format=%(refname)%00%(upstream:short)%00%(objectname)%00%(upstream:track)%00%(upstream:remotename)%00%(upstream:remoteref) refs/heads/teste refs/remotes/teste [1ms]
2022-11-05 22:37:13.405 [info] > git ls-files --stage -- /home/senac/meu-app-react/.gitignore [2ms]
2022-11-05 22:37:13.411 [info] > git cat-file -s 4d29575de80483b005c29bfcac5061cd2f45313e [1ms]
2022-11-05 22:37:13.429 [info] > git show --textconv :.gitignore [5ms]
2022-11-05 22:37:18.673 [info] > git show --textconv :.git/COMMIT_EDITMSG [13ms]
2022-11-05 22:37:18.677 [info] > git ls-files --stage -- /home/senac/meu-app-react/.git/COMMIT_EDITMSG [3ms]
2022-11-05 22:37:19.007 [info] > git check-ignore -v -z --stdin [1ms]
2022-11-05 22:37:19.377 [info] > git ls-files --stage -- /home/senac/meu-app-react/.git/COMMIT_EDITMSG [2ms]
2022-11-05 22:37:19.453 [info] > git show --textconv :.git/COMMIT_EDITMSG [2ms]
2022-11-05 22:37:31.150 [info] > git -c user.useConfigOnly=true commit --quiet [12977ms]
2022-11-05 22:37:31.150 [info] Aborting commit due to empty commit message.
2022-11-05 22:37:31.447 [info] > git show --textconv :.gitignore [8ms]
2022-11-05 22:37:31.451 [info] > git ls-files --stage -- /home/senac/meu-app-react/.gitignore [5ms]
2022-11-05 22:37:31.462 [info] > git cat-file -s 4d29575de80483b005c29bfcac5061cd2f45313e [1ms]
2022-11-05 22:37:36.282 [info] > git -c user.useConfigOnly=true commit --quiet --allow-empty-message --file - [8ms]
2022-11-05 22:37:36.308 [info] > git status -z -uall [8ms]
2022-11-05 22:37:36.311 [info] > git remote --verbose [16ms]
2022-11-05 22:37:36.312 [info] > git for-each-ref --sort -committerdate --format %(refname) %(objectname) %(*objectname) [22ms]
2022-11-05 22:37:36.315 [info] > git config --get commit.template [7ms]
2022-11-05 22:37:36.332 [info] > git for-each-ref --format=%(refname)%00%(upstream:short)%00%(objectname)%00%(upstream:track)%00%(upstream:remotename)%00%(upstream:remoteref) refs/heads/teste refs/remotes/teste [5ms]
2022-11-05 22:37:36.347 [info] > git config --get commit.template [2ms]
2022-11-05 22:37:37.372 [info] > git status -z -uall [6ms]
2022-11-05 22:37:37.372 [info] > git remote --verbose [10ms]
2022-11-05 22:37:37.373 [info] > git for-each-ref --sort -committerdate --format %(refname) %(objectname) %(*objectname) [17ms]
2022-11-05 22:37:37.373 [info] > git config --get commit.template [2ms]
2022-11-05 22:37:37.383 [info] > git for-each-ref --format=%(refname)%00%(upstream:short)%00%(objectname)%00%(upstream:track)%00%(upstream:remotename)%00%(upstream:remoteref) refs/heads/teste refs/remotes/teste [0ms]
2022-11-05 22:37:37.464 [info] > git ls-files --stage -- /home/senac/meu-app-react/.gitignore [2ms]
2022-11-05 22:37:37.473 [info] > git cat-file -s 4d29575de80483b005c29bfcac5061cd2f45313e [1ms]
2022-11-05 22:37:37.487 [info] > git show --textconv :.gitignore [1ms]
2022-11-05 22:37:40.003 [info] > git push -u origin teste [2131ms]
2022-11-05 22:37:40.003 [info] remote: Permission to faustort/meu-app-react.git denied to 27marques.
fatal: unable to access 'https://github.com/faustort/meu-app-react.git/': The requested URL returned error: 403
2022-11-05 22:39:32.826 [info] > git status -z -uall [7ms]
2022-11-05 22:39:32.828 [info] > git remote --verbose [15ms]
2022-11-05 22:39:32.829 [info] > git for-each-ref --sort -committerdate --format %(refname) %(objectname) %(*objectname) [23ms]
2022-11-05 22:39:32.832 [info] > git config --get commit.template [5ms]
2022-11-05 22:39:32.841 [info] > git for-each-ref --format=%(refname)%00%(upstream:short)%00%(objectname)%00%(upstream:track)%00%(upstream:remotename)%00%(upstream:remoteref) refs/heads/teste refs/remotes/teste [1ms]
2022-11-05 22:39:34.046 [info] > git ls-files --stage -- /home/senac/meu-app-react/.gitignore [1ms]
2022-11-05 22:39:34.053 [info] > git cat-file -s 4d29575de80483b005c29bfcac5061cd2f45313e [1ms]
2022-11-05 22:39:34.072 [info] > git show --textconv :.gitignore [2ms]
2022-11-05 22:39:34.194 [info] > git fetch [1340ms]
2022-11-05 22:39:34.230 [info] > git status -z -uall [9ms]
2022-11-05 22:39:34.231 [info] > git remote --verbose [21ms]
2022-11-05 22:39:34.232 [info] > git for-each-ref --sort -committerdate --format %(refname) %(objectname) %(*objectname) [29ms]
2022-11-05 22:39:34.232 [info] > git config --get commit.template [2ms]
2022-11-05 22:39:34.244 [info] > git for-each-ref --format=%(refname)%00%(upstream:short)%00%(objectname)%00%(upstream:track)%00%(upstream:remotename)%00%(upstream:remoteref) refs/heads/teste refs/remotes/teste [1ms]
2022-11-05 22:39:35.273 [info] > git status -z -uall [9ms]
2022-11-05 22:39:35.274 [info] > git remote --verbose [16ms]
2022-11-05 22:39:35.275 [info] > git for-each-ref --sort -committerdate --format %(refname) %(objectname) %(*objectname) [20ms]
2022-11-05 22:39:35.280 [info] > git config --get commit.template [6ms]
2022-11-05 22:39:35.287 [info] > git for-each-ref --format=%(refname)%00%(upstream:short)%00%(objectname)%00%(upstream:track)%00%(upstream:remotename)%00%(upstream:remoteref) refs/heads/teste refs/remotes/teste [2ms]
2022-11-05 22:39:35.369 [info] > git ls-files --stage -- /home/senac/meu-app-react/.gitignore [0ms]
2022-11-05 22:39:35.379 [info] > git cat-file -s 4d29575de80483b005c29bfcac5061cd2f45313e [2ms]
2022-11-05 22:39:35.402 [info] > git show --textconv :.gitignore [1ms]
