2022-11-04 19:24:27.818 [info] Validando git localizado em: git
2022-11-04 19:24:27.818 [info] Usando git 2.25.1 de git
2022-11-04 19:24:27.818 [info] > git rev-parse --show-toplevel [27ms]
2022-11-04 19:24:27.818 [info] > git rev-parse --git-dir --git-common-dir [8ms]
2022-11-04 19:24:27.818 [info] Nível de log: Info
2022-11-04 19:24:27.818 [info] Open repository: /home/senac/meu-app-react
2022-11-04 19:24:27.818 [info] > git status -z -uall [23ms]
2022-11-04 19:24:27.818 [info] > git remote --verbose [55ms]
2022-11-04 19:24:27.818 [info] > git for-each-ref --sort -committerdate --format %(refname) %(objectname) %(*objectname) [64ms]
2022-11-04 19:24:27.818 [info] > git config --get commit.template [17ms]
2022-11-04 19:24:27.818 [info] > git rev-parse --show-toplevel [29ms]
2022-11-04 19:24:27.818 [info] > git rev-parse --show-toplevel [10ms]
2022-11-04 19:24:27.818 [info] > git rev-parse --show-toplevel [9ms]
2022-11-04 19:24:27.818 [info] > git for-each-ref --format=%(refname)%00%(upstream:short)%00%(objectname)%00%(upstream:track)%00%(upstream:remotename)%00%(upstream:remoteref) refs/heads/master refs/remotes/master [16ms]
2022-11-04 19:24:27.818 [info] > git status -z -uall [7ms]
2022-11-04 19:24:27.818 [info] > git remote --verbose [14ms]
2022-11-04 19:24:27.818 [info] > git for-each-ref --sort -committerdate --format %(refname) %(objectname) %(*objectname) [18ms]
2022-11-04 19:24:27.818 [info] > git config --get commit.template [5ms]
2022-11-04 19:24:27.818 [info] > git for-each-ref --format=%(refname)%00%(upstream:short)%00%(objectname)%00%(upstream:track)%00%(upstream:remotename)%00%(upstream:remoteref) refs/heads/master refs/remotes/master [2ms]
2022-11-04 19:24:27.818 [info] > git check-ignore -v -z --stdin [3ms]
2022-11-04 19:24:27.819 [info] > git ls-files --stage -- /home/senac/meu-app-react/src/logo.svg [2ms]
2022-11-04 19:24:27.819 [info] > git show --textconv :src/logo.svg [21ms]
2022-11-04 19:24:27.819 [info] > git cat-file -s 9dfc1c058cebbef8b891c5062be6f31033d7d186 [9ms]
2022-11-04 19:24:28.306 [info] > git ls-files --stage -- /home/senac/meu-app-react/src/logo.svg [2ms]
2022-11-04 19:24:28.310 [info] > git cat-file -s 9dfc1c058cebbef8b891c5062be6f31033d7d186 [1ms]
2022-11-04 19:24:28.379 [info] > git show --textconv :src/logo.svg [3ms]
2022-11-04 19:24:28.744 [info] > git fetch [1666ms]
2022-11-04 19:24:28.768 [info] > git status -z -uall [13ms]
2022-11-04 19:24:28.769 [info] > git remote --verbose [17ms]
2022-11-04 19:24:28.770 [info] > git for-each-ref --sort -committerdate --format %(refname) %(objectname) %(*objectname) [22ms]
2022-11-04 19:24:28.772 [info] > git config --get commit.template [13ms]
2022-11-04 19:24:28.782 [info] > git for-each-ref --format=%(refname)%00%(upstream:short)%00%(objectname)%00%(upstream:track)%00%(upstream:remotename)%00%(upstream:remoteref) refs/heads/master refs/remotes/master [1ms]
2022-11-04 19:24:29.822 [info] > git status -z -uall [7ms]
2022-11-04 19:24:29.823 [info] > git remote --verbose [16ms]
2022-11-04 19:24:29.823 [info] > git for-each-ref --sort -committerdate --format %(refname) %(objectname) %(*objectname) [20ms]
2022-11-04 19:24:29.824 [info] > git config --get commit.template [3ms]
2022-11-04 19:24:29.831 [info] > git for-each-ref --format=%(refname)%00%(upstream:short)%00%(objectname)%00%(upstream:track)%00%(upstream:remotename)%00%(upstream:remoteref) refs/heads/master refs/remotes/master [1ms]
2022-11-04 19:24:29.913 [info] > git ls-files --stage -- /home/senac/meu-app-react/src/logo.svg [0ms]
2022-11-04 19:24:29.918 [info] > git cat-file -s 9dfc1c058cebbef8b891c5062be6f31033d7d186 [1ms]
2022-11-04 19:24:29.929 [info] > git show --textconv :src/logo.svg [1ms]
2022-11-04 19:24:30.205 [info] > git check-ignore -v -z --stdin [2ms]
2022-11-04 19:24:31.941 [info] > git show --textconv :src/components/Login.jsx [12ms]
2022-11-04 19:24:31.942 [info] > git ls-files --stage -- /home/senac/meu-app-react/src/components/Login.jsx [5ms]
2022-11-04 19:27:30.024 [info] > git ls-files --stage -- /home/senac/meu-app-react/src/components/Login.jsx [1ms]
2022-11-04 19:27:30.043 [info] > git show --textconv :src/components/Login.jsx [1ms]
2022-11-04 19:27:31.523 [info] > git fetch [2718ms]
2022-11-04 19:27:31.552 [info] > git status -z -uall [7ms]
2022-11-04 19:27:31.553 [info] > git remote --verbose [16ms]
2022-11-04 19:27:31.554 [info] > git for-each-ref --sort -committerdate --format %(refname) %(objectname) %(*objectname) [24ms]
2022-11-04 19:27:31.555 [info] > git config --get commit.template [3ms]
2022-11-04 19:27:31.566 [info] > git for-each-ref --format=%(refname)%00%(upstream:short)%00%(objectname)%00%(upstream:track)%00%(upstream:remotename)%00%(upstream:remoteref) refs/heads/master refs/remotes/master [1ms]
2022-11-04 19:27:32.605 [info] > git status -z -uall [6ms]
2022-11-04 19:27:32.606 [info] > git remote --verbose [11ms]
2022-11-04 19:27:32.606 [info] > git for-each-ref --sort -committerdate --format %(refname) %(objectname) %(*objectname) [17ms]
2022-11-04 19:27:32.607 [info] > git config --get commit.template [3ms]
2022-11-04 19:27:32.616 [info] > git for-each-ref --format=%(refname)%00%(upstream:short)%00%(objectname)%00%(upstream:track)%00%(upstream:remotename)%00%(upstream:remoteref) refs/heads/master refs/remotes/master [1ms]
2022-11-04 19:27:32.688 [info] > git ls-files --stage -- /home/senac/meu-app-react/src/components/Login.jsx [0ms]
2022-11-04 19:27:32.699 [info] > git show --textconv :src/components/Login.jsx [0ms]
2022-11-04 19:30:32.751 [info] > git ls-files --stage -- /home/senac/meu-app-react/src/components/Login.jsx [0ms]
2022-11-04 19:30:32.802 [info] > git show --textconv :src/components/Login.jsx [1ms]
2022-11-04 19:30:32.907 [info] > git fetch [1334ms]
2022-11-04 19:30:32.923 [info] > git status -z -uall [5ms]
2022-11-04 19:30:32.924 [info] > git remote --verbose [9ms]
2022-11-04 19:30:32.924 [info] > git for-each-ref --sort -committerdate --format %(refname) %(objectname) %(*objectname) [13ms]
2022-11-04 19:30:32.925 [info] > git config --get commit.template [2ms]
2022-11-04 19:30:32.930 [info] > git for-each-ref --format=%(refname)%00%(upstream:short)%00%(objectname)%00%(upstream:track)%00%(upstream:remotename)%00%(upstream:remoteref) refs/heads/master refs/remotes/master [1ms]
2022-11-04 19:30:33.982 [info] > git status -z -uall [9ms]
2022-11-04 19:30:33.983 [info] > git remote --verbose [13ms]
2022-11-04 19:30:33.983 [info] > git for-each-ref --sort -committerdate --format %(refname) %(objectname) %(*objectname) [18ms]
2022-11-04 19:30:33.984 [info] > git config --get commit.template [2ms]
2022-11-04 19:30:33.990 [info] > git for-each-ref --format=%(refname)%00%(upstream:short)%00%(objectname)%00%(upstream:track)%00%(upstream:remotename)%00%(upstream:remoteref) refs/heads/master refs/remotes/master [1ms]
2022-11-04 19:30:34.081 [info] > git ls-files --stage -- /home/senac/meu-app-react/src/components/Login.jsx [2ms]
2022-11-04 19:30:34.102 [info] > git show --textconv :src/components/Login.jsx [4ms]
2022-11-04 19:36:25.438 [info] > git ls-files --stage -- /home/senac/meu-app-react/src/components/Login.jsx [6ms]
2022-11-04 19:36:25.451 [info] > git show --textconv :src/components/Login.jsx [1ms]
2022-11-04 19:36:25.966 [info] > git fetch [1726ms]
2022-11-04 19:36:25.987 [info] > git status -z -uall [10ms]
2022-11-04 19:36:25.988 [info] > git remote --verbose [15ms]
2022-11-04 19:36:25.990 [info] > git for-each-ref --sort -committerdate --format %(refname) %(objectname) %(*objectname) [18ms]
2022-11-04 19:36:25.991 [info] > git config --get commit.template [8ms]
2022-11-04 19:36:26.008 [info] > git for-each-ref --format=%(refname)%00%(upstream:short)%00%(objectname)%00%(upstream:track)%00%(upstream:remotename)%00%(upstream:remoteref) refs/heads/master refs/remotes/master [11ms]
2022-11-04 19:36:27.043 [info] > git status -z -uall [10ms]
2022-11-04 19:36:27.044 [info] > git remote --verbose [16ms]
2022-11-04 19:36:27.044 [info] > git for-each-ref --sort -committerdate --format %(refname) %(objectname) %(*objectname) [20ms]
2022-11-04 19:36:27.045 [info] > git config --get commit.template [2ms]
2022-11-04 19:36:27.051 [info] > git for-each-ref --format=%(refname)%00%(upstream:short)%00%(objectname)%00%(upstream:track)%00%(upstream:remotename)%00%(upstream:remoteref) refs/heads/master refs/remotes/master [2ms]
2022-11-04 19:36:27.128 [info] > git ls-files --stage -- /home/senac/meu-app-react/src/components/Login.jsx [1ms]
2022-11-04 19:36:27.164 [info] > git show --textconv :src/components/Login.jsx [0ms]
2022-11-04 20:06:13.686 [info] > git fetch [500ms]
2022-11-04 20:06:13.731 [info] > git status -z -uall [16ms]
2022-11-04 20:06:13.734 [info] > git remote --verbose [26ms]
2022-11-04 20:06:13.734 [info] > git for-each-ref --sort -committerdate --format %(refname) %(objectname) %(*objectname) [34ms]
2022-11-04 20:06:13.743 [info] > git config --get commit.template [2ms]
2022-11-04 20:06:13.767 [info] > git for-each-ref --format=%(refname)%00%(upstream:short)%00%(objectname)%00%(upstream:track)%00%(upstream:remotename)%00%(upstream:remoteref) refs/heads/master refs/remotes/master [15ms]
2022-11-04 20:06:14.854 [info] > git ls-files --stage -- /home/senac/meu-app-react/src/components/Login.jsx [2ms]
2022-11-04 20:06:14.912 [info] > git show --textconv :src/components/Login.jsx [0ms]
