[2022-10-21T22:21:51.690Z] Nível de log: Info
[2022-10-21T22:21:51.707Z] [info] Validando git localizado em: git
[2022-10-21T22:21:51.746Z] [info] Usando git 2.25.1 de git
[2022-10-21T22:21:51.916Z] > git rev-parse --show-toplevel [146ms]
[2022-10-21T22:21:51.938Z] > git rev-parse --git-dir --git-common-dir [2ms]
[2022-10-21T22:21:51.960Z] [info] Open repository: /home/senac/meu-app-react
[2022-10-21T22:21:52.032Z] > git rev-parse --show-toplevel [13ms]
[2022-10-21T22:21:52.039Z] > git rev-parse --show-toplevel [2ms]
[2022-10-21T22:21:52.045Z] > git rev-parse --show-toplevel [1ms]
[2022-10-21T22:21:52.071Z] > git status -z -uall [57ms]
[2022-10-21T22:21:52.098Z] > git symbolic-ref --short HEAD [6ms]
[2022-10-21T22:21:52.191Z] > git for-each-ref --format=%(refname)%00%(upstream:short)%00%(objectname)%00%(upstream:track)%00%(upstream:remotename)%00%(upstream:remoteref) refs/heads/master refs/remotes/master [83ms]
[2022-10-21T22:21:52.226Z] > git remote --verbose [22ms]
[2022-10-21T22:21:52.227Z] > git for-each-ref --sort -committerdate --format %(refname) %(objectname) %(*objectname) [29ms]
[2022-10-21T22:21:52.274Z] > git config --get commit.template [21ms]
[2022-10-21T22:21:52.298Z] > git status -z -uall [7ms]
[2022-10-21T22:21:52.318Z] > git symbolic-ref --short HEAD [15ms]
[2022-10-21T22:21:52.347Z] > git for-each-ref --format=%(refname)%00%(upstream:short)%00%(objectname)%00%(upstream:track)%00%(upstream:remotename)%00%(upstream:remoteref) refs/heads/master refs/remotes/master [18ms]
[2022-10-21T22:21:52.360Z] > git remote --verbose [2ms]
[2022-10-21T22:21:52.361Z] > git for-each-ref --sort -committerdate --format %(refname) %(objectname) %(*objectname) [9ms]
[2022-10-21T22:21:52.390Z] > git config --get commit.template [12ms]
[2022-10-21T22:21:52.582Z] > git check-ignore -v -z --stdin [2ms]
[2022-10-21T22:21:52.744Z] > git show --textconv :src/routes/root.jsx [13ms]
[2022-10-21T22:21:52.744Z] > git ls-files --stage -- /home/senac/meu-app-react/src/routes/root.jsx [2ms]
[2022-10-21T22:21:53.240Z] > git ls-files --stage -- /home/senac/meu-app-react/src/routes/root.jsx [1ms]
[2022-10-21T22:21:53.304Z] > git show --textconv :src/routes/root.jsx [3ms]
[2022-10-21T22:21:53.747Z] > git fetch [1754ms]
[2022-10-21T22:21:53.759Z] > git status -z -uall [8ms]
[2022-10-21T22:21:53.774Z] > git symbolic-ref --short HEAD [11ms]
[2022-10-21T22:21:53.784Z] > git for-each-ref --format=%(refname)%00%(upstream:short)%00%(objectname)%00%(upstream:track)%00%(upstream:remotename)%00%(upstream:remoteref) refs/heads/master refs/remotes/master [3ms]
[2022-10-21T22:21:53.796Z] > git remote --verbose [1ms]
[2022-10-21T22:21:53.797Z] > git for-each-ref --sort -committerdate --format %(refname) %(objectname) %(*objectname) [6ms]
[2022-10-21T22:21:54.156Z] > git config --get commit.template [351ms]
[2022-10-21T22:21:54.918Z] > git ls-files --stage -- /home/senac/meu-app-react/src/routes/root.jsx [1ms]
[2022-10-21T22:21:54.976Z] > git show --textconv :src/routes/root.jsx [0ms]
[2022-10-21T22:26:22.911Z] > git fetch [342ms]
[2022-10-21T22:26:22.918Z] > git status -z -uall [1ms]
[2022-10-21T22:26:22.922Z] > git symbolic-ref --short HEAD [1ms]
[2022-10-21T22:26:22.928Z] > git for-each-ref --format=%(refname)%00%(upstream:short)%00%(objectname)%00%(upstream:track)%00%(upstream:remotename)%00%(upstream:remoteref) refs/heads/master refs/remotes/master [1ms]
[2022-10-21T22:26:22.937Z] > git remote --verbose [1ms]
[2022-10-21T22:26:22.938Z] > git for-each-ref --sort -committerdate --format %(refname) %(objectname) %(*objectname) [6ms]
[2022-10-21T22:26:22.945Z] > git config --get commit.template [0ms]
[2022-10-21T22:26:24.024Z] > git status -z -uall [2ms]
[2022-10-21T22:26:24.029Z] > git symbolic-ref --short HEAD [1ms]
[2022-10-21T22:26:24.034Z] > git for-each-ref --format=%(refname)%00%(upstream:short)%00%(objectname)%00%(upstream:track)%00%(upstream:remotename)%00%(upstream:remoteref) refs/heads/master refs/remotes/master [1ms]
[2022-10-21T22:26:24.041Z] > git remote --verbose [1ms]
[2022-10-21T22:26:24.041Z] > git for-each-ref --sort -committerdate --format %(refname) %(objectname) %(*objectname) [4ms]
[2022-10-21T22:26:24.050Z] > git config --get commit.template [0ms]
[2022-10-21T22:26:24.131Z] > git ls-files --stage -- /home/senac/meu-app-react/src/routes/root.jsx [1ms]
[2022-10-21T22:26:24.153Z] > git show --textconv :src/routes/root.jsx [1ms]
[2022-10-21T23:05:44.533Z] > git fetch [404ms]
[2022-10-21T23:05:44.544Z] > git status -z -uall [2ms]
[2022-10-21T23:05:44.559Z] > git symbolic-ref --short HEAD [0ms]
[2022-10-21T23:05:44.575Z] > git for-each-ref --format=%(refname)%00%(upstream:short)%00%(objectname)%00%(upstream:track)%00%(upstream:remotename)%00%(upstream:remoteref) refs/heads/master refs/remotes/master [2ms]
[2022-10-21T23:05:44.609Z] > git remote --verbose [8ms]
[2022-10-21T23:05:44.609Z] > git for-each-ref --sort -committerdate --format %(refname) %(objectname) %(*objectname) [16ms]
[2022-10-21T23:05:44.620Z] > git config --get commit.template [1ms]
[2022-10-21T23:05:46.437Z] > git ls-files --stage -- /home/senac/meu-app-react/src/routes/root.jsx [1ms]
[2022-10-21T23:05:46.448Z] > git show --textconv :src/routes/root.jsx [1ms]
[2022-10-21T23:13:20.261Z] > git fetch [344ms]
[2022-10-21T23:13:20.268Z] > git status -z -uall [1ms]
[2022-10-21T23:13:20.276Z] > git symbolic-ref --short HEAD [1ms]
[2022-10-21T23:13:20.284Z] > git for-each-ref --format=%(refname)%00%(upstream:short)%00%(objectname)%00%(upstream:track)%00%(upstream:remotename)%00%(upstream:remoteref) refs/heads/master refs/remotes/master [1ms]
[2022-10-21T23:13:20.299Z] > git remote --verbose [1ms]
[2022-10-21T23:13:20.299Z] > git for-each-ref --sort -committerdate --format %(refname) %(objectname) %(*objectname) [9ms]
[2022-10-21T23:13:20.311Z] > git config --get commit.template [1ms]
[2022-10-21T23:13:21.326Z] > git status -z -uall [1ms]
[2022-10-21T23:13:21.332Z] > git symbolic-ref --short HEAD [0ms]
[2022-10-21T23:13:21.338Z] > git for-each-ref --format=%(refname)%00%(upstream:short)%00%(objectname)%00%(upstream:track)%00%(upstream:remotename)%00%(upstream:remoteref) refs/heads/master refs/remotes/master [1ms]
[2022-10-21T23:13:21.345Z] > git remote --verbose [1ms]
[2022-10-21T23:13:21.345Z] > git for-each-ref --sort -committerdate --format %(refname) %(objectname) %(*objectname) [4ms]
[2022-10-21T23:13:21.350Z] > git config --get commit.template [0ms]
[2022-10-21T23:13:21.429Z] > git ls-files --stage -- /home/senac/meu-app-react/src/routes/root.jsx [0ms]
[2022-10-21T23:13:21.440Z] > git show --textconv :src/routes/root.jsx [2ms]
[2022-10-21T23:48:30.137Z] > git fetch [452ms]
[2022-10-21T23:48:30.143Z] > git status -z -uall [1ms]
[2022-10-21T23:48:30.159Z] > git symbolic-ref --short HEAD [1ms]
[2022-10-21T23:48:30.175Z] > git for-each-ref --format=%(refname)%00%(upstream:short)%00%(objectname)%00%(upstream:track)%00%(upstream:remotename)%00%(upstream:remoteref) refs/heads/master refs/remotes/master [1ms]
[2022-10-21T23:48:30.194Z] > git remote --verbose [2ms]
[2022-10-21T23:48:30.194Z] > git for-each-ref --sort -committerdate --format %(refname) %(objectname) %(*objectname) [7ms]
[2022-10-21T23:48:30.211Z] > git config --get commit.template [1ms]
