2022-11-05 11:39:51.384 [info] Validando git localizado em: git
2022-11-05 11:39:51.384 [info] Usando git 2.25.1 de git
2022-11-05 11:39:51.384 [info] > git rev-parse --show-toplevel [25ms]
2022-11-05 11:39:51.384 [info] > git rev-parse --git-dir --git-common-dir [10ms]
2022-11-05 11:39:51.384 [info] Log level: Info
2022-11-05 11:39:51.384 [info] Open repository: /home/senac/meu-app-react
2022-11-05 11:39:51.384 [info] > git status -z -uall [62ms]
2022-11-05 11:39:51.384 [info] > git rev-parse --show-toplevel [52ms]
2022-11-05 11:39:51.384 [info] > git remote --verbose [98ms]
2022-11-05 11:39:51.384 [info] > git for-each-ref --sort -committerdate --format %(refname) %(objectname) %(*objectname) [108ms]
2022-11-05 11:39:51.390 [info] > git rev-parse --show-toplevel [40ms]
2022-11-05 11:39:51.393 [info] > git config --get commit.template [89ms]
2022-11-05 11:39:51.408 [info] > git for-each-ref --format=%(refname)%00%(upstream:short)%00%(objectname)%00%(upstream:track)%00%(upstream:remotename)%00%(upstream:remoteref) refs/heads/master refs/remotes/master [2ms]
2022-11-05 11:39:51.464 [info] > git status -z -uall [15ms]
2022-11-05 11:39:51.466 [info] > git remote --verbose [29ms]
2022-11-05 11:39:51.467 [info] > git for-each-ref --sort -committerdate --format %(refname) %(objectname) %(*objectname) [36ms]
2022-11-05 11:39:51.471 [info] > git config --get commit.template [5ms]
2022-11-05 11:39:51.482 [info] > git for-each-ref --format=%(refname)%00%(upstream:short)%00%(objectname)%00%(upstream:track)%00%(upstream:remotename)%00%(upstream:remoteref) refs/heads/master refs/remotes/master [3ms]
2022-11-05 11:39:51.643 [info] > git show --textconv :.gitignore [16ms]
2022-11-05 11:39:51.644 [info] > git ls-files --stage -- /home/senac/meu-app-react/.gitignore [2ms]
2022-11-05 11:39:51.661 [info] > git cat-file -s 4d29575de80483b005c29bfcac5061cd2f45313e [4ms]
2022-11-05 11:39:51.796 [info] > git check-ignore -v -z --stdin [8ms]
2022-11-05 11:39:53.003 [info] > git fetch [1770ms]
2022-11-05 11:39:53.046 [info] > git status -z -uall [16ms]
2022-11-05 11:39:53.048 [info] > git remote --verbose [24ms]
2022-11-05 11:39:53.048 [info] > git for-each-ref --sort -committerdate --format %(refname) %(objectname) %(*objectname) [36ms]
2022-11-05 11:39:53.073 [info] > git config --get commit.template [28ms]
2022-11-05 11:39:53.128 [info] > git ls-files --stage -- /home/senac/meu-app-react/.gitignore [67ms]
2022-11-05 11:39:53.233 [info] > git for-each-ref --format=%(refname)%00%(upstream:short)%00%(objectname)%00%(upstream:track)%00%(upstream:remotename)%00%(upstream:remoteref) refs/heads/master refs/remotes/master [70ms]
2022-11-05 11:39:53.240 [info] > git cat-file -s 4d29575de80483b005c29bfcac5061cd2f45313e [102ms]
2022-11-05 11:39:53.295 [info] > git show --textconv :.gitignore [3ms]
2022-11-05 11:39:54.833 [info] > git ls-files --stage -- /home/senac/meu-app-react/.gitignore [12ms]
2022-11-05 11:39:54.949 [info] > git cat-file -s 4d29575de80483b005c29bfcac5061cd2f45313e [101ms]
2022-11-05 11:39:54.977 [info] > git show --textconv :.gitignore [1ms]
2022-11-05 11:43:32.937 [info] > git ls-files --stage -- /home/senac/meu-app-react/.gitignore [2ms]
2022-11-05 11:43:32.947 [info] > git cat-file -s 4d29575de80483b005c29bfcac5061cd2f45313e [1ms]
2022-11-05 11:43:32.972 [info] > git show --textconv :.gitignore [2ms]
2022-11-05 11:43:33.115 [info] > git fetch [1381ms]
2022-11-05 11:43:33.152 [info] > git status -z -uall [12ms]
2022-11-05 11:43:33.155 [info] > git remote --verbose [24ms]
2022-11-05 11:43:33.155 [info] > git for-each-ref --sort -committerdate --format %(refname) %(objectname) %(*objectname) [30ms]
2022-11-05 11:43:33.157 [info] > git config --get commit.template [6ms]
2022-11-05 11:43:33.172 [info] > git for-each-ref --format=%(refname)%00%(upstream:short)%00%(objectname)%00%(upstream:track)%00%(upstream:remotename)%00%(upstream:remoteref) refs/heads/master refs/remotes/master [4ms]
