[2022-10-15T00:17:13.480Z] Nível de log: Info
[2022-10-15T00:17:13.489Z] [info] Validando git localizado em: git
[2022-10-15T00:17:13.608Z] [info] Usando git 2.25.1 de git
[2022-10-15T00:17:13.695Z] > git rev-parse --show-toplevel [11ms]
[2022-10-15T00:17:13.722Z] > git rev-parse --git-dir --git-common-dir [10ms]
[2022-10-15T00:17:13.732Z] [info] Open repository: /home/senac/meu-app-react
[2022-10-15T00:17:13.808Z] > git status -z -uall [47ms]
[2022-10-15T00:17:13.837Z] > git rev-parse --show-toplevel [63ms]
[2022-10-15T00:17:13.855Z] > git symbolic-ref --short HEAD [25ms]
[2022-10-15T00:17:13.875Z] > git rev-parse --show-toplevel [25ms]
[2022-10-15T00:17:13.883Z] > git for-each-ref --format=%(refname)%00%(upstream:short)%00%(objectname)%00%(upstream:track)%00%(upstream:remotename)%00%(upstream:remoteref) refs/heads/master refs/remotes/master [9ms]
[2022-10-15T00:17:13.905Z] > git remote --verbose [3ms]
[2022-10-15T00:17:13.913Z] > git for-each-ref --sort -committerdate --format %(refname) %(objectname) %(*objectname) [16ms]
[2022-10-15T00:17:13.930Z] > git rev-parse --show-toplevel [48ms]
[2022-10-15T00:17:13.958Z] > git config --get commit.template [2ms]
[2022-10-15T00:17:13.980Z] > git status -z -uall [8ms]
[2022-10-15T00:17:14.000Z] > git symbolic-ref --short HEAD [7ms]
[2022-10-15T00:17:14.014Z] > git for-each-ref --format=%(refname)%00%(upstream:short)%00%(objectname)%00%(upstream:track)%00%(upstream:remotename)%00%(upstream:remoteref) refs/heads/master refs/remotes/master [4ms]
[2022-10-15T00:17:14.048Z] > git remote --verbose [15ms]
[2022-10-15T00:17:14.048Z] > git for-each-ref --sort -committerdate --format %(refname) %(objectname) %(*objectname) [26ms]
[2022-10-15T00:17:14.063Z] > git config --get commit.template [1ms]
[2022-10-15T00:17:14.186Z] > git fetch [433ms]
[2022-10-15T00:17:14.206Z] > git status -z -uall [12ms]
[2022-10-15T00:17:14.213Z] > git symbolic-ref --short HEAD [1ms]
[2022-10-15T00:17:14.224Z] > git for-each-ref --format=%(refname)%00%(upstream:short)%00%(objectname)%00%(upstream:track)%00%(upstream:remotename)%00%(upstream:remoteref) refs/heads/master refs/remotes/master [3ms]
[2022-10-15T00:17:14.255Z] > git for-each-ref --sort -committerdate --format %(refname) %(objectname) %(*objectname) [20ms]
[2022-10-15T00:17:14.256Z] > git remote --verbose [5ms]
[2022-10-15T00:17:14.277Z] > git config --get commit.template [3ms]
[2022-10-15T00:17:14.306Z] > git check-ignore -v -z --stdin [8ms]
[2022-10-15T00:17:14.408Z] > git show --textconv :src/components/PageLayout.jsx [12ms]
[2022-10-15T00:17:14.409Z] > git ls-files --stage -- /home/senac/meu-app-react/src/components/PageLayout.jsx [3ms]
[2022-10-15T00:17:15.382Z] > git status -z -uall [3ms]
[2022-10-15T00:17:15.391Z] > git symbolic-ref --short HEAD [1ms]
[2022-10-15T00:17:15.399Z] > git for-each-ref --format=%(refname)%00%(upstream:short)%00%(objectname)%00%(upstream:track)%00%(upstream:remotename)%00%(upstream:remoteref) refs/heads/master refs/remotes/master [3ms]
[2022-10-15T00:17:15.421Z] > git remote --verbose [3ms]
[2022-10-15T00:17:15.421Z] > git for-each-ref --sort -committerdate --format %(refname) %(objectname) %(*objectname) [15ms]
[2022-10-15T00:17:15.467Z] > git config --get commit.template [36ms]
[2022-10-15T00:17:15.564Z] > git ls-files --stage -- /home/senac/meu-app-react/src/components/PageLayout.jsx [1ms]
[2022-10-15T00:17:15.598Z] > git show --textconv :src/components/PageLayout.jsx [1ms]
[2022-10-15T00:18:41.830Z] > git status -z -uall [2ms]
[2022-10-15T00:18:41.839Z] > git symbolic-ref --short HEAD [1ms]
[2022-10-15T00:18:41.850Z] > git for-each-ref --format=%(refname)%00%(upstream:short)%00%(objectname)%00%(upstream:track)%00%(upstream:remotename)%00%(upstream:remoteref) refs/heads/master refs/remotes/master [1ms]
[2022-10-15T00:18:41.868Z] > git remote --verbose [2ms]
[2022-10-15T00:18:41.868Z] > git for-each-ref --sort -committerdate --format %(refname) %(objectname) %(*objectname) [9ms]
[2022-10-15T00:18:41.879Z] > git config --get commit.template [1ms]
[2022-10-15T00:20:14.635Z] > git fetch [336ms]
[2022-10-15T00:20:14.641Z] > git status -z -uall [1ms]
[2022-10-15T00:20:14.646Z] > git symbolic-ref --short HEAD [1ms]
[2022-10-15T00:20:14.652Z] > git for-each-ref --format=%(refname)%00%(upstream:short)%00%(objectname)%00%(upstream:track)%00%(upstream:remotename)%00%(upstream:remoteref) refs/heads/master refs/remotes/master [1ms]
[2022-10-15T00:20:14.664Z] > git remote --verbose [3ms]
[2022-10-15T00:20:14.664Z] > git for-each-ref --sort -committerdate --format %(refname) %(objectname) %(*objectname) [7ms]
[2022-10-15T00:20:14.672Z] > git config --get commit.template [0ms]
[2022-10-15T00:20:15.738Z] > git status -z -uall [2ms]
[2022-10-15T00:20:15.745Z] > git symbolic-ref --short HEAD [1ms]
[2022-10-15T00:20:15.751Z] > git for-each-ref --format=%(refname)%00%(upstream:short)%00%(objectname)%00%(upstream:track)%00%(upstream:remotename)%00%(upstream:remoteref) refs/heads/master refs/remotes/master [1ms]
[2022-10-15T00:20:15.759Z] > git remote --verbose [1ms]
[2022-10-15T00:20:15.759Z] > git for-each-ref --sort -committerdate --format %(refname) %(objectname) %(*objectname) [4ms]
[2022-10-15T00:20:15.771Z] > git config --get commit.template [1ms]
[2022-10-15T00:20:15.844Z] > git ls-files --stage -- /home/senac/meu-app-react/src/components/PageLayout.jsx [0ms]
[2022-10-15T00:20:15.856Z] > git show --textconv :src/components/PageLayout.jsx [1ms]
[2022-10-15T00:21:19.987Z] > git status -z -uall [1ms]
[2022-10-15T00:21:19.996Z] > git symbolic-ref --short HEAD [1ms]
[2022-10-15T00:21:20.005Z] > git for-each-ref --format=%(refname)%00%(upstream:short)%00%(objectname)%00%(upstream:track)%00%(upstream:remotename)%00%(upstream:remoteref) refs/heads/master refs/remotes/master [0ms]
[2022-10-15T00:21:20.019Z] > git remote --verbose [3ms]
[2022-10-15T00:21:20.019Z] > git for-each-ref --sort -committerdate --format %(refname) %(objectname) %(*objectname) [10ms]
[2022-10-15T00:21:20.030Z] > git config --get commit.template [2ms]
[2022-10-15T00:23:15.011Z] > git fetch [327ms]
[2022-10-15T00:23:15.018Z] > git status -z -uall [1ms]
[2022-10-15T00:23:15.023Z] > git symbolic-ref --short HEAD [1ms]
[2022-10-15T00:23:15.029Z] > git for-each-ref --format=%(refname)%00%(upstream:short)%00%(objectname)%00%(upstream:track)%00%(upstream:remotename)%00%(upstream:remoteref) refs/heads/master refs/remotes/master [1ms]
[2022-10-15T00:23:15.038Z] > git remote --verbose [1ms]
[2022-10-15T00:23:15.038Z] > git for-each-ref --sort -committerdate --format %(refname) %(objectname) %(*objectname) [5ms]
[2022-10-15T00:23:15.047Z] > git config --get commit.template [1ms]
[2022-10-15T00:23:16.076Z] > git status -z -uall [1ms]
[2022-10-15T00:23:16.081Z] > git symbolic-ref --short HEAD [0ms]
[2022-10-15T00:23:16.087Z] > git for-each-ref --format=%(refname)%00%(upstream:short)%00%(objectname)%00%(upstream:track)%00%(upstream:remotename)%00%(upstream:remoteref) refs/heads/master refs/remotes/master [1ms]
[2022-10-15T00:23:16.095Z] > git remote --verbose [1ms]
[2022-10-15T00:23:16.096Z] > git for-each-ref --sort -committerdate --format %(refname) %(objectname) %(*objectname) [5ms]
[2022-10-15T00:23:16.103Z] > git config --get commit.template [0ms]
[2022-10-15T00:23:16.182Z] > git ls-files --stage -- /home/senac/meu-app-react/src/components/PageLayout.jsx [1ms]
[2022-10-15T00:23:16.193Z] > git show --textconv :src/components/PageLayout.jsx [1ms]
[2022-10-15T00:23:34.864Z] > git status -z -uall [1ms]
[2022-10-15T00:23:34.870Z] > git symbolic-ref --short HEAD [1ms]
[2022-10-15T00:23:34.876Z] > git for-each-ref --format=%(refname)%00%(upstream:short)%00%(objectname)%00%(upstream:track)%00%(upstream:remotename)%00%(upstream:remoteref) refs/heads/master refs/remotes/master [1ms]
[2022-10-15T00:23:34.890Z] > git remote --verbose [1ms]
[2022-10-15T00:23:34.890Z] > git for-each-ref --sort -committerdate --format %(refname) %(objectname) %(*objectname) [10ms]
[2022-10-15T00:23:34.900Z] > git config --get commit.template [1ms]
[2022-10-15T00:26:15.372Z] > git fetch [313ms]
[2022-10-15T00:26:15.377Z] > git status -z -uall [1ms]
[2022-10-15T00:26:15.382Z] > git symbolic-ref --short HEAD [0ms]
[2022-10-15T00:26:15.388Z] > git for-each-ref --format=%(refname)%00%(upstream:short)%00%(objectname)%00%(upstream:track)%00%(upstream:remotename)%00%(upstream:remoteref) refs/heads/master refs/remotes/master [0ms]
[2022-10-15T00:26:15.398Z] > git remote --verbose [1ms]
[2022-10-15T00:26:15.398Z] > git for-each-ref --sort -committerdate --format %(refname) %(objectname) %(*objectname) [5ms]
[2022-10-15T00:26:15.407Z] > git config --get commit.template [1ms]
[2022-10-15T00:26:16.435Z] > git status -z -uall [1ms]
[2022-10-15T00:26:16.442Z] > git symbolic-ref --short HEAD [1ms]
[2022-10-15T00:26:16.448Z] > git for-each-ref --format=%(refname)%00%(upstream:short)%00%(objectname)%00%(upstream:track)%00%(upstream:remotename)%00%(upstream:remoteref) refs/heads/master refs/remotes/master [1ms]
[2022-10-15T00:26:16.456Z] > git remote --verbose [1ms]
[2022-10-15T00:26:16.457Z] > git for-each-ref --sort -committerdate --format %(refname) %(objectname) %(*objectname) [5ms]
[2022-10-15T00:26:16.464Z] > git config --get commit.template [1ms]
[2022-10-15T00:26:16.542Z] > git ls-files --stage -- /home/senac/meu-app-react/src/components/PageLayout.jsx [0ms]
[2022-10-15T00:26:16.552Z] > git show --textconv :src/components/PageLayout.jsx [0ms]
[2022-10-15T00:27:10.322Z] > git status -z -uall [2ms]
[2022-10-15T00:27:10.332Z] > git symbolic-ref --short HEAD [1ms]
[2022-10-15T00:27:10.341Z] > git for-each-ref --format=%(refname)%00%(upstream:short)%00%(objectname)%00%(upstream:track)%00%(upstream:remotename)%00%(upstream:remoteref) refs/heads/master refs/remotes/master [2ms]
[2022-10-15T00:27:10.352Z] > git remote --verbose [1ms]
[2022-10-15T00:27:10.353Z] > git for-each-ref --sort -committerdate --format %(refname) %(objectname) %(*objectname) [7ms]
[2022-10-15T00:27:10.362Z] > git config --get commit.template [1ms]
[2022-10-15T00:28:47.374Z] > git status -z -uall [2ms]
[2022-10-15T00:28:47.381Z] > git symbolic-ref --short HEAD [0ms]
[2022-10-15T00:28:47.390Z] > git for-each-ref --format=%(refname)%00%(upstream:short)%00%(objectname)%00%(upstream:track)%00%(upstream:remotename)%00%(upstream:remoteref) refs/heads/master refs/remotes/master [1ms]
[2022-10-15T00:28:47.401Z] > git remote --verbose [1ms]
[2022-10-15T00:28:47.401Z] > git for-each-ref --sort -committerdate --format %(refname) %(objectname) %(*objectname) [5ms]
[2022-10-15T00:28:47.413Z] > git config --get commit.template [0ms]
[2022-10-15T00:29:27.631Z] > git fetch [463ms]
[2022-10-15T00:29:27.639Z] > git status -z -uall [1ms]
[2022-10-15T00:29:27.645Z] > git symbolic-ref --short HEAD [1ms]
[2022-10-15T00:29:27.650Z] > git for-each-ref --format=%(refname)%00%(upstream:short)%00%(objectname)%00%(upstream:track)%00%(upstream:remotename)%00%(upstream:remoteref) refs/heads/master refs/remotes/master [1ms]
[2022-10-15T00:29:27.661Z] > git remote --verbose [2ms]
[2022-10-15T00:29:27.661Z] > git for-each-ref --sort -committerdate --format %(refname) %(objectname) %(*objectname) [6ms]
[2022-10-15T00:29:27.672Z] > git config --get commit.template [4ms]
[2022-10-15T00:29:28.692Z] > git status -z -uall [1ms]
[2022-10-15T00:29:28.697Z] > git symbolic-ref --short HEAD [0ms]
[2022-10-15T00:29:28.704Z] > git for-each-ref --format=%(refname)%00%(upstream:short)%00%(objectname)%00%(upstream:track)%00%(upstream:remotename)%00%(upstream:remoteref) refs/heads/master refs/remotes/master [1ms]
[2022-10-15T00:29:28.713Z] > git remote --verbose [1ms]
[2022-10-15T00:29:28.713Z] > git for-each-ref --sort -committerdate --format %(refname) %(objectname) %(*objectname) [5ms]
[2022-10-15T00:29:28.722Z] > git config --get commit.template [0ms]
[2022-10-15T00:29:28.800Z] > git ls-files --stage -- /home/senac/meu-app-react/src/components/PageLayout.jsx [1ms]
[2022-10-15T00:29:28.826Z] > git show --textconv :src/components/PageLayout.jsx [1ms]
[2022-10-15T00:29:56.915Z] > git status -z -uall [2ms]
[2022-10-15T00:29:56.922Z] > git symbolic-ref --short HEAD [0ms]
[2022-10-15T00:29:56.929Z] > git for-each-ref --format=%(refname)%00%(upstream:short)%00%(objectname)%00%(upstream:track)%00%(upstream:remotename)%00%(upstream:remoteref) refs/heads/master refs/remotes/master [1ms]
[2022-10-15T00:29:56.938Z] > git remote --verbose [1ms]
[2022-10-15T00:29:56.938Z] > git for-each-ref --sort -committerdate --format %(refname) %(objectname) %(*objectname) [5ms]
[2022-10-15T00:29:56.947Z] > git config --get commit.template [0ms]
[2022-10-15T00:32:27.999Z] > git fetch [320ms]
[2022-10-15T00:32:28.005Z] > git status -z -uall [1ms]
[2022-10-15T00:32:28.010Z] > git symbolic-ref --short HEAD [0ms]
[2022-10-15T00:32:28.021Z] > git for-each-ref --format=%(refname)%00%(upstream:short)%00%(objectname)%00%(upstream:track)%00%(upstream:remotename)%00%(upstream:remoteref) refs/heads/master refs/remotes/master [0ms]
[2022-10-15T00:32:28.034Z] > git remote --verbose [1ms]
[2022-10-15T00:32:28.035Z] > git for-each-ref --sort -committerdate --format %(refname) %(objectname) %(*objectname) [7ms]
[2022-10-15T00:32:28.043Z] > git config --get commit.template [1ms]
[2022-10-15T00:32:29.104Z] > git status -z -uall [1ms]
[2022-10-15T00:32:29.111Z] > git symbolic-ref --short HEAD [0ms]
[2022-10-15T00:32:29.119Z] > git for-each-ref --format=%(refname)%00%(upstream:short)%00%(objectname)%00%(upstream:track)%00%(upstream:remotename)%00%(upstream:remoteref) refs/heads/master refs/remotes/master [1ms]
[2022-10-15T00:32:29.132Z] > git remote --verbose [2ms]
[2022-10-15T00:32:29.132Z] > git for-each-ref --sort -committerdate --format %(refname) %(objectname) %(*objectname) [7ms]
[2022-10-15T00:32:29.140Z] > git config --get commit.template [1ms]
[2022-10-15T00:32:29.210Z] > git ls-files --stage -- /home/senac/meu-app-react/src/components/PageLayout.jsx [1ms]
[2022-10-15T00:32:29.245Z] > git show --textconv :src/components/PageLayout.jsx [1ms]
[2022-10-15T00:34:50.640Z] > git status -z -uall [4ms]
[2022-10-15T00:34:50.649Z] > git symbolic-ref --short HEAD [2ms]
[2022-10-15T00:34:50.659Z] > git for-each-ref --format=%(refname)%00%(upstream:short)%00%(objectname)%00%(upstream:track)%00%(upstream:remotename)%00%(upstream:remoteref) refs/heads/master refs/remotes/master [3ms]
[2022-10-15T00:34:50.678Z] > git remote --verbose [1ms]
[2022-10-15T00:34:50.679Z] > git for-each-ref --sort -committerdate --format %(refname) %(objectname) %(*objectname) [14ms]
[2022-10-15T00:34:50.693Z] > git config --get commit.template [1ms]
[2022-10-15T00:35:28.716Z] > git fetch [660ms]
[2022-10-15T00:35:28.724Z] > git status -z -uall [1ms]
[2022-10-15T00:35:28.733Z] > git symbolic-ref --short HEAD [0ms]
[2022-10-15T00:35:28.750Z] > git for-each-ref --format=%(refname)%00%(upstream:short)%00%(objectname)%00%(upstream:track)%00%(upstream:remotename)%00%(upstream:remoteref) refs/heads/master refs/remotes/master [1ms]
[2022-10-15T00:35:28.773Z] > git remote --verbose [1ms]
[2022-10-15T00:35:28.774Z] > git for-each-ref --sort -committerdate --format %(refname) %(objectname) %(*objectname) [13ms]
[2022-10-15T00:35:28.784Z] > git config --get commit.template [1ms]
[2022-10-15T00:35:29.895Z] > git ls-files --stage -- /home/senac/meu-app-react/src/components/PageLayout.jsx [1ms]
[2022-10-15T00:35:29.960Z] > git show --textconv :src/components/PageLayout.jsx [1ms]
[2022-10-15T00:37:12.072Z] > git status -z -uall [2ms]
[2022-10-15T00:37:12.082Z] > git symbolic-ref --short HEAD [1ms]
[2022-10-15T00:37:12.089Z] > git for-each-ref --format=%(refname)%00%(upstream:short)%00%(objectname)%00%(upstream:track)%00%(upstream:remotename)%00%(upstream:remoteref) refs/heads/master refs/remotes/master [1ms]
[2022-10-15T00:37:12.103Z] > git remote --verbose [1ms]
[2022-10-15T00:37:12.103Z] > git for-each-ref --sort -committerdate --format %(refname) %(objectname) %(*objectname) [6ms]
[2022-10-15T00:37:12.114Z] > git config --get commit.template [0ms]
[2022-10-15T00:38:29.117Z] > git fetch [322ms]
[2022-10-15T00:38:29.124Z] > git status -z -uall [1ms]
[2022-10-15T00:38:29.132Z] > git symbolic-ref --short HEAD [1ms]
[2022-10-15T00:38:29.138Z] > git for-each-ref --format=%(refname)%00%(upstream:short)%00%(objectname)%00%(upstream:track)%00%(upstream:remotename)%00%(upstream:remoteref) refs/heads/master refs/remotes/master [1ms]
[2022-10-15T00:38:29.153Z] > git remote --verbose [2ms]
[2022-10-15T00:38:29.153Z] > git for-each-ref --sort -committerdate --format %(refname) %(objectname) %(*objectname) [7ms]
[2022-10-15T00:38:29.163Z] > git config --get commit.template [2ms]
[2022-10-15T00:38:30.215Z] > git status -z -uall [1ms]
[2022-10-15T00:38:30.221Z] > git symbolic-ref --short HEAD [1ms]
[2022-10-15T00:38:30.228Z] > git for-each-ref --format=%(refname)%00%(upstream:short)%00%(objectname)%00%(upstream:track)%00%(upstream:remotename)%00%(upstream:remoteref) refs/heads/master refs/remotes/master [1ms]
[2022-10-15T00:38:30.239Z] > git remote --verbose [1ms]
[2022-10-15T00:38:30.239Z] > git for-each-ref --sort -committerdate --format %(refname) %(objectname) %(*objectname) [6ms]
[2022-10-15T00:38:30.247Z] > git config --get commit.template [1ms]
[2022-10-15T00:38:30.336Z] > git ls-files --stage -- /home/senac/meu-app-react/src/components/PageLayout.jsx [1ms]
[2022-10-15T00:38:30.360Z] > git show --textconv :src/components/PageLayout.jsx [4ms]
[2022-10-15T00:39:15.295Z] > git status -z -uall [4ms]
[2022-10-15T00:39:15.316Z] > git symbolic-ref --short HEAD [0ms]
[2022-10-15T00:39:15.326Z] > git for-each-ref --format=%(refname)%00%(upstream:short)%00%(objectname)%00%(upstream:track)%00%(upstream:remotename)%00%(upstream:remoteref) refs/heads/master refs/remotes/master [2ms]
[2022-10-15T00:39:15.359Z] > git remote --verbose [1ms]
[2022-10-15T00:39:15.359Z] > git for-each-ref --sort -committerdate --format %(refname) %(objectname) %(*objectname) [19ms]
[2022-10-15T00:39:15.377Z] > git config --get commit.template [1ms]
[2022-10-15T00:39:57.612Z] > git status -z -uall [1ms]
[2022-10-15T00:39:57.619Z] > git symbolic-ref --short HEAD [1ms]
[2022-10-15T00:39:57.628Z] > git for-each-ref --format=%(refname)%00%(upstream:short)%00%(objectname)%00%(upstream:track)%00%(upstream:remotename)%00%(upstream:remoteref) refs/heads/master refs/remotes/master [1ms]
[2022-10-15T00:39:57.640Z] > git remote --verbose [2ms]
[2022-10-15T00:39:57.640Z] > git for-each-ref --sort -committerdate --format %(refname) %(objectname) %(*objectname) [7ms]
[2022-10-15T00:39:57.651Z] > git config --get commit.template [1ms]
[2022-10-15T00:41:23.021Z] > git status -z -uall [2ms]
[2022-10-15T00:41:23.030Z] > git symbolic-ref --short HEAD [1ms]
[2022-10-15T00:41:23.036Z] > git for-each-ref --format=%(refname)%00%(upstream:short)%00%(objectname)%00%(upstream:track)%00%(upstream:remotename)%00%(upstream:remoteref) refs/heads/master refs/remotes/master [1ms]
[2022-10-15T00:41:23.050Z] > git remote --verbose [1ms]
[2022-10-15T00:41:23.050Z] > git for-each-ref --sort -committerdate --format %(refname) %(objectname) %(*objectname) [6ms]
[2022-10-15T00:41:23.060Z] > git config --get commit.template [0ms]
[2022-10-15T00:41:29.624Z] > git fetch [453ms]
[2022-10-15T00:41:29.631Z] > git status -z -uall [1ms]
[2022-10-15T00:41:29.637Z] > git symbolic-ref --short HEAD [1ms]
[2022-10-15T00:41:29.643Z] > git for-each-ref --format=%(refname)%00%(upstream:short)%00%(objectname)%00%(upstream:track)%00%(upstream:remotename)%00%(upstream:remoteref) refs/heads/master refs/remotes/master [0ms]
[2022-10-15T00:41:29.655Z] > git remote --verbose [1ms]
[2022-10-15T00:41:29.655Z] > git for-each-ref --sort -committerdate --format %(refname) %(objectname) %(*objectname) [6ms]
[2022-10-15T00:41:29.663Z] > git config --get commit.template [1ms]
[2022-10-15T00:41:30.696Z] > git status -z -uall [1ms]
[2022-10-15T00:41:30.703Z] > git symbolic-ref --short HEAD [1ms]
[2022-10-15T00:41:30.709Z] > git for-each-ref --format=%(refname)%00%(upstream:short)%00%(objectname)%00%(upstream:track)%00%(upstream:remotename)%00%(upstream:remoteref) refs/heads/master refs/remotes/master [1ms]
[2022-10-15T00:41:30.719Z] > git remote --verbose [1ms]
[2022-10-15T00:41:30.719Z] > git for-each-ref --sort -committerdate --format %(refname) %(objectname) %(*objectname) [5ms]
[2022-10-15T00:41:30.727Z] > git config --get commit.template [0ms]
[2022-10-15T00:41:30.800Z] > git ls-files --stage -- /home/senac/meu-app-react/src/components/PageLayout.jsx [1ms]
[2022-10-15T00:41:30.815Z] > git show --textconv :src/components/PageLayout.jsx [1ms]
[2022-10-15T00:42:37.010Z] > git status -z -uall [0ms]
[2022-10-15T00:42:37.017Z] > git symbolic-ref --short HEAD [1ms]
[2022-10-15T00:42:37.026Z] > git for-each-ref --format=%(refname)%00%(upstream:short)%00%(objectname)%00%(upstream:track)%00%(upstream:remotename)%00%(upstream:remoteref) refs/heads/master refs/remotes/master [1ms]
[2022-10-15T00:42:37.039Z] > git remote --verbose [1ms]
[2022-10-15T00:42:37.039Z] > git for-each-ref --sort -committerdate --format %(refname) %(objectname) %(*objectname) [8ms]
[2022-10-15T00:42:37.048Z] > git config --get commit.template [0ms]
[2022-10-15T00:44:30.077Z] > git fetch [404ms]
[2022-10-15T00:44:30.084Z] > git status -z -uall [1ms]
[2022-10-15T00:44:30.089Z] > git symbolic-ref --short HEAD [0ms]
[2022-10-15T00:44:30.096Z] > git for-each-ref --format=%(refname)%00%(upstream:short)%00%(objectname)%00%(upstream:track)%00%(upstream:remotename)%00%(upstream:remoteref) refs/heads/master refs/remotes/master [1ms]
[2022-10-15T00:44:30.107Z] > git remote --verbose [1ms]
[2022-10-15T00:44:30.107Z] > git for-each-ref --sort -committerdate --format %(refname) %(objectname) %(*objectname) [6ms]
[2022-10-15T00:44:30.116Z] > git config --get commit.template [2ms]
[2022-10-15T00:44:31.144Z] > git status -z -uall [3ms]
[2022-10-15T00:44:31.151Z] > git symbolic-ref --short HEAD [1ms]
[2022-10-15T00:44:31.157Z] > git for-each-ref --format=%(refname)%00%(upstream:short)%00%(objectname)%00%(upstream:track)%00%(upstream:remotename)%00%(upstream:remoteref) refs/heads/master refs/remotes/master [0ms]
[2022-10-15T00:44:31.169Z] > git remote --verbose [1ms]
[2022-10-15T00:44:31.169Z] > git for-each-ref --sort -committerdate --format %(refname) %(objectname) %(*objectname) [6ms]
[2022-10-15T00:44:31.177Z] > git config --get commit.template [0ms]
[2022-10-15T00:44:31.248Z] > git ls-files --stage -- /home/senac/meu-app-react/src/components/PageLayout.jsx [0ms]
[2022-10-15T00:44:31.260Z] > git show --textconv :src/components/PageLayout.jsx [0ms]
[2022-10-15T00:44:47.740Z] > git status -z -uall [1ms]
[2022-10-15T00:44:47.747Z] > git symbolic-ref --short HEAD [0ms]
[2022-10-15T00:44:47.760Z] > git for-each-ref --format=%(refname)%00%(upstream:short)%00%(objectname)%00%(upstream:track)%00%(upstream:remotename)%00%(upstream:remoteref) refs/heads/master refs/remotes/master [1ms]
[2022-10-15T00:44:47.779Z] > git remote --verbose [2ms]
[2022-10-15T00:44:47.779Z] > git for-each-ref --sort -committerdate --format %(refname) %(objectname) %(*objectname) [7ms]
[2022-10-15T00:44:47.792Z] > git config --get commit.template [1ms]
[2022-10-15T00:45:19.215Z] > git show --textconv :src/components/ErrorPage.jsx [10ms]
[2022-10-15T00:45:19.215Z] > git ls-files --stage -- /home/senac/meu-app-react/src/components/ErrorPage.jsx [3ms]
[2022-10-15T00:45:25.382Z] > git show --textconv :src/components/PageLayout.jsx [7ms]
[2022-10-15T00:45:25.383Z] > git ls-files --stage -- /home/senac/meu-app-react/src/components/PageLayout.jsx [2ms]
[2022-10-15T00:45:43.948Z] > git status -z -uall [1ms]
[2022-10-15T00:45:43.959Z] > git symbolic-ref --short HEAD [1ms]
[2022-10-15T00:45:43.967Z] > git for-each-ref --format=%(refname)%00%(upstream:short)%00%(objectname)%00%(upstream:track)%00%(upstream:remotename)%00%(upstream:remoteref) refs/heads/master refs/remotes/master [1ms]
[2022-10-15T00:45:43.982Z] > git remote --verbose [2ms]
[2022-10-15T00:45:43.982Z] > git for-each-ref --sort -committerdate --format %(refname) %(objectname) %(*objectname) [7ms]
[2022-10-15T00:45:43.992Z] > git config --get commit.template [1ms]
[2022-10-15T00:46:00.137Z] > git status -z -uall [1ms]
[2022-10-15T00:46:00.145Z] > git symbolic-ref --short HEAD [1ms]
[2022-10-15T00:46:00.152Z] > git for-each-ref --format=%(refname)%00%(upstream:short)%00%(objectname)%00%(upstream:track)%00%(upstream:remotename)%00%(upstream:remoteref) refs/heads/master refs/remotes/master [1ms]
[2022-10-15T00:46:00.165Z] > git remote --verbose [1ms]
[2022-10-15T00:46:00.166Z] > git for-each-ref --sort -committerdate --format %(refname) %(objectname) %(*objectname) [8ms]
[2022-10-15T00:46:00.174Z] > git config --get commit.template [0ms]
[2022-10-15T00:47:30.475Z] > git fetch [345ms]
[2022-10-15T00:47:30.482Z] > git status -z -uall [1ms]
[2022-10-15T00:47:30.487Z] > git symbolic-ref --short HEAD [0ms]
[2022-10-15T00:47:30.494Z] > git for-each-ref --format=%(refname)%00%(upstream:short)%00%(objectname)%00%(upstream:track)%00%(upstream:remotename)%00%(upstream:remoteref) refs/heads/master refs/remotes/master [1ms]
[2022-10-15T00:47:30.506Z] > git remote --verbose [1ms]
[2022-10-15T00:47:30.506Z] > git for-each-ref --sort -committerdate --format %(refname) %(objectname) %(*objectname) [5ms]
[2022-10-15T00:47:30.515Z] > git config --get commit.template [0ms]
[2022-10-15T00:47:31.540Z] > git status -z -uall [2ms]
[2022-10-15T00:47:31.547Z] > git symbolic-ref --short HEAD [1ms]
[2022-10-15T00:47:31.553Z] > git for-each-ref --format=%(refname)%00%(upstream:short)%00%(objectname)%00%(upstream:track)%00%(upstream:remotename)%00%(upstream:remoteref) refs/heads/master refs/remotes/master [0ms]
[2022-10-15T00:47:31.564Z] > git remote --verbose [1ms]
[2022-10-15T00:47:31.564Z] > git for-each-ref --sort -committerdate --format %(refname) %(objectname) %(*objectname) [6ms]
[2022-10-15T00:47:31.574Z] > git config --get commit.template [1ms]
[2022-10-15T00:47:31.649Z] > git ls-files --stage -- /home/senac/meu-app-react/src/components/PageLayout.jsx [1ms]
[2022-10-15T00:47:31.679Z] > git show --textconv :src/components/PageLayout.jsx [1ms]
[2022-10-15T00:48:53.728Z] > git status -z -uall [2ms]
[2022-10-15T00:48:53.738Z] > git symbolic-ref --short HEAD [1ms]
[2022-10-15T00:48:53.749Z] > git for-each-ref --format=%(refname)%00%(upstream:short)%00%(objectname)%00%(upstream:track)%00%(upstream:remotename)%00%(upstream:remoteref) refs/heads/master refs/remotes/master [1ms]
[2022-10-15T00:48:53.764Z] > git remote --verbose [1ms]
[2022-10-15T00:48:53.764Z] > git for-each-ref --sort -committerdate --format %(refname) %(objectname) %(*objectname) [8ms]
[2022-10-15T00:48:53.774Z] > git config --get commit.template [1ms]
[2022-10-15T00:49:35.180Z] > git status -z -uall [2ms]
[2022-10-15T00:49:35.187Z] > git symbolic-ref --short HEAD [0ms]
[2022-10-15T00:49:35.195Z] > git for-each-ref --format=%(refname)%00%(upstream:short)%00%(objectname)%00%(upstream:track)%00%(upstream:remotename)%00%(upstream:remoteref) refs/heads/master refs/remotes/master [2ms]
[2022-10-15T00:49:35.209Z] > git remote --verbose [3ms]
[2022-10-15T00:49:35.209Z] > git for-each-ref --sort -committerdate --format %(refname) %(objectname) %(*objectname) [8ms]
[2022-10-15T00:49:35.220Z] > git config --get commit.template [1ms]
[2022-10-15T00:51:27.711Z] > git fetch [358ms]
[2022-10-15T00:51:27.723Z] > git status -z -uall [1ms]
[2022-10-15T00:51:27.753Z] > git symbolic-ref --short HEAD [1ms]
[2022-10-15T00:51:27.802Z] > git for-each-ref --format=%(refname)%00%(upstream:short)%00%(objectname)%00%(upstream:track)%00%(upstream:remotename)%00%(upstream:remoteref) refs/heads/master refs/remotes/master [1ms]
[2022-10-15T00:51:27.843Z] > git remote --verbose [2ms]
[2022-10-15T00:51:27.844Z] > git for-each-ref --sort -committerdate --format %(refname) %(objectname) %(*objectname) [22ms]
[2022-10-15T00:51:27.866Z] > git config --get commit.template [1ms]
[2022-10-15T00:51:28.924Z] > git ls-files --stage -- /home/senac/meu-app-react/src/components/PageLayout.jsx [1ms]
[2022-10-15T00:51:28.987Z] > git show --textconv :src/components/PageLayout.jsx [0ms]
[2022-10-15T00:52:01.703Z] > git status -z -uall [1ms]
[2022-10-15T00:52:01.718Z] > git symbolic-ref --short HEAD [1ms]
[2022-10-15T00:52:01.729Z] > git for-each-ref --format=%(refname)%00%(upstream:short)%00%(objectname)%00%(upstream:track)%00%(upstream:remotename)%00%(upstream:remoteref) refs/heads/master refs/remotes/master [1ms]
[2022-10-15T00:52:01.763Z] > git remote --verbose [1ms]
[2022-10-15T00:52:01.764Z] > git for-each-ref --sort -committerdate --format %(refname) %(objectname) %(*objectname) [26ms]
[2022-10-15T00:52:01.788Z] > git config --get commit.template [1ms]
[2022-10-15T00:54:29.068Z] > git ls-files --stage -- /home/senac/meu-app-react/src/components/PageLayout.jsx [1ms]
[2022-10-15T00:54:29.081Z] > git show --textconv :src/components/PageLayout.jsx [0ms]
[2022-10-15T00:54:29.296Z] > git fetch [1412ms]
[2022-10-15T00:54:29.302Z] > git status -z -uall [1ms]
[2022-10-15T00:54:29.307Z] > git symbolic-ref --short HEAD [0ms]
[2022-10-15T00:54:29.318Z] > git for-each-ref --format=%(refname)%00%(upstream:short)%00%(objectname)%00%(upstream:track)%00%(upstream:remotename)%00%(upstream:remoteref) refs/heads/master refs/remotes/master [1ms]
[2022-10-15T00:54:29.330Z] > git remote --verbose [0ms]
[2022-10-15T00:54:29.331Z] > git for-each-ref --sort -committerdate --format %(refname) %(objectname) %(*objectname) [8ms]
[2022-10-15T00:54:29.350Z] > git config --get commit.template [3ms]
[2022-10-15T00:54:30.471Z] > git ls-files --stage -- /home/senac/meu-app-react/src/components/PageLayout.jsx [1ms]
[2022-10-15T00:54:30.485Z] > git show --textconv :src/components/PageLayout.jsx [1ms]
[2022-10-15T00:57:29.688Z] > git fetch [326ms]
[2022-10-15T00:57:29.696Z] > git status -z -uall [1ms]
[2022-10-15T00:57:29.703Z] > git symbolic-ref --short HEAD [0ms]
[2022-10-15T00:57:29.711Z] > git for-each-ref --format=%(refname)%00%(upstream:short)%00%(objectname)%00%(upstream:track)%00%(upstream:remotename)%00%(upstream:remoteref) refs/heads/master refs/remotes/master [1ms]
[2022-10-15T00:57:29.725Z] > git remote --verbose [1ms]
[2022-10-15T00:57:29.725Z] > git for-each-ref --sort -committerdate --format %(refname) %(objectname) %(*objectname) [8ms]
[2022-10-15T00:57:29.734Z] > git config --get commit.template [0ms]
[2022-10-15T00:57:30.798Z] > git status -z -uall [1ms]
[2022-10-15T00:57:30.806Z] > git symbolic-ref --short HEAD [1ms]
[2022-10-15T00:57:30.813Z] > git for-each-ref --format=%(refname)%00%(upstream:short)%00%(objectname)%00%(upstream:track)%00%(upstream:remotename)%00%(upstream:remoteref) refs/heads/master refs/remotes/master [1ms]
[2022-10-15T00:57:30.825Z] > git remote --verbose [1ms]
[2022-10-15T00:57:30.825Z] > git for-each-ref --sort -committerdate --format %(refname) %(objectname) %(*objectname) [7ms]
[2022-10-15T00:57:30.835Z] > git config --get commit.template [1ms]
[2022-10-15T00:57:30.906Z] > git ls-files --stage -- /home/senac/meu-app-react/src/components/PageLayout.jsx [1ms]
[2022-10-15T00:57:30.919Z] > git show --textconv :src/components/PageLayout.jsx [0ms]
[2022-10-15T01:00:31.516Z] > git fetch [1354ms]
[2022-10-15T01:00:31.531Z] > git status -z -uall [2ms]
[2022-10-15T01:00:31.545Z] > git symbolic-ref --short HEAD [3ms]
[2022-10-15T01:00:31.585Z] > git for-each-ref --format=%(refname)%00%(upstream:short)%00%(objectname)%00%(upstream:track)%00%(upstream:remotename)%00%(upstream:remoteref) refs/heads/master refs/remotes/master [28ms]
[2022-10-15T01:00:31.623Z] > git remote --verbose [10ms]
[2022-10-15T01:00:31.623Z] > git for-each-ref --sort -committerdate --format %(refname) %(objectname) %(*objectname) [20ms]
[2022-10-15T01:00:31.635Z] > git ls-files --stage -- /home/senac/meu-app-react/src/components/PageLayout.jsx [51ms]
[2022-10-15T01:00:31.673Z] > git show --textconv :src/components/PageLayout.jsx [1ms]
[2022-10-15T01:00:31.674Z] > git config --get commit.template [21ms]
[2022-10-15T01:00:32.747Z] > git ls-files --stage -- /home/senac/meu-app-react/src/components/PageLayout.jsx [1ms]
[2022-10-15T01:00:32.814Z] > git show --textconv :src/components/PageLayout.jsx [2ms]
[2022-10-15T01:01:19.076Z] > git status -z -uall [2ms]
[2022-10-15T01:01:19.088Z] > git symbolic-ref --short HEAD [1ms]
[2022-10-15T01:01:19.097Z] > git for-each-ref --format=%(refname)%00%(upstream:short)%00%(objectname)%00%(upstream:track)%00%(upstream:remotename)%00%(upstream:remoteref) refs/heads/master refs/remotes/master [2ms]
[2022-10-15T01:01:19.117Z] > git remote --verbose [1ms]
[2022-10-15T01:01:19.117Z] > git for-each-ref --sort -committerdate --format %(refname) %(objectname) %(*objectname) [11ms]
[2022-10-15T01:01:19.128Z] > git config --get commit.template [1ms]
[2022-10-15T01:01:43.818Z] > git status -z -uall [1ms]
[2022-10-15T01:01:43.826Z] > git symbolic-ref --short HEAD [1ms]
[2022-10-15T01:01:43.834Z] > git for-each-ref --format=%(refname)%00%(upstream:short)%00%(objectname)%00%(upstream:track)%00%(upstream:remotename)%00%(upstream:remoteref) refs/heads/master refs/remotes/master [1ms]
[2022-10-15T01:01:43.847Z] > git remote --verbose [0ms]
[2022-10-15T01:01:43.848Z] > git for-each-ref --sort -committerdate --format %(refname) %(objectname) %(*objectname) [8ms]
[2022-10-15T01:01:43.858Z] > git config --get commit.template [1ms]
[2022-10-15T01:02:26.100Z] > git status -z -uall [1ms]
[2022-10-15T01:02:26.108Z] > git symbolic-ref --short HEAD [0ms]
[2022-10-15T01:02:26.119Z] > git for-each-ref --format=%(refname)%00%(upstream:short)%00%(objectname)%00%(upstream:track)%00%(upstream:remotename)%00%(upstream:remoteref) refs/heads/master refs/remotes/master [1ms]
[2022-10-15T01:02:26.139Z] > git remote --verbose [1ms]
[2022-10-15T01:02:26.139Z] > git for-each-ref --sort -committerdate --format %(refname) %(objectname) %(*objectname) [12ms]
[2022-10-15T01:02:26.155Z] > git config --get commit.template [1ms]
[2022-10-15T01:03:32.013Z] > git fetch [327ms]
[2022-10-15T01:03:32.022Z] > git status -z -uall [1ms]
[2022-10-15T01:03:32.031Z] > git symbolic-ref --short HEAD [1ms]
[2022-10-15T01:03:32.040Z] > git for-each-ref --format=%(refname)%00%(upstream:short)%00%(objectname)%00%(upstream:track)%00%(upstream:remotename)%00%(upstream:remoteref) refs/heads/master refs/remotes/master [1ms]
[2022-10-15T01:03:32.056Z] > git remote --verbose [1ms]
[2022-10-15T01:03:32.056Z] > git for-each-ref --sort -committerdate --format %(refname) %(objectname) %(*objectname) [8ms]
[2022-10-15T01:03:32.070Z] > git config --get commit.template [2ms]
[2022-10-15T01:03:32.079Z] > git status -z -uall [2ms]
[2022-10-15T01:03:32.088Z] > git symbolic-ref --short HEAD [1ms]
[2022-10-15T01:03:32.096Z] > git for-each-ref --format=%(refname)%00%(upstream:short)%00%(objectname)%00%(upstream:track)%00%(upstream:remotename)%00%(upstream:remoteref) refs/heads/master refs/remotes/master [1ms]
[2022-10-15T01:03:32.111Z] > git remote --verbose [1ms]
[2022-10-15T01:03:32.111Z] > git for-each-ref --sort -committerdate --format %(refname) %(objectname) %(*objectname) [8ms]
[2022-10-15T01:03:32.120Z] > git config --get commit.template [0ms]
[2022-10-15T01:03:33.192Z] > git ls-files --stage -- /home/senac/meu-app-react/src/components/PageLayout.jsx [1ms]
[2022-10-15T01:03:33.207Z] > git show --textconv :src/components/PageLayout.jsx [1ms]
